<?xml version="1.0" encoding="UTF-8"?>
<testsuite xmlns:xsi="http://www.w3.org/2001/XMLSchema-instance" xsi:noNamespaceSchemaLocation="https://maven.apache.org/surefire/maven-surefire-plugin/xsd/surefire-test-report-3.0.xsd" version="3.0" name="com.example.library_management.controller.LibraryBookControllerTest" time="2.871" tests="5" errors="0" skipped="0" failures="0">
  <properties>
    <property name="java.specification.version" value="17"/>
    <property name="sun.cpu.isalist" value="amd64"/>
    <property name="sun.jnu.encoding" value="Cp1251"/>
    <property name="java.class.path" value="A:\library-management\target\test-classes;A:\library-management\target\classes;C:\Users\User\.m2\repository\org\springframework\boot\spring-boot-starter-security\3.4.4\spring-boot-starter-security-3.4.4.jar;C:\Users\User\.m2\repository\org\springframework\boot\spring-boot-starter\3.4.4\spring-boot-starter-3.4.4.jar;C:\Users\User\.m2\repository\org\springframework\boot\spring-boot-starter-logging\3.4.4\spring-boot-starter-logging-3.4.4.jar;C:\Users\User\.m2\repository\ch\qos\logback\logback-classic\1.5.18\logback-classic-1.5.18.jar;C:\Users\User\.m2\repository\ch\qos\logback\logback-core\1.5.18\logback-core-1.5.18.jar;C:\Users\User\.m2\repository\org\apache\logging\log4j\log4j-to-slf4j\2.24.3\log4j-to-slf4j-2.24.3.jar;C:\Users\User\.m2\repository\org\apache\logging\log4j\log4j-api\2.24.3\log4j-api-2.24.3.jar;C:\Users\User\.m2\repository\org\slf4j\jul-to-slf4j\2.0.17\jul-to-slf4j-2.0.17.jar;C:\Users\User\.m2\repository\jakarta\annotation\jakarta.annotation-api\2.1.1\jakarta.annotation-api-2.1.1.jar;C:\Users\User\.m2\repository\org\springframework\spring-aop\6.2.5\spring-aop-6.2.5.jar;C:\Users\User\.m2\repository\org\springframework\security\spring-security-config\6.4.4\spring-security-config-6.4.4.jar;C:\Users\User\.m2\repository\org\springframework\spring-context\6.2.5\spring-context-6.2.5.jar;C:\Users\User\.m2\repository\org\springframework\security\spring-security-web\6.4.4\spring-security-web-6.4.4.jar;C:\Users\User\.m2\repository\org\springframework\spring-expression\6.2.5\spring-expression-6.2.5.jar;C:\Users\User\.m2\repository\org\springframework\boot\spring-boot-starter-validation\3.4.4\spring-boot-starter-validation-3.4.4.jar;C:\Users\User\.m2\repository\org\apache\tomcat\embed\tomcat-embed-el\10.1.39\tomcat-embed-el-10.1.39.jar;C:\Users\User\.m2\repository\org\hibernate\validator\hibernate-validator\8.0.2.Final\hibernate-validator-8.0.2.Final.jar;C:\Users\User\.m2\repository\jakarta\validation\jakarta.validation-api\3.0.2\jakarta.validation-api-3.0.2.jar;C:\Users\User\.m2\repository\org\springframework\boot\spring-boot-starter-web\3.4.4\spring-boot-starter-web-3.4.4.jar;C:\Users\User\.m2\repository\org\springframework\boot\spring-boot-starter-json\3.4.4\spring-boot-starter-json-3.4.4.jar;C:\Users\User\.m2\repository\com\fasterxml\jackson\datatype\jackson-datatype-jdk8\2.18.3\jackson-datatype-jdk8-2.18.3.jar;C:\Users\User\.m2\repository\com\fasterxml\jackson\datatype\jackson-datatype-jsr310\2.18.3\jackson-datatype-jsr310-2.18.3.jar;C:\Users\User\.m2\repository\com\fasterxml\jackson\module\jackson-module-parameter-names\2.18.3\jackson-module-parameter-names-2.18.3.jar;C:\Users\User\.m2\repository\org\springframework\boot\spring-boot-starter-tomcat\3.4.4\spring-boot-starter-tomcat-3.4.4.jar;C:\Users\User\.m2\repository\org\apache\tomcat\embed\tomcat-embed-core\10.1.39\tomcat-embed-core-10.1.39.jar;C:\Users\User\.m2\repository\org\apache\tomcat\embed\tomcat-embed-websocket\10.1.39\tomcat-embed-websocket-10.1.39.jar;C:\Users\User\.m2\repository\org\springframework\spring-web\6.2.5\spring-web-6.2.5.jar;C:\Users\User\.m2\repository\io\micrometer\micrometer-observation\1.14.5\micrometer-observation-1.14.5.jar;C:\Users\User\.m2\repository\io\micrometer\micrometer-commons\1.14.5\micrometer-commons-1.14.5.jar;C:\Users\User\.m2\repository\org\springframework\spring-webmvc\6.2.5\spring-webmvc-6.2.5.jar;C:\Users\User\.m2\repository\org\liquibase\liquibase-core\4.29.2\liquibase-core-4.29.2.jar;C:\Users\User\.m2\repository\com\opencsv\opencsv\5.9\opencsv-5.9.jar;C:\Users\User\.m2\repository\org\yaml\snakeyaml\2.3\snakeyaml-2.3.jar;C:\Users\User\.m2\repository\javax\xml\bind\jaxb-api\2.3.1\jaxb-api-2.3.1.jar;C:\Users\User\.m2\repository\commons-io\commons-io\2.16.1\commons-io-2.16.1.jar;C:\Users\User\.m2\repository\org\apache\commons\commons-collections4\4.4\commons-collections4-4.4.jar;C:\Users\User\.m2\repository\org\apache\commons\commons-text\1.12.0\commons-text-1.12.0.jar;C:\Users\User\.m2\repository\org\apache\commons\commons-lang3\3.17.0\commons-lang3-3.17.0.jar;C:\Users\User\.m2\repository\org\springframework\boot\spring-boot-devtools\3.4.4\spring-boot-devtools-3.4.4.jar;C:\Users\User\.m2\repository\org\springframework\boot\spring-boot\3.4.4\spring-boot-3.4.4.jar;C:\Users\User\.m2\repository\org\springframework\boot\spring-boot-autoconfigure\3.4.4\spring-boot-autoconfigure-3.4.4.jar;C:\Users\User\.m2\repository\org\postgresql\postgresql\42.7.5\postgresql-42.7.5.jar;C:\Users\User\.m2\repository\org\checkerframework\checker-qual\3.48.3\checker-qual-3.48.3.jar;C:\Users\User\.m2\repository\org\projectlombok\lombok\1.18.30\lombok-1.18.30.jar;C:\Users\User\.m2\repository\org\springframework\boot\spring-boot-starter-test\3.4.4\spring-boot-starter-test-3.4.4.jar;C:\Users\User\.m2\repository\org\springframework\boot\spring-boot-test\3.4.4\spring-boot-test-3.4.4.jar;C:\Users\User\.m2\repository\org\springframework\boot\spring-boot-test-autoconfigure\3.4.4\spring-boot-test-autoconfigure-3.4.4.jar;C:\Users\User\.m2\repository\com\jayway\jsonpath\json-path\2.9.0\json-path-2.9.0.jar;C:\Users\User\.m2\repository\org\slf4j\slf4j-api\2.0.17\slf4j-api-2.0.17.jar;C:\Users\User\.m2\repository\jakarta\xml\bind\jakarta.xml.bind-api\4.0.2\jakarta.xml.bind-api-4.0.2.jar;C:\Users\User\.m2\repository\jakarta\activation\jakarta.activation-api\2.1.3\jakarta.activation-api-2.1.3.jar;C:\Users\User\.m2\repository\net\minidev\json-smart\2.5.2\json-smart-2.5.2.jar;C:\Users\User\.m2\repository\net\minidev\accessors-smart\2.5.2\accessors-smart-2.5.2.jar;C:\Users\User\.m2\repository\org\ow2\asm\asm\9.7.1\asm-9.7.1.jar;C:\Users\User\.m2\repository\org\assertj\assertj-core\3.26.3\assertj-core-3.26.3.jar;C:\Users\User\.m2\repository\org\awaitility\awaitility\4.2.2\awaitility-4.2.2.jar;C:\Users\User\.m2\repository\org\hamcrest\hamcrest\2.2\hamcrest-2.2.jar;C:\Users\User\.m2\repository\org\junit\jupiter\junit-jupiter\5.11.4\junit-jupiter-5.11.4.jar;C:\Users\User\.m2\repository\org\junit\jupiter\junit-jupiter-params\5.11.4\junit-jupiter-params-5.11.4.jar;C:\Users\User\.m2\repository\org\skyscreamer\jsonassert\1.5.3\jsonassert-1.5.3.jar;C:\Users\User\.m2\repository\com\vaadin\external\google\android-json\0.0.20131108.vaadin1\android-json-0.0.20131108.vaadin1.jar;C:\Users\User\.m2\repository\org\springframework\spring-core\6.2.5\spring-core-6.2.5.jar;C:\Users\User\.m2\repository\org\springframework\spring-jcl\6.2.5\spring-jcl-6.2.5.jar;C:\Users\User\.m2\repository\org\springframework\spring-test\6.2.5\spring-test-6.2.5.jar;C:\Users\User\.m2\repository\org\xmlunit\xmlunit-core\2.10.0\xmlunit-core-2.10.0.jar;C:\Users\User\.m2\repository\org\springframework\security\spring-security-test\6.4.4\spring-security-test-6.4.4.jar;C:\Users\User\.m2\repository\org\springframework\security\spring-security-core\6.4.4\spring-security-core-6.4.4.jar;C:\Users\User\.m2\repository\org\springframework\security\spring-security-crypto\6.4.4\spring-security-crypto-6.4.4.jar;C:\Users\User\.m2\repository\jakarta\persistence\jakarta.persistence-api\3.1.0\jakarta.persistence-api-3.1.0.jar;C:\Users\User\.m2\repository\org\hibernate\orm\hibernate-core\6.4.4.Final\hibernate-core-6.4.4.Final.jar;C:\Users\User\.m2\repository\jakarta\transaction\jakarta.transaction-api\2.0.1\jakarta.transaction-api-2.0.1.jar;C:\Users\User\.m2\repository\org\jboss\logging\jboss-logging\3.6.1.Final\jboss-logging-3.6.1.Final.jar;C:\Users\User\.m2\repository\org\hibernate\common\hibernate-commons-annotations\6.0.6.Final\hibernate-commons-annotations-6.0.6.Final.jar;C:\Users\User\.m2\repository\io\smallrye\jandex\3.1.2\jandex-3.1.2.jar;C:\Users\User\.m2\repository\com\fasterxml\classmate\1.7.0\classmate-1.7.0.jar;C:\Users\User\.m2\repository\net\bytebuddy\byte-buddy\1.15.11\byte-buddy-1.15.11.jar;C:\Users\User\.m2\repository\org\glassfish\jaxb\jaxb-runtime\4.0.5\jaxb-runtime-4.0.5.jar;C:\Users\User\.m2\repository\org\glassfish\jaxb\jaxb-core\4.0.5\jaxb-core-4.0.5.jar;C:\Users\User\.m2\repository\org\eclipse\angus\angus-activation\2.0.2\angus-activation-2.0.2.jar;C:\Users\User\.m2\repository\org\glassfish\jaxb\txw2\4.0.5\txw2-4.0.5.jar;C:\Users\User\.m2\repository\com\sun\istack\istack-commons-runtime\4.1.2\istack-commons-runtime-4.1.2.jar;C:\Users\User\.m2\repository\jakarta\inject\jakarta.inject-api\2.0.1\jakarta.inject-api-2.0.1.jar;C:\Users\User\.m2\repository\org\antlr\antlr4-runtime\4.13.0\antlr4-runtime-4.13.0.jar;C:\Users\User\.m2\repository\org\springframework\spring-orm\6.2.5\spring-orm-6.2.5.jar;C:\Users\User\.m2\repository\org\springframework\spring-beans\6.2.5\spring-beans-6.2.5.jar;C:\Users\User\.m2\repository\org\springframework\spring-tx\6.2.5\spring-tx-6.2.5.jar;C:\Users\User\.m2\repository\org\springframework\spring-jdbc\6.2.5\spring-jdbc-6.2.5.jar;C:\Users\User\.m2\repository\io\jsonwebtoken\jjwt-api\0.11.5\jjwt-api-0.11.5.jar;C:\Users\User\.m2\repository\io\jsonwebtoken\jjwt-impl\0.11.5\jjwt-impl-0.11.5.jar;C:\Users\User\.m2\repository\io\jsonwebtoken\jjwt-jackson\0.11.5\jjwt-jackson-0.11.5.jar;C:\Users\User\.m2\repository\com\fasterxml\jackson\core\jackson-databind\2.18.3\jackson-databind-2.18.3.jar;C:\Users\User\.m2\repository\com\fasterxml\jackson\core\jackson-annotations\2.18.3\jackson-annotations-2.18.3.jar;C:\Users\User\.m2\repository\com\fasterxml\jackson\core\jackson-core\2.18.3\jackson-core-2.18.3.jar;C:\Users\User\.m2\repository\org\mapstruct\mapstruct\1.5.5.Final\mapstruct-1.5.5.Final.jar;C:\Users\User\.m2\repository\org\mapstruct\mapstruct-processor\1.5.5.Final\mapstruct-processor-1.5.5.Final.jar;C:\Users\User\.m2\repository\org\junit\jupiter\junit-jupiter-api\5.10.0\junit-jupiter-api-5.10.0.jar;C:\Users\User\.m2\repository\org\opentest4j\opentest4j\1.3.0\opentest4j-1.3.0.jar;C:\Users\User\.m2\repository\org\apiguardian\apiguardian-api\1.1.2\apiguardian-api-1.1.2.jar;C:\Users\User\.m2\repository\org\junit\jupiter\junit-jupiter-engine\5.10.0\junit-jupiter-engine-5.10.0.jar;C:\Users\User\.m2\repository\org\junit\platform\junit-platform-engine\1.11.4\junit-platform-engine-1.11.4.jar;C:\Users\User\.m2\repository\org\mockito\mockito-core\5.11.0\mockito-core-5.11.0.jar;C:\Users\User\.m2\repository\net\bytebuddy\byte-buddy-agent\1.15.11\byte-buddy-agent-1.15.11.jar;C:\Users\User\.m2\repository\org\objenesis\objenesis\3.3\objenesis-3.3.jar;C:\Users\User\.m2\repository\org\mockito\mockito-junit-jupiter\5.11.0\mockito-junit-jupiter-5.11.0.jar;C:\Users\User\.m2\repository\org\junit\platform\junit-platform-commons\1.10.0\junit-platform-commons-1.10.0.jar;"/>
    <property name="java.vm.vendor" value="Amazon.com Inc."/>
    <property name="sun.arch.data.model" value="64"/>
    <property name="user.variant" value=""/>
    <property name="java.vendor.url" value="https://aws.amazon.com/corretto/"/>
    <property name="user.timezone" value="Europe/Moscow"/>
    <property name="org.jboss.logging.provider" value="slf4j"/>
    <property name="os.name" value="Windows 10"/>
    <property name="java.vm.specification.version" value="17"/>
    <property name="APPLICATION_NAME" value="library-management"/>
    <property name="sun.java.launcher" value="SUN_STANDARD"/>
    <property name="user.country" value="RU"/>
    <property name="sun.boot.library.path" value="C:\Users\User\.jdks\corretto-17.0.14\bin"/>
    <property name="sun.java.command" value="C:\Users\User\AppData\Local\Temp\surefire2826541634405594714\surefirebooter14712018223946125502.jar C:\Users\User\AppData\Local\Temp\surefire2826541634405594714 2025-05-08T20-06-18_313-jvmRun1 surefire10067490429104052967tmp surefire_08502555642929361333tmp"/>
    <property name="jdk.debug" value="release"/>
    <property name="surefire.test.class.path" value="A:\library-management\target\test-classes;A:\library-management\target\classes;C:\Users\User\.m2\repository\org\springframework\boot\spring-boot-starter-security\3.4.4\spring-boot-starter-security-3.4.4.jar;C:\Users\User\.m2\repository\org\springframework\boot\spring-boot-starter\3.4.4\spring-boot-starter-3.4.4.jar;C:\Users\User\.m2\repository\org\springframework\boot\spring-boot-starter-logging\3.4.4\spring-boot-starter-logging-3.4.4.jar;C:\Users\User\.m2\repository\ch\qos\logback\logback-classic\1.5.18\logback-classic-1.5.18.jar;C:\Users\User\.m2\repository\ch\qos\logback\logback-core\1.5.18\logback-core-1.5.18.jar;C:\Users\User\.m2\repository\org\apache\logging\log4j\log4j-to-slf4j\2.24.3\log4j-to-slf4j-2.24.3.jar;C:\Users\User\.m2\repository\org\apache\logging\log4j\log4j-api\2.24.3\log4j-api-2.24.3.jar;C:\Users\User\.m2\repository\org\slf4j\jul-to-slf4j\2.0.17\jul-to-slf4j-2.0.17.jar;C:\Users\User\.m2\repository\jakarta\annotation\jakarta.annotation-api\2.1.1\jakarta.annotation-api-2.1.1.jar;C:\Users\User\.m2\repository\org\springframework\spring-aop\6.2.5\spring-aop-6.2.5.jar;C:\Users\User\.m2\repository\org\springframework\security\spring-security-config\6.4.4\spring-security-config-6.4.4.jar;C:\Users\User\.m2\repository\org\springframework\spring-context\6.2.5\spring-context-6.2.5.jar;C:\Users\User\.m2\repository\org\springframework\security\spring-security-web\6.4.4\spring-security-web-6.4.4.jar;C:\Users\User\.m2\repository\org\springframework\spring-expression\6.2.5\spring-expression-6.2.5.jar;C:\Users\User\.m2\repository\org\springframework\boot\spring-boot-starter-validation\3.4.4\spring-boot-starter-validation-3.4.4.jar;C:\Users\User\.m2\repository\org\apache\tomcat\embed\tomcat-embed-el\10.1.39\tomcat-embed-el-10.1.39.jar;C:\Users\User\.m2\repository\org\hibernate\validator\hibernate-validator\8.0.2.Final\hibernate-validator-8.0.2.Final.jar;C:\Users\User\.m2\repository\jakarta\validation\jakarta.validation-api\3.0.2\jakarta.validation-api-3.0.2.jar;C:\Users\User\.m2\repository\org\springframework\boot\spring-boot-starter-web\3.4.4\spring-boot-starter-web-3.4.4.jar;C:\Users\User\.m2\repository\org\springframework\boot\spring-boot-starter-json\3.4.4\spring-boot-starter-json-3.4.4.jar;C:\Users\User\.m2\repository\com\fasterxml\jackson\datatype\jackson-datatype-jdk8\2.18.3\jackson-datatype-jdk8-2.18.3.jar;C:\Users\User\.m2\repository\com\fasterxml\jackson\datatype\jackson-datatype-jsr310\2.18.3\jackson-datatype-jsr310-2.18.3.jar;C:\Users\User\.m2\repository\com\fasterxml\jackson\module\jackson-module-parameter-names\2.18.3\jackson-module-parameter-names-2.18.3.jar;C:\Users\User\.m2\repository\org\springframework\boot\spring-boot-starter-tomcat\3.4.4\spring-boot-starter-tomcat-3.4.4.jar;C:\Users\User\.m2\repository\org\apache\tomcat\embed\tomcat-embed-core\10.1.39\tomcat-embed-core-10.1.39.jar;C:\Users\User\.m2\repository\org\apache\tomcat\embed\tomcat-embed-websocket\10.1.39\tomcat-embed-websocket-10.1.39.jar;C:\Users\User\.m2\repository\org\springframework\spring-web\6.2.5\spring-web-6.2.5.jar;C:\Users\User\.m2\repository\io\micrometer\micrometer-observation\1.14.5\micrometer-observation-1.14.5.jar;C:\Users\User\.m2\repository\io\micrometer\micrometer-commons\1.14.5\micrometer-commons-1.14.5.jar;C:\Users\User\.m2\repository\org\springframework\spring-webmvc\6.2.5\spring-webmvc-6.2.5.jar;C:\Users\User\.m2\repository\org\liquibase\liquibase-core\4.29.2\liquibase-core-4.29.2.jar;C:\Users\User\.m2\repository\com\opencsv\opencsv\5.9\opencsv-5.9.jar;C:\Users\User\.m2\repository\org\yaml\snakeyaml\2.3\snakeyaml-2.3.jar;C:\Users\User\.m2\repository\javax\xml\bind\jaxb-api\2.3.1\jaxb-api-2.3.1.jar;C:\Users\User\.m2\repository\commons-io\commons-io\2.16.1\commons-io-2.16.1.jar;C:\Users\User\.m2\repository\org\apache\commons\commons-collections4\4.4\commons-collections4-4.4.jar;C:\Users\User\.m2\repository\org\apache\commons\commons-text\1.12.0\commons-text-1.12.0.jar;C:\Users\User\.m2\repository\org\apache\commons\commons-lang3\3.17.0\commons-lang3-3.17.0.jar;C:\Users\User\.m2\repository\org\springframework\boot\spring-boot-devtools\3.4.4\spring-boot-devtools-3.4.4.jar;C:\Users\User\.m2\repository\org\springframework\boot\spring-boot\3.4.4\spring-boot-3.4.4.jar;C:\Users\User\.m2\repository\org\springframework\boot\spring-boot-autoconfigure\3.4.4\spring-boot-autoconfigure-3.4.4.jar;C:\Users\User\.m2\repository\org\postgresql\postgresql\42.7.5\postgresql-42.7.5.jar;C:\Users\User\.m2\repository\org\checkerframework\checker-qual\3.48.3\checker-qual-3.48.3.jar;C:\Users\User\.m2\repository\org\projectlombok\lombok\1.18.30\lombok-1.18.30.jar;C:\Users\User\.m2\repository\org\springframework\boot\spring-boot-starter-test\3.4.4\spring-boot-starter-test-3.4.4.jar;C:\Users\User\.m2\repository\org\springframework\boot\spring-boot-test\3.4.4\spring-boot-test-3.4.4.jar;C:\Users\User\.m2\repository\org\springframework\boot\spring-boot-test-autoconfigure\3.4.4\spring-boot-test-autoconfigure-3.4.4.jar;C:\Users\User\.m2\repository\com\jayway\jsonpath\json-path\2.9.0\json-path-2.9.0.jar;C:\Users\User\.m2\repository\org\slf4j\slf4j-api\2.0.17\slf4j-api-2.0.17.jar;C:\Users\User\.m2\repository\jakarta\xml\bind\jakarta.xml.bind-api\4.0.2\jakarta.xml.bind-api-4.0.2.jar;C:\Users\User\.m2\repository\jakarta\activation\jakarta.activation-api\2.1.3\jakarta.activation-api-2.1.3.jar;C:\Users\User\.m2\repository\net\minidev\json-smart\2.5.2\json-smart-2.5.2.jar;C:\Users\User\.m2\repository\net\minidev\accessors-smart\2.5.2\accessors-smart-2.5.2.jar;C:\Users\User\.m2\repository\org\ow2\asm\asm\9.7.1\asm-9.7.1.jar;C:\Users\User\.m2\repository\org\assertj\assertj-core\3.26.3\assertj-core-3.26.3.jar;C:\Users\User\.m2\repository\org\awaitility\awaitility\4.2.2\awaitility-4.2.2.jar;C:\Users\User\.m2\repository\org\hamcrest\hamcrest\2.2\hamcrest-2.2.jar;C:\Users\User\.m2\repository\org\junit\jupiter\junit-jupiter\5.11.4\junit-jupiter-5.11.4.jar;C:\Users\User\.m2\repository\org\junit\jupiter\junit-jupiter-params\5.11.4\junit-jupiter-params-5.11.4.jar;C:\Users\User\.m2\repository\org\skyscreamer\jsonassert\1.5.3\jsonassert-1.5.3.jar;C:\Users\User\.m2\repository\com\vaadin\external\google\android-json\0.0.20131108.vaadin1\android-json-0.0.20131108.vaadin1.jar;C:\Users\User\.m2\repository\org\springframework\spring-core\6.2.5\spring-core-6.2.5.jar;C:\Users\User\.m2\repository\org\springframework\spring-jcl\6.2.5\spring-jcl-6.2.5.jar;C:\Users\User\.m2\repository\org\springframework\spring-test\6.2.5\spring-test-6.2.5.jar;C:\Users\User\.m2\repository\org\xmlunit\xmlunit-core\2.10.0\xmlunit-core-2.10.0.jar;C:\Users\User\.m2\repository\org\springframework\security\spring-security-test\6.4.4\spring-security-test-6.4.4.jar;C:\Users\User\.m2\repository\org\springframework\security\spring-security-core\6.4.4\spring-security-core-6.4.4.jar;C:\Users\User\.m2\repository\org\springframework\security\spring-security-crypto\6.4.4\spring-security-crypto-6.4.4.jar;C:\Users\User\.m2\repository\jakarta\persistence\jakarta.persistence-api\3.1.0\jakarta.persistence-api-3.1.0.jar;C:\Users\User\.m2\repository\org\hibernate\orm\hibernate-core\6.4.4.Final\hibernate-core-6.4.4.Final.jar;C:\Users\User\.m2\repository\jakarta\transaction\jakarta.transaction-api\2.0.1\jakarta.transaction-api-2.0.1.jar;C:\Users\User\.m2\repository\org\jboss\logging\jboss-logging\3.6.1.Final\jboss-logging-3.6.1.Final.jar;C:\Users\User\.m2\repository\org\hibernate\common\hibernate-commons-annotations\6.0.6.Final\hibernate-commons-annotations-6.0.6.Final.jar;C:\Users\User\.m2\repository\io\smallrye\jandex\3.1.2\jandex-3.1.2.jar;C:\Users\User\.m2\repository\com\fasterxml\classmate\1.7.0\classmate-1.7.0.jar;C:\Users\User\.m2\repository\net\bytebuddy\byte-buddy\1.15.11\byte-buddy-1.15.11.jar;C:\Users\User\.m2\repository\org\glassfish\jaxb\jaxb-runtime\4.0.5\jaxb-runtime-4.0.5.jar;C:\Users\User\.m2\repository\org\glassfish\jaxb\jaxb-core\4.0.5\jaxb-core-4.0.5.jar;C:\Users\User\.m2\repository\org\eclipse\angus\angus-activation\2.0.2\angus-activation-2.0.2.jar;C:\Users\User\.m2\repository\org\glassfish\jaxb\txw2\4.0.5\txw2-4.0.5.jar;C:\Users\User\.m2\repository\com\sun\istack\istack-commons-runtime\4.1.2\istack-commons-runtime-4.1.2.jar;C:\Users\User\.m2\repository\jakarta\inject\jakarta.inject-api\2.0.1\jakarta.inject-api-2.0.1.jar;C:\Users\User\.m2\repository\org\antlr\antlr4-runtime\4.13.0\antlr4-runtime-4.13.0.jar;C:\Users\User\.m2\repository\org\springframework\spring-orm\6.2.5\spring-orm-6.2.5.jar;C:\Users\User\.m2\repository\org\springframework\spring-beans\6.2.5\spring-beans-6.2.5.jar;C:\Users\User\.m2\repository\org\springframework\spring-tx\6.2.5\spring-tx-6.2.5.jar;C:\Users\User\.m2\repository\org\springframework\spring-jdbc\6.2.5\spring-jdbc-6.2.5.jar;C:\Users\User\.m2\repository\io\jsonwebtoken\jjwt-api\0.11.5\jjwt-api-0.11.5.jar;C:\Users\User\.m2\repository\io\jsonwebtoken\jjwt-impl\0.11.5\jjwt-impl-0.11.5.jar;C:\Users\User\.m2\repository\io\jsonwebtoken\jjwt-jackson\0.11.5\jjwt-jackson-0.11.5.jar;C:\Users\User\.m2\repository\com\fasterxml\jackson\core\jackson-databind\2.18.3\jackson-databind-2.18.3.jar;C:\Users\User\.m2\repository\com\fasterxml\jackson\core\jackson-annotations\2.18.3\jackson-annotations-2.18.3.jar;C:\Users\User\.m2\repository\com\fasterxml\jackson\core\jackson-core\2.18.3\jackson-core-2.18.3.jar;C:\Users\User\.m2\repository\org\mapstruct\mapstruct\1.5.5.Final\mapstruct-1.5.5.Final.jar;C:\Users\User\.m2\repository\org\mapstruct\mapstruct-processor\1.5.5.Final\mapstruct-processor-1.5.5.Final.jar;C:\Users\User\.m2\repository\org\junit\jupiter\junit-jupiter-api\5.10.0\junit-jupiter-api-5.10.0.jar;C:\Users\User\.m2\repository\org\opentest4j\opentest4j\1.3.0\opentest4j-1.3.0.jar;C:\Users\User\.m2\repository\org\apiguardian\apiguardian-api\1.1.2\apiguardian-api-1.1.2.jar;C:\Users\User\.m2\repository\org\junit\jupiter\junit-jupiter-engine\5.10.0\junit-jupiter-engine-5.10.0.jar;C:\Users\User\.m2\repository\org\junit\platform\junit-platform-engine\1.11.4\junit-platform-engine-1.11.4.jar;C:\Users\User\.m2\repository\org\mockito\mockito-core\5.11.0\mockito-core-5.11.0.jar;C:\Users\User\.m2\repository\net\bytebuddy\byte-buddy-agent\1.15.11\byte-buddy-agent-1.15.11.jar;C:\Users\User\.m2\repository\org\objenesis\objenesis\3.3\objenesis-3.3.jar;C:\Users\User\.m2\repository\org\mockito\mockito-junit-jupiter\5.11.0\mockito-junit-jupiter-5.11.0.jar;C:\Users\User\.m2\repository\org\junit\platform\junit-platform-commons\1.10.0\junit-platform-commons-1.10.0.jar;"/>
    <property name="sun.cpu.endian" value="little"/>
    <property name="user.home" value="C:\Users\User"/>
    <property name="user.language" value="ru"/>
    <property name="java.specification.vendor" value="Oracle Corporation"/>
    <property name="java.version.date" value="2025-01-21"/>
    <property name="java.home" value="C:\Users\User\.jdks\corretto-17.0.14"/>
    <property name="file.separator" value="\"/>
    <property name="basedir" value="A:\library-management"/>
    <property name="java.vm.compressedOopsMode" value="Zero based"/>
    <property name="line.separator" value="&#10;"/>
    <property name="java.vm.specification.vendor" value="Oracle Corporation"/>
    <property name="java.specification.name" value="Java Platform API Specification"/>
    <property name="FILE_LOG_CHARSET" value="windows-1251"/>
    <property name="java.awt.headless" value="true"/>
    <property name="surefire.real.class.path" value="C:\Users\User\AppData\Local\Temp\surefire2826541634405594714\surefirebooter14712018223946125502.jar"/>
    <property name="user.script" value=""/>
    <property name="sun.management.compiler" value="HotSpot 64-Bit Tiered Compilers"/>
    <property name="java.runtime.version" value="17.0.14+7-LTS"/>
    <property name="user.name" value="Noname"/>
    <property name="path.separator" value=";"/>
    <property name="os.version" value="10.0"/>
    <property name="java.runtime.name" value="OpenJDK Runtime Environment"/>
    <property name="file.encoding" value="Cp1251"/>
    <property name="java.vm.name" value="OpenJDK 64-Bit Server VM"/>
    <property name="java.vendor.version" value="Corretto-17.0.14.7.1"/>
    <property name="localRepository" value="C:\Users\User\.m2\repository"/>
    <property name="java.vendor.url.bug" value="https://github.com/corretto/corretto-17/issues/"/>
    <property name="java.io.tmpdir" value="C:\Users\User\AppData\Local\Temp\"/>
    <property name="java.version" value="17.0.14"/>
    <property name="user.dir" value="A:\library-management"/>
    <property name="os.arch" value="amd64"/>
    <property name="java.vm.specification.name" value="Java Virtual Machine Specification"/>
    <property name="PID" value="3976"/>
    <property name="sun.os.patch.level" value=""/>
    <property name="CONSOLE_LOG_CHARSET" value="windows-1251"/>
    <property name="native.encoding" value="Cp1251"/>
    <property name="java.library.path" value="C:\Users\User\.jdks\corretto-17.0.14\bin;C:\WINDOWS\Sun\Java\bin;C:\WINDOWS\system32;C:\WINDOWS;C:\Users\User\.jdks\corretto-17.0.14\bin;C:\Program Files\Common Files\Oracle\Java\javapath;C:\Program Files (x86)\Common Files\Oracle\Java\javapath;C:\ProgramData\Oracle\Java\javapath;C:\Program Files (x86)\Common Files\Intel\Shared Libraries\redist\intel64\compiler;C:\Program Files (x86)\Intel\Intel(R) Management Engine Components\iCLS\;C:\Program Files\Intel\Intel(R) Management Engine Components\iCLS\;C:\Windows\system32;C:\Windows;C:\Windows\System32\Wbem;C:\Windows\System32\WindowsPowerShell\v1.0\;C:\Program Files (x86)\Intel\Intel(R) Management Engine Components\DAL;C:\Program Files\Intel\Intel(R) Management Engine Components\DAL;C:\Program Files (x86)\Intel\Intel(R) Management Engine Components\IPT;C:\Program Files\Intel\Intel(R) Management Engine Components\IPT;C:\WINDOWS\system32;C:\WINDOWS;C:\WINDOWS\System32\Wbem;C:\WINDOWS\System32\WindowsPowerShell\v1.0\;C:\WINDOWS\System32\OpenSSH\;C:\Program Files (x86)\NVIDIA Corporation\PhysX\Common;C:\Program Files\NVIDIA Corporation\NVIDIA NvDLISR;C:\WINDOWS\system32;C:\WINDOWS;C:\WINDOWS\System32\Wbem;C:\WINDOWS\System32\WindowsPowerShell\v1.0\;C:\WINDOWS\System32\OpenSSH\;C:\Program Files\dotnet\;C:\Program Files (x86)\Windows Kits\10\Windows Performance Toolkit\;C:\Program Files\Git\cmd;C:\Program Files\apache-maven-3.9.8\bin;C:\Program Files (x86)\dotnet\;C:\Program Files\MySQL\MySQL Shell 8.0\bin\;C:\Program Files\nodejs\;C:\Program Files\PostgreSQL\17\bin;;C:\Program Files\Docker\Docker\resources\bin;C:\Users\User\.jdks\corretto-17.0.14\bin;C:\Program Files\MySQL\MySQL Shell 8.0\bin\;C:\Users\User\AppData\Local\Programs\Python\Python310\Scripts\;C:\Users\User\AppData\Local\Programs\Python\Python310\;C:\Users\User\AppData\Local\Microsoft\WindowsApps;D:\progs\Microsoft VS Code\bin;C:\Users\User\AppData\Local\Programs\Microsoft VS Code\bin;A:\IntelliJ IDEA Community Edition 2024.1.2\bin;C:\Program Files\JetBrains\GoLand 2024.1.3\bin;C:\Program Files\JetBrains\IntelliJ IDEA 2024.1.4\bin;C:\Program Files\apache-maven-3.9.8\bin;D:\Загрузки\heroku\bin;A:\PyCharm Community Edition 2024.2.1\bin;C:\Users\User\.lmstudio\bin;A:\WebStorm 2024.3.5\bin;;C:\Users\User\AppData\Roaming\npm;C:\Program Files\PostgreSQL\17\bin;;."/>
    <property name="java.vm.info" value="mixed mode, sharing"/>
    <property name="java.vendor" value="Amazon.com Inc."/>
    <property name="java.vm.version" value="17.0.14+7-LTS"/>
    <property name="java.specification.maintenance.version" value="1"/>
    <property name="sun.io.unicode.encoding" value="UnicodeLittle"/>
    <property name="java.class.version" value="61.0"/>
    <property name="LOGGED_APPLICATION_NAME" value="[library-management] "/>
  </properties>
  <testcase name="addNewBook_returnsSuccessMessage" classname="com.example.library_management.controller.LibraryBookControllerTest" time="0.158">
    <system-out><![CDATA[2025-05-08T20:06:33.548+03:00 DEBUG 3976 --- [library-management] [           main] o.s.t.c.support.AbstractContextLoader    : Could not detect default resource locations for test class [com.example.library_management.controller.LibraryBookControllerTest]: no resource found for suffixes {-context.xml, Context.groovy}.
2025-05-08T20:06:33.548+03:00 DEBUG 3976 --- [library-management] [           main] .b.t.c.SpringBootTestContextBootstrapper : Using ContextCustomizerFactory implementations for test class [LibraryBookControllerTest]: [ImportsContextCustomizerFactory, ExcludeFilterContextCustomizerFactory, HttpGraphQlTesterContextCustomizerFactory, DuplicateJsonObjectContextCustomizerFactory, MockitoContextCustomizerFactory, TestRestTemplateContextCustomizerFactory, WebTestClientContextCustomizerFactory, DisableReactorResourceFactoryGlobalResourcesContextCustomizerFactory, OnFailureConditionReportContextCustomizerFactory, OverrideAutoConfigurationContextCustomizerFactory, ObservabilityContextCustomizerFactory, TypeExcludeFiltersContextCustomizerFactory, PropertyMappingContextCustomizerFactory, WebDriverContextCustomizerFactory, BeanOverrideContextCustomizerFactory, MockServerContainerContextCustomizerFactory, DynamicPropertiesContextCustomizerFactory]
2025-05-08T20:06:33.551+03:00 DEBUG 3976 --- [library-management] [           main] .b.t.c.SpringBootTestContextBootstrapper : Using ContextCustomizers for test class [LibraryBookControllerTest]: [ImportsContextCustomizer, ExcludeFilterContextCustomizer, DuplicateJsonObjectContextCustomizer, MockitoContextCustomizer, TestRestTemplateContextCustomizer, DisableReactorResourceFactoryGlobalResourcesContextCustomizerCustomizer, OnFailureConditionReportContextCustomizer, DisableObservabilityContextCustomizer, PropertyMappingContextCustomizer, WebDriverContextCustomizer, DynamicPropertiesContextCustomizer]
2025-05-08T20:06:33.553+03:00 DEBUG 3976 --- [library-management] [           main] .s.t.c.u.TestContextSpringFactoriesUtils : Skipping candidate TestExecutionListener [org.springframework.test.context.observation.MicrometerObservationRegistryTestExecutionListener] due to a missing dependency. Specify custom TestExecutionListener classes or make the default TestExecutionListener classes and their required dependencies available. Offending class: io.micrometer.context.ThreadLocalAccessor. MicrometerObservationRegistryTestExecutionListener requires io.micrometer:micrometer-observation:1.10.8 or higher and io.micrometer:context-propagation:1.0.3 or higher.
2025-05-08T20:06:33.553+03:00 DEBUG 3976 --- [library-management] [           main] .b.t.c.SpringBootTestContextBootstrapper : Using TestExecutionListeners for test class [LibraryBookControllerTest]: [ServletTestExecutionListener, DirtiesContextBeforeModesTestExecutionListener, ApplicationEventsTestExecutionListener, MockitoTestExecutionListener, BeanOverrideTestExecutionListener, DependencyInjectionTestExecutionListener, DirtiesContextTestExecutionListener, CommonCachesTestExecutionListener, TransactionalTestExecutionListener, SqlScriptsTestExecutionListener, EventPublishingTestExecutionListener, WithSecurityContextTestExecutionListener, ReactorContextTestExecutionListener, ResetMocksTestExecutionListener, RestDocsTestExecutionListener, MockRestServiceServerResetTestExecutionListener, MockMvcPrintOnlyOnFailureTestExecutionListener, WebDriverTestExecutionListener, MockWebServiceServerTestExecutionListener, MockitoResetTestExecutionListener]
2025-05-08T20:06:33.554+03:00 DEBUG 3976 --- [library-management] [           main] sContextBeforeModesTestExecutionListener : Before test class: class [LibraryBookControllerTest], class annotated with @DirtiesContext [true] with mode [AFTER_CLASS]
2025-05-08T20:06:33.556+03:00  INFO 3976 --- [library-management] [           main] o.s.b.d.r.RestartApplicationListener     : Restart disabled due to context in which it is running

  .   ____          _            __ _ _
 /\\ / ___'_ __ _ _(_)_ __  __ _ \ \ \ \
( ( )\___ | '_ | '_| | '_ \/ _` | \ \ \ \
 \\/  ___)| |_)| | | | | || (_| |  ) ) ) )
  '  |____| .__|_| |_|_| |_\__, | / / / /
 =========|_|==============|___/=/_/_/_/

 :: Spring Boot ::                (v3.4.4)

2025-05-08T20:06:33.586+03:00  INFO 3976 --- [library-management] [           main] c.e.l.c.LibraryBookControllerTest        : Starting LibraryBookControllerTest using Java 17.0.14 with PID 3976 (started by Noname in A:\library-management)
2025-05-08T20:06:33.586+03:00  INFO 3976 --- [library-management] [           main] c.e.l.c.LibraryBookControllerTest        : The following 1 profile is active: "library-book-test"
2025-05-08T20:06:33.586+03:00 DEBUG 3976 --- [library-management] [           main] o.s.boot.SpringApplication               : Loading source class com.example.library_management.launch.Main,class com.example.library_management.controller.TestConfig
2025-05-08T20:06:33.591+03:00 DEBUG 3976 --- [library-management] [           main] o.s.w.c.s.GenericWebApplicationContext   : Refreshing org.springframework.web.context.support.GenericWebApplicationContext@3118a
2025-05-08T20:06:33.592+03:00 DEBUG 3976 --- [library-management] [           main] o.s.b.f.s.DefaultListableBeanFactory     : Creating shared instance of singleton bean 'org.springframework.context.annotation.internalConfigurationAnnotationProcessor'
2025-05-08T20:06:33.592+03:00 DEBUG 3976 --- [library-management] [           main] o.s.b.f.s.DefaultListableBeanFactory     : Creating shared instance of singleton bean 'org.springframework.boot.autoconfigure.internalCachingMetadataReaderFactory'
2025-05-08T20:06:33.616+03:00 DEBUG 3976 --- [library-management] [           main] o.s.c.a.ClassPathBeanDefinitionScanner   : Identified candidate component class: file [A:\library-management\target\test-classes\com\example\library_management\controller\TestConfig.class]
2025-05-08T20:06:33.621+03:00 DEBUG 3976 --- [library-management] [           main] o.s.c.a.ClassPathBeanDefinitionScanner   : Identified candidate component class: file [A:\library-management\target\classes\com\example\library_management\config\DataConfig.class]
2025-05-08T20:06:33.622+03:00 DEBUG 3976 --- [library-management] [           main] o.s.c.a.ClassPathBeanDefinitionScanner   : Identified candidate component class: file [A:\library-management\target\classes\com\example\library_management\controller\AuditController.class]
2025-05-08T20:06:33.624+03:00 DEBUG 3976 --- [library-management] [           main] o.s.c.a.ClassPathBeanDefinitionScanner   : Identified candidate component class: file [A:\library-management\target\classes\com\example\library_management\controller\CategoryController.class]
2025-05-08T20:06:33.624+03:00 DEBUG 3976 --- [library-management] [           main] o.s.c.a.ClassPathBeanDefinitionScanner   : Identified candidate component class: file [A:\library-management\target\classes\com\example\library_management\controller\LibraryBookController.class]
2025-05-08T20:06:33.626+03:00 DEBUG 3976 --- [library-management] [           main] o.s.c.a.ClassPathBeanDefinitionScanner   : Identified candidate component class: file [A:\library-management\target\classes\com\example\library_management\controller\RentalController.class]
2025-05-08T20:06:33.627+03:00 DEBUG 3976 --- [library-management] [           main] o.s.c.a.ClassPathBeanDefinitionScanner   : Identified candidate component class: file [A:\library-management\target\classes\com\example\library_management\controller\UserController.class]
2025-05-08T20:06:33.628+03:00 DEBUG 3976 --- [library-management] [           main] o.s.c.a.ClassPathBeanDefinitionScanner   : Identified candidate component class: file [A:\library-management\target\classes\com\example\library_management\dao\AuditLogDAO.class]
2025-05-08T20:06:33.629+03:00 DEBUG 3976 --- [library-management] [           main] o.s.c.a.ClassPathBeanDefinitionScanner   : Identified candidate component class: file [A:\library-management\target\classes\com\example\library_management\dao\BookInfoDAO.class]
2025-05-08T20:06:33.629+03:00 DEBUG 3976 --- [library-management] [           main] o.s.c.a.ClassPathBeanDefinitionScanner   : Identified candidate component class: file [A:\library-management\target\classes\com\example\library_management\dao\CategoryDAO.class]
2025-05-08T20:06:33.630+03:00 DEBUG 3976 --- [library-management] [           main] o.s.c.a.ClassPathBeanDefinitionScanner   : Identified candidate component class: file [A:\library-management\target\classes\com\example\library_management\dao\LibraryBookDAO.class]
2025-05-08T20:06:33.631+03:00 DEBUG 3976 --- [library-management] [           main] o.s.c.a.ClassPathBeanDefinitionScanner   : Identified candidate component class: file [A:\library-management\target\classes\com\example\library_management\dao\RentalDAO.class]
2025-05-08T20:06:33.631+03:00 DEBUG 3976 --- [library-management] [           main] o.s.c.a.ClassPathBeanDefinitionScanner   : Identified candidate component class: file [A:\library-management\target\classes\com\example\library_management\dao\RoleDAO.class]
2025-05-08T20:06:33.631+03:00 DEBUG 3976 --- [library-management] [           main] o.s.c.a.ClassPathBeanDefinitionScanner   : Identified candidate component class: file [A:\library-management\target\classes\com\example\library_management\dao\UserDAO.class]
2025-05-08T20:06:33.632+03:00 DEBUG 3976 --- [library-management] [           main] o.s.c.a.ClassPathBeanDefinitionScanner   : Identified candidate component class: file [A:\library-management\target\classes\com\example\library_management\dao\UserRoleDAO.class]
2025-05-08T20:06:33.639+03:00 DEBUG 3976 --- [library-management] [           main] o.s.c.a.ClassPathBeanDefinitionScanner   : Identified candidate component class: file [A:\library-management\target\classes\com\example\library_management\exception\GlobalExceptionHandler.class]
2025-05-08T20:06:33.640+03:00 DEBUG 3976 --- [library-management] [           main] o.s.c.a.ClassPathBeanDefinitionScanner   : Identified candidate component class: file [A:\library-management\target\classes\com\example\library_management\mapper\AuditMapper.class]
2025-05-08T20:06:33.640+03:00 DEBUG 3976 --- [library-management] [           main] o.s.c.a.ClassPathBeanDefinitionScanner   : Identified candidate component class: file [A:\library-management\target\classes\com\example\library_management\mapper\LibraryBookMapper.class]
2025-05-08T20:06:33.641+03:00 DEBUG 3976 --- [library-management] [           main] o.s.c.a.ClassPathBeanDefinitionScanner   : Identified candidate component class: file [A:\library-management\target\classes\com\example\library_management\mapper\MapperConfig.class]
2025-05-08T20:06:33.641+03:00 DEBUG 3976 --- [library-management] [           main] o.s.c.a.ClassPathBeanDefinitionScanner   : Identified candidate component class: file [A:\library-management\target\classes\com\example\library_management\mapper\RentalMapper.class]
2025-05-08T20:06:33.642+03:00 DEBUG 3976 --- [library-management] [           main] o.s.c.a.ClassPathBeanDefinitionScanner   : Identified candidate component class: file [A:\library-management\target\classes\com\example\library_management\mapper\UserMapperImpl.class]
2025-05-08T20:06:33.647+03:00 DEBUG 3976 --- [library-management] [           main] o.s.c.a.ClassPathBeanDefinitionScanner   : Identified candidate component class: file [A:\library-management\target\classes\com\example\library_management\security\JwtAuthenticationFilter.class]
2025-05-08T20:06:33.648+03:00 DEBUG 3976 --- [library-management] [           main] o.s.c.a.ClassPathBeanDefinitionScanner   : Identified candidate component class: file [A:\library-management\target\classes\com\example\library_management\security\JwtAuthorizationFilter.class]
2025-05-08T20:06:33.648+03:00 DEBUG 3976 --- [library-management] [           main] o.s.c.a.ClassPathBeanDefinitionScanner   : Identified candidate component class: file [A:\library-management\target\classes\com\example\library_management\security\JwtConfig.class]
2025-05-08T20:06:33.649+03:00 DEBUG 3976 --- [library-management] [           main] o.s.c.a.ClassPathBeanDefinitionScanner   : Identified candidate component class: file [A:\library-management\target\classes\com\example\library_management\security\JwtUtil.class]
2025-05-08T20:06:33.649+03:00 DEBUG 3976 --- [library-management] [           main] o.s.c.a.ClassPathBeanDefinitionScanner   : Identified candidate component class: file [A:\library-management\target\classes\com\example\library_management\security\SecurityConfig.class]
2025-05-08T20:06:33.651+03:00 DEBUG 3976 --- [library-management] [           main] o.s.c.a.ClassPathBeanDefinitionScanner   : Identified candidate component class: file [A:\library-management\target\classes\com\example\library_management\service\AuditService.class]
2025-05-08T20:06:33.651+03:00 DEBUG 3976 --- [library-management] [           main] o.s.c.a.ClassPathBeanDefinitionScanner   : Identified candidate component class: file [A:\library-management\target\classes\com\example\library_management\service\CategoryService.class]
2025-05-08T20:06:33.652+03:00 DEBUG 3976 --- [library-management] [           main] o.s.c.a.ClassPathBeanDefinitionScanner   : Identified candidate component class: file [A:\library-management\target\classes\com\example\library_management\service\LibraryBookService.class]
2025-05-08T20:06:33.652+03:00 DEBUG 3976 --- [library-management] [           main] o.s.c.a.ClassPathBeanDefinitionScanner   : Identified candidate component class: file [A:\library-management\target\classes\com\example\library_management\service\RentalService.class]
2025-05-08T20:06:33.653+03:00 DEBUG 3976 --- [library-management] [           main] o.s.c.a.ClassPathBeanDefinitionScanner   : Identified candidate component class: file [A:\library-management\target\classes\com\example\library_management\service\UserService.class]
2025-05-08T20:06:33.666+03:00 DEBUG 3976 --- [library-management] [           main] o.s.c.a.ClassPathBeanDefinitionScanner   : Identified candidate component class: file [A:\library-management\target\test-classes\com\example\library_management\controller\TestConfig.class]
2025-05-08T20:06:33.666+03:00 DEBUG 3976 --- [library-management] [           main] o.s.c.a.ClassPathBeanDefinitionScanner   : Identified candidate component class: file [A:\library-management\target\classes\com\example\library_management\controller\AuditController.class]
2025-05-08T20:06:33.666+03:00 DEBUG 3976 --- [library-management] [           main] o.s.c.a.ClassPathBeanDefinitionScanner   : Identified candidate component class: file [A:\library-management\target\classes\com\example\library_management\controller\CategoryController.class]
2025-05-08T20:06:33.666+03:00 DEBUG 3976 --- [library-management] [           main] o.s.c.a.ClassPathBeanDefinitionScanner   : Identified candidate component class: file [A:\library-management\target\classes\com\example\library_management\controller\LibraryBookController.class]
2025-05-08T20:06:33.666+03:00 DEBUG 3976 --- [library-management] [           main] o.s.c.a.ClassPathBeanDefinitionScanner   : Identified candidate component class: file [A:\library-management\target\classes\com\example\library_management\controller\RentalController.class]
2025-05-08T20:06:33.666+03:00 DEBUG 3976 --- [library-management] [           main] o.s.c.a.ClassPathBeanDefinitionScanner   : Identified candidate component class: file [A:\library-management\target\classes\com\example\library_management\controller\UserController.class]
2025-05-08T20:06:33.666+03:00 DEBUG 3976 --- [library-management] [           main] o.s.c.a.ClassPathBeanDefinitionScanner   : Identified candidate component class: file [A:\library-management\target\classes\com\example\library_management\dao\AuditLogDAO.class]
2025-05-08T20:06:33.666+03:00 DEBUG 3976 --- [library-management] [           main] o.s.c.a.ClassPathBeanDefinitionScanner   : Identified candidate component class: file [A:\library-management\target\classes\com\example\library_management\dao\BookInfoDAO.class]
2025-05-08T20:06:33.666+03:00 DEBUG 3976 --- [library-management] [           main] o.s.c.a.ClassPathBeanDefinitionScanner   : Identified candidate component class: file [A:\library-management\target\classes\com\example\library_management\dao\CategoryDAO.class]
2025-05-08T20:06:33.666+03:00 DEBUG 3976 --- [library-management] [           main] o.s.c.a.ClassPathBeanDefinitionScanner   : Identified candidate component class: file [A:\library-management\target\classes\com\example\library_management\dao\LibraryBookDAO.class]
2025-05-08T20:06:33.666+03:00 DEBUG 3976 --- [library-management] [           main] o.s.c.a.ClassPathBeanDefinitionScanner   : Identified candidate component class: file [A:\library-management\target\classes\com\example\library_management\dao\RentalDAO.class]
2025-05-08T20:06:33.666+03:00 DEBUG 3976 --- [library-management] [           main] o.s.c.a.ClassPathBeanDefinitionScanner   : Identified candidate component class: file [A:\library-management\target\classes\com\example\library_management\dao\RoleDAO.class]
2025-05-08T20:06:33.666+03:00 DEBUG 3976 --- [library-management] [           main] o.s.c.a.ClassPathBeanDefinitionScanner   : Identified candidate component class: file [A:\library-management\target\classes\com\example\library_management\dao\UserDAO.class]
2025-05-08T20:06:33.666+03:00 DEBUG 3976 --- [library-management] [           main] o.s.c.a.ClassPathBeanDefinitionScanner   : Identified candidate component class: file [A:\library-management\target\classes\com\example\library_management\dao\UserRoleDAO.class]
2025-05-08T20:06:33.666+03:00 DEBUG 3976 --- [library-management] [           main] o.s.c.a.ClassPathBeanDefinitionScanner   : Identified candidate component class: file [A:\library-management\target\classes\com\example\library_management\exception\GlobalExceptionHandler.class]
2025-05-08T20:06:33.666+03:00 DEBUG 3976 --- [library-management] [           main] o.s.c.a.ClassPathBeanDefinitionScanner   : Identified candidate component class: file [A:\library-management\target\classes\com\example\library_management\launch\Main.class]
2025-05-08T20:06:33.666+03:00 DEBUG 3976 --- [library-management] [           main] o.s.c.a.ClassPathBeanDefinitionScanner   : Identified candidate component class: file [A:\library-management\target\classes\com\example\library_management\mapper\AuditMapper.class]
2025-05-08T20:06:33.666+03:00 DEBUG 3976 --- [library-management] [           main] o.s.c.a.ClassPathBeanDefinitionScanner   : Identified candidate component class: file [A:\library-management\target\classes\com\example\library_management\mapper\LibraryBookMapper.class]
2025-05-08T20:06:33.666+03:00 DEBUG 3976 --- [library-management] [           main] o.s.c.a.ClassPathBeanDefinitionScanner   : Identified candidate component class: file [A:\library-management\target\classes\com\example\library_management\mapper\MapperConfig.class]
2025-05-08T20:06:33.666+03:00 DEBUG 3976 --- [library-management] [           main] o.s.c.a.ClassPathBeanDefinitionScanner   : Identified candidate component class: file [A:\library-management\target\classes\com\example\library_management\mapper\RentalMapper.class]
2025-05-08T20:06:33.666+03:00 DEBUG 3976 --- [library-management] [           main] o.s.c.a.ClassPathBeanDefinitionScanner   : Identified candidate component class: file [A:\library-management\target\classes\com\example\library_management\mapper\UserMapperImpl.class]
2025-05-08T20:06:33.667+03:00 DEBUG 3976 --- [library-management] [           main] o.s.c.a.ClassPathBeanDefinitionScanner   : Identified candidate component class: file [A:\library-management\target\classes\com\example\library_management\security\JwtAuthenticationFilter.class]
2025-05-08T20:06:33.667+03:00 DEBUG 3976 --- [library-management] [           main] o.s.c.a.ClassPathBeanDefinitionScanner   : Identified candidate component class: file [A:\library-management\target\classes\com\example\library_management\security\JwtAuthorizationFilter.class]
2025-05-08T20:06:33.667+03:00 DEBUG 3976 --- [library-management] [           main] o.s.c.a.ClassPathBeanDefinitionScanner   : Identified candidate component class: file [A:\library-management\target\classes\com\example\library_management\security\JwtConfig.class]
2025-05-08T20:06:33.667+03:00 DEBUG 3976 --- [library-management] [           main] o.s.c.a.ClassPathBeanDefinitionScanner   : Identified candidate component class: file [A:\library-management\target\classes\com\example\library_management\security\JwtUtil.class]
2025-05-08T20:06:33.667+03:00 DEBUG 3976 --- [library-management] [           main] o.s.c.a.ClassPathBeanDefinitionScanner   : Identified candidate component class: file [A:\library-management\target\classes\com\example\library_management\security\SecurityConfig.class]
2025-05-08T20:06:33.667+03:00 DEBUG 3976 --- [library-management] [           main] o.s.c.a.ClassPathBeanDefinitionScanner   : Identified candidate component class: file [A:\library-management\target\classes\com\example\library_management\service\AuditService.class]
2025-05-08T20:06:33.667+03:00 DEBUG 3976 --- [library-management] [           main] o.s.c.a.ClassPathBeanDefinitionScanner   : Identified candidate component class: file [A:\library-management\target\classes\com\example\library_management\service\CategoryService.class]
2025-05-08T20:06:33.667+03:00 DEBUG 3976 --- [library-management] [           main] o.s.c.a.ClassPathBeanDefinitionScanner   : Identified candidate component class: file [A:\library-management\target\classes\com\example\library_management\service\LibraryBookService.class]
2025-05-08T20:06:33.667+03:00 DEBUG 3976 --- [library-management] [           main] o.s.c.a.ClassPathBeanDefinitionScanner   : Identified candidate component class: file [A:\library-management\target\classes\com\example\library_management\service\RentalService.class]
2025-05-08T20:06:33.668+03:00 DEBUG 3976 --- [library-management] [           main] o.s.c.a.ClassPathBeanDefinitionScanner   : Identified candidate component class: file [A:\library-management\target\classes\com\example\library_management\service\UserService.class]
2025-05-08T20:06:33.941+03:00 DEBUG 3976 --- [library-management] [           main] o.s.b.f.s.DefaultListableBeanFactory     : Creating shared instance of singleton bean 'org.springframework.boot.test.context.ImportsContextCustomizer$ImportsCleanupPostProcessor'
2025-05-08T20:06:33.941+03:00 DEBUG 3976 --- [library-management] [           main] o.s.b.f.s.DefaultListableBeanFactory     : Creating shared instance of singleton bean 'springSecurityHandlerMappingIntrospectorBeanDefinitionRegistryPostProcessor'
2025-05-08T20:06:33.943+03:00 DEBUG 3976 --- [library-management] [           main] o.s.b.f.s.DefaultListableBeanFactory     : Creating shared instance of singleton bean 'propertySourcesPlaceholderConfigurer'
2025-05-08T20:06:33.944+03:00 DEBUG 3976 --- [library-management] [           main] o.s.b.f.s.DefaultListableBeanFactory     : Creating shared instance of singleton bean 'org.springframework.boot.test.mock.mockito.MockitoPostProcessor'
2025-05-08T20:06:33.945+03:00 DEBUG 3976 --- [library-management] [           main] o.s.b.f.s.DefaultListableBeanFactory     : Creating shared instance of singleton bean 'org.springframework.boot.sql.init.dependency.DatabaseInitializationDependencyConfigurer$DependsOnDatabaseInitializationPostProcessor'
2025-05-08T20:06:33.952+03:00 DEBUG 3976 --- [library-management] [           main] o.s.b.f.s.DefaultListableBeanFactory     : Creating shared instance of singleton bean 'org.springframework.context.event.internalEventListenerProcessor'
2025-05-08T20:06:33.952+03:00 DEBUG 3976 --- [library-management] [           main] o.s.b.f.s.DefaultListableBeanFactory     : Creating shared instance of singleton bean 'conversionServicePostProcessor'
2025-05-08T20:06:33.952+03:00 DEBUG 3976 --- [library-management] [           main] o.s.b.f.s.DefaultListableBeanFactory     : Creating shared instance of singleton bean 'preserveErrorControllerTargetClassPostProcessor'
2025-05-08T20:06:33.952+03:00 DEBUG 3976 --- [library-management] [           main] o.s.b.f.s.DefaultListableBeanFactory     : Creating shared instance of singleton bean 'forceAutoProxyCreatorToUseClassProxying'
2025-05-08T20:06:33.952+03:00 DEBUG 3976 --- [library-management] [           main] o.s.b.f.s.DefaultListableBeanFactory     : Creating shared instance of singleton bean 'org.springframework.context.event.internalEventListenerFactory'
2025-05-08T20:06:33.953+03:00 DEBUG 3976 --- [library-management] [           main] o.s.b.f.s.DefaultListableBeanFactory     : Creating shared instance of singleton bean 'org.springframework.transaction.config.internalTransactionalEventListenerFactory'
2025-05-08T20:06:33.954+03:00 DEBUG 3976 --- [library-management] [           main] o.s.b.f.s.DefaultListableBeanFactory     : Creating shared instance of singleton bean 'org.springframework.context.annotation.internalAutowiredAnnotationProcessor'
2025-05-08T20:06:33.954+03:00 DEBUG 3976 --- [library-management] [           main] o.s.b.f.s.DefaultListableBeanFactory     : Creating shared instance of singleton bean 'org.springframework.context.annotation.internalCommonAnnotationProcessor'
2025-05-08T20:06:33.955+03:00 DEBUG 3976 --- [library-management] [           main] o.s.b.f.s.DefaultListableBeanFactory     : Creating shared instance of singleton bean 'org.springframework.context.annotation.internalPersistenceAnnotationProcessor'
2025-05-08T20:06:33.955+03:00 DEBUG 3976 --- [library-management] [           main] o.s.b.f.s.DefaultListableBeanFactory     : Creating shared instance of singleton bean 'org.springframework.boot.test.mock.mockito.MockitoPostProcessor$SpyPostProcessor'
2025-05-08T20:06:33.955+03:00 DEBUG 3976 --- [library-management] [           main] o.s.b.f.s.DefaultListableBeanFactory     : Creating shared instance of singleton bean 'org.springframework.boot.context.properties.ConfigurationPropertiesBindingPostProcessor'
2025-05-08T20:06:33.955+03:00 DEBUG 3976 --- [library-management] [           main] o.s.b.f.s.DefaultListableBeanFactory     : Creating shared instance of singleton bean 'org.springframework.boot.context.internalConfigurationPropertiesBinder'
2025-05-08T20:06:33.955+03:00 DEBUG 3976 --- [library-management] [           main] o.s.b.f.s.DefaultListableBeanFactory     : Creating shared instance of singleton bean 'org.springframework.aop.config.internalAutoProxyCreator'
2025-05-08T20:06:33.956+03:00 DEBUG 3976 --- [library-management] [           main] o.s.b.f.s.DefaultListableBeanFactory     : Creating shared instance of singleton bean 'methodValidationPostProcessor'
2025-05-08T20:06:33.957+03:00 DEBUG 3976 --- [library-management] [           main] o.s.b.f.s.DefaultListableBeanFactory     : Autowiring by type from bean name 'methodValidationPostProcessor' via factory method to bean named 'environment'
2025-05-08T20:06:33.957+03:00 DEBUG 3976 --- [library-management] [           main] o.s.b.f.s.DefaultListableBeanFactory     : Creating shared instance of singleton bean 'org.springframework.boot.context.properties.EnableConfigurationPropertiesRegistrar.methodValidationExcludeFilter'
2025-05-08T20:06:33.958+03:00 DEBUG 3976 --- [library-management] [           main] o.s.b.f.s.DefaultListableBeanFactory     : Creating shared instance of singleton bean 'persistenceExceptionTranslationPostProcessor'
2025-05-08T20:06:33.958+03:00 DEBUG 3976 --- [library-management] [           main] o.s.b.f.s.DefaultListableBeanFactory     : Autowiring by type from bean name 'persistenceExceptionTranslationPostProcessor' via factory method to bean named 'environment'
2025-05-08T20:06:33.959+03:00 DEBUG 3976 --- [library-management] [           main] o.s.b.f.s.DefaultListableBeanFactory     : Creating shared instance of singleton bean 'webServerFactoryCustomizerBeanPostProcessor'
2025-05-08T20:06:33.959+03:00 DEBUG 3976 --- [library-management] [           main] o.s.b.f.s.DefaultListableBeanFactory     : Creating shared instance of singleton bean 'errorPageRegistrarBeanPostProcessor'
2025-05-08T20:06:33.959+03:00 DEBUG 3976 --- [library-management] [           main] o.s.u.c.s.UiApplicationContextUtils      : Unable to locate ThemeSource with name 'themeSource': using default [org.springframework.ui.context.support.ResourceBundleThemeSource@1f7b7ac4]
2025-05-08T20:06:33.960+03:00 DEBUG 3976 --- [library-management] [           main] o.s.b.f.s.DefaultListableBeanFactory     : Creating shared instance of singleton bean 'org.springframework.test.context.support.internalDynamicPropertyRegistrarBeanInitializer'
2025-05-08T20:06:33.960+03:00 DEBUG 3976 --- [library-management] [           main] o.s.b.f.s.DefaultListableBeanFactory     : Creating shared instance of singleton bean 'org.springframework.transaction.config.internalTransactionAdvisor'
2025-05-08T20:06:33.960+03:00 DEBUG 3976 --- [library-management] [           main] o.s.b.f.s.DefaultListableBeanFactory     : Creating shared instance of singleton bean 'org.springframework.transaction.annotation.ProxyTransactionManagementConfiguration'
2025-05-08T20:06:33.962+03:00 DEBUG 3976 --- [library-management] [           main] o.s.b.f.s.DefaultListableBeanFactory     : Creating shared instance of singleton bean 'preFilterAuthorizationAdvisor'
2025-05-08T20:06:33.962+03:00 DEBUG 3976 --- [library-management] [           main] o.s.b.f.s.DefaultListableBeanFactory     : Creating shared instance of singleton bean 'preFilterAuthorizationMethodInterceptor'
2025-05-08T20:06:33.963+03:00 DEBUG 3976 --- [library-management] [           main] o.s.b.f.s.DefaultListableBeanFactory     : Creating shared instance of singleton bean 'preAuthorizeAuthorizationAdvisor'
2025-05-08T20:06:33.963+03:00 DEBUG 3976 --- [library-management] [           main] o.s.b.f.s.DefaultListableBeanFactory     : Creating shared instance of singleton bean 'preAuthorizeAuthorizationMethodInterceptor'
2025-05-08T20:06:33.964+03:00 DEBUG 3976 --- [library-management] [           main] o.s.b.f.s.DefaultListableBeanFactory     : Creating shared instance of singleton bean 'postFilterAuthorizationAdvisor'
2025-05-08T20:06:33.964+03:00 DEBUG 3976 --- [library-management] [           main] o.s.b.f.s.DefaultListableBeanFactory     : Creating shared instance of singleton bean 'postFilterAuthorizationMethodInterceptor'
2025-05-08T20:06:33.964+03:00 DEBUG 3976 --- [library-management] [           main] o.s.b.f.s.DefaultListableBeanFactory     : Creating shared instance of singleton bean 'postAuthorizeAuthorizationAdvisor'
2025-05-08T20:06:33.964+03:00 DEBUG 3976 --- [library-management] [           main] o.s.b.f.s.DefaultListableBeanFactory     : Creating shared instance of singleton bean 'postAuthorizeAuthorizationMethodInterceptor'
2025-05-08T20:06:33.964+03:00 DEBUG 3976 --- [library-management] [           main] o.s.b.f.s.DefaultListableBeanFactory     : Creating shared instance of singleton bean 'authorizeReturnObjectAdvisor'
2025-05-08T20:06:33.964+03:00 DEBUG 3976 --- [library-management] [           main] o.s.b.f.s.DefaultListableBeanFactory     : Creating shared instance of singleton bean 'authorizeReturnObjectMethodInterceptor'
2025-05-08T20:06:33.965+03:00 DEBUG 3976 --- [library-management] [           main] o.s.b.f.s.DefaultListableBeanFactory     : Creating shared instance of singleton bean 'authorizationProxyFactory'
2025-05-08T20:06:33.965+03:00 DEBUG 3976 --- [library-management] [           main] o.s.b.f.s.DefaultListableBeanFactory     : Autowiring by type from bean name 'authorizeReturnObjectMethodInterceptor' via factory method to bean named 'authorizationProxyFactory'
2025-05-08T20:06:33.968+03:00 DEBUG 3976 --- [library-management] [           main] o.s.b.f.s.DefaultListableBeanFactory     : Creating shared instance of singleton bean 'transactionAttributeSource'
2025-05-08T20:06:33.969+03:00 DEBUG 3976 --- [library-management] [           main] o.s.b.f.s.DefaultListableBeanFactory     : Creating shared instance of singleton bean 'transactionInterceptor'
2025-05-08T20:06:33.970+03:00 DEBUG 3976 --- [library-management] [           main] o.s.b.f.s.DefaultListableBeanFactory     : Autowiring by type from bean name 'transactionInterceptor' via factory method to bean named 'transactionAttributeSource'
2025-05-08T20:06:33.970+03:00 DEBUG 3976 --- [library-management] [           main] o.s.b.f.s.DefaultListableBeanFactory     : Autowiring by type from bean name 'org.springframework.transaction.config.internalTransactionAdvisor' via factory method to bean named 'transactionAttributeSource'
2025-05-08T20:06:33.970+03:00 DEBUG 3976 --- [library-management] [           main] o.s.b.f.s.DefaultListableBeanFactory     : Autowiring by type from bean name 'org.springframework.transaction.config.internalTransactionAdvisor' via factory method to bean named 'transactionInterceptor'
2025-05-08T20:06:33.971+03:00 DEBUG 3976 --- [library-management] [           main] o.s.b.f.s.DefaultListableBeanFactory     : Creating shared instance of singleton bean 'dataSourceScriptDatabaseInitializer'
2025-05-08T20:06:33.971+03:00 DEBUG 3976 --- [library-management] [           main] o.s.b.f.s.DefaultListableBeanFactory     : Creating shared instance of singleton bean 'org.springframework.boot.autoconfigure.sql.init.DataSourceInitializationConfiguration'
2025-05-08T20:06:33.972+03:00 DEBUG 3976 --- [library-management] [           main] o.s.b.f.s.DefaultListableBeanFactory     : Creating shared instance of singleton bean 'dataSource'
2025-05-08T20:06:33.972+03:00 DEBUG 3976 --- [library-management] [           main] o.s.b.f.s.DefaultListableBeanFactory     : Creating shared instance of singleton bean 'dataConfig'
2025-05-08T20:06:33.972+03:00 DEBUG 3976 --- [library-management] [           main] o.s.b.f.s.DefaultListableBeanFactory     : Autowiring by type from bean name 'dataConfig' via constructor to bean named 'environment'
2025-05-08T20:06:33.974+03:00 DEBUG 3976 --- [library-management] [           main] o.s.j.d.DriverManagerDataSource          : Loaded JDBC driver: org.postgresql.Driver
2025-05-08T20:06:33.976+03:00 DEBUG 3976 --- [library-management] [           main] o.s.b.f.s.DefaultListableBeanFactory     : Creating shared instance of singleton bean 'spring.sql.init-org.springframework.boot.autoconfigure.sql.init.SqlInitializationProperties'
2025-05-08T20:06:33.976+03:00 DEBUG 3976 --- [library-management] [           main] o.s.b.f.s.DefaultListableBeanFactory     : Creating shared instance of singleton bean 'org.springframework.boot.context.properties.BoundConfigurationProperties'
2025-05-08T20:06:33.980+03:00 DEBUG 3976 --- [library-management] [           main] o.s.b.f.s.DefaultListableBeanFactory     : Autowiring by type from bean name 'dataSourceScriptDatabaseInitializer' via factory method to bean named 'dataSource'
2025-05-08T20:06:33.980+03:00 DEBUG 3976 --- [library-management] [           main] o.s.b.f.s.DefaultListableBeanFactory     : Autowiring by type from bean name 'dataSourceScriptDatabaseInitializer' via factory method to bean named 'spring.sql.init-org.springframework.boot.autoconfigure.sql.init.SqlInitializationProperties'
2025-05-08T20:06:33.982+03:00 DEBUG 3976 --- [library-management] [           main] o.s.b.f.s.DefaultListableBeanFactory     : Creating shared instance of singleton bean 'entityManagerFactory'
2025-05-08T20:06:33.983+03:00 DEBUG 3976 --- [library-management] [           main] ySourcesPropertyResolver$DefaultResolver : Found key 'spring.jpa.properties.hibernate.format_sql' in PropertySource 'Config resource 'class path resource [application.properties]' via location 'optional:classpath:/'' with value of type String
2025-05-08T20:06:33.984+03:00 DEBUG 3976 --- [library-management] [           main] .i.s.PathMatchingResourcePatternResolver : Skipping search for files matching pattern [**/*.class]: directory [A:\library-management\target\test-classes\com\example\library_management\model] does not exist
2025-05-08T20:06:33.986+03:00 DEBUG 3976 --- [library-management] [           main] j.LocalContainerEntityManagerFactoryBean : Building JPA container EntityManagerFactory for persistence unit 'default'
2025-05-08T20:06:33.986+03:00  INFO 3976 --- [library-management] [           main] o.hibernate.jpa.internal.util.LogHelper  : HHH000204: Processing PersistenceUnitInfo [name: default]
2025-05-08T20:06:33.990+03:00  INFO 3976 --- [library-management] [           main] o.h.c.internal.RegionFactoryInitiator    : HHH000026: Second-level cache disabled
2025-05-08T20:06:34.006+03:00  INFO 3976 --- [library-management] [           main] o.s.o.j.p.SpringPersistenceUnitInfo      : No LoadTimeWeaver setup: ignoring JPA class transformer
2025-05-08T20:06:34.007+03:00 DEBUG 3976 --- [library-management] [           main] o.s.j.d.DriverManagerDataSource          : Creating new JDBC DriverManager Connection to [jdbc:postgresql://localhost:5432/library_db]
2025-05-08T20:06:34.098+03:00  WARN 3976 --- [library-management] [           main] org.hibernate.orm.deprecation            : HHH90000025: PostgreSQLDialect does not need to be specified explicitly using 'hibernate.dialect' (remove the property setting and it will be selected by default)
2025-05-08T20:06:34.099+03:00 DEBUG 3976 --- [library-management] [           main] o.h.t.d.sql.spi.DdlTypeRegistry          : addDescriptor(2003, org.hibernate.type.descriptor.sql.internal.ArrayDdlTypeImpl@6ee7c941) replaced previous registration(org.hibernate.type.descriptor.sql.internal.ArrayDdlTypeImpl@6ebdd981)
2025-05-08T20:06:34.100+03:00 DEBUG 3976 --- [library-management] [           main] o.h.t.d.sql.spi.DdlTypeRegistry          : addDescriptor(6, org.hibernate.type.descriptor.sql.internal.CapacityDependentDdlType@5ecd22e7) replaced previous registration(org.hibernate.type.descriptor.sql.internal.DdlTypeImpl@4b2be6f8)
2025-05-08T20:06:34.241+03:00  INFO 3976 --- [library-management] [           main] o.h.e.t.j.p.i.JtaPlatformInitiator       : HHH000489: No JTA platform available (set 'hibernate.transaction.jta.platform' to enable JTA platform integration)
2025-05-08T20:06:34.241+03:00 DEBUG 3976 --- [library-management] [           main] o.s.j.d.DriverManagerDataSource          : Creating new JDBC DriverManager Connection to [jdbc:postgresql://localhost:5432/library_db]
2025-05-08T20:06:35.270+03:00  INFO 3976 --- [library-management] [           main] j.LocalContainerEntityManagerFactoryBean : Initialized JPA EntityManagerFactory for persistence unit 'default'
2025-05-08T20:06:35.273+03:00 DEBUG 3976 --- [library-management] [           main] o.s.b.f.s.DefaultListableBeanFactory     : Creating shared instance of singleton bean 'main'
2025-05-08T20:06:35.274+03:00 DEBUG 3976 --- [library-management] [           main] o.s.b.f.s.DefaultListableBeanFactory     : Creating shared instance of singleton bean 'testConfig'
2025-05-08T20:06:35.274+03:00 DEBUG 3976 --- [library-management] [           main] o.s.b.f.s.DefaultListableBeanFactory     : Creating shared instance of singleton bean 'auditController'
2025-05-08T20:06:35.275+03:00 DEBUG 3976 --- [library-management] [           main] o.s.b.f.s.DefaultListableBeanFactory     : Creating shared instance of singleton bean 'auditService'
2025-05-08T20:06:35.276+03:00 DEBUG 3976 --- [library-management] [           main] o.s.b.f.s.DefaultListableBeanFactory     : Creating shared instance of singleton bean 'userService'
2025-05-08T20:06:35.277+03:00 DEBUG 3976 --- [library-management] [           main] o.s.b.f.s.DefaultListableBeanFactory     : Creating shared instance of singleton bean 'auditMapper'
2025-05-08T20:06:35.278+03:00 DEBUG 3976 --- [library-management] [           main] o.s.b.f.s.DefaultListableBeanFactory     : Autowiring by type from bean name 'auditController' via constructor to bean named 'auditService'
2025-05-08T20:06:35.278+03:00 DEBUG 3976 --- [library-management] [           main] o.s.b.f.s.DefaultListableBeanFactory     : Autowiring by type from bean name 'auditController' via constructor to bean named 'userService'
2025-05-08T20:06:35.278+03:00 DEBUG 3976 --- [library-management] [           main] o.s.b.f.s.DefaultListableBeanFactory     : Autowiring by type from bean name 'auditController' via constructor to bean named 'auditMapper'
2025-05-08T20:06:35.279+03:00 DEBUG 3976 --- [library-management] [           main] o.s.b.f.s.DefaultListableBeanFactory     : Creating shared instance of singleton bean 'categoryController'
2025-05-08T20:06:35.279+03:00 DEBUG 3976 --- [library-management] [           main] o.s.b.f.s.DefaultListableBeanFactory     : Creating shared instance of singleton bean 'categoryService'
2025-05-08T20:06:35.280+03:00 DEBUG 3976 --- [library-management] [           main] o.s.b.f.s.DefaultListableBeanFactory     : Autowiring by type from bean name 'categoryController' via constructor to bean named 'categoryService'
2025-05-08T20:06:35.281+03:00 DEBUG 3976 --- [library-management] [           main] o.s.b.f.s.DefaultListableBeanFactory     : Creating shared instance of singleton bean 'libraryBookController'
2025-05-08T20:06:35.282+03:00 DEBUG 3976 --- [library-management] [           main] o.s.b.f.s.DefaultListableBeanFactory     : Creating shared instance of singleton bean 'libraryBookService'
2025-05-08T20:06:35.283+03:00 DEBUG 3976 --- [library-management] [           main] o.s.b.f.s.DefaultListableBeanFactory     : Autowiring by type from bean name 'libraryBookController' via constructor to bean named 'libraryBookService'
2025-05-08T20:06:35.284+03:00 DEBUG 3976 --- [library-management] [           main] o.s.b.f.s.DefaultListableBeanFactory     : Creating shared instance of singleton bean 'rentalController'
2025-05-08T20:06:35.284+03:00 DEBUG 3976 --- [library-management] [           main] o.s.b.f.s.DefaultListableBeanFactory     : Creating shared instance of singleton bean 'rentalService'
2025-05-08T20:06:35.286+03:00 DEBUG 3976 --- [library-management] [           main] o.s.b.f.s.DefaultListableBeanFactory     : Creating shared instance of singleton bean 'rentalMapper'
2025-05-08T20:06:35.286+03:00 DEBUG 3976 --- [library-management] [           main] o.s.b.f.s.DefaultListableBeanFactory     : Autowiring by type from bean name 'rentalController' via constructor to bean named 'rentalService'
2025-05-08T20:06:35.286+03:00 DEBUG 3976 --- [library-management] [           main] o.s.b.f.s.DefaultListableBeanFactory     : Autowiring by type from bean name 'rentalController' via constructor to bean named 'userService'
2025-05-08T20:06:35.286+03:00 DEBUG 3976 --- [library-management] [           main] o.s.b.f.s.DefaultListableBeanFactory     : Autowiring by type from bean name 'rentalController' via constructor to bean named 'rentalMapper'
2025-05-08T20:06:35.287+03:00 DEBUG 3976 --- [library-management] [           main] o.s.b.f.s.DefaultListableBeanFactory     : Creating shared instance of singleton bean 'userController'
2025-05-08T20:06:35.287+03:00 DEBUG 3976 --- [library-management] [           main] o.s.b.f.s.DefaultListableBeanFactory     : Creating shared instance of singleton bean 'userMapper'
2025-05-08T20:06:35.287+03:00 DEBUG 3976 --- [library-management] [           main] o.s.b.f.s.DefaultListableBeanFactory     : Creating shared instance of singleton bean 'mapperConfig'
2025-05-08T20:06:35.288+03:00 DEBUG 3976 --- [library-management] [           main] o.s.b.f.s.DefaultListableBeanFactory     : Autowiring by type from bean name 'userController' via constructor to bean named 'userService'
2025-05-08T20:06:35.288+03:00 DEBUG 3976 --- [library-management] [           main] o.s.b.f.s.DefaultListableBeanFactory     : Autowiring by type from bean name 'userController' via constructor to bean named 'userMapper'
2025-05-08T20:06:35.289+03:00 DEBUG 3976 --- [library-management] [           main] o.s.b.f.s.DefaultListableBeanFactory     : Creating shared instance of singleton bean 'auditLogDAO'
2025-05-08T20:06:35.291+03:00 DEBUG 3976 --- [library-management] [           main] o.s.b.f.s.DefaultListableBeanFactory     : Creating shared instance of singleton bean 'bookInfoDAO'
2025-05-08T20:06:35.292+03:00 DEBUG 3976 --- [library-management] [           main] o.s.b.f.s.DefaultListableBeanFactory     : Creating shared instance of singleton bean 'categoryDAO'
2025-05-08T20:06:35.293+03:00 DEBUG 3976 --- [library-management] [           main] o.s.b.f.s.DefaultListableBeanFactory     : Creating shared instance of singleton bean 'libraryBookDAO'
2025-05-08T20:06:35.294+03:00 DEBUG 3976 --- [library-management] [           main] o.s.b.f.s.DefaultListableBeanFactory     : Creating shared instance of singleton bean 'rentalDAO'
2025-05-08T20:06:35.295+03:00 DEBUG 3976 --- [library-management] [           main] o.s.b.f.s.DefaultListableBeanFactory     : Creating shared instance of singleton bean 'roleDAO'
2025-05-08T20:06:35.295+03:00 DEBUG 3976 --- [library-management] [           main] o.s.b.f.s.DefaultListableBeanFactory     : Creating shared instance of singleton bean 'userDAO'
2025-05-08T20:06:35.296+03:00 DEBUG 3976 --- [library-management] [           main] o.s.b.f.s.DefaultListableBeanFactory     : Creating shared instance of singleton bean 'userRoleDAO'
2025-05-08T20:06:35.297+03:00 DEBUG 3976 --- [library-management] [           main] o.s.b.f.s.DefaultListableBeanFactory     : Creating shared instance of singleton bean 'globalExceptionHandler'
2025-05-08T20:06:35.298+03:00 DEBUG 3976 --- [library-management] [           main] o.s.b.f.s.DefaultListableBeanFactory     : Creating shared instance of singleton bean 'libraryBookMapper'
2025-05-08T20:06:35.298+03:00 DEBUG 3976 --- [library-management] [           main] o.s.b.f.s.DefaultListableBeanFactory     : Creating shared instance of singleton bean 'userMapperImpl'
2025-05-08T20:06:35.298+03:00 DEBUG 3976 --- [library-management] [           main] o.s.b.f.s.DefaultListableBeanFactory     : Creating shared instance of singleton bean 'jwtAuthenticationFilter'
2025-05-08T20:06:35.299+03:00 DEBUG 3976 --- [library-management] [           main] o.s.b.f.s.DefaultListableBeanFactory     : Creating shared instance of singleton bean 'jwtUtil'
2025-05-08T20:06:35.299+03:00 DEBUG 3976 --- [library-management] [           main] o.s.b.f.s.DefaultListableBeanFactory     : Creating shared instance of singleton bean 'jwtSecretоKey'
2025-05-08T20:06:35.299+03:00 DEBUG 3976 --- [library-management] [           main] o.s.b.f.s.DefaultListableBeanFactory     : Creating shared instance of singleton bean 'jwtConfig'
2025-05-08T20:06:35.300+03:00 DEBUG 3976 --- [library-management] [           main] o.s.b.f.s.DefaultListableBeanFactory     : Autowiring by type from bean name 'jwtUtil' via constructor to bean named 'jwtSecretоKey'
2025-05-08T20:06:35.302+03:00 DEBUG 3976 --- [library-management] [           main] o.s.b.f.s.DefaultListableBeanFactory     : Autowiring by type from bean name 'jwtAuthenticationFilter' via constructor to bean named 'jwtUtil'
2025-05-08T20:06:35.302+03:00 DEBUG 3976 --- [library-management] [           main] o.s.b.f.s.DefaultListableBeanFactory     : Autowiring by type from bean name 'jwtAuthenticationFilter' via constructor to bean named 'userService'
2025-05-08T20:06:35.303+03:00 DEBUG 3976 --- [library-management] [           main] o.s.b.f.s.DefaultListableBeanFactory     : Creating shared instance of singleton bean 'jwtAuthorizationFilter'
2025-05-08T20:06:35.304+03:00 DEBUG 3976 --- [library-management] [           main] o.s.b.f.s.DefaultListableBeanFactory     : Autowiring by type from bean name 'jwtAuthorizationFilter' via constructor to bean named 'jwtUtil'
2025-05-08T20:06:35.305+03:00 DEBUG 3976 --- [library-management] [           main] o.s.b.f.s.DefaultListableBeanFactory     : Creating shared instance of singleton bean 'securityConfig'
2025-05-08T20:06:35.306+03:00 DEBUG 3976 --- [library-management] [           main] o.s.b.f.s.DefaultListableBeanFactory     : Creating shared instance of singleton bean 'transactionManager'
2025-05-08T20:06:35.307+03:00 DEBUG 3976 --- [library-management] [           main] o.s.b.f.s.DefaultListableBeanFactory     : Autowiring by type from bean name 'transactionManager' via factory method to bean named 'entityManagerFactory'
2025-05-08T20:06:35.315+03:00 DEBUG 3976 --- [library-management] [           main] o.s.b.f.s.DefaultListableBeanFactory     : Creating shared instance of singleton bean 'org.springframework.security.config.annotation.configuration.ObjectPostProcessorConfiguration'
2025-05-08T20:06:35.316+03:00 DEBUG 3976 --- [library-management] [           main] o.s.b.f.s.DefaultListableBeanFactory     : Creating shared instance of singleton bean 'objectPostProcessor'
2025-05-08T20:06:35.318+03:00 DEBUG 3976 --- [library-management] [           main] o.s.b.f.s.DefaultListableBeanFactory     : Autowiring by type from bean name 'objectPostProcessor' via factory method to bean named 'org.springframework.beans.factory.support.DefaultListableBeanFactory@562b791b'
2025-05-08T20:06:35.319+03:00 DEBUG 3976 --- [library-management] [           main] o.s.b.f.s.DefaultListableBeanFactory     : Creating shared instance of singleton bean 'org.springframework.security.config.annotation.authentication.configuration.AuthenticationConfiguration'
2025-05-08T20:06:35.323+03:00 DEBUG 3976 --- [library-management] [           main] o.s.b.f.s.DefaultListableBeanFactory     : Creating shared instance of singleton bean 'enableGlobalAuthenticationAutowiredConfigurer'
2025-05-08T20:06:35.324+03:00 DEBUG 3976 --- [library-management] [           main] o.s.b.f.s.DefaultListableBeanFactory     : Autowiring by type from bean name 'enableGlobalAuthenticationAutowiredConfigurer' via factory method to bean named 'org.springframework.web.context.support.GenericWebApplicationContext@3118a'
2025-05-08T20:06:35.335+03:00 DEBUG 3976 --- [library-management] [           main] o.s.b.f.s.DefaultListableBeanFactory     : Creating shared instance of singleton bean 'initializeUserDetailsBeanManagerConfigurer'
2025-05-08T20:06:35.335+03:00 DEBUG 3976 --- [library-management] [           main] o.s.b.f.s.DefaultListableBeanFactory     : Autowiring by type from bean name 'initializeUserDetailsBeanManagerConfigurer' via factory method to bean named 'org.springframework.web.context.support.GenericWebApplicationContext@3118a'
2025-05-08T20:06:35.336+03:00 DEBUG 3976 --- [library-management] [           main] o.s.b.f.s.DefaultListableBeanFactory     : Creating shared instance of singleton bean 'initializeAuthenticationProviderBeanManagerConfigurer'
2025-05-08T20:06:35.336+03:00 DEBUG 3976 --- [library-management] [           main] o.s.b.f.s.DefaultListableBeanFactory     : Autowiring by type from bean name 'initializeAuthenticationProviderBeanManagerConfigurer' via factory method to bean named 'org.springframework.web.context.support.GenericWebApplicationContext@3118a'
2025-05-08T20:06:35.337+03:00 DEBUG 3976 --- [library-management] [           main] o.s.b.f.s.DefaultListableBeanFactory     : Creating shared instance of singleton bean 'authenticationManagerBuilder'
2025-05-08T20:06:35.338+03:00 DEBUG 3976 --- [library-management] [           main] o.s.b.f.s.DefaultListableBeanFactory     : Autowiring by type from bean name 'authenticationManagerBuilder' via factory method to bean named 'objectPostProcessor'
2025-05-08T20:06:35.338+03:00 DEBUG 3976 --- [library-management] [           main] o.s.b.f.s.DefaultListableBeanFactory     : Autowiring by type from bean name 'authenticationManagerBuilder' via factory method to bean named 'org.springframework.web.context.support.GenericWebApplicationContext@3118a'
2025-05-08T20:06:35.338+03:00 DEBUG 3976 --- [library-management] [           main] o.s.b.f.s.DefaultListableBeanFactory     : Creating shared instance of singleton bean 'authenticationEventPublisher'
2025-05-08T20:06:35.338+03:00 DEBUG 3976 --- [library-management] [           main] o.s.b.f.s.DefaultListableBeanFactory     : Creating shared instance of singleton bean 'org.springframework.boot.autoconfigure.security.servlet.SecurityAutoConfiguration'
2025-05-08T20:06:35.341+03:00 DEBUG 3976 --- [library-management] [           main] o.s.b.f.s.DefaultListableBeanFactory     : Autowiring by type from bean name 'authenticationEventPublisher' via factory method to bean named 'org.springframework.web.context.support.GenericWebApplicationContext@3118a'
2025-05-08T20:06:35.343+03:00 DEBUG 3976 --- [library-management] [           main] o.s.b.f.s.DefaultListableBeanFactory     : Creating shared instance of singleton bean 'org.springframework.security.config.annotation.web.configuration.WebSecurityConfiguration'
2025-05-08T20:06:35.345+03:00 DEBUG 3976 --- [library-management] [           main] o.s.b.f.s.DefaultListableBeanFactory     : Creating shared instance of singleton bean 'org.springframework.security.config.annotation.web.configuration.HttpSecurityConfiguration'
2025-05-08T20:06:35.347+03:00 DEBUG 3976 --- [library-management] [           main] o.s.b.f.s.DefaultListableBeanFactory     : Creating shared instance of singleton bean 'mvcContentNegotiationManager'
2025-05-08T20:06:35.347+03:00 DEBUG 3976 --- [library-management] [           main] o.s.b.f.s.DefaultListableBeanFactory     : Creating shared instance of singleton bean 'org.springframework.boot.autoconfigure.web.servlet.WebMvcAutoConfiguration$EnableWebMvcConfiguration'
2025-05-08T20:06:35.348+03:00 DEBUG 3976 --- [library-management] [           main] o.s.b.f.s.DefaultListableBeanFactory     : Creating shared instance of singleton bean 'spring.mvc-org.springframework.boot.autoconfigure.web.servlet.WebMvcProperties'
2025-05-08T20:06:35.353+03:00 DEBUG 3976 --- [library-management] [           main] o.s.b.f.s.DefaultListableBeanFactory     : Creating shared instance of singleton bean 'spring.web-org.springframework.boot.autoconfigure.web.WebProperties'
2025-05-08T20:06:35.354+03:00 DEBUG 3976 --- [library-management] [           main] o.s.b.f.s.DefaultListableBeanFactory     : Autowiring by type from bean name 'org.springframework.boot.autoconfigure.web.servlet.WebMvcAutoConfiguration$EnableWebMvcConfiguration' via constructor to bean named 'spring.mvc-org.springframework.boot.autoconfigure.web.servlet.WebMvcProperties'
2025-05-08T20:06:35.355+03:00 DEBUG 3976 --- [library-management] [           main] o.s.b.f.s.DefaultListableBeanFactory     : Autowiring by type from bean name 'org.springframework.boot.autoconfigure.web.servlet.WebMvcAutoConfiguration$EnableWebMvcConfiguration' via constructor to bean named 'spring.web-org.springframework.boot.autoconfigure.web.WebProperties'
2025-05-08T20:06:35.355+03:00 DEBUG 3976 --- [library-management] [           main] o.s.b.f.s.DefaultListableBeanFactory     : Autowiring by type from bean name 'org.springframework.boot.autoconfigure.web.servlet.WebMvcAutoConfiguration$EnableWebMvcConfiguration' via constructor to bean named 'org.springframework.beans.factory.support.DefaultListableBeanFactory@562b791b'
2025-05-08T20:06:35.357+03:00 DEBUG 3976 --- [library-management] [           main] o.s.b.f.s.DefaultListableBeanFactory     : Creating shared instance of singleton bean 'org.springframework.security.config.annotation.web.configuration.WebMvcSecurityConfiguration'
2025-05-08T20:06:35.359+03:00 DEBUG 3976 --- [library-management] [           main] o.s.b.f.s.DefaultListableBeanFactory     : Creating shared instance of singleton bean 'org.springframework.boot.autoconfigure.web.servlet.WebMvcAutoConfiguration$WebMvcAutoConfigurationAdapter'
2025-05-08T20:06:35.359+03:00 DEBUG 3976 --- [library-management] [           main] o.s.b.f.s.DefaultListableBeanFactory     : Autowiring by type from bean name 'org.springframework.boot.autoconfigure.web.servlet.WebMvcAutoConfiguration$WebMvcAutoConfigurationAdapter' via constructor to bean named 'spring.web-org.springframework.boot.autoconfigure.web.WebProperties'
2025-05-08T20:06:35.359+03:00 DEBUG 3976 --- [library-management] [           main] o.s.b.f.s.DefaultListableBeanFactory     : Autowiring by type from bean name 'org.springframework.boot.autoconfigure.web.servlet.WebMvcAutoConfiguration$WebMvcAutoConfigurationAdapter' via constructor to bean named 'spring.mvc-org.springframework.boot.autoconfigure.web.servlet.WebMvcProperties'
2025-05-08T20:06:35.359+03:00 DEBUG 3976 --- [library-management] [           main] o.s.b.f.s.DefaultListableBeanFactory     : Autowiring by type from bean name 'org.springframework.boot.autoconfigure.web.servlet.WebMvcAutoConfiguration$WebMvcAutoConfigurationAdapter' via constructor to bean named 'org.springframework.beans.factory.support.DefaultListableBeanFactory@562b791b'
2025-05-08T20:06:35.361+03:00 DEBUG 3976 --- [library-management] [           main] o.s.b.f.s.DefaultListableBeanFactory     : Creating shared instance of singleton bean 'openEntityManagerInViewInterceptorConfigurer'
2025-05-08T20:06:35.362+03:00 DEBUG 3976 --- [library-management] [           main] o.s.b.f.s.DefaultListableBeanFactory     : Creating shared instance of singleton bean 'org.springframework.boot.autoconfigure.orm.jpa.JpaBaseConfiguration$JpaWebConfiguration'
2025-05-08T20:06:35.362+03:00 DEBUG 3976 --- [library-management] [           main] o.s.b.f.s.DefaultListableBeanFactory     : Creating shared instance of singleton bean 'spring.jpa-org.springframework.boot.autoconfigure.orm.jpa.JpaProperties'
2025-05-08T20:06:35.365+03:00 DEBUG 3976 --- [library-management] [           main] o.s.b.f.s.DefaultListableBeanFactory     : Autowiring by type from bean name 'org.springframework.boot.autoconfigure.orm.jpa.JpaBaseConfiguration$JpaWebConfiguration' via constructor to bean named 'spring.jpa-org.springframework.boot.autoconfigure.orm.jpa.JpaProperties'
2025-05-08T20:06:35.366+03:00 DEBUG 3976 --- [library-management] [           main] o.s.b.f.s.DefaultListableBeanFactory     : Creating shared instance of singleton bean 'openEntityManagerInViewInterceptor'
2025-05-08T20:06:35.366+03:00  WARN 3976 --- [library-management] [           main] JpaBaseConfiguration$JpaWebConfiguration : spring.jpa.open-in-view is enabled by default. Therefore, database queries may be performed during view rendering. Explicitly configure spring.jpa.open-in-view to disable this warning
2025-05-08T20:06:35.367+03:00 DEBUG 3976 --- [library-management] [           main] o.s.b.f.s.DefaultListableBeanFactory     : Autowiring by type from bean name 'openEntityManagerInViewInterceptorConfigurer' via factory method to bean named 'openEntityManagerInViewInterceptor'
2025-05-08T20:06:35.376+03:00 DEBUG 3976 --- [library-management] [           main] o.s.b.f.s.DefaultListableBeanFactory     : Creating shared instance of singleton bean 'passwordEncoder'
2025-05-08T20:06:35.377+03:00  INFO 3976 --- [library-management] [           main] r$InitializeUserDetailsManagerConfigurer : Global AuthenticationManager configured with UserDetailsService bean with name userService
2025-05-08T20:06:35.385+03:00 DEBUG 3976 --- [library-management] [           main] o.s.b.f.s.DefaultListableBeanFactory     : Creating shared instance of singleton bean 'filterChainDecoratorPostProcessor'
2025-05-08T20:06:35.386+03:00 DEBUG 3976 --- [library-management] [           main] o.s.b.f.s.DefaultListableBeanFactory     : Creating shared instance of singleton bean 'mvcHandlerMappingIntrospectorRequestTransformer'
2025-05-08T20:06:35.386+03:00 DEBUG 3976 --- [library-management] [           main] o.s.b.f.s.DefaultListableBeanFactory     : Creating shared instance of singleton bean 'mvcHandlerMappingIntrospector'
2025-05-08T20:06:35.387+03:00 DEBUG 3976 --- [library-management] [           main] o.s.b.f.s.DefaultListableBeanFactory     : Creating shared instance of singleton bean 'welcomePageHandlerMapping'
2025-05-08T20:06:35.387+03:00 DEBUG 3976 --- [library-management] [           main] o.s.b.f.s.DefaultListableBeanFactory     : Creating shared instance of singleton bean 'mvcConversionService'
2025-05-08T20:06:35.403+03:00 DEBUG 3976 --- [library-management] [           main] o.s.b.f.s.DefaultListableBeanFactory     : Creating shared instance of singleton bean 'mvcResourceUrlProvider'
2025-05-08T20:06:35.404+03:00 DEBUG 3976 --- [library-management] [           main] o.s.b.f.s.DefaultListableBeanFactory     : Autowiring by type from bean name 'welcomePageHandlerMapping' via factory method to bean named 'org.springframework.web.context.support.GenericWebApplicationContext@3118a'
2025-05-08T20:06:35.405+03:00 DEBUG 3976 --- [library-management] [           main] o.s.b.f.s.DefaultListableBeanFactory     : Autowiring by type from bean name 'welcomePageHandlerMapping' via factory method to bean named 'mvcConversionService'
2025-05-08T20:06:35.405+03:00 DEBUG 3976 --- [library-management] [           main] o.s.b.f.s.DefaultListableBeanFactory     : Autowiring by type from bean name 'welcomePageHandlerMapping' via factory method to bean named 'mvcResourceUrlProvider'
2025-05-08T20:06:35.424+03:00 DEBUG 3976 --- [library-management] [           main] o.s.b.f.s.DefaultListableBeanFactory     : Creating shared instance of singleton bean 'welcomePageNotAcceptableHandlerMapping'
2025-05-08T20:06:35.424+03:00 DEBUG 3976 --- [library-management] [           main] o.s.b.f.s.DefaultListableBeanFactory     : Autowiring by type from bean name 'welcomePageNotAcceptableHandlerMapping' via factory method to bean named 'org.springframework.web.context.support.GenericWebApplicationContext@3118a'
2025-05-08T20:06:35.424+03:00 DEBUG 3976 --- [library-management] [           main] o.s.b.f.s.DefaultListableBeanFactory     : Autowiring by type from bean name 'welcomePageNotAcceptableHandlerMapping' via factory method to bean named 'mvcConversionService'
2025-05-08T20:06:35.425+03:00 DEBUG 3976 --- [library-management] [           main] o.s.b.f.s.DefaultListableBeanFactory     : Autowiring by type from bean name 'welcomePageNotAcceptableHandlerMapping' via factory method to bean named 'mvcResourceUrlProvider'
2025-05-08T20:06:35.430+03:00 DEBUG 3976 --- [library-management] [           main] o.s.b.f.s.DefaultListableBeanFactory     : Creating shared instance of singleton bean 'requestMappingHandlerMapping'
2025-05-08T20:06:35.431+03:00 DEBUG 3976 --- [library-management] [           main] o.s.b.f.s.DefaultListableBeanFactory     : Autowiring by type from bean name 'requestMappingHandlerMapping' via factory method to bean named 'mvcContentNegotiationManager'
2025-05-08T20:06:35.431+03:00 DEBUG 3976 --- [library-management] [           main] o.s.b.f.s.DefaultListableBeanFactory     : Autowiring by type from bean name 'requestMappingHandlerMapping' via factory method to bean named 'mvcConversionService'
2025-05-08T20:06:35.431+03:00 DEBUG 3976 --- [library-management] [           main] o.s.b.f.s.DefaultListableBeanFactory     : Autowiring by type from bean name 'requestMappingHandlerMapping' via factory method to bean named 'mvcResourceUrlProvider'
2025-05-08T20:06:35.444+03:00 DEBUG 3976 --- [library-management] [           main] s.w.s.m.m.a.RequestMappingHandlerMapping : 25 mappings in 'requestMappingHandlerMapping'
2025-05-08T20:06:35.450+03:00 DEBUG 3976 --- [library-management] [           main] o.s.b.f.s.DefaultListableBeanFactory     : Creating shared instance of singleton bean 'viewControllerHandlerMapping'
2025-05-08T20:06:35.450+03:00 DEBUG 3976 --- [library-management] [           main] o.s.b.f.s.DefaultListableBeanFactory     : Autowiring by type from bean name 'viewControllerHandlerMapping' via factory method to bean named 'mvcConversionService'
2025-05-08T20:06:35.451+03:00 DEBUG 3976 --- [library-management] [           main] o.s.b.f.s.DefaultListableBeanFactory     : Autowiring by type from bean name 'viewControllerHandlerMapping' via factory method to bean named 'mvcResourceUrlProvider'
2025-05-08T20:06:35.451+03:00 DEBUG 3976 --- [library-management] [           main] o.s.b.f.s.DefaultListableBeanFactory     : Creating shared instance of singleton bean 'beanNameHandlerMapping'
2025-05-08T20:06:35.451+03:00 DEBUG 3976 --- [library-management] [           main] o.s.b.f.s.DefaultListableBeanFactory     : Autowiring by type from bean name 'beanNameHandlerMapping' via factory method to bean named 'mvcConversionService'
2025-05-08T20:06:35.451+03:00 DEBUG 3976 --- [library-management] [           main] o.s.b.f.s.DefaultListableBeanFactory     : Autowiring by type from bean name 'beanNameHandlerMapping' via factory method to bean named 'mvcResourceUrlProvider'
2025-05-08T20:06:35.456+03:00 DEBUG 3976 --- [library-management] [           main] o.s.b.f.s.DefaultListableBeanFactory     : Creating shared instance of singleton bean 'routerFunctionMapping'
2025-05-08T20:06:35.456+03:00 DEBUG 3976 --- [library-management] [           main] o.s.b.f.s.DefaultListableBeanFactory     : Autowiring by type from bean name 'routerFunctionMapping' via factory method to bean named 'mvcConversionService'
2025-05-08T20:06:35.456+03:00 DEBUG 3976 --- [library-management] [           main] o.s.b.f.s.DefaultListableBeanFactory     : Autowiring by type from bean name 'routerFunctionMapping' via factory method to bean named 'mvcResourceUrlProvider'
2025-05-08T20:06:35.457+03:00 DEBUG 3976 --- [library-management] [           main] o.s.b.f.s.DefaultListableBeanFactory     : Creating shared instance of singleton bean 'messageConverters'
2025-05-08T20:06:35.457+03:00 DEBUG 3976 --- [library-management] [           main] o.s.b.f.s.DefaultListableBeanFactory     : Creating shared instance of singleton bean 'org.springframework.boot.autoconfigure.http.HttpMessageConvertersAutoConfiguration'
2025-05-08T20:06:35.458+03:00 DEBUG 3976 --- [library-management] [           main] o.s.b.f.s.DefaultListableBeanFactory     : Creating shared instance of singleton bean 'stringHttpMessageConverter'
2025-05-08T20:06:35.458+03:00 DEBUG 3976 --- [library-management] [           main] o.s.b.f.s.DefaultListableBeanFactory     : Creating shared instance of singleton bean 'org.springframework.boot.autoconfigure.http.HttpMessageConvertersAutoConfiguration$StringHttpMessageConverterConfiguration'
2025-05-08T20:06:35.459+03:00 DEBUG 3976 --- [library-management] [           main] o.s.b.f.s.DefaultListableBeanFactory     : Autowiring by type from bean name 'stringHttpMessageConverter' via factory method to bean named 'environment'
2025-05-08T20:06:35.461+03:00 DEBUG 3976 --- [library-management] [           main] o.s.b.f.s.DefaultListableBeanFactory     : Creating shared instance of singleton bean 'mappingJackson2HttpMessageConverter'
2025-05-08T20:06:35.461+03:00 DEBUG 3976 --- [library-management] [           main] o.s.b.f.s.DefaultListableBeanFactory     : Creating shared instance of singleton bean 'org.springframework.boot.autoconfigure.http.JacksonHttpMessageConvertersConfiguration$MappingJackson2HttpMessageConverterConfiguration'
2025-05-08T20:06:35.462+03:00 DEBUG 3976 --- [library-management] [           main] o.s.b.f.s.DefaultListableBeanFactory     : Creating shared instance of singleton bean 'objectMapper'
2025-05-08T20:06:35.467+03:00 DEBUG 3976 --- [library-management] [           main] o.s.b.f.s.DefaultListableBeanFactory     : Autowiring by type from bean name 'mappingJackson2HttpMessageConverter' via factory method to bean named 'objectMapper'
2025-05-08T20:06:35.475+03:00 DEBUG 3976 --- [library-management] [           main] o.s.b.f.s.DefaultListableBeanFactory     : Creating shared instance of singleton bean 'resourceHandlerMapping'
2025-05-08T20:06:35.476+03:00 DEBUG 3976 --- [library-management] [           main] o.s.b.f.s.DefaultListableBeanFactory     : Autowiring by type from bean name 'resourceHandlerMapping' via factory method to bean named 'mvcContentNegotiationManager'
2025-05-08T20:06:35.476+03:00 DEBUG 3976 --- [library-management] [           main] o.s.b.f.s.DefaultListableBeanFactory     : Autowiring by type from bean name 'resourceHandlerMapping' via factory method to bean named 'mvcConversionService'
2025-05-08T20:06:35.476+03:00 DEBUG 3976 --- [library-management] [           main] o.s.b.f.s.DefaultListableBeanFactory     : Autowiring by type from bean name 'resourceHandlerMapping' via factory method to bean named 'mvcResourceUrlProvider'
2025-05-08T20:06:35.492+03:00 DEBUG 3976 --- [library-management] [           main] o.s.w.s.handler.SimpleUrlHandlerMapping  : Patterns [/webjars/**, /**] in 'resourceHandlerMapping'
2025-05-08T20:06:35.496+03:00 DEBUG 3976 --- [library-management] [           main] o.s.b.f.s.DefaultListableBeanFactory     : Creating shared instance of singleton bean 'defaultServletHandlerMapping'
2025-05-08T20:06:35.499+03:00 DEBUG 3976 --- [library-management] [           main] o.s.b.f.s.DefaultListableBeanFactory     : Creating shared instance of singleton bean 'securityFilterChain'
2025-05-08T20:06:35.500+03:00 DEBUG 3976 --- [library-management] [           main] o.s.b.f.s.DefaultListableBeanFactory     : Autowiring by type from bean name 'securityFilterChain' via factory method to bean named 'org.springframework.security.config.annotation.web.configuration.HttpSecurityConfiguration.httpSecurity'
2025-05-08T20:06:35.500+03:00 DEBUG 3976 --- [library-management] [           main] o.s.b.f.s.DefaultListableBeanFactory     : Autowiring by type from bean name 'securityFilterChain' via factory method to bean named 'jwtAuthenticationFilter'
2025-05-08T20:06:35.500+03:00 DEBUG 3976 --- [library-management] [           main] o.s.b.f.s.DefaultListableBeanFactory     : Autowiring by type from bean name 'securityFilterChain' via factory method to bean named 'jwtAuthorizationFilter'
2025-05-08T20:06:35.502+03:00 DEBUG 3976 --- [library-management] [           main] o.s.b.f.s.DefaultListableBeanFactory     : Creating shared instance of singleton bean 'webAuthorizationManagerPostProcessor'
2025-05-08T20:06:35.506+03:00 DEBUG 3976 --- [library-management] [           main] o.s.b.f.s.DefaultListableBeanFactory     : Creating shared instance of singleton bean 'authenticationManagerPostProcessor'
2025-05-08T20:06:35.517+03:00 DEBUG 3976 --- [library-management] [           main] o.s.s.web.DefaultSecurityFilterChain     : Will secure any request with filters: DisableEncodeUrlFilter, WebAsyncManagerIntegrationFilter, SecurityContextHolderFilter, HeaderWriterFilter, LogoutFilter, JwtAuthenticationFilter, JwtAuthorizationFilter, RequestCacheAwareFilter, SecurityContextHolderAwareRequestFilter, AnonymousAuthenticationFilter, SessionManagementFilter, ExceptionTranslationFilter, AuthorizationFilter
2025-05-08T20:06:35.519+03:00 DEBUG 3976 --- [library-management] [           main] o.s.b.f.s.DefaultListableBeanFactory     : Creating shared instance of singleton bean 'delegatingApplicationListener'
2025-05-08T20:06:35.519+03:00 DEBUG 3976 --- [library-management] [           main] o.s.b.f.s.DefaultListableBeanFactory     : Creating shared instance of singleton bean 'springSecurityFilterChain'
2025-05-08T20:06:35.524+03:00 DEBUG 3976 --- [library-management] [           main] o.s.b.f.s.DefaultListableBeanFactory     : Creating shared instance of singleton bean 'webSecurityExpressionHandler'
2025-05-08T20:06:35.525+03:00 DEBUG 3976 --- [library-management] [           main] o.s.b.f.s.DefaultListableBeanFactory     : Creating shared instance of singleton bean 'privilegeEvaluator'
2025-05-08T20:06:35.525+03:00 DEBUG 3976 --- [library-management] [           main] o.s.b.f.s.DefaultListableBeanFactory     : Creating shared instance of singleton bean 'requestDataValueProcessor'
2025-05-08T20:06:35.525+03:00 DEBUG 3976 --- [library-management] [           main] o.s.b.f.s.DefaultListableBeanFactory     : Creating shared instance of singleton bean 'org.springframework.security.config.annotation.web.configuration.ObservationConfiguration'
2025-05-08T20:06:35.526+03:00 DEBUG 3976 --- [library-management] [           main] o.s.b.f.s.DefaultListableBeanFactory     : Creating shared instance of singleton bean '_prePostMethodSecurityConfiguration'
2025-05-08T20:06:35.527+03:00 DEBUG 3976 --- [library-management] [           main] o.s.b.f.s.DefaultListableBeanFactory     : Creating shared instance of singleton bean 'methodAuthorizationManagerPostProcessor'
2025-05-08T20:06:35.527+03:00 DEBUG 3976 --- [library-management] [           main] o.s.b.f.s.DefaultListableBeanFactory     : Creating shared instance of singleton bean 'methodResultAuthorizationManagerPostProcessor'
2025-05-08T20:06:35.530+03:00 DEBUG 3976 --- [library-management] [           main] o.s.b.f.s.DefaultListableBeanFactory     : Creating shared instance of singleton bean 'prePostAuthorizeExpressionHintsRegistrar'
2025-05-08T20:06:35.531+03:00 DEBUG 3976 --- [library-management] [           main] o.s.b.f.s.DefaultListableBeanFactory     : Creating shared instance of singleton bean 'org.springframework.security.config.annotation.method.configuration.AuthorizationProxyConfiguration'
2025-05-08T20:06:35.531+03:00 DEBUG 3976 --- [library-management] [           main] o.s.b.f.s.DefaultListableBeanFactory     : Creating shared instance of singleton bean 'authorizeReturnObjectHintsRegistrar'
2025-05-08T20:06:35.531+03:00 DEBUG 3976 --- [library-management] [           main] o.s.b.f.s.DefaultListableBeanFactory     : Autowiring by type from bean name 'authorizeReturnObjectHintsRegistrar' via factory method to bean named 'authorizationProxyFactory'
2025-05-08T20:06:35.532+03:00 DEBUG 3976 --- [library-management] [           main] o.s.b.f.s.DefaultListableBeanFactory     : Creating shared instance of singleton bean 'org.springframework.security.config.annotation.method.configuration.MethodObservationConfiguration'
2025-05-08T20:06:35.533+03:00 DEBUG 3976 --- [library-management] [           main] o.s.b.f.s.DefaultListableBeanFactory     : Creating shared instance of singleton bean 'authenticationManager'
2025-05-08T20:06:35.533+03:00 DEBUG 3976 --- [library-management] [           main] o.s.b.f.s.DefaultListableBeanFactory     : Autowiring by type from bean name 'authenticationManager' via factory method to bean named 'userService'
2025-05-08T20:06:35.533+03:00 DEBUG 3976 --- [library-management] [           main] o.s.b.f.s.DefaultListableBeanFactory     : Autowiring by type from bean name 'authenticationManager' via factory method to bean named 'passwordEncoder'
2025-05-08T20:06:35.534+03:00 DEBUG 3976 --- [library-management] [           main] o.s.b.f.s.DefaultListableBeanFactory     : Creating shared instance of singleton bean 'org.springframework.boot.autoconfigure.AutoConfigurationPackages'
2025-05-08T20:06:35.535+03:00 DEBUG 3976 --- [library-management] [           main] o.s.b.f.s.DefaultListableBeanFactory     : Creating shared instance of singleton bean 'mockUserMapper'
2025-05-08T20:06:35.536+03:00 DEBUG 3976 --- [library-management] [           main] o.s.b.f.s.DefaultListableBeanFactory     : Creating shared instance of singleton bean 'org.springframework.boot.autoconfigure.context.PropertyPlaceholderAutoConfiguration'
2025-05-08T20:06:35.537+03:00 DEBUG 3976 --- [library-management] [           main] o.s.b.f.s.DefaultListableBeanFactory     : Creating shared instance of singleton bean 'org.springframework.boot.autoconfigure.ssl.SslAutoConfiguration'
2025-05-08T20:06:35.537+03:00 DEBUG 3976 --- [library-management] [           main] o.s.b.f.s.DefaultListableBeanFactory     : Creating shared instance of singleton bean 'spring.ssl-org.springframework.boot.autoconfigure.ssl.SslProperties'
2025-05-08T20:06:35.538+03:00 DEBUG 3976 --- [library-management] [           main] o.s.b.f.s.DefaultListableBeanFactory     : Autowiring by type from bean name 'org.springframework.boot.autoconfigure.ssl.SslAutoConfiguration' via constructor to bean named 'org.springframework.web.context.support.GenericWebApplicationContext@3118a'
2025-05-08T20:06:35.538+03:00 DEBUG 3976 --- [library-management] [           main] o.s.b.f.s.DefaultListableBeanFactory     : Autowiring by type from bean name 'org.springframework.boot.autoconfigure.ssl.SslAutoConfiguration' via constructor to bean named 'spring.ssl-org.springframework.boot.autoconfigure.ssl.SslProperties'
2025-05-08T20:06:35.539+03:00 DEBUG 3976 --- [library-management] [           main] o.s.b.f.s.DefaultListableBeanFactory     : Creating shared instance of singleton bean 'fileWatcher'
2025-05-08T20:06:35.539+03:00 DEBUG 3976 --- [library-management] [           main] o.s.b.f.s.DefaultListableBeanFactory     : Creating shared instance of singleton bean 'sslPropertiesSslBundleRegistrar'
2025-05-08T20:06:35.539+03:00 DEBUG 3976 --- [library-management] [           main] o.s.b.f.s.DefaultListableBeanFactory     : Autowiring by type from bean name 'sslPropertiesSslBundleRegistrar' via factory method to bean named 'fileWatcher'
2025-05-08T20:06:35.539+03:00 DEBUG 3976 --- [library-management] [           main] o.s.b.f.s.DefaultListableBeanFactory     : Creating shared instance of singleton bean 'sslBundleRegistry'
2025-05-08T20:06:35.540+03:00 DEBUG 3976 --- [library-management] [           main] o.s.b.f.s.DefaultListableBeanFactory     : Creating shared instance of singleton bean 'org.springframework.boot.autoconfigure.websocket.servlet.WebSocketServletAutoConfiguration$TomcatWebSocketConfiguration'
2025-05-08T20:06:35.541+03:00 DEBUG 3976 --- [library-management] [           main] o.s.b.f.s.DefaultListableBeanFactory     : Creating shared instance of singleton bean 'websocketServletWebServerCustomizer'
2025-05-08T20:06:35.541+03:00 DEBUG 3976 --- [library-management] [           main] o.s.b.f.s.DefaultListableBeanFactory     : Creating shared instance of singleton bean 'org.springframework.boot.autoconfigure.websocket.servlet.WebSocketServletAutoConfiguration'
2025-05-08T20:06:35.542+03:00 DEBUG 3976 --- [library-management] [           main] o.s.b.f.s.DefaultListableBeanFactory     : Creating shared instance of singleton bean 'org.springframework.boot.autoconfigure.web.servlet.ServletWebServerFactoryConfiguration$EmbeddedTomcat'
2025-05-08T20:06:35.542+03:00 DEBUG 3976 --- [library-management] [           main] o.s.b.f.s.DefaultListableBeanFactory     : Creating shared instance of singleton bean 'tomcatServletWebServerFactory'
2025-05-08T20:06:35.543+03:00 DEBUG 3976 --- [library-management] [           main] o.s.b.f.s.DefaultListableBeanFactory     : Creating shared instance of singleton bean 'servletWebServerFactoryCustomizer'
2025-05-08T20:06:35.543+03:00 DEBUG 3976 --- [library-management] [           main] o.s.b.f.s.DefaultListableBeanFactory     : Creating shared instance of singleton bean 'org.springframework.boot.autoconfigure.web.servlet.ServletWebServerFactoryAutoConfiguration'
2025-05-08T20:06:35.544+03:00 DEBUG 3976 --- [library-management] [           main] o.s.b.f.s.DefaultListableBeanFactory     : Creating shared instance of singleton bean 'server-org.springframework.boot.autoconfigure.web.ServerProperties'
2025-05-08T20:06:35.547+03:00 DEBUG 3976 --- [library-management] [           main] o.s.b.f.s.DefaultListableBeanFactory     : Autowiring by type from bean name 'servletWebServerFactoryCustomizer' via factory method to bean named 'server-org.springframework.boot.autoconfigure.web.ServerProperties'
2025-05-08T20:06:35.548+03:00 DEBUG 3976 --- [library-management] [           main] o.s.b.f.s.DefaultListableBeanFactory     : Creating shared instance of singleton bean 'tomcatServletWebServerFactoryCustomizer'
2025-05-08T20:06:35.549+03:00 DEBUG 3976 --- [library-management] [           main] o.s.b.f.s.DefaultListableBeanFactory     : Autowiring by type from bean name 'tomcatServletWebServerFactoryCustomizer' via factory method to bean named 'server-org.springframework.boot.autoconfigure.web.ServerProperties'
2025-05-08T20:06:35.550+03:00 DEBUG 3976 --- [library-management] [           main] o.s.b.f.s.DefaultListableBeanFactory     : Creating shared instance of singleton bean 'localeCharsetMappingsCustomizer'
2025-05-08T20:06:35.550+03:00 DEBUG 3976 --- [library-management] [           main] o.s.b.f.s.DefaultListableBeanFactory     : Creating shared instance of singleton bean 'org.springframework.boot.autoconfigure.web.servlet.HttpEncodingAutoConfiguration'
2025-05-08T20:06:35.551+03:00 DEBUG 3976 --- [library-management] [           main] o.s.b.f.s.DefaultListableBeanFactory     : Autowiring by type from bean name 'org.springframework.boot.autoconfigure.web.servlet.HttpEncodingAutoConfiguration' via constructor to bean named 'server-org.springframework.boot.autoconfigure.web.ServerProperties'
2025-05-08T20:06:35.552+03:00 DEBUG 3976 --- [library-management] [           main] o.s.b.f.s.DefaultListableBeanFactory     : Creating shared instance of singleton bean 'errorPageCustomizer'
2025-05-08T20:06:35.552+03:00 DEBUG 3976 --- [library-management] [           main] o.s.b.f.s.DefaultListableBeanFactory     : Creating shared instance of singleton bean 'org.springframework.boot.autoconfigure.web.servlet.error.ErrorMvcAutoConfiguration'
2025-05-08T20:06:35.552+03:00 DEBUG 3976 --- [library-management] [           main] o.s.b.f.s.DefaultListableBeanFactory     : Autowiring by type from bean name 'org.springframework.boot.autoconfigure.web.servlet.error.ErrorMvcAutoConfiguration' via constructor to bean named 'server-org.springframework.boot.autoconfigure.web.ServerProperties'
2025-05-08T20:06:35.553+03:00 DEBUG 3976 --- [library-management] [           main] o.s.b.f.s.DefaultListableBeanFactory     : Creating shared instance of singleton bean 'dispatcherServletRegistration'
2025-05-08T20:06:35.553+03:00 DEBUG 3976 --- [library-management] [           main] o.s.b.f.s.DefaultListableBeanFactory     : Creating shared instance of singleton bean 'org.springframework.boot.autoconfigure.web.servlet.DispatcherServletAutoConfiguration$DispatcherServletRegistrationConfiguration'
2025-05-08T20:06:35.554+03:00 DEBUG 3976 --- [library-management] [           main] o.s.b.f.s.DefaultListableBeanFactory     : Creating shared instance of singleton bean 'dispatcherServlet'
2025-05-08T20:06:35.554+03:00 DEBUG 3976 --- [library-management] [           main] o.s.b.f.s.DefaultListableBeanFactory     : Creating shared instance of singleton bean 'org.springframework.boot.autoconfigure.web.servlet.DispatcherServletAutoConfiguration$DispatcherServletConfiguration'
2025-05-08T20:06:35.554+03:00 DEBUG 3976 --- [library-management] [           main] o.s.b.f.s.DefaultListableBeanFactory     : Autowiring by type from bean name 'dispatcherServlet' via factory method to bean named 'spring.mvc-org.springframework.boot.autoconfigure.web.servlet.WebMvcProperties'
2025-05-08T20:06:35.559+03:00 DEBUG 3976 --- [library-management] [           main] o.s.b.f.s.DefaultListableBeanFactory     : Autowiring by type from bean name 'dispatcherServletRegistration' via factory method to bean named 'dispatcherServlet'
2025-05-08T20:06:35.559+03:00 DEBUG 3976 --- [library-management] [           main] o.s.b.f.s.DefaultListableBeanFactory     : Autowiring by type from bean name 'dispatcherServletRegistration' via factory method to bean named 'spring.mvc-org.springframework.boot.autoconfigure.web.servlet.WebMvcProperties'
2025-05-08T20:06:35.560+03:00 DEBUG 3976 --- [library-management] [           main] o.s.b.f.s.DefaultListableBeanFactory     : Creating shared instance of singleton bean 'multipartConfigElement'
2025-05-08T20:06:35.560+03:00 DEBUG 3976 --- [library-management] [           main] o.s.b.f.s.DefaultListableBeanFactory     : Creating shared instance of singleton bean 'org.springframework.boot.autoconfigure.web.servlet.MultipartAutoConfiguration'
2025-05-08T20:06:35.560+03:00 DEBUG 3976 --- [library-management] [           main] o.s.b.f.s.DefaultListableBeanFactory     : Creating shared instance of singleton bean 'spring.servlet.multipart-org.springframework.boot.autoconfigure.web.servlet.MultipartProperties'
2025-05-08T20:06:35.562+03:00 DEBUG 3976 --- [library-management] [           main] o.s.b.f.s.DefaultListableBeanFactory     : Autowiring by type from bean name 'org.springframework.boot.autoconfigure.web.servlet.MultipartAutoConfiguration' via constructor to bean named 'spring.servlet.multipart-org.springframework.boot.autoconfigure.web.servlet.MultipartProperties'
2025-05-08T20:06:35.565+03:00 DEBUG 3976 --- [library-management] [           main] o.s.b.f.s.DefaultListableBeanFactory     : Autowiring by type from bean name 'errorPageCustomizer' via factory method to bean named 'dispatcherServletRegistration'
2025-05-08T20:06:35.571+03:00 DEBUG 3976 --- [library-management] [           main] o.s.b.f.s.DefaultListableBeanFactory     : Creating shared instance of singleton bean 'org.springframework.boot.autoconfigure.web.servlet.DispatcherServletAutoConfiguration'
2025-05-08T20:06:35.571+03:00 DEBUG 3976 --- [library-management] [           main] o.s.b.f.s.DefaultListableBeanFactory     : Creating shared instance of singleton bean 'org.springframework.boot.autoconfigure.task.TaskExecutorConfigurations$ThreadPoolTaskExecutorBuilderConfiguration'
2025-05-08T20:06:35.572+03:00 DEBUG 3976 --- [library-management] [           main] o.s.b.f.s.DefaultListableBeanFactory     : Creating shared instance of singleton bean 'threadPoolTaskExecutorBuilder'
2025-05-08T20:06:35.572+03:00 DEBUG 3976 --- [library-management] [           main] o.s.b.f.s.DefaultListableBeanFactory     : Creating shared instance of singleton bean 'spring.task.execution-org.springframework.boot.autoconfigure.task.TaskExecutionProperties'
2025-05-08T20:06:35.573+03:00 DEBUG 3976 --- [library-management] [           main] o.s.b.f.s.DefaultListableBeanFactory     : Autowiring by type from bean name 'threadPoolTaskExecutorBuilder' via factory method to bean named 'spring.task.execution-org.springframework.boot.autoconfigure.task.TaskExecutionProperties'
2025-05-08T20:06:35.575+03:00 DEBUG 3976 --- [library-management] [           main] o.s.b.f.s.DefaultListableBeanFactory     : Creating shared instance of singleton bean 'org.springframework.boot.autoconfigure.task.TaskExecutorConfigurations$SimpleAsyncTaskExecutorBuilderConfiguration'
2025-05-08T20:06:35.575+03:00 DEBUG 3976 --- [library-management] [           main] o.s.b.f.s.DefaultListableBeanFactory     : Autowiring by type from bean name 'org.springframework.boot.autoconfigure.task.TaskExecutorConfigurations$SimpleAsyncTaskExecutorBuilderConfiguration' via constructor to bean named 'spring.task.execution-org.springframework.boot.autoconfigure.task.TaskExecutionProperties'
2025-05-08T20:06:35.576+03:00 DEBUG 3976 --- [library-management] [           main] o.s.b.f.s.DefaultListableBeanFactory     : Creating shared instance of singleton bean 'simpleAsyncTaskExecutorBuilder'
2025-05-08T20:06:35.576+03:00 DEBUG 3976 --- [library-management] [           main] o.s.b.f.s.DefaultListableBeanFactory     : Creating shared instance of singleton bean 'org.springframework.boot.autoconfigure.task.TaskExecutorConfigurations$TaskExecutorConfiguration'
2025-05-08T20:06:35.577+03:00 DEBUG 3976 --- [library-management] [           main] o.s.b.f.s.DefaultListableBeanFactory     : Creating shared instance of singleton bean 'org.springframework.boot.autoconfigure.task.TaskExecutionAutoConfiguration'
2025-05-08T20:06:35.578+03:00 DEBUG 3976 --- [library-management] [           main] o.s.b.f.s.DefaultListableBeanFactory     : Creating shared instance of singleton bean 'org.springframework.boot.autoconfigure.validation.ValidationAutoConfiguration'
2025-05-08T20:06:35.578+03:00 DEBUG 3976 --- [library-management] [           main] o.s.b.f.s.DefaultListableBeanFactory     : Creating shared instance of singleton bean 'defaultValidator'
2025-05-08T20:06:35.578+03:00 DEBUG 3976 --- [library-management] [           main] o.s.b.f.s.DefaultListableBeanFactory     : Autowiring by type from bean name 'defaultValidator' via factory method to bean named 'org.springframework.web.context.support.GenericWebApplicationContext@3118a'
2025-05-08T20:06:35.583+03:00 DEBUG 3976 --- [library-management] [           main] o.s.b.f.s.DefaultListableBeanFactory     : Creating shared instance of singleton bean 'org.springframework.boot.autoconfigure.web.servlet.error.ErrorMvcAutoConfiguration$WhitelabelErrorViewConfiguration'
2025-05-08T20:06:35.584+03:00 DEBUG 3976 --- [library-management] [           main] o.s.b.f.s.DefaultListableBeanFactory     : Creating shared instance of singleton bean 'error'
2025-05-08T20:06:35.584+03:00 DEBUG 3976 --- [library-management] [           main] o.s.b.f.s.DefaultListableBeanFactory     : Creating shared instance of singleton bean 'beanNameViewResolver'
2025-05-08T20:06:35.585+03:00 DEBUG 3976 --- [library-management] [           main] o.s.b.f.s.DefaultListableBeanFactory     : Creating shared instance of singleton bean 'org.springframework.boot.autoconfigure.web.servlet.error.ErrorMvcAutoConfiguration$DefaultErrorViewResolverConfiguration'
2025-05-08T20:06:35.585+03:00 DEBUG 3976 --- [library-management] [           main] o.s.b.f.s.DefaultListableBeanFactory     : Autowiring by type from bean name 'org.springframework.boot.autoconfigure.web.servlet.error.ErrorMvcAutoConfiguration$DefaultErrorViewResolverConfiguration' via constructor to bean named 'org.springframework.web.context.support.GenericWebApplicationContext@3118a'
2025-05-08T20:06:35.585+03:00 DEBUG 3976 --- [library-management] [           main] o.s.b.f.s.DefaultListableBeanFactory     : Autowiring by type from bean name 'org.springframework.boot.autoconfigure.web.servlet.error.ErrorMvcAutoConfiguration$DefaultErrorViewResolverConfiguration' via constructor to bean named 'spring.web-org.springframework.boot.autoconfigure.web.WebProperties'
2025-05-08T20:06:35.586+03:00 DEBUG 3976 --- [library-management] [           main] o.s.b.f.s.DefaultListableBeanFactory     : Creating shared instance of singleton bean 'conventionErrorViewResolver'
2025-05-08T20:06:35.587+03:00 DEBUG 3976 --- [library-management] [           main] o.s.b.f.s.DefaultListableBeanFactory     : Creating shared instance of singleton bean 'errorAttributes'
2025-05-08T20:06:35.587+03:00 DEBUG 3976 --- [library-management] [           main] o.s.b.f.s.DefaultListableBeanFactory     : Creating shared instance of singleton bean 'basicErrorController'
2025-05-08T20:06:35.587+03:00 DEBUG 3976 --- [library-management] [           main] o.s.b.f.s.DefaultListableBeanFactory     : Autowiring by type from bean name 'basicErrorController' via factory method to bean named 'errorAttributes'
2025-05-08T20:06:35.588+03:00 DEBUG 3976 --- [library-management] [           main] o.s.b.f.s.DefaultListableBeanFactory     : Creating shared instance of singleton bean 'localeResolver'
2025-05-08T20:06:35.588+03:00 DEBUG 3976 --- [library-management] [           main] o.s.b.f.s.DefaultListableBeanFactory     : Creating shared instance of singleton bean 'themeResolver'
2025-05-08T20:06:35.589+03:00 DEBUG 3976 --- [library-management] [           main] o.s.b.f.s.DefaultListableBeanFactory     : Creating shared instance of singleton bean 'flashMapManager'
2025-05-08T20:06:35.589+03:00 DEBUG 3976 --- [library-management] [           main] o.s.b.f.s.DefaultListableBeanFactory     : Creating shared instance of singleton bean 'viewNameTranslator'
2025-05-08T20:06:35.589+03:00 DEBUG 3976 --- [library-management] [           main] o.s.b.f.s.DefaultListableBeanFactory     : Creating shared instance of singleton bean 'mvcValidator'
2025-05-08T20:06:35.590+03:00 DEBUG 3976 --- [library-management] [           main] o.s.b.f.s.DefaultListableBeanFactory     : Creating shared instance of singleton bean 'mvcPatternParser'
2025-05-08T20:06:35.591+03:00 DEBUG 3976 --- [library-management] [           main] o.s.b.f.s.DefaultListableBeanFactory     : Creating shared instance of singleton bean 'mvcUrlPathHelper'
2025-05-08T20:06:35.591+03:00 DEBUG 3976 --- [library-management] [           main] o.s.b.f.s.DefaultListableBeanFactory     : Creating shared instance of singleton bean 'mvcPathMatcher'
2025-05-08T20:06:35.591+03:00 DEBUG 3976 --- [library-management] [           main] o.s.b.f.s.DefaultListableBeanFactory     : Creating shared instance of singleton bean 'requestMappingHandlerAdapter'
2025-05-08T20:06:35.592+03:00 DEBUG 3976 --- [library-management] [           main] o.s.b.f.s.DefaultListableBeanFactory     : Autowiring by type from bean name 'requestMappingHandlerAdapter' via factory method to bean named 'mvcContentNegotiationManager'
2025-05-08T20:06:35.592+03:00 DEBUG 3976 --- [library-management] [           main] o.s.b.f.s.DefaultListableBeanFactory     : Autowiring by type from bean name 'requestMappingHandlerAdapter' via factory method to bean named 'mvcConversionService'
2025-05-08T20:06:35.592+03:00 DEBUG 3976 --- [library-management] [           main] o.s.b.f.s.DefaultListableBeanFactory     : Autowiring by type from bean name 'requestMappingHandlerAdapter' via factory method to bean named 'mvcValidator'
2025-05-08T20:06:35.592+03:00 DEBUG 3976 --- [library-management] [           main] o.s.b.f.s.DefaultListableBeanFactory     : Creating shared instance of singleton bean 'applicationTaskExecutor'
2025-05-08T20:06:35.592+03:00 DEBUG 3976 --- [library-management] [           main] o.s.b.f.s.DefaultListableBeanFactory     : Autowiring by type from bean name 'applicationTaskExecutor' via factory method to bean named 'threadPoolTaskExecutorBuilder'
2025-05-08T20:06:35.593+03:00 DEBUG 3976 --- [library-management] [           main] o.s.s.concurrent.ThreadPoolTaskExecutor  : Initializing ExecutorService 'applicationTaskExecutor'
2025-05-08T20:06:35.600+03:00 DEBUG 3976 --- [library-management] [           main] s.w.s.m.m.a.RequestMappingHandlerAdapter : ControllerAdvice beans: 0 @ModelAttribute, 0 @InitBinder, 1 RequestBodyAdvice, 1 ResponseBodyAdvice
2025-05-08T20:06:35.601+03:00 DEBUG 3976 --- [library-management] [           main] o.s.b.f.s.DefaultListableBeanFactory     : Creating shared instance of singleton bean 'mvcViewResolver'
2025-05-08T20:06:35.601+03:00 DEBUG 3976 --- [library-management] [           main] o.s.b.f.s.DefaultListableBeanFactory     : Autowiring by type from bean name 'mvcViewResolver' via factory method to bean named 'mvcContentNegotiationManager'
2025-05-08T20:06:35.602+03:00 DEBUG 3976 --- [library-management] [           main] o.s.b.f.s.DefaultListableBeanFactory     : Creating shared instance of singleton bean 'defaultViewResolver'
2025-05-08T20:06:35.621+03:00 DEBUG 3976 --- [library-management] [           main] o.s.b.f.s.DefaultListableBeanFactory     : Creating shared instance of singleton bean 'viewResolver'
2025-05-08T20:06:35.621+03:00 DEBUG 3976 --- [library-management] [           main] o.s.b.f.s.DefaultListableBeanFactory     : Autowiring by type from bean name 'viewResolver' via factory method to bean named 'org.springframework.beans.factory.support.DefaultListableBeanFactory@562b791b'
2025-05-08T20:06:35.622+03:00 DEBUG 3976 --- [library-management] [           main] o.s.b.f.s.DefaultListableBeanFactory     : Creating shared instance of singleton bean 'viewResolver'
2025-05-08T20:06:35.631+03:00 DEBUG 3976 --- [library-management] [           main] o.s.b.f.s.DefaultListableBeanFactory     : Creating shared instance of singleton bean 'handlerFunctionAdapter'
2025-05-08T20:06:35.634+03:00 DEBUG 3976 --- [library-management] [           main] o.s.b.f.s.DefaultListableBeanFactory     : Creating shared instance of singleton bean 'mvcUriComponentsContributor'
2025-05-08T20:06:35.634+03:00 DEBUG 3976 --- [library-management] [           main] o.s.b.f.s.DefaultListableBeanFactory     : Autowiring by type from bean name 'mvcUriComponentsContributor' via factory method to bean named 'mvcConversionService'
2025-05-08T20:06:35.634+03:00 DEBUG 3976 --- [library-management] [           main] o.s.b.f.s.DefaultListableBeanFactory     : Autowiring by type from bean name 'mvcUriComponentsContributor' via factory method to bean named 'requestMappingHandlerAdapter'
2025-05-08T20:06:35.635+03:00 DEBUG 3976 --- [library-management] [           main] o.s.b.f.s.DefaultListableBeanFactory     : Creating shared instance of singleton bean 'httpRequestHandlerAdapter'
2025-05-08T20:06:35.635+03:00 DEBUG 3976 --- [library-management] [           main] o.s.b.f.s.DefaultListableBeanFactory     : Creating shared instance of singleton bean 'simpleControllerHandlerAdapter'
2025-05-08T20:06:35.635+03:00 DEBUG 3976 --- [library-management] [           main] o.s.b.f.s.DefaultListableBeanFactory     : Creating shared instance of singleton bean 'handlerExceptionResolver'
2025-05-08T20:06:35.636+03:00 DEBUG 3976 --- [library-management] [           main] o.s.b.f.s.DefaultListableBeanFactory     : Autowiring by type from bean name 'handlerExceptionResolver' via factory method to bean named 'mvcContentNegotiationManager'
2025-05-08T20:06:35.637+03:00 DEBUG 3976 --- [library-management] [           main] .m.m.a.ExceptionHandlerExceptionResolver : ControllerAdvice beans: 1 @ExceptionHandler, 1 ResponseBodyAdvice
2025-05-08T20:06:35.638+03:00 DEBUG 3976 --- [library-management] [           main] o.s.b.f.s.DefaultListableBeanFactory     : Creating shared instance of singleton bean 'requestContextFilter'
2025-05-08T20:06:35.640+03:00 DEBUG 3976 --- [library-management] [           main] o.s.b.f.s.DefaultListableBeanFactory     : Creating shared instance of singleton bean 'org.springframework.boot.autoconfigure.web.servlet.WebMvcAutoConfiguration'
2025-05-08T20:06:35.640+03:00 DEBUG 3976 --- [library-management] [           main] o.s.b.f.s.DefaultListableBeanFactory     : Creating shared instance of singleton bean 'formContentFilter'
2025-05-08T20:06:35.643+03:00 DEBUG 3976 --- [library-management] [           main] o.s.b.f.s.DefaultListableBeanFactory     : Creating shared instance of singleton bean 'org.springframework.boot.autoconfigure.aop.AopAutoConfiguration$ClassProxyingConfiguration'
2025-05-08T20:06:35.644+03:00 DEBUG 3976 --- [library-management] [           main] o.s.b.f.s.DefaultListableBeanFactory     : Creating shared instance of singleton bean 'org.springframework.boot.autoconfigure.aop.AopAutoConfiguration'
2025-05-08T20:06:35.644+03:00 DEBUG 3976 --- [library-management] [           main] o.s.b.f.s.DefaultListableBeanFactory     : Creating shared instance of singleton bean 'org.springframework.boot.autoconfigure.availability.ApplicationAvailabilityAutoConfiguration'
2025-05-08T20:06:35.644+03:00 DEBUG 3976 --- [library-management] [           main] o.s.b.f.s.DefaultListableBeanFactory     : Creating shared instance of singleton bean 'applicationAvailability'
2025-05-08T20:06:35.645+03:00 DEBUG 3976 --- [library-management] [           main] o.s.b.f.s.DefaultListableBeanFactory     : Creating shared instance of singleton bean 'org.springframework.boot.autoconfigure.transaction.jta.JtaAutoConfiguration'
2025-05-08T20:06:35.645+03:00 DEBUG 3976 --- [library-management] [           main] o.s.b.f.s.DefaultListableBeanFactory     : Creating shared instance of singleton bean 'org.springframework.boot.autoconfigure.jdbc.metadata.DataSourcePoolMetadataProvidersConfiguration'
2025-05-08T20:06:35.645+03:00 DEBUG 3976 --- [library-management] [           main] o.s.b.f.s.DefaultListableBeanFactory     : Creating shared instance of singleton bean 'org.springframework.boot.autoconfigure.jdbc.DataSourceAutoConfiguration'
2025-05-08T20:06:35.646+03:00 DEBUG 3976 --- [library-management] [           main] o.s.b.f.s.DefaultListableBeanFactory     : Creating shared instance of singleton bean 'spring.datasource-org.springframework.boot.autoconfigure.jdbc.DataSourceProperties'
2025-05-08T20:06:35.651+03:00 DEBUG 3976 --- [library-management] [           main] o.s.b.f.s.DefaultListableBeanFactory     : Creating shared instance of singleton bean 'org.springframework.boot.autoconfigure.transaction.TransactionManagerCustomizationAutoConfiguration'
2025-05-08T20:06:35.651+03:00 DEBUG 3976 --- [library-management] [           main] o.s.b.f.s.DefaultListableBeanFactory     : Creating shared instance of singleton bean 'platformTransactionManagerCustomizers'
2025-05-08T20:06:35.652+03:00 DEBUG 3976 --- [library-management] [           main] o.s.b.f.s.DefaultListableBeanFactory     : Creating shared instance of singleton bean 'transactionExecutionListeners'
2025-05-08T20:06:35.654+03:00 DEBUG 3976 --- [library-management] [           main] o.s.b.f.s.DefaultListableBeanFactory     : Creating shared instance of singleton bean 'spring.transaction-org.springframework.boot.autoconfigure.transaction.TransactionProperties'
2025-05-08T20:06:35.655+03:00 DEBUG 3976 --- [library-management] [           main] o.s.b.f.s.DefaultListableBeanFactory     : Creating shared instance of singleton bean 'org.springframework.boot.autoconfigure.orm.jpa.HibernateJpaConfiguration'
2025-05-08T20:06:35.660+03:00 DEBUG 3976 --- [library-management] [           main] o.s.b.f.s.DefaultListableBeanFactory     : Creating shared instance of singleton bean 'spring.jpa.hibernate-org.springframework.boot.autoconfigure.orm.jpa.HibernateProperties'
2025-05-08T20:06:35.661+03:00 DEBUG 3976 --- [library-management] [           main] o.s.b.f.s.DefaultListableBeanFactory     : Autowiring by type from bean name 'org.springframework.boot.autoconfigure.orm.jpa.HibernateJpaConfiguration' via constructor to bean named 'dataSource'
2025-05-08T20:06:35.661+03:00 DEBUG 3976 --- [library-management] [           main] o.s.b.f.s.DefaultListableBeanFactory     : Autowiring by type from bean name 'org.springframework.boot.autoconfigure.orm.jpa.HibernateJpaConfiguration' via constructor to bean named 'spring.jpa-org.springframework.boot.autoconfigure.orm.jpa.JpaProperties'
2025-05-08T20:06:35.662+03:00 DEBUG 3976 --- [library-management] [           main] o.s.b.f.s.DefaultListableBeanFactory     : Autowiring by type from bean name 'org.springframework.boot.autoconfigure.orm.jpa.HibernateJpaConfiguration' via constructor to bean named 'org.springframework.beans.factory.support.DefaultListableBeanFactory@562b791b'
2025-05-08T20:06:35.662+03:00 DEBUG 3976 --- [library-management] [           main] o.s.b.f.s.DefaultListableBeanFactory     : Autowiring by type from bean name 'org.springframework.boot.autoconfigure.orm.jpa.HibernateJpaConfiguration' via constructor to bean named 'spring.jpa.hibernate-org.springframework.boot.autoconfigure.orm.jpa.HibernateProperties'
2025-05-08T20:06:35.665+03:00 DEBUG 3976 --- [library-management] [           main] o.s.b.f.s.DefaultListableBeanFactory     : Creating shared instance of singleton bean 'jpaVendorAdapter'
2025-05-08T20:06:35.667+03:00 DEBUG 3976 --- [library-management] [           main] o.s.b.f.s.DefaultListableBeanFactory     : Creating shared instance of singleton bean 'entityManagerFactoryBuilder'
2025-05-08T20:06:35.668+03:00 DEBUG 3976 --- [library-management] [           main] o.s.b.f.s.DefaultListableBeanFactory     : Autowiring by type from bean name 'entityManagerFactoryBuilder' via factory method to bean named 'jpaVendorAdapter'
2025-05-08T20:06:35.669+03:00 DEBUG 3976 --- [library-management] [           main] o.s.b.f.s.DefaultListableBeanFactory     : Creating shared instance of singleton bean 'org.springframework.boot.autoconfigure.orm.jpa.HibernateJpaAutoConfiguration'
2025-05-08T20:06:35.669+03:00 DEBUG 3976 --- [library-management] [           main] o.s.b.f.s.DefaultListableBeanFactory     : Creating shared instance of singleton bean 'org.springframework.boot.autoconfigure.jackson.JacksonAutoConfiguration$Jackson2ObjectMapperBuilderCustomizerConfiguration'
2025-05-08T20:06:35.669+03:00 DEBUG 3976 --- [library-management] [           main] o.s.b.f.s.DefaultListableBeanFactory     : Creating shared instance of singleton bean 'standardJacksonObjectMapperBuilderCustomizer'
2025-05-08T20:06:35.670+03:00 DEBUG 3976 --- [library-management] [           main] o.s.b.f.s.DefaultListableBeanFactory     : Creating shared instance of singleton bean 'spring.jackson-org.springframework.boot.autoconfigure.jackson.JacksonProperties'
2025-05-08T20:06:35.674+03:00 DEBUG 3976 --- [library-management] [           main] o.s.b.f.s.DefaultListableBeanFactory     : Autowiring by type from bean name 'standardJacksonObjectMapperBuilderCustomizer' via factory method to bean named 'spring.jackson-org.springframework.boot.autoconfigure.jackson.JacksonProperties'
2025-05-08T20:06:35.674+03:00 DEBUG 3976 --- [library-management] [           main] o.s.b.f.s.DefaultListableBeanFactory     : Creating shared instance of singleton bean 'parameterNamesModule'
2025-05-08T20:06:35.674+03:00 DEBUG 3976 --- [library-management] [           main] o.s.b.f.s.DefaultListableBeanFactory     : Creating shared instance of singleton bean 'org.springframework.boot.autoconfigure.jackson.JacksonAutoConfiguration$ParameterNamesModuleConfiguration'
2025-05-08T20:06:35.676+03:00 DEBUG 3976 --- [library-management] [           main] o.s.b.f.s.DefaultListableBeanFactory     : Creating shared instance of singleton bean 'jsonMixinModule'
2025-05-08T20:06:35.676+03:00 DEBUG 3976 --- [library-management] [           main] o.s.b.f.s.DefaultListableBeanFactory     : Creating shared instance of singleton bean 'org.springframework.boot.autoconfigure.jackson.JacksonAutoConfiguration$JacksonMixinConfiguration'
2025-05-08T20:06:35.677+03:00 DEBUG 3976 --- [library-management] [           main] o.s.b.f.s.DefaultListableBeanFactory     : Creating shared instance of singleton bean 'jsonMixinModuleEntries'
2025-05-08T20:06:35.677+03:00 DEBUG 3976 --- [library-management] [           main] o.s.b.f.s.DefaultListableBeanFactory     : Autowiring by type from bean name 'jsonMixinModuleEntries' via factory method to bean named 'org.springframework.web.context.support.GenericWebApplicationContext@3118a'
2025-05-08T20:06:35.677+03:00 DEBUG 3976 --- [library-management] [           main] o.s.b.a.AutoConfigurationPackages        : @EnableAutoConfiguration was declared on a class in the package 'com.example.library_management.launch'. Automatic @Repository and @Entity scanning is enabled.
2025-05-08T20:06:35.678+03:00 DEBUG 3976 --- [library-management] [           main] .i.s.PathMatchingResourcePatternResolver : Skipping search for files matching pattern [**/*.class]: directory [A:\library-management\target\test-classes\com\example\library_management\launch] does not exist
2025-05-08T20:06:35.680+03:00 DEBUG 3976 --- [library-management] [           main] o.s.b.f.s.DefaultListableBeanFactory     : Autowiring by type from bean name 'jsonMixinModule' via factory method to bean named 'org.springframework.web.context.support.GenericWebApplicationContext@3118a'
2025-05-08T20:06:35.680+03:00 DEBUG 3976 --- [library-management] [           main] o.s.b.f.s.DefaultListableBeanFactory     : Autowiring by type from bean name 'jsonMixinModule' via factory method to bean named 'jsonMixinModuleEntries'
2025-05-08T20:06:35.681+03:00 DEBUG 3976 --- [library-management] [           main] o.s.b.f.s.DefaultListableBeanFactory     : Creating shared instance of singleton bean 'jsonComponentModule'
2025-05-08T20:06:35.681+03:00 DEBUG 3976 --- [library-management] [           main] o.s.b.f.s.DefaultListableBeanFactory     : Creating shared instance of singleton bean 'org.springframework.boot.autoconfigure.jackson.JacksonAutoConfiguration'
2025-05-08T20:06:35.687+03:00 DEBUG 3976 --- [library-management] [           main] o.s.b.f.s.DefaultListableBeanFactory     : Creating shared instance of singleton bean 'org.springframework.boot.autoconfigure.jackson.JacksonAutoConfiguration$JacksonObjectMapperBuilderConfiguration'
2025-05-08T20:06:35.688+03:00 DEBUG 3976 --- [library-management] [           main] o.s.b.f.s.DefaultListableBeanFactory     : Creating shared instance of singleton bean 'org.springframework.boot.autoconfigure.jackson.JacksonAutoConfiguration$JacksonObjectMapperConfiguration'
2025-05-08T20:06:35.688+03:00 DEBUG 3976 --- [library-management] [           main] o.s.b.f.s.DefaultListableBeanFactory     : Creating shared instance of singleton bean 'org.springframework.boot.autoconfigure.context.ConfigurationPropertiesAutoConfiguration'
2025-05-08T20:06:35.689+03:00 DEBUG 3976 --- [library-management] [           main] o.s.b.f.s.DefaultListableBeanFactory     : Creating shared instance of singleton bean 'org.springframework.boot.autoconfigure.context.LifecycleAutoConfiguration'
2025-05-08T20:06:35.690+03:00 DEBUG 3976 --- [library-management] [           main] o.s.b.f.s.DefaultListableBeanFactory     : Creating shared instance of singleton bean 'lifecycleProcessor'
2025-05-08T20:06:35.691+03:00 DEBUG 3976 --- [library-management] [           main] o.s.b.f.s.DefaultListableBeanFactory     : Creating shared instance of singleton bean 'spring.lifecycle-org.springframework.boot.autoconfigure.context.LifecycleProperties'
2025-05-08T20:06:35.692+03:00 DEBUG 3976 --- [library-management] [           main] o.s.b.f.s.DefaultListableBeanFactory     : Autowiring by type from bean name 'lifecycleProcessor' via factory method to bean named 'spring.lifecycle-org.springframework.boot.autoconfigure.context.LifecycleProperties'
2025-05-08T20:06:35.699+03:00 DEBUG 3976 --- [library-management] [           main] o.s.b.f.s.DefaultListableBeanFactory     : Creating shared instance of singleton bean 'org.springframework.boot.autoconfigure.dao.PersistenceExceptionTranslationAutoConfiguration'
2025-05-08T20:06:35.702+03:00 DEBUG 3976 --- [library-management] [           main] o.s.b.f.s.DefaultListableBeanFactory     : Creating shared instance of singleton bean 'org.springframework.boot.autoconfigure.http.JacksonHttpMessageConvertersConfiguration'
2025-05-08T20:06:35.702+03:00 DEBUG 3976 --- [library-management] [           main] o.s.b.f.s.DefaultListableBeanFactory     : Creating shared instance of singleton bean 'org.springframework.boot.autoconfigure.http.client.HttpClientAutoConfiguration'
2025-05-08T20:06:35.703+03:00 DEBUG 3976 --- [library-management] [           main] o.s.b.f.s.DefaultListableBeanFactory     : Creating shared instance of singleton bean 'clientHttpRequestFactoryBuilder'
2025-05-08T20:06:35.703+03:00 DEBUG 3976 --- [library-management] [           main] o.s.b.f.s.DefaultListableBeanFactory     : Creating shared instance of singleton bean 'spring.http.client-org.springframework.boot.autoconfigure.http.client.HttpClientProperties'
2025-05-08T20:06:35.706+03:00 DEBUG 3976 --- [library-management] [           main] o.s.b.f.s.DefaultListableBeanFactory     : Autowiring by type from bean name 'clientHttpRequestFactoryBuilder' via factory method to bean named 'spring.http.client-org.springframework.boot.autoconfigure.http.client.HttpClientProperties'
2025-05-08T20:06:35.709+03:00 DEBUG 3976 --- [library-management] [           main] o.s.b.f.s.DefaultListableBeanFactory     : Creating shared instance of singleton bean 'clientHttpRequestFactorySettings'
2025-05-08T20:06:35.709+03:00 DEBUG 3976 --- [library-management] [           main] o.s.b.f.s.DefaultListableBeanFactory     : Autowiring by type from bean name 'clientHttpRequestFactorySettings' via factory method to bean named 'spring.http.client-org.springframework.boot.autoconfigure.http.client.HttpClientProperties'
2025-05-08T20:06:35.710+03:00 DEBUG 3976 --- [library-management] [           main] o.s.b.f.s.DefaultListableBeanFactory     : Creating shared instance of singleton bean 'org.springframework.boot.autoconfigure.info.ProjectInfoAutoConfiguration'
2025-05-08T20:06:35.710+03:00 DEBUG 3976 --- [library-management] [           main] o.s.b.f.s.DefaultListableBeanFactory     : Creating shared instance of singleton bean 'spring.info-org.springframework.boot.autoconfigure.info.ProjectInfoProperties'
2025-05-08T20:06:35.712+03:00 DEBUG 3976 --- [library-management] [           main] o.s.b.f.s.DefaultListableBeanFactory     : Autowiring by type from bean name 'org.springframework.boot.autoconfigure.info.ProjectInfoAutoConfiguration' via constructor to bean named 'spring.info-org.springframework.boot.autoconfigure.info.ProjectInfoProperties'
2025-05-08T20:06:35.713+03:00 DEBUG 3976 --- [library-management] [           main] o.s.b.f.s.DefaultListableBeanFactory     : Creating shared instance of singleton bean 'org.springframework.boot.autoconfigure.jdbc.JdbcTemplateConfiguration'
2025-05-08T20:06:35.714+03:00 DEBUG 3976 --- [library-management] [           main] o.s.b.f.s.DefaultListableBeanFactory     : Creating shared instance of singleton bean 'jdbcTemplate'
2025-05-08T20:06:35.715+03:00 DEBUG 3976 --- [library-management] [           main] o.s.b.f.s.DefaultListableBeanFactory     : Creating shared instance of singleton bean 'spring.jdbc-org.springframework.boot.autoconfigure.jdbc.JdbcProperties'
2025-05-08T20:06:35.719+03:00 DEBUG 3976 --- [library-management] [           main] o.s.b.f.s.DefaultListableBeanFactory     : Autowiring by type from bean name 'jdbcTemplate' via factory method to bean named 'dataSource'
2025-05-08T20:06:35.719+03:00 DEBUG 3976 --- [library-management] [           main] o.s.b.f.s.DefaultListableBeanFactory     : Autowiring by type from bean name 'jdbcTemplate' via factory method to bean named 'spring.jdbc-org.springframework.boot.autoconfigure.jdbc.JdbcProperties'
2025-05-08T20:06:35.722+03:00 DEBUG 3976 --- [library-management] [           main] o.s.b.f.s.DefaultListableBeanFactory     : Creating shared instance of singleton bean 'org.springframework.boot.autoconfigure.jdbc.NamedParameterJdbcTemplateConfiguration'
2025-05-08T20:06:35.723+03:00 DEBUG 3976 --- [library-management] [           main] o.s.b.f.s.DefaultListableBeanFactory     : Creating shared instance of singleton bean 'namedParameterJdbcTemplate'
2025-05-08T20:06:35.723+03:00 DEBUG 3976 --- [library-management] [           main] o.s.b.f.s.DefaultListableBeanFactory     : Autowiring by type from bean name 'namedParameterJdbcTemplate' via factory method to bean named 'jdbcTemplate'
2025-05-08T20:06:35.725+03:00 DEBUG 3976 --- [library-management] [           main] o.s.b.f.s.DefaultListableBeanFactory     : Creating shared instance of singleton bean 'org.springframework.boot.autoconfigure.jdbc.JdbcTemplateAutoConfiguration'
2025-05-08T20:06:35.726+03:00 DEBUG 3976 --- [library-management] [           main] o.s.b.f.s.DefaultListableBeanFactory     : Creating shared instance of singleton bean 'org.springframework.boot.autoconfigure.jdbc.JdbcClientAutoConfiguration'
2025-05-08T20:06:35.726+03:00 DEBUG 3976 --- [library-management] [           main] o.s.b.f.s.DefaultListableBeanFactory     : Creating shared instance of singleton bean 'jdbcClient'
2025-05-08T20:06:35.726+03:00 DEBUG 3976 --- [library-management] [           main] o.s.b.f.s.DefaultListableBeanFactory     : Autowiring by type from bean name 'jdbcClient' via factory method to bean named 'namedParameterJdbcTemplate'
2025-05-08T20:06:35.727+03:00 DEBUG 3976 --- [library-management] [           main] o.s.b.f.s.DefaultListableBeanFactory     : Creating shared instance of singleton bean 'org.springframework.boot.autoconfigure.security.servlet.SpringBootWebSecurityConfiguration'
2025-05-08T20:06:35.727+03:00 DEBUG 3976 --- [library-management] [           main] o.s.b.f.s.DefaultListableBeanFactory     : Creating shared instance of singleton bean 'spring.security-org.springframework.boot.autoconfigure.security.SecurityProperties'
2025-05-08T20:06:35.729+03:00 DEBUG 3976 --- [library-management] [           main] o.s.b.f.s.DefaultListableBeanFactory     : Creating shared instance of singleton bean 'org.springframework.boot.autoconfigure.security.servlet.SecurityFilterAutoConfiguration'
2025-05-08T20:06:35.730+03:00 DEBUG 3976 --- [library-management] [           main] o.s.b.f.s.DefaultListableBeanFactory     : Creating shared instance of singleton bean 'securityFilterChainRegistration'
2025-05-08T20:06:35.731+03:00 DEBUG 3976 --- [library-management] [           main] o.s.b.f.s.DefaultListableBeanFactory     : Autowiring by type from bean name 'securityFilterChainRegistration' via factory method to bean named 'spring.security-org.springframework.boot.autoconfigure.security.SecurityProperties'
2025-05-08T20:06:35.734+03:00 DEBUG 3976 --- [library-management] [           main] o.s.b.f.s.DefaultListableBeanFactory     : Creating shared instance of singleton bean 'org.springframework.boot.autoconfigure.sql.init.SqlInitializationAutoConfiguration'
2025-05-08T20:06:35.735+03:00 DEBUG 3976 --- [library-management] [           main] o.s.b.f.s.DefaultListableBeanFactory     : Creating shared instance of singleton bean 'org.springframework.boot.autoconfigure.task.TaskSchedulingConfigurations$ThreadPoolTaskSchedulerBuilderConfiguration'
2025-05-08T20:06:35.736+03:00 DEBUG 3976 --- [library-management] [           main] o.s.b.f.s.DefaultListableBeanFactory     : Creating shared instance of singleton bean 'threadPoolTaskSchedulerBuilder'
2025-05-08T20:06:35.737+03:00 DEBUG 3976 --- [library-management] [           main] o.s.b.f.s.DefaultListableBeanFactory     : Creating shared instance of singleton bean 'spring.task.scheduling-org.springframework.boot.autoconfigure.task.TaskSchedulingProperties'
2025-05-08T20:06:35.738+03:00 DEBUG 3976 --- [library-management] [           main] o.s.b.f.s.DefaultListableBeanFactory     : Autowiring by type from bean name 'threadPoolTaskSchedulerBuilder' via factory method to bean named 'spring.task.scheduling-org.springframework.boot.autoconfigure.task.TaskSchedulingProperties'
2025-05-08T20:06:35.739+03:00 DEBUG 3976 --- [library-management] [           main] o.s.b.f.s.DefaultListableBeanFactory     : Creating shared instance of singleton bean 'org.springframework.boot.autoconfigure.task.TaskSchedulingConfigurations$SimpleAsyncTaskSchedulerBuilderConfiguration'
2025-05-08T20:06:35.740+03:00 DEBUG 3976 --- [library-management] [           main] o.s.b.f.s.DefaultListableBeanFactory     : Autowiring by type from bean name 'org.springframework.boot.autoconfigure.task.TaskSchedulingConfigurations$SimpleAsyncTaskSchedulerBuilderConfiguration' via constructor to bean named 'spring.task.scheduling-org.springframework.boot.autoconfigure.task.TaskSchedulingProperties'
2025-05-08T20:06:35.740+03:00 DEBUG 3976 --- [library-management] [           main] o.s.b.f.s.DefaultListableBeanFactory     : Creating shared instance of singleton bean 'simpleAsyncTaskSchedulerBuilder'
2025-05-08T20:06:35.741+03:00 DEBUG 3976 --- [library-management] [           main] o.s.b.f.s.DefaultListableBeanFactory     : Creating shared instance of singleton bean 'org.springframework.boot.autoconfigure.task.TaskSchedulingAutoConfiguration'
2025-05-08T20:06:35.742+03:00 DEBUG 3976 --- [library-management] [           main] o.s.b.f.s.DefaultListableBeanFactory     : Creating shared instance of singleton bean 'org.springframework.boot.autoconfigure.jdbc.DataSourceTransactionManagerAutoConfiguration$JdbcTransactionManagerConfiguration'
2025-05-08T20:06:35.742+03:00 DEBUG 3976 --- [library-management] [           main] o.s.b.f.s.DefaultListableBeanFactory     : Creating shared instance of singleton bean 'org.springframework.boot.autoconfigure.jdbc.DataSourceTransactionManagerAutoConfiguration'
2025-05-08T20:06:35.743+03:00 DEBUG 3976 --- [library-management] [           main] o.s.b.f.s.DefaultListableBeanFactory     : Creating shared instance of singleton bean 'org.springframework.boot.autoconfigure.transaction.TransactionAutoConfiguration$TransactionTemplateConfiguration'
2025-05-08T20:06:35.743+03:00 DEBUG 3976 --- [library-management] [           main] o.s.b.f.s.DefaultListableBeanFactory     : Creating shared instance of singleton bean 'transactionTemplate'
2025-05-08T20:06:35.743+03:00 DEBUG 3976 --- [library-management] [           main] o.s.b.f.s.DefaultListableBeanFactory     : Autowiring by type from bean name 'transactionTemplate' via factory method to bean named 'transactionManager'
2025-05-08T20:06:35.744+03:00 DEBUG 3976 --- [library-management] [           main] o.s.b.f.s.DefaultListableBeanFactory     : Creating shared instance of singleton bean 'org.springframework.boot.autoconfigure.transaction.TransactionAutoConfiguration'
2025-05-08T20:06:35.744+03:00 DEBUG 3976 --- [library-management] [           main] o.s.b.f.s.DefaultListableBeanFactory     : Creating shared instance of singleton bean 'org.springframework.boot.autoconfigure.web.client.RestClientAutoConfiguration'
2025-05-08T20:06:35.745+03:00 DEBUG 3976 --- [library-management] [           main] o.s.b.f.s.DefaultListableBeanFactory     : Creating shared instance of singleton bean 'httpMessageConvertersRestClientCustomizer'
2025-05-08T20:06:35.745+03:00 DEBUG 3976 --- [library-management] [           main] o.s.b.f.s.DefaultListableBeanFactory     : Creating shared instance of singleton bean 'restClientSsl'
2025-05-08T20:06:35.746+03:00 DEBUG 3976 --- [library-management] [           main] o.s.b.f.s.DefaultListableBeanFactory     : Autowiring by type from bean name 'restClientSsl' via factory method to bean named 'sslBundleRegistry'
2025-05-08T20:06:35.746+03:00 DEBUG 3976 --- [library-management] [           main] o.s.b.f.s.DefaultListableBeanFactory     : Creating shared instance of singleton bean 'restClientBuilderConfigurer'
2025-05-08T20:06:35.747+03:00 DEBUG 3976 --- [library-management] [           main] o.s.b.f.s.DefaultListableBeanFactory     : Creating shared instance of singleton bean 'org.springframework.boot.autoconfigure.web.client.RestTemplateAutoConfiguration'
2025-05-08T20:06:35.748+03:00 DEBUG 3976 --- [library-management] [           main] o.s.b.f.s.DefaultListableBeanFactory     : Creating shared instance of singleton bean 'characterEncodingFilter'
2025-05-08T20:06:35.751+03:00 DEBUG 3976 --- [library-management] [           main] o.s.b.f.s.DefaultListableBeanFactory     : Creating shared instance of singleton bean 'multipartResolver'
2025-05-08T20:06:35.752+03:00 DEBUG 3976 --- [library-management] [           main] o.s.b.f.s.DefaultListableBeanFactory     : Creating shared instance of singleton bean 'org.springframework.boot.test.autoconfigure.web.servlet.MockMvcConfiguration'
2025-05-08T20:06:35.753+03:00 DEBUG 3976 --- [library-management] [           main] o.s.b.f.s.DefaultListableBeanFactory     : Autowiring by type from bean name 'org.springframework.boot.test.autoconfigure.web.servlet.MockMvcConfiguration' via constructor to bean named 'org.springframework.web.context.support.GenericWebApplicationContext@3118a'
2025-05-08T20:06:35.753+03:00 DEBUG 3976 --- [library-management] [           main] o.s.b.f.s.DefaultListableBeanFactory     : Autowiring by type from bean name 'org.springframework.boot.test.autoconfigure.web.servlet.MockMvcConfiguration' via constructor to bean named 'spring.mvc-org.springframework.boot.autoconfigure.web.servlet.WebMvcProperties'
2025-05-08T20:06:35.753+03:00 DEBUG 3976 --- [library-management] [           main] o.s.b.f.s.DefaultListableBeanFactory     : Creating shared instance of singleton bean 'mockMvcBuilder'
2025-05-08T20:06:35.754+03:00 DEBUG 3976 --- [library-management] [           main] o.s.b.f.s.DefaultListableBeanFactory     : Creating shared instance of singleton bean 'springBootMockMvcBuilderCustomizer'
2025-05-08T20:06:35.755+03:00 DEBUG 3976 --- [library-management] [           main] o.s.b.f.s.DefaultListableBeanFactory     : Creating shared instance of singleton bean 'securityMockMvcBuilderCustomizer'
2025-05-08T20:06:35.755+03:00 DEBUG 3976 --- [library-management] [           main] o.s.b.f.s.DefaultListableBeanFactory     : Creating shared instance of singleton bean 'org.springframework.boot.test.autoconfigure.web.servlet.MockMvcSecurityConfiguration'
2025-05-08T20:06:35.756+03:00 DEBUG 3976 --- [library-management] [           main] o.s.b.f.s.DefaultListableBeanFactory     : Autowiring by type from bean name 'mockMvcBuilder' via factory method to bean named 'springBootMockMvcBuilderCustomizer'
2025-05-08T20:06:35.756+03:00 DEBUG 3976 --- [library-management] [           main] o.s.b.f.s.DefaultListableBeanFactory     : Autowiring by type from bean name 'mockMvcBuilder' via factory method to bean named 'securityMockMvcBuilderCustomizer'
2025-05-08T20:06:35.757+03:00 DEBUG 3976 --- [library-management] [           main] o.s.b.w.s.ServletContextInitializerBeans : Mapping filters: springSecurityFilterChain urls=[/*] order=-100, characterEncodingFilter urls=[/*] order=-2147483648, formContentFilter urls=[/*] order=-9900, requestContextFilter urls=[/*] order=-105, jwtAuthenticationFilter urls=[/*] order=2147483647, jwtAuthorizationFilter urls=[/*] order=2147483647
2025-05-08T20:06:35.757+03:00 DEBUG 3976 --- [library-management] [           main] o.s.b.w.s.ServletContextInitializerBeans : Mapping servlets: 
2025-05-08T20:06:35.758+03:00 DEBUG 3976 --- [library-management] [           main] o.s.b.f.s.DefaultListableBeanFactory     : Creating shared instance of singleton bean 'mockMvc'
2025-05-08T20:06:35.759+03:00 DEBUG 3976 --- [library-management] [           main] o.s.b.f.s.DefaultListableBeanFactory     : Autowiring by type from bean name 'mockMvc' via factory method to bean named 'mockMvcBuilder'
2025-05-08T20:06:35.759+03:00 DEBUG 3976 --- [library-management] [           main] s.b.w.s.f.OrderedCharacterEncodingFilter : Filter 'characterEncodingFilter' configured for use
2025-05-08T20:06:35.759+03:00 DEBUG 3976 --- [library-management] [           main] o.s.b.w.s.f.OrderedFormContentFilter     : Filter 'formContentFilter' configured for use
2025-05-08T20:06:35.759+03:00 DEBUG 3976 --- [library-management] [           main] o.s.b.w.s.f.OrderedRequestContextFilter  : Filter 'requestContextFilter' configured for use
2025-05-08T20:06:35.759+03:00 DEBUG 3976 --- [library-management] [           main] .DelegatingFilterProxyRegistrationBean$1 : Filter 'springSecurityFilterChain' configured for use
2025-05-08T20:06:35.759+03:00  INFO 3976 --- [library-management] [           main] o.s.b.t.m.w.SpringBootMockServletContext : Initializing Spring TestDispatcherServlet ''
2025-05-08T20:06:35.759+03:00  INFO 3976 --- [library-management] [           main] o.s.t.web.servlet.TestDispatcherServlet  : Initializing Servlet ''
2025-05-08T20:06:35.759+03:00 DEBUG 3976 --- [library-management] [           main] o.s.t.web.servlet.TestDispatcherServlet  : Detected StandardServletMultipartResolver
2025-05-08T20:06:35.760+03:00 DEBUG 3976 --- [library-management] [           main] o.s.t.web.servlet.TestDispatcherServlet  : Detected AcceptHeaderLocaleResolver
2025-05-08T20:06:35.760+03:00 DEBUG 3976 --- [library-management] [           main] o.s.t.web.servlet.TestDispatcherServlet  : Detected FixedThemeResolver
2025-05-08T20:06:35.760+03:00 DEBUG 3976 --- [library-management] [           main] o.s.t.web.servlet.TestDispatcherServlet  : Detected org.springframework.web.servlet.view.DefaultRequestToViewNameTranslator@46bd6c87
2025-05-08T20:06:35.760+03:00 DEBUG 3976 --- [library-management] [           main] o.s.t.web.servlet.TestDispatcherServlet  : Detected org.springframework.web.servlet.support.SessionFlashMapManager@6d9f78a6
2025-05-08T20:06:35.761+03:00 DEBUG 3976 --- [library-management] [           main] o.s.t.web.servlet.TestDispatcherServlet  : enableLoggingRequestDetails='false': request parameters and headers will be masked to prevent unsafe logging of potentially sensitive data
2025-05-08T20:06:35.761+03:00  INFO 3976 --- [library-management] [           main] o.s.t.web.servlet.TestDispatcherServlet  : Completed initialization in 2 ms
2025-05-08T20:06:35.761+03:00 DEBUG 3976 --- [library-management] [           main] o.s.b.f.s.DefaultListableBeanFactory     : Creating shared instance of singleton bean 'org.springframework.boot.test.autoconfigure.web.servlet.MockMvcTesterConfiguration'
2025-05-08T20:06:35.761+03:00 DEBUG 3976 --- [library-management] [           main] o.s.b.f.s.DefaultListableBeanFactory     : Creating shared instance of singleton bean 'mockMvcTester'
2025-05-08T20:06:35.761+03:00 DEBUG 3976 --- [library-management] [           main] o.s.b.f.s.DefaultListableBeanFactory     : Autowiring by type from bean name 'mockMvcTester' via factory method to bean named 'mockMvc'
2025-05-08T20:06:35.762+03:00 DEBUG 3976 --- [library-management] [           main] o.s.b.f.s.DefaultListableBeanFactory     : Creating shared instance of singleton bean 'org.springframework.boot.test.autoconfigure.web.servlet.MockMvcAutoConfiguration'
2025-05-08T20:06:35.773+03:00 DEBUG 3976 --- [library-management] [           main] o.s.c.support.DefaultLifecycleProcessor  : Starting beans in phase -2147483647
2025-05-08T20:06:35.773+03:00 DEBUG 3976 --- [library-management] [           main] o.s.c.support.DefaultLifecycleProcessor  : Successfully started bean 'springBootLoggingLifecycle'
2025-05-08T20:06:35.773+03:00 DEBUG 3976 --- [library-management] [           main] o.s.c.support.DefaultLifecycleProcessor  : Starting beans in phase 1073741823
2025-05-08T20:06:35.778+03:00 DEBUG 3976 --- [library-management] [           main] .s.b.a.l.ConditionEvaluationReportLogger : 


============================
CONDITIONS EVALUATION REPORT
============================


Positive matches:
-----------------

   AopAutoConfiguration matched:
      - @ConditionalOnProperty (spring.aop.auto=true) matched (OnPropertyCondition)

   AopAutoConfiguration.ClassProxyingConfiguration matched:
      - @ConditionalOnMissingClass did not find unwanted class 'org.aspectj.weaver.Advice' (OnClassCondition)
      - @ConditionalOnProperty (spring.aop.proxy-target-class=true) matched (OnPropertyCondition)

   ApplicationAvailabilityAutoConfiguration#applicationAvailability matched:
      - @ConditionalOnMissingBean (types: org.springframework.boot.availability.ApplicationAvailability; SearchStrategy: all) did not find any beans (OnBeanCondition)

   DataSourceAutoConfiguration matched:
      - @ConditionalOnClass found required classes 'javax.sql.DataSource', 'org.springframework.jdbc.datasource.embedded.EmbeddedDatabaseType' (OnClassCondition)
      - @ConditionalOnMissingBean (types: io.r2dbc.spi.ConnectionFactory; SearchStrategy: all) did not find any beans (OnBeanCondition)

   DataSourceInitializationConfiguration matched:
      - @ConditionalOnClass found required class 'org.springframework.jdbc.datasource.init.DatabasePopulator' (OnClassCondition)
      - @ConditionalOnSingleCandidate (types: javax.sql.DataSource; SearchStrategy: all) found a single bean 'dataSource'; @ConditionalOnMissingBean (types: org.springframework.boot.autoconfigure.sql.init.SqlDataSourceScriptDatabaseInitializer,org.springframework.boot.autoconfigure.sql.init.SqlR2dbcScriptDatabaseInitializer; SearchStrategy: all) did not find any beans (OnBeanCondition)

   DataSourceTransactionManagerAutoConfiguration matched:
      - @ConditionalOnClass found required classes 'javax.sql.DataSource', 'org.springframework.jdbc.core.JdbcTemplate', 'org.springframework.transaction.TransactionManager' (OnClassCondition)

   DataSourceTransactionManagerAutoConfiguration.JdbcTransactionManagerConfiguration matched:
      - @ConditionalOnSingleCandidate (types: javax.sql.DataSource; SearchStrategy: all) found a single bean 'dataSource' (OnBeanCondition)

   DispatcherServletAutoConfiguration matched:
      - @ConditionalOnClass found required class 'org.springframework.web.servlet.DispatcherServlet' (OnClassCondition)
      - found 'session' scope (OnWebApplicationCondition)

   DispatcherServletAutoConfiguration.DispatcherServletConfiguration matched:
      - @ConditionalOnClass found required class 'jakarta.servlet.ServletRegistration' (OnClassCondition)
      - Default DispatcherServlet did not find dispatcher servlet beans (DispatcherServletAutoConfiguration.DefaultDispatcherServletCondition)

   DispatcherServletAutoConfiguration.DispatcherServletRegistrationConfiguration matched:
      - @ConditionalOnClass found required class 'jakarta.servlet.ServletRegistration' (OnClassCondition)
      - DispatcherServlet Registration did not find servlet registration bean (DispatcherServletAutoConfiguration.DispatcherServletRegistrationCondition)

   DispatcherServletAutoConfiguration.DispatcherServletRegistrationConfiguration#dispatcherServletRegistration matched:
      - @ConditionalOnBean (names: dispatcherServlet types: org.springframework.web.servlet.DispatcherServlet; SearchStrategy: all) found bean 'dispatcherServlet' (OnBeanCondition)

   ErrorMvcAutoConfiguration matched:
      - @ConditionalOnClass found required classes 'jakarta.servlet.Servlet', 'org.springframework.web.servlet.DispatcherServlet' (OnClassCondition)
      - found 'session' scope (OnWebApplicationCondition)

   ErrorMvcAutoConfiguration#basicErrorController matched:
      - @ConditionalOnMissingBean (types: org.springframework.boot.web.servlet.error.ErrorController; SearchStrategy: current) did not find any beans (OnBeanCondition)

   ErrorMvcAutoConfiguration#errorAttributes matched:
      - @ConditionalOnMissingBean (types: org.springframework.boot.web.servlet.error.ErrorAttributes; SearchStrategy: current) did not find any beans (OnBeanCondition)

   ErrorMvcAutoConfiguration.DefaultErrorViewResolverConfiguration#conventionErrorViewResolver matched:
      - @ConditionalOnBean (types: org.springframework.web.servlet.DispatcherServlet; SearchStrategy: all) found bean 'dispatcherServlet'; @ConditionalOnMissingBean (types: org.springframework.boot.autoconfigure.web.servlet.error.ErrorViewResolver; SearchStrategy: all) did not find any beans (OnBeanCondition)

   ErrorMvcAutoConfiguration.WhitelabelErrorViewConfiguration matched:
      - @ConditionalOnProperty (server.error.whitelabel.enabled) matched (OnPropertyCondition)
      - ErrorTemplate Missing did not find error template view (ErrorMvcAutoConfiguration.ErrorTemplateMissingCondition)

   ErrorMvcAutoConfiguration.WhitelabelErrorViewConfiguration#beanNameViewResolver matched:
      - @ConditionalOnMissingBean (types: org.springframework.web.servlet.view.BeanNameViewResolver; SearchStrategy: all) did not find any beans (OnBeanCondition)

   ErrorMvcAutoConfiguration.WhitelabelErrorViewConfiguration#defaultErrorView matched:
      - @ConditionalOnMissingBean (names: error; SearchStrategy: all) did not find any beans (OnBeanCondition)

   GenericCacheConfiguration matched:
      - Cache org.springframework.boot.autoconfigure.cache.GenericCacheConfiguration automatic cache type (CacheCondition)

   HibernateJpaAutoConfiguration matched:
      - @ConditionalOnClass found required classes 'org.springframework.orm.jpa.LocalContainerEntityManagerFactoryBean', 'jakarta.persistence.EntityManager', 'org.hibernate.engine.spi.SessionImplementor' (OnClassCondition)

   HibernateJpaConfiguration matched:
      - @ConditionalOnSingleCandidate (types: javax.sql.DataSource; SearchStrategy: all) found a single bean 'dataSource' (OnBeanCondition)

   HttpClientAutoConfiguration matched:
      - @ConditionalOnClass found required class 'org.springframework.http.client.ClientHttpRequestFactory' (OnClassCondition)
      - NoneNestedConditions 0 matched 1 did not; NestedCondition on NotReactiveWebApplicationCondition.ReactiveWebApplication did not find reactive web application classes (NotReactiveWebApplicationCondition)

   HttpClientAutoConfiguration#clientHttpRequestFactoryBuilder matched:
      - @ConditionalOnMissingBean (types: org.springframework.boot.http.client.ClientHttpRequestFactoryBuilder; SearchStrategy: all) did not find any beans (OnBeanCondition)

   HttpClientAutoConfiguration#clientHttpRequestFactorySettings matched:
      - @ConditionalOnMissingBean (types: org.springframework.boot.http.client.ClientHttpRequestFactorySettings; SearchStrategy: all) did not find any beans (OnBeanCondition)

   HttpEncodingAutoConfiguration matched:
      - @ConditionalOnClass found required class 'org.springframework.web.filter.CharacterEncodingFilter' (OnClassCondition)
      - found 'session' scope (OnWebApplicationCondition)
      - @ConditionalOnProperty (server.servlet.encoding.enabled) matched (OnPropertyCondition)

   HttpEncodingAutoConfiguration#characterEncodingFilter matched:
      - @ConditionalOnMissingBean (types: org.springframework.web.filter.CharacterEncodingFilter; SearchStrategy: all) did not find any beans (OnBeanCondition)

   HttpMessageConvertersAutoConfiguration matched:
      - @ConditionalOnClass found required class 'org.springframework.http.converter.HttpMessageConverter' (OnClassCondition)
      - NoneNestedConditions 0 matched 1 did not; NestedCondition on HttpMessageConvertersAutoConfiguration.NotReactiveWebApplicationCondition.ReactiveWebApplication did not find reactive web application classes (HttpMessageConvertersAutoConfiguration.NotReactiveWebApplicationCondition)

   HttpMessageConvertersAutoConfiguration#messageConverters matched:
      - @ConditionalOnMissingBean (types: org.springframework.boot.autoconfigure.http.HttpMessageConverters; SearchStrategy: all) did not find any beans (OnBeanCondition)

   HttpMessageConvertersAutoConfiguration.StringHttpMessageConverterConfiguration matched:
      - @ConditionalOnClass found required class 'org.springframework.http.converter.StringHttpMessageConverter' (OnClassCondition)

   HttpMessageConvertersAutoConfiguration.StringHttpMessageConverterConfiguration#stringHttpMessageConverter matched:
      - @ConditionalOnMissingBean (types: org.springframework.http.converter.StringHttpMessageConverter; SearchStrategy: all) did not find any beans (OnBeanCondition)

   JacksonAutoConfiguration matched:
      - @ConditionalOnClass found required class 'com.fasterxml.jackson.databind.ObjectMapper' (OnClassCondition)

   JacksonAutoConfiguration.Jackson2ObjectMapperBuilderCustomizerConfiguration matched:
      - @ConditionalOnClass found required class 'org.springframework.http.converter.json.Jackson2ObjectMapperBuilder' (OnClassCondition)

   JacksonAutoConfiguration.JacksonObjectMapperBuilderConfiguration matched:
      - @ConditionalOnClass found required class 'org.springframework.http.converter.json.Jackson2ObjectMapperBuilder' (OnClassCondition)

   JacksonAutoConfiguration.JacksonObjectMapperBuilderConfiguration#jacksonObjectMapperBuilder matched:
      - @ConditionalOnMissingBean (types: org.springframework.http.converter.json.Jackson2ObjectMapperBuilder; SearchStrategy: all) did not find any beans (OnBeanCondition)

   JacksonAutoConfiguration.JacksonObjectMapperConfiguration matched:
      - @ConditionalOnClass found required class 'org.springframework.http.converter.json.Jackson2ObjectMapperBuilder' (OnClassCondition)

   JacksonAutoConfiguration.ParameterNamesModuleConfiguration matched:
      - @ConditionalOnClass found required class 'com.fasterxml.jackson.module.paramnames.ParameterNamesModule' (OnClassCondition)

   JacksonAutoConfiguration.ParameterNamesModuleConfiguration#parameterNamesModule matched:
      - @ConditionalOnMissingBean (types: com.fasterxml.jackson.module.paramnames.ParameterNamesModule; SearchStrategy: all) did not find any beans (OnBeanCondition)

   JacksonHttpMessageConvertersConfiguration.MappingJackson2HttpMessageConverterConfiguration matched:
      - @ConditionalOnClass found required class 'com.fasterxml.jackson.databind.ObjectMapper' (OnClassCondition)
      - @ConditionalOnProperty (spring.mvc.converters.preferred-json-mapper=jackson) matched (OnPropertyCondition)
      - @ConditionalOnBean (types: com.fasterxml.jackson.databind.ObjectMapper; SearchStrategy: all) found bean 'objectMapper' (OnBeanCondition)

   JacksonHttpMessageConvertersConfiguration.MappingJackson2HttpMessageConverterConfiguration#mappingJackson2HttpMessageConverter matched:
      - @ConditionalOnMissingBean (types: org.springframework.http.converter.json.MappingJackson2HttpMessageConverter ignored: org.springframework.hateoas.server.mvc.TypeConstrainedMappingJackson2HttpMessageConverter,org.springframework.data.rest.webmvc.alps.AlpsJsonHttpMessageConverter; SearchStrategy: all) did not find any beans (OnBeanCondition)

   JdbcClientAutoConfiguration matched:
      - @ConditionalOnSingleCandidate (types: org.springframework.jdbc.core.namedparam.NamedParameterJdbcTemplate; SearchStrategy: all) found a single bean 'namedParameterJdbcTemplate'; @ConditionalOnMissingBean (types: org.springframework.jdbc.core.simple.JdbcClient; SearchStrategy: all) did not find any beans (OnBeanCondition)

   JdbcTemplateAutoConfiguration matched:
      - @ConditionalOnClass found required classes 'javax.sql.DataSource', 'org.springframework.jdbc.core.JdbcTemplate' (OnClassCondition)
      - @ConditionalOnSingleCandidate (types: javax.sql.DataSource; SearchStrategy: all) found a single bean 'dataSource' (OnBeanCondition)

   JdbcTemplateConfiguration matched:
      - @ConditionalOnMissingBean (types: org.springframework.jdbc.core.JdbcOperations; SearchStrategy: all) did not find any beans (OnBeanCondition)

   JpaBaseConfiguration#entityManagerFactoryBuilder matched:
      - @ConditionalOnMissingBean (types: org.springframework.boot.orm.jpa.EntityManagerFactoryBuilder; SearchStrategy: all) did not find any beans (OnBeanCondition)

   JpaBaseConfiguration#jpaVendorAdapter matched:
      - @ConditionalOnMissingBean (types: org.springframework.orm.jpa.JpaVendorAdapter; SearchStrategy: all) did not find any beans (OnBeanCondition)

   JpaBaseConfiguration.JpaWebConfiguration matched:
      - @ConditionalOnClass found required class 'org.springframework.web.servlet.config.annotation.WebMvcConfigurer' (OnClassCondition)
      - found 'session' scope (OnWebApplicationCondition)
      - @ConditionalOnProperty (spring.jpa.open-in-view=true) matched (OnPropertyCondition)
      - @ConditionalOnMissingBean (types: org.springframework.orm.jpa.support.OpenEntityManagerInViewInterceptor,org.springframework.orm.jpa.support.OpenEntityManagerInViewFilter; SearchStrategy: all) did not find any beans (OnBeanCondition)

   JtaAutoConfiguration matched:
      - @ConditionalOnClass found required class 'jakarta.transaction.Transaction' (OnClassCondition)
      - @ConditionalOnProperty (spring.jta.enabled) matched (OnPropertyCondition)

   LifecycleAutoConfiguration#defaultLifecycleProcessor matched:
      - @ConditionalOnMissingBean (names: lifecycleProcessor; SearchStrategy: current) did not find any beans (OnBeanCondition)

   MockMvcAutoConfiguration matched:
      - found 'session' scope (OnWebApplicationCondition)

   MockMvcConfiguration#mockMvc matched:
      - @ConditionalOnMissingBean (types: org.springframework.test.web.servlet.MockMvc; SearchStrategy: all) did not find any beans (OnBeanCondition)

   MockMvcConfiguration#mockMvcBuilder matched:
      - @ConditionalOnMissingBean (types: org.springframework.test.web.servlet.MockMvcBuilder; SearchStrategy: all) did not find any beans (OnBeanCondition)

   MockMvcSecurityConfiguration matched:
      - @ConditionalOnClass found required class 'org.springframework.security.test.web.servlet.request.SecurityMockMvcRequestPostProcessors' (OnClassCondition)

   MockMvcSecurityConfiguration#securityMockMvcBuilderCustomizer matched:
      - @ConditionalOnBean (names: springSecurityFilterChain; SearchStrategy: all) found bean 'springSecurityFilterChain' (OnBeanCondition)

   MockMvcTesterConfiguration matched:
      - @ConditionalOnClass found required class 'org.assertj.core.api.Assert' (OnClassCondition)

   MockMvcTesterConfiguration#mockMvcTester matched:
      - @ConditionalOnMissingBean (types: org.springframework.test.web.servlet.assertj.MockMvcTester; SearchStrategy: all) did not find any beans (OnBeanCondition)

   MultipartAutoConfiguration matched:
      - @ConditionalOnClass found required classes 'jakarta.servlet.Servlet', 'org.springframework.web.multipart.support.StandardServletMultipartResolver', 'jakarta.servlet.MultipartConfigElement' (OnClassCondition)
      - found 'session' scope (OnWebApplicationCondition)
      - @ConditionalOnProperty (spring.servlet.multipart.enabled) matched (OnPropertyCondition)

   MultipartAutoConfiguration#multipartConfigElement matched:
      - @ConditionalOnMissingBean (types: jakarta.servlet.MultipartConfigElement; SearchStrategy: all) did not find any beans (OnBeanCondition)

   MultipartAutoConfiguration#multipartResolver matched:
      - @ConditionalOnMissingBean (types: org.springframework.web.multipart.MultipartResolver; SearchStrategy: all) did not find any beans (OnBeanCondition)

   NamedParameterJdbcTemplateConfiguration matched:
      - @ConditionalOnSingleCandidate (types: org.springframework.jdbc.core.JdbcTemplate; SearchStrategy: all) found a single bean 'jdbcTemplate'; @ConditionalOnMissingBean (types: org.springframework.jdbc.core.namedparam.NamedParameterJdbcOperations; SearchStrategy: all) did not find any beans (OnBeanCondition)

   NoOpCacheConfiguration matched:
      - Cache org.springframework.boot.autoconfigure.cache.NoOpCacheConfiguration automatic cache type (CacheCondition)

   PersistenceExceptionTranslationAutoConfiguration matched:
      - @ConditionalOnClass found required class 'org.springframework.dao.annotation.PersistenceExceptionTranslationPostProcessor' (OnClassCondition)

   PersistenceExceptionTranslationAutoConfiguration#persistenceExceptionTranslationPostProcessor matched:
      - @ConditionalOnProperty (spring.dao.exceptiontranslation.enabled) matched (OnPropertyCondition)
      - @ConditionalOnMissingBean (types: org.springframework.dao.annotation.PersistenceExceptionTranslationPostProcessor; SearchStrategy: all) did not find any beans (OnBeanCondition)

   PropertyPlaceholderAutoConfiguration#propertySourcesPlaceholderConfigurer matched:
      - @ConditionalOnMissingBean (types: org.springframework.context.support.PropertySourcesPlaceholderConfigurer; SearchStrategy: current) did not find any beans (OnBeanCondition)

   RestClientAutoConfiguration matched:
      - @ConditionalOnClass found required class 'org.springframework.web.client.RestClient' (OnClassCondition)
      - NoneNestedConditions 0 matched 1 did not; NestedCondition on NotReactiveWebApplicationCondition.ReactiveWebApplication did not find reactive web application classes (NotReactiveWebApplicationCondition)

   RestClientAutoConfiguration#httpMessageConvertersRestClientCustomizer matched:
      - @ConditionalOnMissingBean (types: org.springframework.boot.autoconfigure.web.client.HttpMessageConvertersRestClientCustomizer; SearchStrategy: all) did not find any beans (OnBeanCondition)

   RestClientAutoConfiguration#restClientBuilder matched:
      - @ConditionalOnMissingBean (types: org.springframework.web.client.RestClient$Builder; SearchStrategy: all) did not find any beans (OnBeanCondition)

   RestClientAutoConfiguration#restClientBuilderConfigurer matched:
      - @ConditionalOnMissingBean (types: org.springframework.boot.autoconfigure.web.client.RestClientBuilderConfigurer; SearchStrategy: all) did not find any beans (OnBeanCondition)

   RestClientAutoConfiguration#restClientSsl matched:
      - @ConditionalOnBean (types: org.springframework.boot.ssl.SslBundles; SearchStrategy: all) found bean 'sslBundleRegistry'; @ConditionalOnMissingBean (types: org.springframework.boot.autoconfigure.web.client.RestClientSsl; SearchStrategy: all) did not find any beans (OnBeanCondition)

   RestTemplateAutoConfiguration matched:
      - @ConditionalOnClass found required class 'org.springframework.web.client.RestTemplate' (OnClassCondition)
      - NoneNestedConditions 0 matched 1 did not; NestedCondition on NotReactiveWebApplicationCondition.ReactiveWebApplication did not find reactive web application classes (NotReactiveWebApplicationCondition)

   RestTemplateAutoConfiguration#restTemplateBuilder matched:
      - @ConditionalOnMissingBean (types: org.springframework.boot.web.client.RestTemplateBuilder; SearchStrategy: all) did not find any beans (OnBeanCondition)

   SecurityAutoConfiguration matched:
      - @ConditionalOnClass found required class 'org.springframework.security.authentication.DefaultAuthenticationEventPublisher' (OnClassCondition)

   SecurityAutoConfiguration#authenticationEventPublisher matched:
      - @ConditionalOnMissingBean (types: org.springframework.security.authentication.AuthenticationEventPublisher; SearchStrategy: all) did not find any beans (OnBeanCondition)

   SecurityFilterAutoConfiguration matched:
      - @ConditionalOnClass found required classes 'org.springframework.security.web.context.AbstractSecurityWebApplicationInitializer', 'org.springframework.security.config.http.SessionCreationPolicy' (OnClassCondition)
      - found 'session' scope (OnWebApplicationCondition)

   SecurityFilterAutoConfiguration#securityFilterChainRegistration matched:
      - @ConditionalOnBean (names: springSecurityFilterChain; SearchStrategy: all) found bean 'springSecurityFilterChain' (OnBeanCondition)

   ServletWebServerFactoryAutoConfiguration matched:
      - @ConditionalOnClass found required class 'jakarta.servlet.ServletRequest' (OnClassCondition)
      - found 'session' scope (OnWebApplicationCondition)

   ServletWebServerFactoryAutoConfiguration#tomcatServletWebServerFactoryCustomizer matched:
      - @ConditionalOnClass found required class 'org.apache.catalina.startup.Tomcat' (OnClassCondition)

   ServletWebServerFactoryConfiguration.EmbeddedTomcat matched:
      - @ConditionalOnClass found required classes 'jakarta.servlet.Servlet', 'org.apache.catalina.startup.Tomcat', 'org.apache.coyote.UpgradeProtocol' (OnClassCondition)
      - @ConditionalOnMissingBean (types: org.springframework.boot.web.servlet.server.ServletWebServerFactory; SearchStrategy: current) did not find any beans (OnBeanCondition)

   SimpleCacheConfiguration matched:
      - Cache org.springframework.boot.autoconfigure.cache.SimpleCacheConfiguration automatic cache type (CacheCondition)

   SpringBootWebSecurityConfiguration matched:
      - found 'session' scope (OnWebApplicationCondition)

   SqlInitializationAutoConfiguration matched:
      - @ConditionalOnProperty (spring.sql.init.enabled) matched (OnPropertyCondition)
      - NoneNestedConditions 0 matched 1 did not; NestedCondition on SqlInitializationAutoConfiguration.SqlInitializationModeCondition.ModeIsNever @ConditionalOnProperty (spring.sql.init.mode=never) did not find property 'mode' (SqlInitializationAutoConfiguration.SqlInitializationModeCondition)

   SslAutoConfiguration#sslBundleRegistry matched:
      - @ConditionalOnMissingBean (types: org.springframework.boot.ssl.SslBundleRegistry,org.springframework.boot.ssl.SslBundles; SearchStrategy: all) did not find any beans (OnBeanCondition)

   TaskExecutionAutoConfiguration matched:
      - @ConditionalOnClass found required class 'org.springframework.scheduling.concurrent.ThreadPoolTaskExecutor' (OnClassCondition)

   TaskExecutorConfigurations.SimpleAsyncTaskExecutorBuilderConfiguration#simpleAsyncTaskExecutorBuilder matched:
      - @ConditionalOnMissingBean (types: org.springframework.boot.task.SimpleAsyncTaskExecutorBuilder; SearchStrategy: all) did not find any beans (OnBeanCondition)
      - @ConditionalOnThreading found PLATFORM (OnThreadingCondition)

   TaskExecutorConfigurations.TaskExecutorConfiguration matched:
      - @ConditionalOnMissingBean (types: java.util.concurrent.Executor; SearchStrategy: all) did not find any beans (OnBeanCondition)

   TaskExecutorConfigurations.TaskExecutorConfiguration#applicationTaskExecutor matched:
      - @ConditionalOnThreading found PLATFORM (OnThreadingCondition)

   TaskExecutorConfigurations.ThreadPoolTaskExecutorBuilderConfiguration#threadPoolTaskExecutorBuilder matched:
      - @ConditionalOnMissingBean (types: org.springframework.boot.task.ThreadPoolTaskExecutorBuilder; SearchStrategy: all) did not find any beans (OnBeanCondition)

   TaskSchedulingAutoConfiguration matched:
      - @ConditionalOnClass found required class 'org.springframework.scheduling.concurrent.ThreadPoolTaskScheduler' (OnClassCondition)

   TaskSchedulingConfigurations.SimpleAsyncTaskSchedulerBuilderConfiguration#simpleAsyncTaskSchedulerBuilder matched:
      - @ConditionalOnMissingBean (types: org.springframework.boot.task.SimpleAsyncTaskSchedulerBuilder; SearchStrategy: all) did not find any beans (OnBeanCondition)
      - @ConditionalOnThreading found PLATFORM (OnThreadingCondition)

   TaskSchedulingConfigurations.ThreadPoolTaskSchedulerBuilderConfiguration#threadPoolTaskSchedulerBuilder matched:
      - @ConditionalOnMissingBean (types: org.springframework.boot.task.ThreadPoolTaskSchedulerBuilder; SearchStrategy: all) did not find any beans (OnBeanCondition)

   TransactionAutoConfiguration matched:
      - @ConditionalOnClass found required class 'org.springframework.transaction.PlatformTransactionManager' (OnClassCondition)

   TransactionAutoConfiguration.TransactionTemplateConfiguration matched:
      - @ConditionalOnSingleCandidate (types: org.springframework.transaction.PlatformTransactionManager; SearchStrategy: all) found a single bean 'transactionManager' (OnBeanCondition)

   TransactionAutoConfiguration.TransactionTemplateConfiguration#transactionTemplate matched:
      - @ConditionalOnMissingBean (types: org.springframework.transaction.support.TransactionOperations; SearchStrategy: all) did not find any beans (OnBeanCondition)

   TransactionManagerCustomizationAutoConfiguration matched:
      - @ConditionalOnClass found required class 'org.springframework.transaction.PlatformTransactionManager' (OnClassCondition)

   TransactionManagerCustomizationAutoConfiguration#platformTransactionManagerCustomizers matched:
      - @ConditionalOnMissingBean (types: org.springframework.boot.autoconfigure.transaction.TransactionManagerCustomizers; SearchStrategy: all) did not find any beans (OnBeanCondition)

   ValidationAutoConfiguration matched:
      - @ConditionalOnClass found required class 'jakarta.validation.executable.ExecutableValidator' (OnClassCondition)
      - @ConditionalOnResource found location classpath:META-INF/services/jakarta.validation.spi.ValidationProvider (OnResourceCondition)

   ValidationAutoConfiguration#defaultValidator matched:
      - @ConditionalOnMissingBean (types: jakarta.validation.Validator; SearchStrategy: all) did not find any beans (OnBeanCondition)

   ValidationAutoConfiguration#methodValidationPostProcessor matched:
      - @ConditionalOnMissingBean (types: org.springframework.validation.beanvalidation.MethodValidationPostProcessor; SearchStrategy: current) did not find any beans (OnBeanCondition)

   WebMvcAutoConfiguration matched:
      - @ConditionalOnClass found required classes 'jakarta.servlet.Servlet', 'org.springframework.web.servlet.DispatcherServlet', 'org.springframework.web.servlet.config.annotation.WebMvcConfigurer' (OnClassCondition)
      - found 'session' scope (OnWebApplicationCondition)
      - @ConditionalOnMissingBean (types: org.springframework.web.servlet.config.annotation.WebMvcConfigurationSupport; SearchStrategy: all) did not find any beans (OnBeanCondition)

   WebMvcAutoConfiguration#formContentFilter matched:
      - @ConditionalOnProperty (spring.mvc.formcontent.filter.enabled) matched (OnPropertyCondition)
      - @ConditionalOnMissingBean (types: org.springframework.web.filter.FormContentFilter; SearchStrategy: all) did not find any beans (OnBeanCondition)

   WebMvcAutoConfiguration.EnableWebMvcConfiguration#flashMapManager matched:
      - @ConditionalOnMissingBean (names: flashMapManager; SearchStrategy: all) did not find any beans (OnBeanCondition)

   WebMvcAutoConfiguration.EnableWebMvcConfiguration#localeResolver matched:
      - @ConditionalOnMissingBean (names: localeResolver; SearchStrategy: all) did not find any beans (OnBeanCondition)

   WebMvcAutoConfiguration.EnableWebMvcConfiguration#themeResolver matched:
      - @ConditionalOnMissingBean (names: themeResolver; SearchStrategy: all) did not find any beans (OnBeanCondition)

   WebMvcAutoConfiguration.EnableWebMvcConfiguration#viewNameTranslator matched:
      - @ConditionalOnMissingBean (names: viewNameTranslator; SearchStrategy: all) did not find any beans (OnBeanCondition)

   WebMvcAutoConfiguration.WebMvcAutoConfigurationAdapter#defaultViewResolver matched:
      - @ConditionalOnMissingBean (types: org.springframework.web.servlet.view.InternalResourceViewResolver; SearchStrategy: all) did not find any beans (OnBeanCondition)

   WebMvcAutoConfiguration.WebMvcAutoConfigurationAdapter#requestContextFilter matched:
      - @ConditionalOnMissingBean (types: org.springframework.web.context.request.RequestContextListener,org.springframework.web.filter.RequestContextFilter; SearchStrategy: all) did not find any beans (OnBeanCondition)

   WebMvcAutoConfiguration.WebMvcAutoConfigurationAdapter#viewResolver matched:
      - @ConditionalOnBean (types: org.springframework.web.servlet.ViewResolver; SearchStrategy: all) found beans 'defaultViewResolver', 'beanNameViewResolver', 'mvcViewResolver'; @ConditionalOnMissingBean (names: viewResolver types: org.springframework.web.servlet.view.ContentNegotiatingViewResolver; SearchStrategy: all) did not find any beans (OnBeanCondition)

   WebSocketServletAutoConfiguration matched:
      - @ConditionalOnClass found required classes 'jakarta.servlet.Servlet', 'jakarta.websocket.server.ServerContainer' (OnClassCondition)
      - found 'session' scope (OnWebApplicationCondition)

   WebSocketServletAutoConfiguration.TomcatWebSocketConfiguration matched:
      - @ConditionalOnClass found required classes 'org.apache.catalina.startup.Tomcat', 'org.apache.tomcat.websocket.server.WsSci' (OnClassCondition)

   WebSocketServletAutoConfiguration.TomcatWebSocketConfiguration#websocketServletWebServerCustomizer matched:
      - @ConditionalOnMissingBean (names: websocketServletWebServerCustomizer; SearchStrategy: all) did not find any beans (OnBeanCondition)


Negative matches:
-----------------

   ActiveMQAutoConfiguration:
      Did not match:
         - @ConditionalOnClass did not find required class 'jakarta.jms.ConnectionFactory' (OnClassCondition)

   AopAutoConfiguration.AspectJAutoProxyingConfiguration:
      Did not match:
         - @ConditionalOnClass did not find required class 'org.aspectj.weaver.Advice' (OnClassCondition)

   ArtemisAutoConfiguration:
      Did not match:
         - @ConditionalOnClass did not find required class 'jakarta.jms.ConnectionFactory' (OnClassCondition)

   BatchAutoConfiguration:
      Did not match:
         - @ConditionalOnClass did not find required class 'org.springframework.batch.core.launch.JobLauncher' (OnClassCondition)

   Cache2kCacheConfiguration:
      Did not match:
         - @ConditionalOnClass did not find required class 'org.cache2k.Cache2kBuilder' (OnClassCondition)

   CacheAutoConfiguration:
      Did not match:
         - @ConditionalOnBean (types: org.springframework.cache.interceptor.CacheAspectSupport; SearchStrategy: all) did not find any beans of type org.springframework.cache.interceptor.CacheAspectSupport (OnBeanCondition)
      Matched:
         - @ConditionalOnClass found required class 'org.springframework.cache.CacheManager' (OnClassCondition)

   CacheAutoConfiguration.CacheManagerEntityManagerFactoryDependsOnPostProcessor:
      Did not match:
         - Ancestor org.springframework.boot.autoconfigure.cache.CacheAutoConfiguration did not match (ConditionEvaluationReport.AncestorsMatchedCondition)
      Matched:
         - @ConditionalOnClass found required class 'org.springframework.orm.jpa.LocalContainerEntityManagerFactoryBean' (OnClassCondition)

   CaffeineCacheConfiguration:
      Did not match:
         - @ConditionalOnClass did not find required class 'com.github.benmanes.caffeine.cache.Caffeine' (OnClassCondition)

   CassandraAutoConfiguration:
      Did not match:
         - @ConditionalOnClass did not find required class 'com.datastax.oss.driver.api.core.CqlSession' (OnClassCondition)

   CassandraDataAutoConfiguration:
      Did not match:
         - @ConditionalOnClass did not find required class 'com.datastax.oss.driver.api.core.CqlSession' (OnClassCondition)

   CassandraReactiveDataAutoConfiguration:
      Did not match:
         - @ConditionalOnClass did not find required class 'com.datastax.oss.driver.api.core.CqlSession' (OnClassCondition)

   CassandraReactiveRepositoriesAutoConfiguration:
      Did not match:
         - @ConditionalOnClass did not find required class 'org.springframework.data.cassandra.ReactiveSession' (OnClassCondition)

   CassandraRepositoriesAutoConfiguration:
      Did not match:
         - @ConditionalOnClass did not find required class 'com.datastax.oss.driver.api.core.CqlSession' (OnClassCondition)

   ClientHttpConnectorAutoConfiguration:
      Did not match:
         - @ConditionalOnClass did not find required class 'org.springframework.web.reactive.function.client.WebClient' (OnClassCondition)

   CodecsAutoConfiguration:
      Did not match:
         - @ConditionalOnClass did not find required class 'org.springframework.web.reactive.function.client.WebClient' (OnClassCondition)

   CouchbaseAutoConfiguration:
      Did not match:
         - @ConditionalOnClass did not find required class 'com.couchbase.client.java.Cluster' (OnClassCondition)

   CouchbaseCacheConfiguration:
      Did not match:
         - @ConditionalOnClass did not find required class 'com.couchbase.client.java.Cluster' (OnClassCondition)

   CouchbaseDataAutoConfiguration:
      Did not match:
         - @ConditionalOnClass did not find required class 'com.couchbase.client.java.Bucket' (OnClassCondition)

   CouchbaseReactiveDataAutoConfiguration:
      Did not match:
         - @ConditionalOnClass did not find required class 'com.couchbase.client.java.Cluster' (OnClassCondition)

   CouchbaseReactiveRepositoriesAutoConfiguration:
      Did not match:
         - @ConditionalOnClass did not find required class 'com.couchbase.client.java.Cluster' (OnClassCondition)

   CouchbaseRepositoriesAutoConfiguration:
      Did not match:
         - @ConditionalOnClass did not find required class 'com.couchbase.client.java.Bucket' (OnClassCondition)

   DataSourceAutoConfiguration.EmbeddedDatabaseConfiguration:
      Did not match:
         - EmbeddedDataSource spring.datasource.url is set (DataSourceAutoConfiguration.EmbeddedDatabaseCondition)

   DataSourceAutoConfiguration.PooledDataSourceConfiguration:
      Did not match:
         - AnyNestedCondition 0 matched 2 did not; NestedCondition on DataSourceAutoConfiguration.PooledDataSourceCondition.PooledDataSourceAvailable PooledDataSource did not find supported DataSource; NestedCondition on DataSourceAutoConfiguration.PooledDataSourceCondition.ExplicitType @ConditionalOnProperty (spring.datasource.type) did not find property 'type' (DataSourceAutoConfiguration.PooledDataSourceCondition)

   DataSourceCheckpointRestoreConfiguration:
      Did not match:
         - @ConditionalOnClass did not find required class 'org.crac.Resource' (OnClassCondition)

   DataSourcePoolMetadataProvidersConfiguration.CommonsDbcp2PoolDataSourceMetadataProviderConfiguration:
      Did not match:
         - @ConditionalOnClass did not find required class 'org.apache.commons.dbcp2.BasicDataSource' (OnClassCondition)

   DataSourcePoolMetadataProvidersConfiguration.HikariPoolDataSourceMetadataProviderConfiguration:
      Did not match:
         - @ConditionalOnClass did not find required class 'com.zaxxer.hikari.HikariDataSource' (OnClassCondition)

   DataSourcePoolMetadataProvidersConfiguration.OracleUcpPoolDataSourceMetadataProviderConfiguration:
      Did not match:
         - @ConditionalOnClass did not find required classes 'oracle.ucp.jdbc.PoolDataSource', 'oracle.jdbc.OracleConnection' (OnClassCondition)

   DataSourcePoolMetadataProvidersConfiguration.TomcatDataSourcePoolMetadataProviderConfiguration:
      Did not match:
         - @ConditionalOnClass did not find required class 'org.apache.tomcat.jdbc.pool.DataSource' (OnClassCondition)

   DataSourceTransactionManagerAutoConfiguration.JdbcTransactionManagerConfiguration#transactionManager:
      Did not match:
         - @ConditionalOnMissingBean (types: org.springframework.transaction.TransactionManager; SearchStrategy: all) found beans of type 'org.springframework.transaction.TransactionManager' transactionManager (OnBeanCondition)

   DevToolsDataSourceAutoConfiguration:
      Did not match:
         - Devtools devtools is disabled for current context. (OnEnabledDevToolsCondition)
      Matched:
         - @ConditionalOnClass found required class 'javax.sql.DataSource' (OnClassCondition)

   DevToolsR2dbcAutoConfiguration:
      Did not match:
         - @ConditionalOnClass did not find required class 'io.r2dbc.spi.ConnectionFactory' (OnClassCondition)

   DispatcherServletAutoConfiguration.DispatcherServletConfiguration#multipartResolver:
      Did not match:
         - @ConditionalOnBean (types: org.springframework.web.multipart.MultipartResolver; SearchStrategy: all) did not find any beans of type org.springframework.web.multipart.MultipartResolver (OnBeanCondition)

   ElasticsearchClientAutoConfiguration:
      Did not match:
         - @ConditionalOnClass did not find required class 'co.elastic.clients.elasticsearch.ElasticsearchClient' (OnClassCondition)

   ElasticsearchDataAutoConfiguration:
      Did not match:
         - @ConditionalOnClass did not find required class 'org.springframework.data.elasticsearch.client.elc.ElasticsearchTemplate' (OnClassCondition)

   ElasticsearchRepositoriesAutoConfiguration:
      Did not match:
         - @ConditionalOnClass did not find required class 'org.springframework.data.elasticsearch.repository.ElasticsearchRepository' (OnClassCondition)

   ElasticsearchRestClientAutoConfiguration:
      Did not match:
         - @ConditionalOnClass did not find required class 'org.elasticsearch.client.RestClientBuilder' (OnClassCondition)

   EmbeddedLdapAutoConfiguration:
      Did not match:
         - @ConditionalOnClass did not find required class 'com.unboundid.ldap.listener.InMemoryDirectoryServer' (OnClassCondition)

   EmbeddedWebServerFactoryCustomizerAutoConfiguration:
      Did not match:
         - Application is deployed as a WAR file. (OnWarDeploymentCondition)
      Matched:
         - @ConditionalOnWebApplication (required) found 'session' scope (OnWebApplicationCondition)

   ErrorWebFluxAutoConfiguration:
      Did not match:
         - @ConditionalOnClass did not find required class 'org.springframework.web.reactive.config.WebFluxConfigurer' (OnClassCondition)

   FlywayAutoConfiguration:
      Did not match:
         - @ConditionalOnClass did not find required class 'org.flywaydb.core.Flyway' (OnClassCondition)

   FreeMarkerAutoConfiguration:
      Did not match:
         - @ConditionalOnClass did not find required class 'freemarker.template.Configuration' (OnClassCondition)

   GraphQlAutoConfiguration:
      Did not match:
         - @ConditionalOnClass did not find required class 'graphql.GraphQL' (OnClassCondition)

   GraphQlQueryByExampleAutoConfiguration:
      Did not match:
         - @ConditionalOnClass did not find required class 'graphql.GraphQL' (OnClassCondition)

   GraphQlQuerydslAutoConfiguration:
      Did not match:
         - @ConditionalOnClass did not find required class 'com.querydsl.core.Query' (OnClassCondition)

   GraphQlRSocketAutoConfiguration:
      Did not match:
         - @ConditionalOnClass did not find required class 'graphql.GraphQL' (OnClassCondition)

   GraphQlReactiveQueryByExampleAutoConfiguration:
      Did not match:
         - @ConditionalOnClass did not find required class 'graphql.GraphQL' (OnClassCondition)

   GraphQlReactiveQuerydslAutoConfiguration:
      Did not match:
         - @ConditionalOnClass did not find required class 'com.querydsl.core.Query' (OnClassCondition)

   GraphQlWebFluxAutoConfiguration:
      Did not match:
         - @ConditionalOnClass did not find required class 'graphql.GraphQL' (OnClassCondition)

   GraphQlWebFluxSecurityAutoConfiguration:
      Did not match:
         - @ConditionalOnClass did not find required class 'graphql.GraphQL' (OnClassCondition)

   GraphQlWebMvcAutoConfiguration:
      Did not match:
         - @ConditionalOnClass did not find required class 'graphql.GraphQL' (OnClassCondition)

   GraphQlWebMvcSecurityAutoConfiguration:
      Did not match:
         - @ConditionalOnClass did not find required class 'graphql.GraphQL' (OnClassCondition)

   GroovyTemplateAutoConfiguration:
      Did not match:
         - @ConditionalOnClass did not find required class 'groovy.text.markup.MarkupTemplateEngine' (OnClassCondition)

   GsonAutoConfiguration:
      Did not match:
         - @ConditionalOnClass did not find required class 'com.google.gson.Gson' (OnClassCondition)

   GsonHttpMessageConvertersConfiguration:
      Did not match:
         - @ConditionalOnClass did not find required class 'com.google.gson.Gson' (OnClassCondition)

   H2ConsoleAutoConfiguration:
      Did not match:
         - @ConditionalOnClass did not find required class 'org.h2.server.web.JakartaWebServlet' (OnClassCondition)

   HazelcastAutoConfiguration:
      Did not match:
         - @ConditionalOnClass did not find required class 'com.hazelcast.core.HazelcastInstance' (OnClassCondition)

   HazelcastCacheConfiguration:
      Did not match:
         - @ConditionalOnClass did not find required class 'com.hazelcast.core.HazelcastInstance' (OnClassCondition)

   HazelcastJpaDependencyAutoConfiguration:
      Did not match:
         - @ConditionalOnClass did not find required class 'com.hazelcast.core.HazelcastInstance' (OnClassCondition)

   HttpHandlerAutoConfiguration:
      Did not match:
         - @ConditionalOnClass did not find required class 'org.springframework.web.reactive.DispatcherHandler' (OnClassCondition)

   HypermediaAutoConfiguration:
      Did not match:
         - @ConditionalOnClass did not find required class 'org.springframework.hateoas.EntityModel' (OnClassCondition)

   InfinispanCacheConfiguration:
      Did not match:
         - @ConditionalOnClass did not find required class 'org.infinispan.spring.embedded.provider.SpringEmbeddedCacheManager' (OnClassCondition)

   IntegrationAutoConfiguration:
      Did not match:
         - @ConditionalOnClass did not find required class 'org.springframework.integration.config.EnableIntegration' (OnClassCondition)

   JCacheCacheConfiguration:
      Did not match:
         - @ConditionalOnClass did not find required class 'javax.cache.Caching' (OnClassCondition)

   JacksonAutoConfiguration.JacksonObjectMapperConfiguration#jacksonObjectMapper:
      Did not match:
         - @ConditionalOnMissingBean (types: com.fasterxml.jackson.databind.ObjectMapper; SearchStrategy: all) found beans of type 'com.fasterxml.jackson.databind.ObjectMapper' objectMapper (OnBeanCondition)

   JacksonHttpMessageConvertersConfiguration.MappingJackson2XmlHttpMessageConverterConfiguration:
      Did not match:
         - @ConditionalOnClass did not find required class 'com.fasterxml.jackson.dataformat.xml.XmlMapper' (OnClassCondition)

   JdbcRepositoriesAutoConfiguration:
      Did not match:
         - @ConditionalOnClass did not find required class 'org.springframework.data.jdbc.repository.config.AbstractJdbcConfiguration' (OnClassCondition)

   JerseyAutoConfiguration:
      Did not match:
         - @ConditionalOnClass did not find required class 'org.glassfish.jersey.server.spring.SpringComponentProvider' (OnClassCondition)

   JmsAutoConfiguration:
      Did not match:
         - @ConditionalOnClass did not find required class 'jakarta.jms.Message' (OnClassCondition)

   JmxAutoConfiguration:
      Did not match:
         - @ConditionalOnProperty (spring.jmx.enabled=true) found different value in property 'enabled' (OnPropertyCondition)
      Matched:
         - @ConditionalOnClass found required class 'org.springframework.jmx.export.MBeanExporter' (OnClassCondition)

   JndiConnectionFactoryAutoConfiguration:
      Did not match:
         - @ConditionalOnClass did not find required class 'org.springframework.jms.core.JmsTemplate' (OnClassCondition)

   JndiDataSourceAutoConfiguration:
      Did not match:
         - @ConditionalOnProperty (spring.datasource.jndi-name) did not find property 'jndi-name' (OnPropertyCondition)
      Matched:
         - @ConditionalOnClass found required classes 'javax.sql.DataSource', 'org.springframework.jdbc.datasource.embedded.EmbeddedDatabaseType' (OnClassCondition)

   JndiJtaConfiguration:
      Did not match:
         - @ConditionalOnJndi JNDI environment is not available (OnJndiCondition)
      Matched:
         - @ConditionalOnClass found required class 'org.springframework.transaction.jta.JtaTransactionManager' (OnClassCondition)

   JooqAutoConfiguration:
      Did not match:
         - @ConditionalOnClass did not find required class 'org.jooq.DSLContext' (OnClassCondition)

   JpaBaseConfiguration#entityManagerFactory:
      Did not match:
         - @ConditionalOnMissingBean (types: org.springframework.orm.jpa.LocalContainerEntityManagerFactoryBean,jakarta.persistence.EntityManagerFactory; SearchStrategy: all) found beans of type 'jakarta.persistence.EntityManagerFactory' entityManagerFactory and found beans of type 'org.springframework.orm.jpa.LocalContainerEntityManagerFactoryBean' &entityManagerFactory (OnBeanCondition)

   JpaBaseConfiguration#transactionManager:
      Did not match:
         - @ConditionalOnMissingBean (types: org.springframework.transaction.TransactionManager; SearchStrategy: all) found beans of type 'org.springframework.transaction.TransactionManager' transactionManager (OnBeanCondition)

   JpaBaseConfiguration.PersistenceManagedTypesConfiguration:
      Did not match:
         - @ConditionalOnMissingBean (types: org.springframework.orm.jpa.LocalContainerEntityManagerFactoryBean,jakarta.persistence.EntityManagerFactory; SearchStrategy: all) found beans of type 'jakarta.persistence.EntityManagerFactory' entityManagerFactory and found beans of type 'org.springframework.orm.jpa.LocalContainerEntityManagerFactoryBean' &entityManagerFactory (OnBeanCondition)

   JpaRepositoriesAutoConfiguration:
      Did not match:
         - @ConditionalOnClass did not find required class 'org.springframework.data.jpa.repository.JpaRepository' (OnClassCondition)

   JsonbAutoConfiguration:
      Did not match:
         - @ConditionalOnClass did not find required class 'jakarta.json.bind.Jsonb' (OnClassCondition)

   JsonbHttpMessageConvertersConfiguration:
      Did not match:
         - @ConditionalOnClass did not find required class 'jakarta.json.bind.Jsonb' (OnClassCondition)

   KafkaAutoConfiguration:
      Did not match:
         - @ConditionalOnClass did not find required class 'org.springframework.kafka.core.KafkaTemplate' (OnClassCondition)

   LdapAutoConfiguration:
      Did not match:
         - @ConditionalOnClass did not find required class 'org.springframework.ldap.core.ContextSource' (OnClassCondition)

   LdapRepositoriesAutoConfiguration:
      Did not match:
         - @ConditionalOnClass did not find required class 'org.springframework.data.ldap.repository.LdapRepository' (OnClassCondition)

   LiquibaseAutoConfiguration:
      Did not match:
         - @ConditionalOnProperty (spring.liquibase.enabled) found different value in property 'enabled' (OnPropertyCondition)
      Matched:
         - @ConditionalOnClass found required classes 'liquibase.integration.spring.SpringLiquibase', 'liquibase.change.DatabaseChange' (OnClassCondition)

   LocalDevToolsAutoConfiguration:
      Did not match:
         - Initialized Restarter Condition initialized without URLs (OnInitializedRestarterCondition)

   MailSenderAutoConfiguration:
      Did not match:
         - @ConditionalOnClass did not find required class 'jakarta.mail.internet.MimeMessage' (OnClassCondition)

   MailSenderValidatorAutoConfiguration:
      Did not match:
         - @ConditionalOnSingleCandidate did not find required type 'org.springframework.mail.javamail.JavaMailSenderImpl' (OnBeanCondition)

   MessageSourceAutoConfiguration:
      Did not match:
         - ResourceBundle did not find bundle with basename messages (MessageSourceAutoConfiguration.ResourceBundleCondition)

   MockMvcAutoConfiguration#dispatcherServlet:
      Did not match:
         - @ConditionalOnMissingBean (types: org.springframework.web.servlet.DispatcherServlet; SearchStrategy: all) found beans of type 'org.springframework.web.servlet.DispatcherServlet' dispatcherServlet (OnBeanCondition)

   MockMvcAutoConfiguration#dispatcherServletPath:
      Did not match:
         - @ConditionalOnMissingBean (types: org.springframework.boot.autoconfigure.web.servlet.DispatcherServletPath; SearchStrategy: all) found beans of type 'org.springframework.boot.autoconfigure.web.servlet.DispatcherServletPath' dispatcherServletRegistration (OnBeanCondition)

   MockMvcAutoConfiguration.WebTestClientMockMvcConfiguration:
      Did not match:
         - @ConditionalOnClass did not find required class 'org.springframework.web.reactive.function.client.WebClient' (OnClassCondition)

   MockMvcWebClientAutoConfiguration:
      Did not match:
         - @ConditionalOnClass did not find required class 'org.htmlunit.WebClient' (OnClassCondition)

   MockMvcWebDriverAutoConfiguration:
      Did not match:
         - @ConditionalOnClass did not find required class 'org.openqa.selenium.htmlunit.HtmlUnitDriver' (OnClassCondition)

   MongoAutoConfiguration:
      Did not match:
         - @ConditionalOnClass did not find required class 'com.mongodb.client.MongoClient' (OnClassCondition)

   MongoDataAutoConfiguration:
      Did not match:
         - @ConditionalOnClass did not find required class 'com.mongodb.client.MongoClient' (OnClassCondition)

   MongoReactiveAutoConfiguration:
      Did not match:
         - @ConditionalOnClass did not find required class 'com.mongodb.reactivestreams.client.MongoClient' (OnClassCondition)

   MongoReactiveDataAutoConfiguration:
      Did not match:
         - @ConditionalOnClass did not find required class 'com.mongodb.reactivestreams.client.MongoClient' (OnClassCondition)

   MongoReactiveRepositoriesAutoConfiguration:
      Did not match:
         - @ConditionalOnClass did not find required class 'com.mongodb.reactivestreams.client.MongoClient' (OnClassCondition)

   MongoRepositoriesAutoConfiguration:
      Did not match:
         - @ConditionalOnClass did not find required class 'com.mongodb.client.MongoClient' (OnClassCondition)

   MustacheAutoConfiguration:
      Did not match:
         - @ConditionalOnClass did not find required class 'com.samskivert.mustache.Mustache' (OnClassCondition)

   Neo4jAutoConfiguration:
      Did not match:
         - @ConditionalOnClass did not find required class 'org.neo4j.driver.Driver' (OnClassCondition)

   Neo4jDataAutoConfiguration:
      Did not match:
         - @ConditionalOnClass did not find required class 'org.neo4j.driver.Driver' (OnClassCondition)

   Neo4jReactiveDataAutoConfiguration:
      Did not match:
         - @ConditionalOnClass did not find required class 'org.neo4j.driver.Driver' (OnClassCondition)

   Neo4jReactiveRepositoriesAutoConfiguration:
      Did not match:
         - @ConditionalOnClass did not find required class 'org.neo4j.driver.Driver' (OnClassCondition)

   Neo4jRepositoriesAutoConfiguration:
      Did not match:
         - @ConditionalOnClass did not find required class 'org.neo4j.driver.Driver' (OnClassCondition)

   NettyAutoConfiguration:
      Did not match:
         - @ConditionalOnClass did not find required class 'io.netty.util.NettyRuntime' (OnClassCondition)

   OAuth2AuthorizationServerAutoConfiguration:
      Did not match:
         - @ConditionalOnClass did not find required class 'org.springframework.security.oauth2.server.authorization.OAuth2Authorization' (OnClassCondition)

   OAuth2AuthorizationServerJwtAutoConfiguration:
      Did not match:
         - @ConditionalOnClass did not find required class 'org.springframework.security.oauth2.server.authorization.OAuth2Authorization' (OnClassCondition)

   OAuth2ClientAutoConfiguration:
      Did not match:
         - @ConditionalOnClass did not find required class 'org.springframework.security.oauth2.client.registration.ClientRegistration' (OnClassCondition)

   OAuth2ResourceServerAutoConfiguration:
      Did not match:
         - @ConditionalOnClass did not find required class 'org.springframework.security.oauth2.server.resource.authentication.BearerTokenAuthenticationToken' (OnClassCondition)

   ProjectInfoAutoConfiguration#buildProperties:
      Did not match:
         - @ConditionalOnResource did not find resource '${spring.info.build.location:classpath:META-INF/build-info.properties}' (OnResourceCondition)

   ProjectInfoAutoConfiguration#gitProperties:
      Did not match:
         - GitResource did not find git info at classpath:git.properties (ProjectInfoAutoConfiguration.GitResourceAvailableCondition)

   PulsarAutoConfiguration:
      Did not match:
         - @ConditionalOnClass did not find required class 'org.apache.pulsar.client.api.PulsarClient' (OnClassCondition)

   PulsarReactiveAutoConfiguration:
      Did not match:
         - @ConditionalOnClass did not find required class 'org.apache.pulsar.client.api.PulsarClient' (OnClassCondition)

   QuartzAutoConfiguration:
      Did not match:
         - @ConditionalOnClass did not find required class 'org.quartz.Scheduler' (OnClassCondition)

   R2dbcAutoConfiguration:
      Did not match:
         - @ConditionalOnClass did not find required class 'io.r2dbc.spi.ConnectionFactory' (OnClassCondition)

   R2dbcDataAutoConfiguration:
      Did not match:
         - @ConditionalOnClass did not find required class 'org.springframework.data.r2dbc.core.R2dbcEntityTemplate' (OnClassCondition)

   R2dbcInitializationConfiguration:
      Did not match:
         - @ConditionalOnClass did not find required classes 'io.r2dbc.spi.ConnectionFactory', 'org.springframework.r2dbc.connection.init.DatabasePopulator' (OnClassCondition)

   R2dbcProxyAutoConfiguration:
      Did not match:
         - @ConditionalOnClass did not find required class 'io.r2dbc.proxy.ProxyConnectionFactory' (OnClassCondition)

   R2dbcRepositoriesAutoConfiguration:
      Did not match:
         - @ConditionalOnClass did not find required class 'io.r2dbc.spi.ConnectionFactory' (OnClassCondition)

   R2dbcTransactionManagerAutoConfiguration:
      Did not match:
         - @ConditionalOnClass did not find required class 'org.springframework.r2dbc.connection.R2dbcTransactionManager' (OnClassCondition)

   RSocketGraphQlClientAutoConfiguration:
      Did not match:
         - @ConditionalOnClass did not find required class 'graphql.GraphQL' (OnClassCondition)

   RSocketMessagingAutoConfiguration:
      Did not match:
         - @ConditionalOnClass did not find required class 'io.rsocket.RSocket' (OnClassCondition)

   RSocketRequesterAutoConfiguration:
      Did not match:
         - @ConditionalOnClass did not find required class 'io.rsocket.RSocket' (OnClassCondition)

   RSocketSecurityAutoConfiguration:
      Did not match:
         - @ConditionalOnClass did not find required class 'org.springframework.security.rsocket.core.SecuritySocketAcceptorInterceptor' (OnClassCondition)

   RSocketServerAutoConfiguration:
      Did not match:
         - @ConditionalOnClass did not find required class 'io.rsocket.core.RSocketServer' (OnClassCondition)

   RSocketStrategiesAutoConfiguration:
      Did not match:
         - @ConditionalOnClass did not find required class 'io.netty.buffer.PooledByteBufAllocator' (OnClassCondition)

   RabbitAutoConfiguration:
      Did not match:
         - @ConditionalOnClass did not find required class 'com.rabbitmq.client.Channel' (OnClassCondition)

   ReactiveElasticsearchClientAutoConfiguration:
      Did not match:
         - @ConditionalOnClass did not find required class 'co.elastic.clients.transport.ElasticsearchTransport' (OnClassCondition)

   ReactiveElasticsearchRepositoriesAutoConfiguration:
      Did not match:
         - @ConditionalOnClass did not find required class 'reactor.core.publisher.Mono' (OnClassCondition)

   ReactiveMultipartAutoConfiguration:
      Did not match:
         - @ConditionalOnClass did not find required class 'org.springframework.web.reactive.config.WebFluxConfigurer' (OnClassCondition)

   ReactiveOAuth2ClientAutoConfiguration:
      Did not match:
         - @ConditionalOnClass did not find required class 'reactor.core.publisher.Flux' (OnClassCondition)

   ReactiveOAuth2ResourceServerAutoConfiguration:
      Did not match:
         - @ConditionalOnWebApplication did not find reactive web application classes (OnWebApplicationCondition)

   ReactiveSecurityAutoConfiguration:
      Did not match:
         - @ConditionalOnClass did not find required class 'reactor.core.publisher.Flux' (OnClassCondition)

   ReactiveUserDetailsServiceAutoConfiguration:
      Did not match:
         - AnyNestedCondition 0 matched 2 did not; NestedCondition on ReactiveUserDetailsServiceAutoConfiguration.RSocketEnabledOrReactiveWebApplication.ReactiveWebApplicationCondition did not find reactive web application classes; NestedCondition on ReactiveUserDetailsServiceAutoConfiguration.RSocketEnabledOrReactiveWebApplication.RSocketSecurityEnabledCondition @ConditionalOnBean (types: org.springframework.messaging.rsocket.annotation.support.RSocketMessageHandler; SearchStrategy: all) did not find any beans of type org.springframework.messaging.rsocket.annotation.support.RSocketMessageHandler (ReactiveUserDetailsServiceAutoConfiguration.RSocketEnabledOrReactiveWebApplication)
      Matched:
         - @ConditionalOnClass found required class 'org.springframework.security.authentication.ReactiveAuthenticationManager' (OnClassCondition)
         - AnyNestedCondition 1 matched 2 did not; NestedCondition on ReactiveUserDetailsServiceAutoConfiguration.MissingAlternativeOrUserPropertiesConfigured.PasswordConfigured @ConditionalOnProperty (spring.security.user.password) did not find property 'password'; NestedCondition on ReactiveUserDetailsServiceAutoConfiguration.MissingAlternativeOrUserPropertiesConfigured.NameConfigured @ConditionalOnProperty (spring.security.user.name) did not find property 'name'; NestedCondition on ReactiveUserDetailsServiceAutoConfiguration.MissingAlternativeOrUserPropertiesConfigured.MissingAlternative @ConditionalOnMissingClass did not find unwanted classes 'org.springframework.security.oauth2.client.registration.ClientRegistrationRepository', 'org.springframework.security.oauth2.server.resource.introspection.ReactiveOpaqueTokenIntrospector' (ReactiveUserDetailsServiceAutoConfiguration.MissingAlternativeOrUserPropertiesConfigured)

   ReactiveWebServerFactoryAutoConfiguration:
      Did not match:
         - @ConditionalOnWebApplication did not find reactive web application classes (OnWebApplicationCondition)

   ReactorAutoConfiguration:
      Did not match:
         - @ConditionalOnClass did not find required class 'reactor.core.publisher.Hooks' (OnClassCondition)

   RedisAutoConfiguration:
      Did not match:
         - @ConditionalOnClass did not find required class 'org.springframework.data.redis.core.RedisOperations' (OnClassCondition)

   RedisCacheConfiguration:
      Did not match:
         - @ConditionalOnClass did not find required class 'org.springframework.data.redis.connection.RedisConnectionFactory' (OnClassCondition)

   RedisReactiveAutoConfiguration:
      Did not match:
         - @ConditionalOnClass did not find required class 'reactor.core.publisher.Flux' (OnClassCondition)

   RedisRepositoriesAutoConfiguration:
      Did not match:
         - @ConditionalOnClass did not find required class 'org.springframework.data.redis.repository.configuration.EnableRedisRepositories' (OnClassCondition)

   RemoteDevToolsAutoConfiguration:
      Did not match:
         - @ConditionalOnProperty (spring.devtools.remote.secret) did not find property 'secret' (OnPropertyCondition)
      Matched:
         - @ConditionalOnClass found required classes 'jakarta.servlet.Filter', 'org.springframework.http.server.ServerHttpRequest' (OnClassCondition)

   RepositoryRestMvcAutoConfiguration:
      Did not match:
         - @ConditionalOnClass did not find required class 'org.springframework.data.rest.webmvc.config.RepositoryRestMvcConfiguration' (OnClassCondition)

   Saml2RelyingPartyAutoConfiguration:
      Did not match:
         - @ConditionalOnClass did not find required class 'org.springframework.security.saml2.provider.service.registration.RelyingPartyRegistrationRepository' (OnClassCondition)

   SecurityDataConfiguration:
      Did not match:
         - @ConditionalOnClass did not find required class 'org.springframework.security.data.repository.query.SecurityEvaluationContextExtension' (OnClassCondition)

   SendGridAutoConfiguration:
      Did not match:
         - @ConditionalOnClass did not find required class 'com.sendgrid.SendGrid' (OnClassCondition)

   ServletWebServerFactoryAutoConfiguration.ForwardedHeaderFilterConfiguration:
      Did not match:
         - @ConditionalOnProperty (server.forward-headers-strategy=framework) did not find property 'server.forward-headers-strategy' (OnPropertyCondition)

   ServletWebServerFactoryConfiguration.EmbeddedJetty:
      Did not match:
         - @ConditionalOnClass did not find required classes 'org.eclipse.jetty.server.Server', 'org.eclipse.jetty.util.Loader', 'org.eclipse.jetty.ee10.webapp.WebAppContext' (OnClassCondition)

   ServletWebServerFactoryConfiguration.EmbeddedUndertow:
      Did not match:
         - @ConditionalOnClass did not find required classes 'io.undertow.Undertow', 'org.xnio.SslClientAuthMode' (OnClassCondition)

   SessionAutoConfiguration:
      Did not match:
         - @ConditionalOnClass did not find required class 'org.springframework.session.Session' (OnClassCondition)

   SpringApplicationAdminJmxAutoConfiguration:
      Did not match:
         - @ConditionalOnProperty (spring.application.admin.enabled=true) did not find property 'enabled' (OnPropertyCondition)

   SpringBootWebSecurityConfiguration.SecurityFilterChainConfiguration:
      Did not match:
         - AllNestedConditions 1 matched 1 did not; NestedCondition on DefaultWebSecurityCondition.Beans @ConditionalOnMissingBean (types: org.springframework.security.web.SecurityFilterChain; SearchStrategy: all) found beans of type 'org.springframework.security.web.SecurityFilterChain' securityFilterChain; NestedCondition on DefaultWebSecurityCondition.Classes @ConditionalOnClass found required classes 'org.springframework.security.web.SecurityFilterChain', 'org.springframework.security.config.annotation.web.builders.HttpSecurity' (DefaultWebSecurityCondition)

   SpringBootWebSecurityConfiguration.WebSecurityEnablerConfiguration:
      Did not match:
         - @ConditionalOnMissingBean (names: springSecurityFilterChain; SearchStrategy: all) found beans named springSecurityFilterChain (OnBeanCondition)
      Matched:
         - @ConditionalOnClass found required class 'org.springframework.security.config.annotation.web.configuration.EnableWebSecurity' (OnClassCondition)

   SpringDataWebAutoConfiguration:
      Did not match:
         - @ConditionalOnClass did not find required class 'org.springframework.data.web.PageableHandlerMethodArgumentResolver' (OnClassCondition)

   TaskExecutorConfigurations.SimpleAsyncTaskExecutorBuilderConfiguration#simpleAsyncTaskExecutorBuilderVirtualThreads:
      Did not match:
         - @ConditionalOnMissingBean (types: org.springframework.boot.task.SimpleAsyncTaskExecutorBuilder; SearchStrategy: all) found beans of type 'org.springframework.boot.task.SimpleAsyncTaskExecutorBuilder' simpleAsyncTaskExecutorBuilder (OnBeanCondition)

   TaskExecutorConfigurations.TaskExecutorConfiguration#applicationTaskExecutorVirtualThreads:
      Did not match:
         - @ConditionalOnThreading did not find VIRTUAL (OnThreadingCondition)

   TaskSchedulingAutoConfiguration#scheduledBeanLazyInitializationExcludeFilter:
      Did not match:
         - @ConditionalOnBean (names: org.springframework.context.annotation.internalScheduledAnnotationProcessor; SearchStrategy: all) did not find any beans named org.springframework.context.annotation.internalScheduledAnnotationProcessor (OnBeanCondition)

   TaskSchedulingConfigurations.SimpleAsyncTaskSchedulerBuilderConfiguration#simpleAsyncTaskSchedulerBuilderVirtualThreads:
      Did not match:
         - @ConditionalOnMissingBean (types: org.springframework.boot.task.SimpleAsyncTaskSchedulerBuilder; SearchStrategy: all) found beans of type 'org.springframework.boot.task.SimpleAsyncTaskSchedulerBuilder' simpleAsyncTaskSchedulerBuilder (OnBeanCondition)

   TaskSchedulingConfigurations.TaskSchedulerConfiguration:
      Did not match:
         - @ConditionalOnBean (names: org.springframework.context.annotation.internalScheduledAnnotationProcessor; SearchStrategy: all) did not find any beans named org.springframework.context.annotation.internalScheduledAnnotationProcessor (OnBeanCondition)

   ThymeleafAutoConfiguration:
      Did not match:
         - @ConditionalOnClass did not find required class 'org.thymeleaf.spring6.SpringTemplateEngine' (OnClassCondition)

   TransactionAutoConfiguration#transactionalOperator:
      Did not match:
         - @ConditionalOnSingleCandidate (types: org.springframework.transaction.ReactiveTransactionManager; SearchStrategy: all) did not find any beans (OnBeanCondition)

   TransactionAutoConfiguration.AspectJTransactionManagementConfiguration:
      Did not match:
         - @ConditionalOnBean did not find required type 'org.springframework.transaction.aspectj.AbstractTransactionAspect' (OnBeanCondition)
         - @ConditionalOnBean (types: org.springframework.transaction.aspectj.AbstractTransactionAspect; SearchStrategy: all) did not find any beans of type org.springframework.transaction.aspectj.AbstractTransactionAspect (OnBeanCondition)

   TransactionAutoConfiguration.EnableTransactionManagementConfiguration:
      Did not match:
         - @ConditionalOnMissingBean (types: org.springframework.transaction.annotation.AbstractTransactionManagementConfiguration; SearchStrategy: all) found beans of type 'org.springframework.transaction.annotation.AbstractTransactionManagementConfiguration' org.springframework.transaction.annotation.ProxyTransactionManagementConfiguration (OnBeanCondition)

   TransactionAutoConfiguration.EnableTransactionManagementConfiguration.CglibAutoProxyConfiguration:
      Did not match:
         - Ancestor org.springframework.boot.autoconfigure.transaction.TransactionAutoConfiguration$EnableTransactionManagementConfiguration did not match (ConditionEvaluationReport.AncestorsMatchedCondition)
      Matched:
         - @ConditionalOnProperty (spring.aop.proxy-target-class=true) matched (OnPropertyCondition)

   TransactionAutoConfiguration.EnableTransactionManagementConfiguration.JdkDynamicAutoProxyConfiguration:
      Did not match:
         - @ConditionalOnProperty (spring.aop.proxy-target-class=false) did not find property 'proxy-target-class' (OnPropertyCondition)
         - Ancestor org.springframework.boot.autoconfigure.transaction.TransactionAutoConfiguration$EnableTransactionManagementConfiguration did not match (ConditionEvaluationReport.AncestorsMatchedCondition)

   UserDetailsServiceAutoConfiguration:
      Did not match:
         - @ConditionalOnMissingBean (types: org.springframework.security.authentication.AuthenticationManager,org.springframework.security.authentication.AuthenticationProvider,org.springframework.security.core.userdetails.UserDetailsService,org.springframework.security.authentication.AuthenticationManagerResolver,org.springframework.security.oauth2.jwt.JwtDecoder; SearchStrategy: all) found beans of type 'org.springframework.security.authentication.AuthenticationManager' authenticationManager and found beans of type 'org.springframework.security.core.userdetails.UserDetailsService' userService (OnBeanCondition)
      Matched:
         - @ConditionalOnClass found required class 'org.springframework.security.authentication.AuthenticationManager' (OnClassCondition)
         - found 'session' scope (OnWebApplicationCondition)
         - AnyNestedCondition 1 matched 2 did not; NestedCondition on UserDetailsServiceAutoConfiguration.MissingAlternativeOrUserPropertiesConfigured.PasswordConfigured @ConditionalOnProperty (spring.security.user.password) did not find property 'password'; NestedCondition on UserDetailsServiceAutoConfiguration.MissingAlternativeOrUserPropertiesConfigured.NameConfigured @ConditionalOnProperty (spring.security.user.name) did not find property 'name'; NestedCondition on UserDetailsServiceAutoConfiguration.MissingAlternativeOrUserPropertiesConfigured.MissingAlternative @ConditionalOnMissingClass did not find unwanted classes 'org.springframework.security.oauth2.client.registration.ClientRegistrationRepository', 'org.springframework.security.oauth2.server.resource.introspection.OpaqueTokenIntrospector', 'org.springframework.security.saml2.provider.service.registration.RelyingPartyRegistrationRepository' (UserDetailsServiceAutoConfiguration.MissingAlternativeOrUserPropertiesConfigured)

   WebClientAutoConfiguration:
      Did not match:
         - @ConditionalOnClass did not find required class 'org.springframework.web.reactive.function.client.WebClient' (OnClassCondition)

   WebFluxAutoConfiguration:
      Did not match:
         - @ConditionalOnClass did not find required class 'org.springframework.web.reactive.config.WebFluxConfigurer' (OnClassCondition)

   WebMvcAutoConfiguration#hiddenHttpMethodFilter:
      Did not match:
         - @ConditionalOnProperty (spring.mvc.hiddenmethod.filter.enabled) did not find property 'enabled' (OnPropertyCondition)

   WebMvcAutoConfiguration.ProblemDetailsErrorHandlingConfiguration:
      Did not match:
         - @ConditionalOnProperty (spring.mvc.problemdetails.enabled=true) did not find property 'enabled' (OnPropertyCondition)

   WebMvcAutoConfiguration.ResourceChainCustomizerConfiguration:
      Did not match:
         - @ConditionalOnEnabledResourceChain did not find class org.webjars.WebJarVersionLocator (OnEnabledResourceChainCondition)

   WebMvcAutoConfiguration.WebMvcAutoConfigurationAdapter#beanNameViewResolver:
      Did not match:
         - @ConditionalOnMissingBean (types: org.springframework.web.servlet.view.BeanNameViewResolver; SearchStrategy: all) found beans of type 'org.springframework.web.servlet.view.BeanNameViewResolver' beanNameViewResolver (OnBeanCondition)

   WebServiceTemplateAutoConfiguration:
      Did not match:
         - @ConditionalOnClass did not find required class 'org.springframework.oxm.Marshaller' (OnClassCondition)

   WebServicesAutoConfiguration:
      Did not match:
         - @ConditionalOnClass did not find required class 'org.springframework.ws.transport.http.MessageDispatcherServlet' (OnClassCondition)

   WebSessionIdResolverAutoConfiguration:
      Did not match:
         - @ConditionalOnClass did not find required class 'reactor.core.publisher.Mono' (OnClassCondition)

   WebSocketMessagingAutoConfiguration:
      Did not match:
         - @ConditionalOnClass did not find required class 'org.springframework.web.socket.config.annotation.WebSocketMessageBrokerConfigurer' (OnClassCondition)

   WebSocketReactiveAutoConfiguration:
      Did not match:
         - @ConditionalOnWebApplication did not find reactive web application classes (OnWebApplicationCondition)

   WebSocketServletAutoConfiguration.JettyWebSocketConfiguration:
      Did not match:
         - @ConditionalOnClass did not find required class 'org.eclipse.jetty.ee10.websocket.jakarta.server.config.JakartaWebSocketServletContainerInitializer' (OnClassCondition)

   WebSocketServletAutoConfiguration.UndertowWebSocketConfiguration:
      Did not match:
         - @ConditionalOnClass did not find required class 'io.undertow.websockets.jsr.Bootstrap' (OnClassCondition)

   WebTestClientAutoConfiguration:
      Did not match:
         - @ConditionalOnClass did not find required class 'org.springframework.web.reactive.function.client.WebClient' (OnClassCondition)

   XADataSourceAutoConfiguration:
      Did not match:
         - @ConditionalOnBean (types: org.springframework.boot.jdbc.XADataSourceWrapper; SearchStrategy: all) did not find any beans of type org.springframework.boot.jdbc.XADataSourceWrapper (OnBeanCondition)
      Matched:
         - @ConditionalOnClass found required classes 'javax.sql.DataSource', 'jakarta.transaction.TransactionManager', 'org.springframework.jdbc.datasource.embedded.EmbeddedDatabaseType' (OnClassCondition)


Exclusions:
-----------

    None


Unconditional classes:
----------------------

    org.springframework.boot.autoconfigure.context.ConfigurationPropertiesAutoConfiguration

    org.springframework.boot.autoconfigure.ssl.SslAutoConfiguration

    org.springframework.boot.autoconfigure.context.PropertyPlaceholderAutoConfiguration

    org.springframework.boot.autoconfigure.context.LifecycleAutoConfiguration

    org.springframework.boot.autoconfigure.availability.ApplicationAvailabilityAutoConfiguration

    org.springframework.boot.autoconfigure.info.ProjectInfoAutoConfiguration



2025-05-08T20:06:35.782+03:00  INFO 3976 --- [library-management] [           main] c.e.l.c.LibraryBookControllerTest        : Started LibraryBookControllerTest in 2.227 seconds (process running for 16.818)
2025-05-08T20:06:35.783+03:00 DEBUG 3976 --- [library-management] [           main] o.s.b.a.ApplicationAvailabilityBean      : Application availability state LivenessState changed to CORRECT
2025-05-08T20:06:35.784+03:00 DEBUG 3976 --- [library-management] [           main] o.s.b.a.ApplicationAvailabilityBean      : Application availability state ReadinessState changed to ACCEPTING_TRAFFIC
2025-05-08T20:06:35.784+03:00 DEBUG 3976 --- [library-management] [           main] org.springframework.test.context.cache   : Spring test ApplicationContext cache statistics: [DefaultContextCache@4c131823 size = 1, maxSize = 32, parentContextCount = 0, hitCount = 189, missCount = 3, failureCount = 0]
2025-05-08T20:06:35.784+03:00 DEBUG 3976 --- [library-management] [           main] o.s.t.c.w.ServletTestExecutionListener   : Setting up MockHttpServletRequest, MockHttpServletResponse, ServletWebRequest, and RequestContextHolder for test class com.example.library_management.controller.LibraryBookControllerTest
2025-05-08T20:06:35.784+03:00 DEBUG 3976 --- [library-management] [           main] DependencyInjectionTestExecutionListener : Performing dependency injection for test class com.example.library_management.controller.LibraryBookControllerTest
2025-05-08T20:06:35.784+03:00 DEBUG 3976 --- [library-management] [           main] org.springframework.test.context.cache   : Spring test ApplicationContext cache statistics: [DefaultContextCache@4c131823 size = 1, maxSize = 32, parentContextCount = 0, hitCount = 190, missCount = 3, failureCount = 0]
2025-05-08T20:06:35.785+03:00 DEBUG 3976 --- [library-management] [           main] org.springframework.test.context.cache   : Spring test ApplicationContext cache statistics: [DefaultContextCache@4c131823 size = 1, maxSize = 32, parentContextCount = 0, hitCount = 191, missCount = 3, failureCount = 0]
2025-05-08T20:06:35.787+03:00 DEBUG 3976 --- [library-management] [           main] sContextBeforeModesTestExecutionListener : Before test method: class [LibraryBookControllerTest], method [addNewBook_returnsSuccessMessage], class annotated with @DirtiesContext [true] with mode [AFTER_CLASS], method annotated with @DirtiesContext [false] with mode [null]
2025-05-08T20:06:35.787+03:00 DEBUG 3976 --- [library-management] [           main] org.springframework.test.context.cache   : Spring test ApplicationContext cache statistics: [DefaultContextCache@4c131823 size = 1, maxSize = 32, parentContextCount = 0, hitCount = 192, missCount = 3, failureCount = 0]
2025-05-08T20:06:35.787+03:00 DEBUG 3976 --- [library-management] [           main] org.springframework.test.context.cache   : Spring test ApplicationContext cache statistics: [DefaultContextCache@4c131823 size = 1, maxSize = 32, parentContextCount = 0, hitCount = 193, missCount = 3, failureCount = 0]
2025-05-08T20:06:35.788+03:00 DEBUG 3976 --- [library-management] [           main] org.springframework.test.context.cache   : Spring test ApplicationContext cache statistics: [DefaultContextCache@4c131823 size = 1, maxSize = 32, parentContextCount = 0, hitCount = 194, missCount = 3, failureCount = 0]
2025-05-08T20:06:35.788+03:00 DEBUG 3976 --- [library-management] [           main] org.springframework.test.context.cache   : Spring test ApplicationContext cache statistics: [DefaultContextCache@4c131823 size = 1, maxSize = 32, parentContextCount = 0, hitCount = 195, missCount = 3, failureCount = 0]
2025-05-08T20:06:35.789+03:00 DEBUG 3976 --- [library-management] [           main] org.springframework.test.context.cache   : Spring test ApplicationContext cache statistics: [DefaultContextCache@4c131823 size = 1, maxSize = 32, parentContextCount = 0, hitCount = 196, missCount = 3, failureCount = 0]
2025-05-08T20:06:35.790+03:00 DEBUG 3976 --- [library-management] [           main] org.springframework.test.context.cache   : Spring test ApplicationContext cache statistics: [DefaultContextCache@4c131823 size = 1, maxSize = 32, parentContextCount = 0, hitCount = 197, missCount = 3, failureCount = 0]
2025-05-08T20:06:35.795+03:00 DEBUG 3976 --- [library-management] [           main] o.s.test.util.ReflectionTestUtils        : Invoking method 'getFilters' on target object [FilterChainProxy[Filter Chains: null]] or target class [null] with arguments {org.springframework.mock.web.MockHttpServletRequest@788b0c96}
2025-05-08T20:06:35.795+03:00 DEBUG 3976 --- [library-management] [           main] o.s.test.util.ReflectionTestUtils        : Invoking method 'getFilters' on target object [FilterChainProxy[Filter Chains: null]] or target class [null] with arguments {org.springframework.mock.web.MockHttpServletRequest@788b0c96}
2025-05-08T20:06:35.795+03:00 DEBUG 3976 --- [library-management] [           main] o.s.test.util.ReflectionTestUtils        : Getting field 'securityContextRepository' from target object [org.springframework.security.web.context.SecurityContextHolderFilter@7a54fc29] or target class [class org.springframework.security.web.context.SecurityContextHolderFilter]
2025-05-08T20:06:35.795+03:00 DEBUG 3976 --- [library-management] [           main] o.s.test.util.ReflectionTestUtils        : Invoking method 'getFilters' on target object [FilterChainProxy[Filter Chains: null]] or target class [null] with arguments {org.springframework.mock.web.MockHttpServletRequest@788b0c96}
2025-05-08T20:06:35.795+03:00 DEBUG 3976 --- [library-management] [           main] o.s.test.util.ReflectionTestUtils        : Invoking method 'getFilters' on target object [FilterChainProxy[Filter Chains: null]] or target class [null] with arguments {org.springframework.mock.web.MockHttpServletRequest@788b0c96}
2025-05-08T20:06:35.795+03:00 DEBUG 3976 --- [library-management] [           main] o.s.test.util.ReflectionTestUtils        : Setting field 'securityContextRepository' of type [null] on target object [org.springframework.security.web.context.SecurityContextHolderFilter@7a54fc29] or target class [class org.springframework.security.web.context.SecurityContextHolderFilter] to value [org.springframework.security.test.web.servlet.request.SecurityMockMvcRequestPostProcessors$SecurityContextRequestPostProcessorSupport$TestSecurityContextRepository@45dac901]
2025-05-08T20:06:35.795+03:00 DEBUG 3976 --- [library-management] [           main] o.s.security.web.FilterChainProxy        : Securing POST /api/books
2025-05-08T20:06:35.796+03:00 DEBUG 3976 --- [library-management] [           main] o.s.security.web.FilterChainProxy        : Secured POST /api/books
2025-05-08T20:06:35.796+03:00 DEBUG 3976 --- [library-management] [           main] o.s.t.web.servlet.TestDispatcherServlet  : POST "/api/books", parameters={}
2025-05-08T20:06:35.796+03:00 DEBUG 3976 --- [library-management] [           main] s.w.s.m.m.a.RequestMappingHandlerMapping : Mapped to com.example.library_management.controller.LibraryBookController#addNewBook(NewLibraryBookRequestDTO)
2025-05-08T20:06:35.796+03:00 DEBUG 3976 --- [library-management] [           main] o.j.s.OpenEntityManagerInViewInterceptor : Opening JPA EntityManager in OpenEntityManagerInViewInterceptor
2025-05-08T20:06:35.798+03:00 DEBUG 3976 --- [library-management] [           main] m.m.a.RequestResponseBodyMethodProcessor : Read "application/json;charset=UTF-8" to [com.example.library_management.dto.NewLibraryBookRequestDTO@75600bdb]
2025-05-08T20:06:35.806+03:00 DEBUG 3976 --- [library-management] [           main] horizationManagerBeforeMethodInterceptor : Authorizing method invocation ReflectiveMethodInvocation: public org.springframework.http.ResponseEntity com.example.library_management.controller.LibraryBookController.addNewBook(com.example.library_management.dto.NewLibraryBookRequestDTO); target is of class [com.example.library_management.controller.LibraryBookController]
2025-05-08T20:06:35.806+03:00 DEBUG 3976 --- [library-management] [           main] horizationManagerBeforeMethodInterceptor : Authorized method invocation ReflectiveMethodInvocation: public org.springframework.http.ResponseEntity com.example.library_management.controller.LibraryBookController.addNewBook(com.example.library_management.dto.NewLibraryBookRequestDTO); target is of class [com.example.library_management.controller.LibraryBookController]
2025-05-08T20:06:35.810+03:00 DEBUG 3976 --- [library-management] [           main] o.s.orm.jpa.JpaTransactionManager        : Found thread-bound EntityManager [SessionImpl(1289824554<open>)] for JPA transaction
2025-05-08T20:06:35.810+03:00 DEBUG 3976 --- [library-management] [           main] o.s.orm.jpa.JpaTransactionManager        : Creating new transaction with name [com.example.library_management.service.LibraryBookService.addFullBook]: PROPAGATION_REQUIRED,ISOLATION_DEFAULT
2025-05-08T20:06:35.811+03:00 DEBUG 3976 --- [library-management] [           main] o.s.j.d.DriverManagerDataSource          : Creating new JDBC DriverManager Connection to [jdbc:postgresql://localhost:5432/library_db]
2025-05-08T20:06:35.937+03:00 DEBUG 3976 --- [library-management] [           main] o.s.orm.jpa.JpaTransactionManager        : Exposing JPA transaction as JDBC [org.springframework.orm.jpa.vendor.HibernateJpaDialect$HibernateConnectionHandle@11734d3d]
2025-05-08T20:06:35.938+03:00 DEBUG 3976 --- [library-management] [           main] o.s.orm.jpa.JpaTransactionManager        : Initiating transaction commit
2025-05-08T20:06:35.938+03:00 DEBUG 3976 --- [library-management] [           main] o.s.orm.jpa.JpaTransactionManager        : Committing JPA transaction on EntityManager [SessionImpl(1289824554<open>)]
2025-05-08T20:06:35.938+03:00 DEBUG 3976 --- [library-management] [           main] o.s.orm.jpa.JpaTransactionManager        : Not closing pre-bound JPA EntityManager after transaction
2025-05-08T20:06:35.938+03:00  INFO 3976 --- [library-management] [           main] c.e.l.controller.LibraryBookController   : Добавлена новая книга: 'New Book' автора 'Author Name'
2025-05-08T20:06:35.939+03:00 DEBUG 3976 --- [library-management] [           main] o.s.w.s.m.m.a.HttpEntityMethodProcessor  : Using 'text/plain', given [*/*] and supported [text/plain, */*, application/json, application/*+json]
2025-05-08T20:06:35.939+03:00 DEBUG 3976 --- [library-management] [           main] o.s.w.s.m.m.a.HttpEntityMethodProcessor  : Writing ["Новая книга успешно добавлена"]
2025-05-08T20:06:35.940+03:00 DEBUG 3976 --- [library-management] [           main] o.j.s.OpenEntityManagerInViewInterceptor : Closing JPA EntityManager in OpenEntityManagerInViewInterceptor
2025-05-08T20:06:35.940+03:00 DEBUG 3976 --- [library-management] [           main] o.s.t.web.servlet.TestDispatcherServlet  : Completed 200 OK
2025-05-08T20:06:35.941+03:00 DEBUG 3976 --- [library-management] [           main] org.springframework.test.context.cache   : Spring test ApplicationContext cache statistics: [DefaultContextCache@4c131823 size = 1, maxSize = 32, parentContextCount = 0, hitCount = 198, missCount = 3, failureCount = 0]
2025-05-08T20:06:35.941+03:00 DEBUG 3976 --- [library-management] [           main] org.springframework.test.context.cache   : Spring test ApplicationContext cache statistics: [DefaultContextCache@4c131823 size = 1, maxSize = 32, parentContextCount = 0, hitCount = 199, missCount = 3, failureCount = 0]
2025-05-08T20:06:35.942+03:00 DEBUG 3976 --- [library-management] [           main] org.springframework.test.context.cache   : Spring test ApplicationContext cache statistics: [DefaultContextCache@4c131823 size = 1, maxSize = 32, parentContextCount = 0, hitCount = 200, missCount = 3, failureCount = 0]
2025-05-08T20:06:35.943+03:00 DEBUG 3976 --- [library-management] [           main] org.springframework.test.context.cache   : Spring test ApplicationContext cache statistics: [DefaultContextCache@4c131823 size = 1, maxSize = 32, parentContextCount = 0, hitCount = 201, missCount = 3, failureCount = 0]
2025-05-08T20:06:35.943+03:00 DEBUG 3976 --- [library-management] [           main] org.springframework.test.context.cache   : Spring test ApplicationContext cache statistics: [DefaultContextCache@4c131823 size = 1, maxSize = 32, parentContextCount = 0, hitCount = 202, missCount = 3, failureCount = 0]
2025-05-08T20:06:35.943+03:00 DEBUG 3976 --- [library-management] [           main] org.springframework.test.context.cache   : Spring test ApplicationContext cache statistics: [DefaultContextCache@4c131823 size = 1, maxSize = 32, parentContextCount = 0, hitCount = 203, missCount = 3, failureCount = 0]
2025-05-08T20:06:35.944+03:00 DEBUG 3976 --- [library-management] [           main] org.springframework.test.context.cache   : Spring test ApplicationContext cache statistics: [DefaultContextCache@4c131823 size = 1, maxSize = 32, parentContextCount = 0, hitCount = 204, missCount = 3, failureCount = 0]
2025-05-08T20:06:35.944+03:00 DEBUG 3976 --- [library-management] [           main] org.springframework.test.context.cache   : Spring test ApplicationContext cache statistics: [DefaultContextCache@4c131823 size = 1, maxSize = 32, parentContextCount = 0, hitCount = 205, missCount = 3, failureCount = 0]
2025-05-08T20:06:35.944+03:00 DEBUG 3976 --- [library-management] [           main] .c.s.DirtiesContextTestExecutionListener : After test method: class [LibraryBookControllerTest], method [addNewBook_returnsSuccessMessage], class annotated with @DirtiesContext [true] with mode [AFTER_CLASS], method annotated with @DirtiesContext [false] with mode [null]
2025-05-08T20:06:35.944+03:00 DEBUG 3976 --- [library-management] [           main] o.s.t.c.w.ServletTestExecutionListener   : Resetting RequestContextHolder for test class com.example.library_management.controller.LibraryBookControllerTest
]]></system-out>
  </testcase>
  <testcase name="getAllBooks_returnsBooks" classname="com.example.library_management.controller.LibraryBookControllerTest" time="0.012">
    <system-out><![CDATA[2025-05-08T20:06:35.952+03:00 DEBUG 3976 --- [library-management] [           main] org.springframework.test.context.cache   : Spring test ApplicationContext cache statistics: [DefaultContextCache@4c131823 size = 1, maxSize = 32, parentContextCount = 0, hitCount = 206, missCount = 3, failureCount = 0]
2025-05-08T20:06:35.952+03:00 DEBUG 3976 --- [library-management] [           main] o.s.t.c.w.ServletTestExecutionListener   : Setting up MockHttpServletRequest, MockHttpServletResponse, ServletWebRequest, and RequestContextHolder for test class com.example.library_management.controller.LibraryBookControllerTest
2025-05-08T20:06:35.961+03:00 DEBUG 3976 --- [library-management] [           main] DependencyInjectionTestExecutionListener : Performing dependency injection for test class com.example.library_management.controller.LibraryBookControllerTest
2025-05-08T20:06:35.961+03:00 DEBUG 3976 --- [library-management] [           main] org.springframework.test.context.cache   : Spring test ApplicationContext cache statistics: [DefaultContextCache@4c131823 size = 1, maxSize = 32, parentContextCount = 0, hitCount = 207, missCount = 3, failureCount = 0]
2025-05-08T20:06:35.962+03:00 DEBUG 3976 --- [library-management] [           main] org.springframework.test.context.cache   : Spring test ApplicationContext cache statistics: [DefaultContextCache@4c131823 size = 1, maxSize = 32, parentContextCount = 0, hitCount = 208, missCount = 3, failureCount = 0]
2025-05-08T20:06:35.962+03:00 DEBUG 3976 --- [library-management] [           main] sContextBeforeModesTestExecutionListener : Before test method: class [LibraryBookControllerTest], method [getAllBooks_returnsBooks], class annotated with @DirtiesContext [true] with mode [AFTER_CLASS], method annotated with @DirtiesContext [false] with mode [null]
2025-05-08T20:06:35.962+03:00 DEBUG 3976 --- [library-management] [           main] org.springframework.test.context.cache   : Spring test ApplicationContext cache statistics: [DefaultContextCache@4c131823 size = 1, maxSize = 32, parentContextCount = 0, hitCount = 209, missCount = 3, failureCount = 0]
2025-05-08T20:06:35.963+03:00 DEBUG 3976 --- [library-management] [           main] org.springframework.test.context.cache   : Spring test ApplicationContext cache statistics: [DefaultContextCache@4c131823 size = 1, maxSize = 32, parentContextCount = 0, hitCount = 210, missCount = 3, failureCount = 0]
2025-05-08T20:06:35.963+03:00 DEBUG 3976 --- [library-management] [           main] org.springframework.test.context.cache   : Spring test ApplicationContext cache statistics: [DefaultContextCache@4c131823 size = 1, maxSize = 32, parentContextCount = 0, hitCount = 211, missCount = 3, failureCount = 0]
2025-05-08T20:06:35.963+03:00 DEBUG 3976 --- [library-management] [           main] org.springframework.test.context.cache   : Spring test ApplicationContext cache statistics: [DefaultContextCache@4c131823 size = 1, maxSize = 32, parentContextCount = 0, hitCount = 212, missCount = 3, failureCount = 0]
2025-05-08T20:06:35.964+03:00 DEBUG 3976 --- [library-management] [           main] org.springframework.test.context.cache   : Spring test ApplicationContext cache statistics: [DefaultContextCache@4c131823 size = 1, maxSize = 32, parentContextCount = 0, hitCount = 213, missCount = 3, failureCount = 0]
2025-05-08T20:06:35.964+03:00 DEBUG 3976 --- [library-management] [           main] org.springframework.test.context.cache   : Spring test ApplicationContext cache statistics: [DefaultContextCache@4c131823 size = 1, maxSize = 32, parentContextCount = 0, hitCount = 214, missCount = 3, failureCount = 0]
2025-05-08T20:06:35.965+03:00 DEBUG 3976 --- [library-management] [           main] o.s.test.util.ReflectionTestUtils        : Invoking method 'getFilters' on target object [FilterChainProxy[Filter Chains: null]] or target class [null] with arguments {org.springframework.mock.web.MockHttpServletRequest@15a806a2}
2025-05-08T20:06:35.965+03:00 DEBUG 3976 --- [library-management] [           main] o.s.test.util.ReflectionTestUtils        : Invoking method 'getFilters' on target object [FilterChainProxy[Filter Chains: null]] or target class [null] with arguments {org.springframework.mock.web.MockHttpServletRequest@15a806a2}
2025-05-08T20:06:35.965+03:00 DEBUG 3976 --- [library-management] [           main] o.s.test.util.ReflectionTestUtils        : Getting field 'securityContextRepository' from target object [org.springframework.security.web.context.SecurityContextHolderFilter@7a54fc29] or target class [class org.springframework.security.web.context.SecurityContextHolderFilter]
2025-05-08T20:06:35.966+03:00 DEBUG 3976 --- [library-management] [           main] o.s.security.web.FilterChainProxy        : Securing GET /api/books/all
2025-05-08T20:06:35.966+03:00 DEBUG 3976 --- [library-management] [           main] o.s.security.web.FilterChainProxy        : Secured GET /api/books/all
2025-05-08T20:06:35.966+03:00 DEBUG 3976 --- [library-management] [           main] o.s.t.web.servlet.TestDispatcherServlet  : GET "/api/books/all", parameters={}
2025-05-08T20:06:35.966+03:00 DEBUG 3976 --- [library-management] [           main] s.w.s.m.m.a.RequestMappingHandlerMapping : Mapped to com.example.library_management.controller.LibraryBookController#getAllBooks()
2025-05-08T20:06:35.966+03:00 DEBUG 3976 --- [library-management] [           main] o.j.s.OpenEntityManagerInViewInterceptor : Opening JPA EntityManager in OpenEntityManagerInViewInterceptor
2025-05-08T20:06:35.967+03:00 DEBUG 3976 --- [library-management] [           main] horizationManagerBeforeMethodInterceptor : Authorizing method invocation ReflectiveMethodInvocation: public org.springframework.http.ResponseEntity com.example.library_management.controller.LibraryBookController.getAllBooks(); target is of class [com.example.library_management.controller.LibraryBookController]
2025-05-08T20:06:35.967+03:00 DEBUG 3976 --- [library-management] [           main] horizationManagerBeforeMethodInterceptor : Authorized method invocation ReflectiveMethodInvocation: public org.springframework.http.ResponseEntity com.example.library_management.controller.LibraryBookController.getAllBooks(); target is of class [com.example.library_management.controller.LibraryBookController]
2025-05-08T20:06:35.969+03:00 DEBUG 3976 --- [library-management] [           main] o.s.w.s.m.m.a.HttpEntityMethodProcessor  : Using 'application/json', given [*/*] and supported [application/json, application/*+json]
2025-05-08T20:06:35.969+03:00 DEBUG 3976 --- [library-management] [           main] o.s.w.s.m.m.a.HttpEntityMethodProcessor  : Writing [[com.example.library_management.dto.LibraryBookDTO@667c2066, com.example.library_management.dto.Libr (truncated)...]
2025-05-08T20:06:35.971+03:00 DEBUG 3976 --- [library-management] [           main] o.j.s.OpenEntityManagerInViewInterceptor : Closing JPA EntityManager in OpenEntityManagerInViewInterceptor
2025-05-08T20:06:35.971+03:00 DEBUG 3976 --- [library-management] [           main] o.s.t.web.servlet.TestDispatcherServlet  : Completed 200 OK
2025-05-08T20:06:35.972+03:00 DEBUG 3976 --- [library-management] [           main] org.springframework.test.context.cache   : Spring test ApplicationContext cache statistics: [DefaultContextCache@4c131823 size = 1, maxSize = 32, parentContextCount = 0, hitCount = 215, missCount = 3, failureCount = 0]
2025-05-08T20:06:35.972+03:00 DEBUG 3976 --- [library-management] [           main] org.springframework.test.context.cache   : Spring test ApplicationContext cache statistics: [DefaultContextCache@4c131823 size = 1, maxSize = 32, parentContextCount = 0, hitCount = 216, missCount = 3, failureCount = 0]
2025-05-08T20:06:35.973+03:00 DEBUG 3976 --- [library-management] [           main] org.springframework.test.context.cache   : Spring test ApplicationContext cache statistics: [DefaultContextCache@4c131823 size = 1, maxSize = 32, parentContextCount = 0, hitCount = 217, missCount = 3, failureCount = 0]
2025-05-08T20:06:35.973+03:00 DEBUG 3976 --- [library-management] [           main] org.springframework.test.context.cache   : Spring test ApplicationContext cache statistics: [DefaultContextCache@4c131823 size = 1, maxSize = 32, parentContextCount = 0, hitCount = 218, missCount = 3, failureCount = 0]
2025-05-08T20:06:35.973+03:00 DEBUG 3976 --- [library-management] [           main] org.springframework.test.context.cache   : Spring test ApplicationContext cache statistics: [DefaultContextCache@4c131823 size = 1, maxSize = 32, parentContextCount = 0, hitCount = 219, missCount = 3, failureCount = 0]
2025-05-08T20:06:35.973+03:00 DEBUG 3976 --- [library-management] [           main] org.springframework.test.context.cache   : Spring test ApplicationContext cache statistics: [DefaultContextCache@4c131823 size = 1, maxSize = 32, parentContextCount = 0, hitCount = 220, missCount = 3, failureCount = 0]
2025-05-08T20:06:35.974+03:00 DEBUG 3976 --- [library-management] [           main] org.springframework.test.context.cache   : Spring test ApplicationContext cache statistics: [DefaultContextCache@4c131823 size = 1, maxSize = 32, parentContextCount = 0, hitCount = 221, missCount = 3, failureCount = 0]
2025-05-08T20:06:35.974+03:00 DEBUG 3976 --- [library-management] [           main] org.springframework.test.context.cache   : Spring test ApplicationContext cache statistics: [DefaultContextCache@4c131823 size = 1, maxSize = 32, parentContextCount = 0, hitCount = 222, missCount = 3, failureCount = 0]
2025-05-08T20:06:35.974+03:00 DEBUG 3976 --- [library-management] [           main] .c.s.DirtiesContextTestExecutionListener : After test method: class [LibraryBookControllerTest], method [getAllBooks_returnsBooks], class annotated with @DirtiesContext [true] with mode [AFTER_CLASS], method annotated with @DirtiesContext [false] with mode [null]
2025-05-08T20:06:35.974+03:00 DEBUG 3976 --- [library-management] [           main] o.s.t.c.w.ServletTestExecutionListener   : Resetting RequestContextHolder for test class com.example.library_management.controller.LibraryBookControllerTest
]]></system-out>
  </testcase>
  <testcase name="deleteBook_returnsSuccessMessage" classname="com.example.library_management.controller.LibraryBookControllerTest" time="0.134">
    <system-out><![CDATA[2025-05-08T20:06:35.974+03:00 DEBUG 3976 --- [library-management] [           main] org.springframework.test.context.cache   : Spring test ApplicationContext cache statistics: [DefaultContextCache@4c131823 size = 1, maxSize = 32, parentContextCount = 0, hitCount = 223, missCount = 3, failureCount = 0]
2025-05-08T20:06:35.975+03:00 DEBUG 3976 --- [library-management] [           main] o.s.t.c.w.ServletTestExecutionListener   : Setting up MockHttpServletRequest, MockHttpServletResponse, ServletWebRequest, and RequestContextHolder for test class com.example.library_management.controller.LibraryBookControllerTest
2025-05-08T20:06:35.975+03:00 DEBUG 3976 --- [library-management] [           main] DependencyInjectionTestExecutionListener : Performing dependency injection for test class com.example.library_management.controller.LibraryBookControllerTest
2025-05-08T20:06:35.975+03:00 DEBUG 3976 --- [library-management] [           main] org.springframework.test.context.cache   : Spring test ApplicationContext cache statistics: [DefaultContextCache@4c131823 size = 1, maxSize = 32, parentContextCount = 0, hitCount = 224, missCount = 3, failureCount = 0]
2025-05-08T20:06:35.975+03:00 DEBUG 3976 --- [library-management] [           main] org.springframework.test.context.cache   : Spring test ApplicationContext cache statistics: [DefaultContextCache@4c131823 size = 1, maxSize = 32, parentContextCount = 0, hitCount = 225, missCount = 3, failureCount = 0]
2025-05-08T20:06:35.975+03:00 DEBUG 3976 --- [library-management] [           main] sContextBeforeModesTestExecutionListener : Before test method: class [LibraryBookControllerTest], method [deleteBook_returnsSuccessMessage], class annotated with @DirtiesContext [true] with mode [AFTER_CLASS], method annotated with @DirtiesContext [false] with mode [null]
2025-05-08T20:06:35.975+03:00 DEBUG 3976 --- [library-management] [           main] org.springframework.test.context.cache   : Spring test ApplicationContext cache statistics: [DefaultContextCache@4c131823 size = 1, maxSize = 32, parentContextCount = 0, hitCount = 226, missCount = 3, failureCount = 0]
2025-05-08T20:06:35.977+03:00 DEBUG 3976 --- [library-management] [           main] org.springframework.test.context.cache   : Spring test ApplicationContext cache statistics: [DefaultContextCache@4c131823 size = 1, maxSize = 32, parentContextCount = 0, hitCount = 227, missCount = 3, failureCount = 0]
2025-05-08T20:06:35.977+03:00 DEBUG 3976 --- [library-management] [           main] org.springframework.test.context.cache   : Spring test ApplicationContext cache statistics: [DefaultContextCache@4c131823 size = 1, maxSize = 32, parentContextCount = 0, hitCount = 228, missCount = 3, failureCount = 0]
2025-05-08T20:06:35.978+03:00 DEBUG 3976 --- [library-management] [           main] org.springframework.test.context.cache   : Spring test ApplicationContext cache statistics: [DefaultContextCache@4c131823 size = 1, maxSize = 32, parentContextCount = 0, hitCount = 229, missCount = 3, failureCount = 0]
2025-05-08T20:06:35.978+03:00 DEBUG 3976 --- [library-management] [           main] org.springframework.test.context.cache   : Spring test ApplicationContext cache statistics: [DefaultContextCache@4c131823 size = 1, maxSize = 32, parentContextCount = 0, hitCount = 230, missCount = 3, failureCount = 0]
2025-05-08T20:06:35.979+03:00 DEBUG 3976 --- [library-management] [           main] org.springframework.test.context.cache   : Spring test ApplicationContext cache statistics: [DefaultContextCache@4c131823 size = 1, maxSize = 32, parentContextCount = 0, hitCount = 231, missCount = 3, failureCount = 0]
2025-05-08T20:06:35.980+03:00 DEBUG 3976 --- [library-management] [           main] o.s.test.util.ReflectionTestUtils        : Invoking method 'getFilters' on target object [FilterChainProxy[Filter Chains: null]] or target class [null] with arguments {org.springframework.mock.web.MockHttpServletRequest@3fbf4614}
2025-05-08T20:06:35.980+03:00 DEBUG 3976 --- [library-management] [           main] o.s.test.util.ReflectionTestUtils        : Invoking method 'getFilters' on target object [FilterChainProxy[Filter Chains: null]] or target class [null] with arguments {org.springframework.mock.web.MockHttpServletRequest@3fbf4614}
2025-05-08T20:06:35.980+03:00 DEBUG 3976 --- [library-management] [           main] o.s.test.util.ReflectionTestUtils        : Getting field 'securityContextRepository' from target object [org.springframework.security.web.context.SecurityContextHolderFilter@7a54fc29] or target class [class org.springframework.security.web.context.SecurityContextHolderFilter]
2025-05-08T20:06:35.980+03:00 DEBUG 3976 --- [library-management] [           main] o.s.security.web.FilterChainProxy        : Securing DELETE /api/books/1
2025-05-08T20:06:35.980+03:00 DEBUG 3976 --- [library-management] [           main] o.s.security.web.FilterChainProxy        : Secured DELETE /api/books/1
2025-05-08T20:06:35.981+03:00 DEBUG 3976 --- [library-management] [           main] o.s.t.web.servlet.TestDispatcherServlet  : DELETE "/api/books/1", parameters={}
2025-05-08T20:06:35.981+03:00 DEBUG 3976 --- [library-management] [           main] s.w.s.m.m.a.RequestMappingHandlerMapping : Mapped to com.example.library_management.controller.LibraryBookController#deleteBook(Long)
2025-05-08T20:06:35.981+03:00 DEBUG 3976 --- [library-management] [           main] o.j.s.OpenEntityManagerInViewInterceptor : Opening JPA EntityManager in OpenEntityManagerInViewInterceptor
2025-05-08T20:06:35.982+03:00 DEBUG 3976 --- [library-management] [           main] horizationManagerBeforeMethodInterceptor : Authorizing method invocation ReflectiveMethodInvocation: public org.springframework.http.ResponseEntity com.example.library_management.controller.LibraryBookController.deleteBook(java.lang.Long); target is of class [com.example.library_management.controller.LibraryBookController]
2025-05-08T20:06:35.983+03:00 DEBUG 3976 --- [library-management] [           main] horizationManagerBeforeMethodInterceptor : Authorized method invocation ReflectiveMethodInvocation: public org.springframework.http.ResponseEntity com.example.library_management.controller.LibraryBookController.deleteBook(java.lang.Long); target is of class [com.example.library_management.controller.LibraryBookController]
2025-05-08T20:06:35.983+03:00 DEBUG 3976 --- [library-management] [           main] o.s.orm.jpa.JpaTransactionManager        : Found thread-bound EntityManager [SessionImpl(225440286<open>)] for JPA transaction
2025-05-08T20:06:35.984+03:00 DEBUG 3976 --- [library-management] [           main] o.s.orm.jpa.JpaTransactionManager        : Creating new transaction with name [com.example.library_management.service.LibraryBookService.deleteLibraryBook]: PROPAGATION_REQUIRED,ISOLATION_DEFAULT
2025-05-08T20:06:35.984+03:00 DEBUG 3976 --- [library-management] [           main] o.s.j.d.DriverManagerDataSource          : Creating new JDBC DriverManager Connection to [jdbc:postgresql://localhost:5432/library_db]
2025-05-08T20:06:36.103+03:00 DEBUG 3976 --- [library-management] [           main] o.s.orm.jpa.JpaTransactionManager        : Exposing JPA transaction as JDBC [org.springframework.orm.jpa.vendor.HibernateJpaDialect$HibernateConnectionHandle@510d6e38]
2025-05-08T20:06:36.103+03:00 DEBUG 3976 --- [library-management] [           main] o.s.orm.jpa.JpaTransactionManager        : Initiating transaction commit
2025-05-08T20:06:36.104+03:00 DEBUG 3976 --- [library-management] [           main] o.s.orm.jpa.JpaTransactionManager        : Committing JPA transaction on EntityManager [SessionImpl(225440286<open>)]
2025-05-08T20:06:36.104+03:00 DEBUG 3976 --- [library-management] [           main] o.s.orm.jpa.JpaTransactionManager        : Not closing pre-bound JPA EntityManager after transaction
2025-05-08T20:06:36.104+03:00  INFO 3976 --- [library-management] [           main] c.e.l.controller.LibraryBookController   : Удалена книга с ID 1
2025-05-08T20:06:36.104+03:00 DEBUG 3976 --- [library-management] [           main] o.s.w.s.m.m.a.HttpEntityMethodProcessor  : Using 'text/plain', given [*/*] and supported [text/plain, */*, application/json, application/*+json]
2025-05-08T20:06:36.105+03:00 DEBUG 3976 --- [library-management] [           main] o.s.w.s.m.m.a.HttpEntityMethodProcessor  : Writing ["Книга и информация по ней успешно удалена"]
2025-05-08T20:06:36.105+03:00 DEBUG 3976 --- [library-management] [           main] o.j.s.OpenEntityManagerInViewInterceptor : Closing JPA EntityManager in OpenEntityManagerInViewInterceptor
2025-05-08T20:06:36.105+03:00 DEBUG 3976 --- [library-management] [           main] o.s.t.web.servlet.TestDispatcherServlet  : Completed 200 OK
2025-05-08T20:06:36.106+03:00 DEBUG 3976 --- [library-management] [           main] org.springframework.test.context.cache   : Spring test ApplicationContext cache statistics: [DefaultContextCache@4c131823 size = 1, maxSize = 32, parentContextCount = 0, hitCount = 232, missCount = 3, failureCount = 0]
2025-05-08T20:06:36.106+03:00 DEBUG 3976 --- [library-management] [           main] org.springframework.test.context.cache   : Spring test ApplicationContext cache statistics: [DefaultContextCache@4c131823 size = 1, maxSize = 32, parentContextCount = 0, hitCount = 233, missCount = 3, failureCount = 0]
2025-05-08T20:06:36.107+03:00 DEBUG 3976 --- [library-management] [           main] org.springframework.test.context.cache   : Spring test ApplicationContext cache statistics: [DefaultContextCache@4c131823 size = 1, maxSize = 32, parentContextCount = 0, hitCount = 234, missCount = 3, failureCount = 0]
2025-05-08T20:06:36.107+03:00 DEBUG 3976 --- [library-management] [           main] org.springframework.test.context.cache   : Spring test ApplicationContext cache statistics: [DefaultContextCache@4c131823 size = 1, maxSize = 32, parentContextCount = 0, hitCount = 235, missCount = 3, failureCount = 0]
2025-05-08T20:06:36.107+03:00 DEBUG 3976 --- [library-management] [           main] org.springframework.test.context.cache   : Spring test ApplicationContext cache statistics: [DefaultContextCache@4c131823 size = 1, maxSize = 32, parentContextCount = 0, hitCount = 236, missCount = 3, failureCount = 0]
2025-05-08T20:06:36.108+03:00 DEBUG 3976 --- [library-management] [           main] org.springframework.test.context.cache   : Spring test ApplicationContext cache statistics: [DefaultContextCache@4c131823 size = 1, maxSize = 32, parentContextCount = 0, hitCount = 237, missCount = 3, failureCount = 0]
2025-05-08T20:06:36.108+03:00 DEBUG 3976 --- [library-management] [           main] org.springframework.test.context.cache   : Spring test ApplicationContext cache statistics: [DefaultContextCache@4c131823 size = 1, maxSize = 32, parentContextCount = 0, hitCount = 238, missCount = 3, failureCount = 0]
2025-05-08T20:06:36.108+03:00 DEBUG 3976 --- [library-management] [           main] org.springframework.test.context.cache   : Spring test ApplicationContext cache statistics: [DefaultContextCache@4c131823 size = 1, maxSize = 32, parentContextCount = 0, hitCount = 239, missCount = 3, failureCount = 0]
2025-05-08T20:06:36.109+03:00 DEBUG 3976 --- [library-management] [           main] .c.s.DirtiesContextTestExecutionListener : After test method: class [LibraryBookControllerTest], method [deleteBook_returnsSuccessMessage], class annotated with @DirtiesContext [true] with mode [AFTER_CLASS], method annotated with @DirtiesContext [false] with mode [null]
2025-05-08T20:06:36.109+03:00 DEBUG 3976 --- [library-management] [           main] o.s.t.c.w.ServletTestExecutionListener   : Resetting RequestContextHolder for test class com.example.library_management.controller.LibraryBookControllerTest
]]></system-out>
  </testcase>
  <testcase name="getBookById_returnsBook" classname="com.example.library_management.controller.LibraryBookControllerTest" time="0.012">
    <system-out><![CDATA[2025-05-08T20:06:36.109+03:00 DEBUG 3976 --- [library-management] [           main] org.springframework.test.context.cache   : Spring test ApplicationContext cache statistics: [DefaultContextCache@4c131823 size = 1, maxSize = 32, parentContextCount = 0, hitCount = 240, missCount = 3, failureCount = 0]
2025-05-08T20:06:36.109+03:00 DEBUG 3976 --- [library-management] [           main] o.s.t.c.w.ServletTestExecutionListener   : Setting up MockHttpServletRequest, MockHttpServletResponse, ServletWebRequest, and RequestContextHolder for test class com.example.library_management.controller.LibraryBookControllerTest
2025-05-08T20:06:36.109+03:00 DEBUG 3976 --- [library-management] [           main] DependencyInjectionTestExecutionListener : Performing dependency injection for test class com.example.library_management.controller.LibraryBookControllerTest
2025-05-08T20:06:36.109+03:00 DEBUG 3976 --- [library-management] [           main] org.springframework.test.context.cache   : Spring test ApplicationContext cache statistics: [DefaultContextCache@4c131823 size = 1, maxSize = 32, parentContextCount = 0, hitCount = 241, missCount = 3, failureCount = 0]
2025-05-08T20:06:36.110+03:00 DEBUG 3976 --- [library-management] [           main] org.springframework.test.context.cache   : Spring test ApplicationContext cache statistics: [DefaultContextCache@4c131823 size = 1, maxSize = 32, parentContextCount = 0, hitCount = 242, missCount = 3, failureCount = 0]
2025-05-08T20:06:36.110+03:00 DEBUG 3976 --- [library-management] [           main] sContextBeforeModesTestExecutionListener : Before test method: class [LibraryBookControllerTest], method [getBookById_returnsBook], class annotated with @DirtiesContext [true] with mode [AFTER_CLASS], method annotated with @DirtiesContext [false] with mode [null]
2025-05-08T20:06:36.110+03:00 DEBUG 3976 --- [library-management] [           main] org.springframework.test.context.cache   : Spring test ApplicationContext cache statistics: [DefaultContextCache@4c131823 size = 1, maxSize = 32, parentContextCount = 0, hitCount = 243, missCount = 3, failureCount = 0]
2025-05-08T20:06:36.110+03:00 DEBUG 3976 --- [library-management] [           main] org.springframework.test.context.cache   : Spring test ApplicationContext cache statistics: [DefaultContextCache@4c131823 size = 1, maxSize = 32, parentContextCount = 0, hitCount = 244, missCount = 3, failureCount = 0]
2025-05-08T20:06:36.111+03:00 DEBUG 3976 --- [library-management] [           main] org.springframework.test.context.cache   : Spring test ApplicationContext cache statistics: [DefaultContextCache@4c131823 size = 1, maxSize = 32, parentContextCount = 0, hitCount = 245, missCount = 3, failureCount = 0]
2025-05-08T20:06:36.111+03:00 DEBUG 3976 --- [library-management] [           main] org.springframework.test.context.cache   : Spring test ApplicationContext cache statistics: [DefaultContextCache@4c131823 size = 1, maxSize = 32, parentContextCount = 0, hitCount = 246, missCount = 3, failureCount = 0]
2025-05-08T20:06:36.112+03:00 DEBUG 3976 --- [library-management] [           main] org.springframework.test.context.cache   : Spring test ApplicationContext cache statistics: [DefaultContextCache@4c131823 size = 1, maxSize = 32, parentContextCount = 0, hitCount = 247, missCount = 3, failureCount = 0]
2025-05-08T20:06:36.113+03:00 DEBUG 3976 --- [library-management] [           main] org.springframework.test.context.cache   : Spring test ApplicationContext cache statistics: [DefaultContextCache@4c131823 size = 1, maxSize = 32, parentContextCount = 0, hitCount = 248, missCount = 3, failureCount = 0]
2025-05-08T20:06:36.113+03:00 DEBUG 3976 --- [library-management] [           main] o.s.test.util.ReflectionTestUtils        : Invoking method 'getFilters' on target object [FilterChainProxy[Filter Chains: null]] or target class [null] with arguments {org.springframework.mock.web.MockHttpServletRequest@72988e0c}
2025-05-08T20:06:36.114+03:00 DEBUG 3976 --- [library-management] [           main] o.s.test.util.ReflectionTestUtils        : Invoking method 'getFilters' on target object [FilterChainProxy[Filter Chains: null]] or target class [null] with arguments {org.springframework.mock.web.MockHttpServletRequest@72988e0c}
2025-05-08T20:06:36.114+03:00 DEBUG 3976 --- [library-management] [           main] o.s.test.util.ReflectionTestUtils        : Getting field 'securityContextRepository' from target object [org.springframework.security.web.context.SecurityContextHolderFilter@7a54fc29] or target class [class org.springframework.security.web.context.SecurityContextHolderFilter]
2025-05-08T20:06:36.114+03:00 DEBUG 3976 --- [library-management] [           main] o.s.security.web.FilterChainProxy        : Securing GET /api/books/1
2025-05-08T20:06:36.114+03:00 DEBUG 3976 --- [library-management] [           main] o.s.security.web.FilterChainProxy        : Secured GET /api/books/1
2025-05-08T20:06:36.114+03:00 DEBUG 3976 --- [library-management] [           main] o.s.t.web.servlet.TestDispatcherServlet  : GET "/api/books/1", parameters={}
2025-05-08T20:06:36.114+03:00 DEBUG 3976 --- [library-management] [           main] s.w.s.m.m.a.RequestMappingHandlerMapping : Mapped to com.example.library_management.controller.LibraryBookController#getBookById(Long)
2025-05-08T20:06:36.114+03:00 DEBUG 3976 --- [library-management] [           main] o.j.s.OpenEntityManagerInViewInterceptor : Opening JPA EntityManager in OpenEntityManagerInViewInterceptor
2025-05-08T20:06:36.115+03:00 DEBUG 3976 --- [library-management] [           main] horizationManagerBeforeMethodInterceptor : Authorizing method invocation ReflectiveMethodInvocation: public org.springframework.http.ResponseEntity com.example.library_management.controller.LibraryBookController.getBookById(java.lang.Long); target is of class [com.example.library_management.controller.LibraryBookController]
2025-05-08T20:06:36.116+03:00 DEBUG 3976 --- [library-management] [           main] horizationManagerBeforeMethodInterceptor : Authorized method invocation ReflectiveMethodInvocation: public org.springframework.http.ResponseEntity com.example.library_management.controller.LibraryBookController.getBookById(java.lang.Long); target is of class [com.example.library_management.controller.LibraryBookController]
2025-05-08T20:06:36.118+03:00 DEBUG 3976 --- [library-management] [           main] o.s.w.s.m.m.a.HttpEntityMethodProcessor  : Using 'application/json', given [*/*] and supported [application/json, application/*+json]
2025-05-08T20:06:36.118+03:00 DEBUG 3976 --- [library-management] [           main] o.s.w.s.m.m.a.HttpEntityMethodProcessor  : Writing [com.example.library_management.dto.LibraryBookDTO@7f792c5a]
2025-05-08T20:06:36.118+03:00 DEBUG 3976 --- [library-management] [           main] o.j.s.OpenEntityManagerInViewInterceptor : Closing JPA EntityManager in OpenEntityManagerInViewInterceptor
2025-05-08T20:06:36.119+03:00 DEBUG 3976 --- [library-management] [           main] o.s.t.web.servlet.TestDispatcherServlet  : Completed 200 OK
2025-05-08T20:06:36.119+03:00 DEBUG 3976 --- [library-management] [           main] org.springframework.test.context.cache   : Spring test ApplicationContext cache statistics: [DefaultContextCache@4c131823 size = 1, maxSize = 32, parentContextCount = 0, hitCount = 249, missCount = 3, failureCount = 0]
2025-05-08T20:06:36.120+03:00 DEBUG 3976 --- [library-management] [           main] org.springframework.test.context.cache   : Spring test ApplicationContext cache statistics: [DefaultContextCache@4c131823 size = 1, maxSize = 32, parentContextCount = 0, hitCount = 250, missCount = 3, failureCount = 0]
2025-05-08T20:06:36.120+03:00 DEBUG 3976 --- [library-management] [           main] org.springframework.test.context.cache   : Spring test ApplicationContext cache statistics: [DefaultContextCache@4c131823 size = 1, maxSize = 32, parentContextCount = 0, hitCount = 251, missCount = 3, failureCount = 0]
2025-05-08T20:06:36.121+03:00 DEBUG 3976 --- [library-management] [           main] org.springframework.test.context.cache   : Spring test ApplicationContext cache statistics: [DefaultContextCache@4c131823 size = 1, maxSize = 32, parentContextCount = 0, hitCount = 252, missCount = 3, failureCount = 0]
2025-05-08T20:06:36.121+03:00 DEBUG 3976 --- [library-management] [           main] org.springframework.test.context.cache   : Spring test ApplicationContext cache statistics: [DefaultContextCache@4c131823 size = 1, maxSize = 32, parentContextCount = 0, hitCount = 253, missCount = 3, failureCount = 0]
2025-05-08T20:06:36.121+03:00 DEBUG 3976 --- [library-management] [           main] org.springframework.test.context.cache   : Spring test ApplicationContext cache statistics: [DefaultContextCache@4c131823 size = 1, maxSize = 32, parentContextCount = 0, hitCount = 254, missCount = 3, failureCount = 0]
2025-05-08T20:06:36.122+03:00 DEBUG 3976 --- [library-management] [           main] org.springframework.test.context.cache   : Spring test ApplicationContext cache statistics: [DefaultContextCache@4c131823 size = 1, maxSize = 32, parentContextCount = 0, hitCount = 255, missCount = 3, failureCount = 0]
2025-05-08T20:06:36.122+03:00 DEBUG 3976 --- [library-management] [           main] org.springframework.test.context.cache   : Spring test ApplicationContext cache statistics: [DefaultContextCache@4c131823 size = 1, maxSize = 32, parentContextCount = 0, hitCount = 256, missCount = 3, failureCount = 0]
2025-05-08T20:06:36.122+03:00 DEBUG 3976 --- [library-management] [           main] .c.s.DirtiesContextTestExecutionListener : After test method: class [LibraryBookControllerTest], method [getBookById_returnsBook], class annotated with @DirtiesContext [true] with mode [AFTER_CLASS], method annotated with @DirtiesContext [false] with mode [null]
2025-05-08T20:06:36.122+03:00 DEBUG 3976 --- [library-management] [           main] o.s.t.c.w.ServletTestExecutionListener   : Resetting RequestContextHolder for test class com.example.library_management.controller.LibraryBookControllerTest
]]></system-out>
  </testcase>
  <testcase name="updateBookInfo_returnsSuccessMessage" classname="com.example.library_management.controller.LibraryBookControllerTest" time="0.291">
    <system-out><![CDATA[2025-05-08T20:06:36.122+03:00 DEBUG 3976 --- [library-management] [           main] org.springframework.test.context.cache   : Spring test ApplicationContext cache statistics: [DefaultContextCache@4c131823 size = 1, maxSize = 32, parentContextCount = 0, hitCount = 257, missCount = 3, failureCount = 0]
2025-05-08T20:06:36.123+03:00 DEBUG 3976 --- [library-management] [           main] o.s.t.c.w.ServletTestExecutionListener   : Setting up MockHttpServletRequest, MockHttpServletResponse, ServletWebRequest, and RequestContextHolder for test class com.example.library_management.controller.LibraryBookControllerTest
2025-05-08T20:06:36.123+03:00 DEBUG 3976 --- [library-management] [           main] DependencyInjectionTestExecutionListener : Performing dependency injection for test class com.example.library_management.controller.LibraryBookControllerTest
2025-05-08T20:06:36.123+03:00 DEBUG 3976 --- [library-management] [           main] org.springframework.test.context.cache   : Spring test ApplicationContext cache statistics: [DefaultContextCache@4c131823 size = 1, maxSize = 32, parentContextCount = 0, hitCount = 258, missCount = 3, failureCount = 0]
2025-05-08T20:06:36.123+03:00 DEBUG 3976 --- [library-management] [           main] org.springframework.test.context.cache   : Spring test ApplicationContext cache statistics: [DefaultContextCache@4c131823 size = 1, maxSize = 32, parentContextCount = 0, hitCount = 259, missCount = 3, failureCount = 0]
2025-05-08T20:06:36.123+03:00 DEBUG 3976 --- [library-management] [           main] sContextBeforeModesTestExecutionListener : Before test method: class [LibraryBookControllerTest], method [updateBookInfo_returnsSuccessMessage], class annotated with @DirtiesContext [true] with mode [AFTER_CLASS], method annotated with @DirtiesContext [false] with mode [null]
2025-05-08T20:06:36.124+03:00 DEBUG 3976 --- [library-management] [           main] org.springframework.test.context.cache   : Spring test ApplicationContext cache statistics: [DefaultContextCache@4c131823 size = 1, maxSize = 32, parentContextCount = 0, hitCount = 260, missCount = 3, failureCount = 0]
2025-05-08T20:06:36.124+03:00 DEBUG 3976 --- [library-management] [           main] org.springframework.test.context.cache   : Spring test ApplicationContext cache statistics: [DefaultContextCache@4c131823 size = 1, maxSize = 32, parentContextCount = 0, hitCount = 261, missCount = 3, failureCount = 0]
2025-05-08T20:06:36.124+03:00 DEBUG 3976 --- [library-management] [           main] org.springframework.test.context.cache   : Spring test ApplicationContext cache statistics: [DefaultContextCache@4c131823 size = 1, maxSize = 32, parentContextCount = 0, hitCount = 262, missCount = 3, failureCount = 0]
2025-05-08T20:06:36.125+03:00 DEBUG 3976 --- [library-management] [           main] org.springframework.test.context.cache   : Spring test ApplicationContext cache statistics: [DefaultContextCache@4c131823 size = 1, maxSize = 32, parentContextCount = 0, hitCount = 263, missCount = 3, failureCount = 0]
2025-05-08T20:06:36.125+03:00 DEBUG 3976 --- [library-management] [           main] org.springframework.test.context.cache   : Spring test ApplicationContext cache statistics: [DefaultContextCache@4c131823 size = 1, maxSize = 32, parentContextCount = 0, hitCount = 264, missCount = 3, failureCount = 0]
2025-05-08T20:06:36.126+03:00 DEBUG 3976 --- [library-management] [           main] org.springframework.test.context.cache   : Spring test ApplicationContext cache statistics: [DefaultContextCache@4c131823 size = 1, maxSize = 32, parentContextCount = 0, hitCount = 265, missCount = 3, failureCount = 0]
2025-05-08T20:06:36.128+03:00 DEBUG 3976 --- [library-management] [           main] o.s.test.util.ReflectionTestUtils        : Invoking method 'getFilters' on target object [FilterChainProxy[Filter Chains: null]] or target class [null] with arguments {org.springframework.mock.web.MockHttpServletRequest@6fd14e7c}
2025-05-08T20:06:36.128+03:00 DEBUG 3976 --- [library-management] [           main] o.s.test.util.ReflectionTestUtils        : Invoking method 'getFilters' on target object [FilterChainProxy[Filter Chains: null]] or target class [null] with arguments {org.springframework.mock.web.MockHttpServletRequest@6fd14e7c}
2025-05-08T20:06:36.128+03:00 DEBUG 3976 --- [library-management] [           main] o.s.test.util.ReflectionTestUtils        : Getting field 'securityContextRepository' from target object [org.springframework.security.web.context.SecurityContextHolderFilter@7a54fc29] or target class [class org.springframework.security.web.context.SecurityContextHolderFilter]
2025-05-08T20:06:36.128+03:00 DEBUG 3976 --- [library-management] [           main] o.s.security.web.FilterChainProxy        : Securing PUT /api/books/1
2025-05-08T20:06:36.129+03:00 DEBUG 3976 --- [library-management] [           main] o.s.security.web.FilterChainProxy        : Secured PUT /api/books/1
2025-05-08T20:06:36.129+03:00 DEBUG 3976 --- [library-management] [           main] o.s.t.web.servlet.TestDispatcherServlet  : PUT "/api/books/1", parameters={}
2025-05-08T20:06:36.129+03:00 DEBUG 3976 --- [library-management] [           main] s.w.s.m.m.a.RequestMappingHandlerMapping : Mapped to com.example.library_management.controller.LibraryBookController#updateBookInfo(Long, UpdateBookInfoDTO)
2025-05-08T20:06:36.129+03:00 DEBUG 3976 --- [library-management] [           main] o.j.s.OpenEntityManagerInViewInterceptor : Opening JPA EntityManager in OpenEntityManagerInViewInterceptor
2025-05-08T20:06:36.131+03:00 DEBUG 3976 --- [library-management] [           main] m.m.a.RequestResponseBodyMethodProcessor : Read "application/json;charset=UTF-8" to [com.example.library_management.dto.UpdateBookInfoDTO@57927f4f]
2025-05-08T20:06:36.135+03:00 DEBUG 3976 --- [library-management] [           main] horizationManagerBeforeMethodInterceptor : Authorizing method invocation ReflectiveMethodInvocation: public org.springframework.http.ResponseEntity com.example.library_management.controller.LibraryBookController.updateBookInfo(java.lang.Long,com.example.library_management.dto.UpdateBookInfoDTO); target is of class [com.example.library_management.controller.LibraryBookController]
2025-05-08T20:06:36.135+03:00 DEBUG 3976 --- [library-management] [           main] horizationManagerBeforeMethodInterceptor : Authorized method invocation ReflectiveMethodInvocation: public org.springframework.http.ResponseEntity com.example.library_management.controller.LibraryBookController.updateBookInfo(java.lang.Long,com.example.library_management.dto.UpdateBookInfoDTO); target is of class [com.example.library_management.controller.LibraryBookController]
2025-05-08T20:06:36.136+03:00 DEBUG 3976 --- [library-management] [           main] o.s.orm.jpa.JpaTransactionManager        : Found thread-bound EntityManager [SessionImpl(779987078<open>)] for JPA transaction
2025-05-08T20:06:36.136+03:00 DEBUG 3976 --- [library-management] [           main] o.s.orm.jpa.JpaTransactionManager        : Creating new transaction with name [com.example.library_management.service.LibraryBookService.updateBookInfo]: PROPAGATION_REQUIRED,ISOLATION_DEFAULT
2025-05-08T20:06:36.136+03:00 DEBUG 3976 --- [library-management] [           main] o.s.j.d.DriverManagerDataSource          : Creating new JDBC DriverManager Connection to [jdbc:postgresql://localhost:5432/library_db]
2025-05-08T20:06:36.408+03:00 DEBUG 3976 --- [library-management] [           main] o.s.orm.jpa.JpaTransactionManager        : Exposing JPA transaction as JDBC [org.springframework.orm.jpa.vendor.HibernateJpaDialect$HibernateConnectionHandle@60ca607]
2025-05-08T20:06:36.408+03:00 DEBUG 3976 --- [library-management] [           main] o.s.orm.jpa.JpaTransactionManager        : Initiating transaction commit
2025-05-08T20:06:36.408+03:00 DEBUG 3976 --- [library-management] [           main] o.s.orm.jpa.JpaTransactionManager        : Committing JPA transaction on EntityManager [SessionImpl(779987078<open>)]
2025-05-08T20:06:36.409+03:00 DEBUG 3976 --- [library-management] [           main] o.s.orm.jpa.JpaTransactionManager        : Not closing pre-bound JPA EntityManager after transaction
2025-05-08T20:06:36.409+03:00  INFO 3976 --- [library-management] [           main] c.e.l.controller.LibraryBookController   : Информация о книге с ID 1 обновлена
2025-05-08T20:06:36.409+03:00 DEBUG 3976 --- [library-management] [           main] o.s.w.s.m.m.a.HttpEntityMethodProcessor  : Using 'text/plain', given [*/*] and supported [text/plain, */*, application/json, application/*+json]
2025-05-08T20:06:36.409+03:00 DEBUG 3976 --- [library-management] [           main] o.s.w.s.m.m.a.HttpEntityMethodProcessor  : Writing ["Информация о книге успешно обновлена"]
2025-05-08T20:06:36.409+03:00 DEBUG 3976 --- [library-management] [           main] o.j.s.OpenEntityManagerInViewInterceptor : Closing JPA EntityManager in OpenEntityManagerInViewInterceptor
2025-05-08T20:06:36.410+03:00 DEBUG 3976 --- [library-management] [           main] o.s.t.web.servlet.TestDispatcherServlet  : Completed 200 OK
2025-05-08T20:06:36.411+03:00 DEBUG 3976 --- [library-management] [           main] org.springframework.test.context.cache   : Spring test ApplicationContext cache statistics: [DefaultContextCache@4c131823 size = 1, maxSize = 32, parentContextCount = 0, hitCount = 266, missCount = 3, failureCount = 0]
2025-05-08T20:06:36.412+03:00 DEBUG 3976 --- [library-management] [           main] org.springframework.test.context.cache   : Spring test ApplicationContext cache statistics: [DefaultContextCache@4c131823 size = 1, maxSize = 32, parentContextCount = 0, hitCount = 267, missCount = 3, failureCount = 0]
2025-05-08T20:06:36.412+03:00 DEBUG 3976 --- [library-management] [           main] org.springframework.test.context.cache   : Spring test ApplicationContext cache statistics: [DefaultContextCache@4c131823 size = 1, maxSize = 32, parentContextCount = 0, hitCount = 268, missCount = 3, failureCount = 0]
2025-05-08T20:06:36.412+03:00 DEBUG 3976 --- [library-management] [           main] org.springframework.test.context.cache   : Spring test ApplicationContext cache statistics: [DefaultContextCache@4c131823 size = 1, maxSize = 32, parentContextCount = 0, hitCount = 269, missCount = 3, failureCount = 0]
2025-05-08T20:06:36.412+03:00 DEBUG 3976 --- [library-management] [           main] org.springframework.test.context.cache   : Spring test ApplicationContext cache statistics: [DefaultContextCache@4c131823 size = 1, maxSize = 32, parentContextCount = 0, hitCount = 270, missCount = 3, failureCount = 0]
2025-05-08T20:06:36.413+03:00 DEBUG 3976 --- [library-management] [           main] org.springframework.test.context.cache   : Spring test ApplicationContext cache statistics: [DefaultContextCache@4c131823 size = 1, maxSize = 32, parentContextCount = 0, hitCount = 271, missCount = 3, failureCount = 0]
2025-05-08T20:06:36.414+03:00 DEBUG 3976 --- [library-management] [           main] org.springframework.test.context.cache   : Spring test ApplicationContext cache statistics: [DefaultContextCache@4c131823 size = 1, maxSize = 32, parentContextCount = 0, hitCount = 272, missCount = 3, failureCount = 0]
2025-05-08T20:06:36.414+03:00 DEBUG 3976 --- [library-management] [           main] org.springframework.test.context.cache   : Spring test ApplicationContext cache statistics: [DefaultContextCache@4c131823 size = 1, maxSize = 32, parentContextCount = 0, hitCount = 273, missCount = 3, failureCount = 0]
2025-05-08T20:06:36.414+03:00 DEBUG 3976 --- [library-management] [           main] .c.s.DirtiesContextTestExecutionListener : After test method: class [LibraryBookControllerTest], method [updateBookInfo_returnsSuccessMessage], class annotated with @DirtiesContext [true] with mode [AFTER_CLASS], method annotated with @DirtiesContext [false] with mode [null]
2025-05-08T20:06:36.414+03:00 DEBUG 3976 --- [library-management] [           main] o.s.t.c.w.ServletTestExecutionListener   : Resetting RequestContextHolder for test class com.example.library_management.controller.LibraryBookControllerTest
]]></system-out>
  </testcase>
</testsuite>