<?xml version="1.0" encoding="UTF-8"?>
<testsuite xmlns:xsi="http://www.w3.org/2001/XMLSchema-instance" xsi:noNamespaceSchemaLocation="https://maven.apache.org/surefire/maven-surefire-plugin/xsd/surefire-test-report-3.0.xsd" version="3.0" name="com.example.library_management.controller.RentalControllerTest" time="3.229" tests="8" errors="0" skipped="0" failures="0">
  <properties>
    <property name="java.specification.version" value="17"/>
    <property name="sun.cpu.isalist" value="amd64"/>
    <property name="sun.jnu.encoding" value="Cp1251"/>
    <property name="java.class.path" value="A:\library-management\target\test-classes;A:\library-management\target\classes;C:\Users\User\.m2\repository\org\springframework\boot\spring-boot-starter-security\3.4.4\spring-boot-starter-security-3.4.4.jar;C:\Users\User\.m2\repository\org\springframework\boot\spring-boot-starter\3.4.4\spring-boot-starter-3.4.4.jar;C:\Users\User\.m2\repository\org\springframework\boot\spring-boot-starter-logging\3.4.4\spring-boot-starter-logging-3.4.4.jar;C:\Users\User\.m2\repository\ch\qos\logback\logback-classic\1.5.18\logback-classic-1.5.18.jar;C:\Users\User\.m2\repository\ch\qos\logback\logback-core\1.5.18\logback-core-1.5.18.jar;C:\Users\User\.m2\repository\org\apache\logging\log4j\log4j-to-slf4j\2.24.3\log4j-to-slf4j-2.24.3.jar;C:\Users\User\.m2\repository\org\apache\logging\log4j\log4j-api\2.24.3\log4j-api-2.24.3.jar;C:\Users\User\.m2\repository\org\slf4j\jul-to-slf4j\2.0.17\jul-to-slf4j-2.0.17.jar;C:\Users\User\.m2\repository\jakarta\annotation\jakarta.annotation-api\2.1.1\jakarta.annotation-api-2.1.1.jar;C:\Users\User\.m2\repository\org\springframework\spring-aop\6.2.5\spring-aop-6.2.5.jar;C:\Users\User\.m2\repository\org\springframework\security\spring-security-config\6.4.4\spring-security-config-6.4.4.jar;C:\Users\User\.m2\repository\org\springframework\spring-context\6.2.5\spring-context-6.2.5.jar;C:\Users\User\.m2\repository\org\springframework\security\spring-security-web\6.4.4\spring-security-web-6.4.4.jar;C:\Users\User\.m2\repository\org\springframework\spring-expression\6.2.5\spring-expression-6.2.5.jar;C:\Users\User\.m2\repository\org\springframework\boot\spring-boot-starter-validation\3.4.4\spring-boot-starter-validation-3.4.4.jar;C:\Users\User\.m2\repository\org\apache\tomcat\embed\tomcat-embed-el\10.1.39\tomcat-embed-el-10.1.39.jar;C:\Users\User\.m2\repository\org\hibernate\validator\hibernate-validator\8.0.2.Final\hibernate-validator-8.0.2.Final.jar;C:\Users\User\.m2\repository\jakarta\validation\jakarta.validation-api\3.0.2\jakarta.validation-api-3.0.2.jar;C:\Users\User\.m2\repository\org\springframework\boot\spring-boot-starter-web\3.4.4\spring-boot-starter-web-3.4.4.jar;C:\Users\User\.m2\repository\org\springframework\boot\spring-boot-starter-json\3.4.4\spring-boot-starter-json-3.4.4.jar;C:\Users\User\.m2\repository\com\fasterxml\jackson\datatype\jackson-datatype-jdk8\2.18.3\jackson-datatype-jdk8-2.18.3.jar;C:\Users\User\.m2\repository\com\fasterxml\jackson\datatype\jackson-datatype-jsr310\2.18.3\jackson-datatype-jsr310-2.18.3.jar;C:\Users\User\.m2\repository\com\fasterxml\jackson\module\jackson-module-parameter-names\2.18.3\jackson-module-parameter-names-2.18.3.jar;C:\Users\User\.m2\repository\org\springframework\boot\spring-boot-starter-tomcat\3.4.4\spring-boot-starter-tomcat-3.4.4.jar;C:\Users\User\.m2\repository\org\apache\tomcat\embed\tomcat-embed-core\10.1.39\tomcat-embed-core-10.1.39.jar;C:\Users\User\.m2\repository\org\apache\tomcat\embed\tomcat-embed-websocket\10.1.39\tomcat-embed-websocket-10.1.39.jar;C:\Users\User\.m2\repository\org\springframework\spring-web\6.2.5\spring-web-6.2.5.jar;C:\Users\User\.m2\repository\io\micrometer\micrometer-observation\1.14.5\micrometer-observation-1.14.5.jar;C:\Users\User\.m2\repository\io\micrometer\micrometer-commons\1.14.5\micrometer-commons-1.14.5.jar;C:\Users\User\.m2\repository\org\springframework\spring-webmvc\6.2.5\spring-webmvc-6.2.5.jar;C:\Users\User\.m2\repository\org\liquibase\liquibase-core\4.29.2\liquibase-core-4.29.2.jar;C:\Users\User\.m2\repository\com\opencsv\opencsv\5.9\opencsv-5.9.jar;C:\Users\User\.m2\repository\org\yaml\snakeyaml\2.3\snakeyaml-2.3.jar;C:\Users\User\.m2\repository\javax\xml\bind\jaxb-api\2.3.1\jaxb-api-2.3.1.jar;C:\Users\User\.m2\repository\commons-io\commons-io\2.16.1\commons-io-2.16.1.jar;C:\Users\User\.m2\repository\org\apache\commons\commons-collections4\4.4\commons-collections4-4.4.jar;C:\Users\User\.m2\repository\org\apache\commons\commons-text\1.12.0\commons-text-1.12.0.jar;C:\Users\User\.m2\repository\org\apache\commons\commons-lang3\3.17.0\commons-lang3-3.17.0.jar;C:\Users\User\.m2\repository\org\springframework\boot\spring-boot-devtools\3.4.4\spring-boot-devtools-3.4.4.jar;C:\Users\User\.m2\repository\org\springframework\boot\spring-boot\3.4.4\spring-boot-3.4.4.jar;C:\Users\User\.m2\repository\org\springframework\boot\spring-boot-autoconfigure\3.4.4\spring-boot-autoconfigure-3.4.4.jar;C:\Users\User\.m2\repository\org\postgresql\postgresql\42.7.5\postgresql-42.7.5.jar;C:\Users\User\.m2\repository\org\checkerframework\checker-qual\3.48.3\checker-qual-3.48.3.jar;C:\Users\User\.m2\repository\org\projectlombok\lombok\1.18.30\lombok-1.18.30.jar;C:\Users\User\.m2\repository\org\springframework\boot\spring-boot-starter-test\3.4.4\spring-boot-starter-test-3.4.4.jar;C:\Users\User\.m2\repository\org\springframework\boot\spring-boot-test\3.4.4\spring-boot-test-3.4.4.jar;C:\Users\User\.m2\repository\org\springframework\boot\spring-boot-test-autoconfigure\3.4.4\spring-boot-test-autoconfigure-3.4.4.jar;C:\Users\User\.m2\repository\com\jayway\jsonpath\json-path\2.9.0\json-path-2.9.0.jar;C:\Users\User\.m2\repository\org\slf4j\slf4j-api\2.0.17\slf4j-api-2.0.17.jar;C:\Users\User\.m2\repository\jakarta\xml\bind\jakarta.xml.bind-api\4.0.2\jakarta.xml.bind-api-4.0.2.jar;C:\Users\User\.m2\repository\jakarta\activation\jakarta.activation-api\2.1.3\jakarta.activation-api-2.1.3.jar;C:\Users\User\.m2\repository\net\minidev\json-smart\2.5.2\json-smart-2.5.2.jar;C:\Users\User\.m2\repository\net\minidev\accessors-smart\2.5.2\accessors-smart-2.5.2.jar;C:\Users\User\.m2\repository\org\ow2\asm\asm\9.7.1\asm-9.7.1.jar;C:\Users\User\.m2\repository\org\assertj\assertj-core\3.26.3\assertj-core-3.26.3.jar;C:\Users\User\.m2\repository\org\awaitility\awaitility\4.2.2\awaitility-4.2.2.jar;C:\Users\User\.m2\repository\org\hamcrest\hamcrest\2.2\hamcrest-2.2.jar;C:\Users\User\.m2\repository\org\junit\jupiter\junit-jupiter\5.11.4\junit-jupiter-5.11.4.jar;C:\Users\User\.m2\repository\org\junit\jupiter\junit-jupiter-params\5.11.4\junit-jupiter-params-5.11.4.jar;C:\Users\User\.m2\repository\org\skyscreamer\jsonassert\1.5.3\jsonassert-1.5.3.jar;C:\Users\User\.m2\repository\com\vaadin\external\google\android-json\0.0.20131108.vaadin1\android-json-0.0.20131108.vaadin1.jar;C:\Users\User\.m2\repository\org\springframework\spring-core\6.2.5\spring-core-6.2.5.jar;C:\Users\User\.m2\repository\org\springframework\spring-jcl\6.2.5\spring-jcl-6.2.5.jar;C:\Users\User\.m2\repository\org\springframework\spring-test\6.2.5\spring-test-6.2.5.jar;C:\Users\User\.m2\repository\org\xmlunit\xmlunit-core\2.10.0\xmlunit-core-2.10.0.jar;C:\Users\User\.m2\repository\org\springframework\security\spring-security-test\6.4.4\spring-security-test-6.4.4.jar;C:\Users\User\.m2\repository\org\springframework\security\spring-security-core\6.4.4\spring-security-core-6.4.4.jar;C:\Users\User\.m2\repository\org\springframework\security\spring-security-crypto\6.4.4\spring-security-crypto-6.4.4.jar;C:\Users\User\.m2\repository\jakarta\persistence\jakarta.persistence-api\3.1.0\jakarta.persistence-api-3.1.0.jar;C:\Users\User\.m2\repository\org\hibernate\orm\hibernate-core\6.4.4.Final\hibernate-core-6.4.4.Final.jar;C:\Users\User\.m2\repository\jakarta\transaction\jakarta.transaction-api\2.0.1\jakarta.transaction-api-2.0.1.jar;C:\Users\User\.m2\repository\org\jboss\logging\jboss-logging\3.6.1.Final\jboss-logging-3.6.1.Final.jar;C:\Users\User\.m2\repository\org\hibernate\common\hibernate-commons-annotations\6.0.6.Final\hibernate-commons-annotations-6.0.6.Final.jar;C:\Users\User\.m2\repository\io\smallrye\jandex\3.1.2\jandex-3.1.2.jar;C:\Users\User\.m2\repository\com\fasterxml\classmate\1.7.0\classmate-1.7.0.jar;C:\Users\User\.m2\repository\net\bytebuddy\byte-buddy\1.15.11\byte-buddy-1.15.11.jar;C:\Users\User\.m2\repository\org\glassfish\jaxb\jaxb-runtime\4.0.5\jaxb-runtime-4.0.5.jar;C:\Users\User\.m2\repository\org\glassfish\jaxb\jaxb-core\4.0.5\jaxb-core-4.0.5.jar;C:\Users\User\.m2\repository\org\eclipse\angus\angus-activation\2.0.2\angus-activation-2.0.2.jar;C:\Users\User\.m2\repository\org\glassfish\jaxb\txw2\4.0.5\txw2-4.0.5.jar;C:\Users\User\.m2\repository\com\sun\istack\istack-commons-runtime\4.1.2\istack-commons-runtime-4.1.2.jar;C:\Users\User\.m2\repository\jakarta\inject\jakarta.inject-api\2.0.1\jakarta.inject-api-2.0.1.jar;C:\Users\User\.m2\repository\org\antlr\antlr4-runtime\4.13.0\antlr4-runtime-4.13.0.jar;C:\Users\User\.m2\repository\org\springframework\spring-orm\6.2.5\spring-orm-6.2.5.jar;C:\Users\User\.m2\repository\org\springframework\spring-beans\6.2.5\spring-beans-6.2.5.jar;C:\Users\User\.m2\repository\org\springframework\spring-tx\6.2.5\spring-tx-6.2.5.jar;C:\Users\User\.m2\repository\org\springframework\spring-jdbc\6.2.5\spring-jdbc-6.2.5.jar;C:\Users\User\.m2\repository\io\jsonwebtoken\jjwt-api\0.11.5\jjwt-api-0.11.5.jar;C:\Users\User\.m2\repository\io\jsonwebtoken\jjwt-impl\0.11.5\jjwt-impl-0.11.5.jar;C:\Users\User\.m2\repository\io\jsonwebtoken\jjwt-jackson\0.11.5\jjwt-jackson-0.11.5.jar;C:\Users\User\.m2\repository\com\fasterxml\jackson\core\jackson-databind\2.18.3\jackson-databind-2.18.3.jar;C:\Users\User\.m2\repository\com\fasterxml\jackson\core\jackson-annotations\2.18.3\jackson-annotations-2.18.3.jar;C:\Users\User\.m2\repository\com\fasterxml\jackson\core\jackson-core\2.18.3\jackson-core-2.18.3.jar;C:\Users\User\.m2\repository\org\mapstruct\mapstruct\1.5.5.Final\mapstruct-1.5.5.Final.jar;C:\Users\User\.m2\repository\org\mapstruct\mapstruct-processor\1.5.5.Final\mapstruct-processor-1.5.5.Final.jar;C:\Users\User\.m2\repository\org\junit\jupiter\junit-jupiter-api\5.10.0\junit-jupiter-api-5.10.0.jar;C:\Users\User\.m2\repository\org\opentest4j\opentest4j\1.3.0\opentest4j-1.3.0.jar;C:\Users\User\.m2\repository\org\apiguardian\apiguardian-api\1.1.2\apiguardian-api-1.1.2.jar;C:\Users\User\.m2\repository\org\junit\jupiter\junit-jupiter-engine\5.10.0\junit-jupiter-engine-5.10.0.jar;C:\Users\User\.m2\repository\org\junit\platform\junit-platform-engine\1.11.4\junit-platform-engine-1.11.4.jar;C:\Users\User\.m2\repository\org\mockito\mockito-core\5.11.0\mockito-core-5.11.0.jar;C:\Users\User\.m2\repository\net\bytebuddy\byte-buddy-agent\1.15.11\byte-buddy-agent-1.15.11.jar;C:\Users\User\.m2\repository\org\objenesis\objenesis\3.3\objenesis-3.3.jar;C:\Users\User\.m2\repository\org\mockito\mockito-junit-jupiter\5.11.0\mockito-junit-jupiter-5.11.0.jar;C:\Users\User\.m2\repository\org\junit\platform\junit-platform-commons\1.10.0\junit-platform-commons-1.10.0.jar;"/>
    <property name="java.vm.vendor" value="Amazon.com Inc."/>
    <property name="sun.arch.data.model" value="64"/>
    <property name="user.variant" value=""/>
    <property name="java.vendor.url" value="https://aws.amazon.com/corretto/"/>
    <property name="user.timezone" value="Europe/Moscow"/>
    <property name="org.jboss.logging.provider" value="slf4j"/>
    <property name="os.name" value="Windows 10"/>
    <property name="java.vm.specification.version" value="17"/>
    <property name="APPLICATION_NAME" value="library-management"/>
    <property name="sun.java.launcher" value="SUN_STANDARD"/>
    <property name="user.country" value="RU"/>
    <property name="sun.boot.library.path" value="C:\Users\User\.jdks\corretto-17.0.14\bin"/>
    <property name="sun.java.command" value="C:\Users\User\AppData\Local\Temp\surefire2826541634405594714\surefirebooter14712018223946125502.jar C:\Users\User\AppData\Local\Temp\surefire2826541634405594714 2025-05-08T20-06-18_313-jvmRun1 surefire10067490429104052967tmp surefire_08502555642929361333tmp"/>
    <property name="jdk.debug" value="release"/>
    <property name="surefire.test.class.path" value="A:\library-management\target\test-classes;A:\library-management\target\classes;C:\Users\User\.m2\repository\org\springframework\boot\spring-boot-starter-security\3.4.4\spring-boot-starter-security-3.4.4.jar;C:\Users\User\.m2\repository\org\springframework\boot\spring-boot-starter\3.4.4\spring-boot-starter-3.4.4.jar;C:\Users\User\.m2\repository\org\springframework\boot\spring-boot-starter-logging\3.4.4\spring-boot-starter-logging-3.4.4.jar;C:\Users\User\.m2\repository\ch\qos\logback\logback-classic\1.5.18\logback-classic-1.5.18.jar;C:\Users\User\.m2\repository\ch\qos\logback\logback-core\1.5.18\logback-core-1.5.18.jar;C:\Users\User\.m2\repository\org\apache\logging\log4j\log4j-to-slf4j\2.24.3\log4j-to-slf4j-2.24.3.jar;C:\Users\User\.m2\repository\org\apache\logging\log4j\log4j-api\2.24.3\log4j-api-2.24.3.jar;C:\Users\User\.m2\repository\org\slf4j\jul-to-slf4j\2.0.17\jul-to-slf4j-2.0.17.jar;C:\Users\User\.m2\repository\jakarta\annotation\jakarta.annotation-api\2.1.1\jakarta.annotation-api-2.1.1.jar;C:\Users\User\.m2\repository\org\springframework\spring-aop\6.2.5\spring-aop-6.2.5.jar;C:\Users\User\.m2\repository\org\springframework\security\spring-security-config\6.4.4\spring-security-config-6.4.4.jar;C:\Users\User\.m2\repository\org\springframework\spring-context\6.2.5\spring-context-6.2.5.jar;C:\Users\User\.m2\repository\org\springframework\security\spring-security-web\6.4.4\spring-security-web-6.4.4.jar;C:\Users\User\.m2\repository\org\springframework\spring-expression\6.2.5\spring-expression-6.2.5.jar;C:\Users\User\.m2\repository\org\springframework\boot\spring-boot-starter-validation\3.4.4\spring-boot-starter-validation-3.4.4.jar;C:\Users\User\.m2\repository\org\apache\tomcat\embed\tomcat-embed-el\10.1.39\tomcat-embed-el-10.1.39.jar;C:\Users\User\.m2\repository\org\hibernate\validator\hibernate-validator\8.0.2.Final\hibernate-validator-8.0.2.Final.jar;C:\Users\User\.m2\repository\jakarta\validation\jakarta.validation-api\3.0.2\jakarta.validation-api-3.0.2.jar;C:\Users\User\.m2\repository\org\springframework\boot\spring-boot-starter-web\3.4.4\spring-boot-starter-web-3.4.4.jar;C:\Users\User\.m2\repository\org\springframework\boot\spring-boot-starter-json\3.4.4\spring-boot-starter-json-3.4.4.jar;C:\Users\User\.m2\repository\com\fasterxml\jackson\datatype\jackson-datatype-jdk8\2.18.3\jackson-datatype-jdk8-2.18.3.jar;C:\Users\User\.m2\repository\com\fasterxml\jackson\datatype\jackson-datatype-jsr310\2.18.3\jackson-datatype-jsr310-2.18.3.jar;C:\Users\User\.m2\repository\com\fasterxml\jackson\module\jackson-module-parameter-names\2.18.3\jackson-module-parameter-names-2.18.3.jar;C:\Users\User\.m2\repository\org\springframework\boot\spring-boot-starter-tomcat\3.4.4\spring-boot-starter-tomcat-3.4.4.jar;C:\Users\User\.m2\repository\org\apache\tomcat\embed\tomcat-embed-core\10.1.39\tomcat-embed-core-10.1.39.jar;C:\Users\User\.m2\repository\org\apache\tomcat\embed\tomcat-embed-websocket\10.1.39\tomcat-embed-websocket-10.1.39.jar;C:\Users\User\.m2\repository\org\springframework\spring-web\6.2.5\spring-web-6.2.5.jar;C:\Users\User\.m2\repository\io\micrometer\micrometer-observation\1.14.5\micrometer-observation-1.14.5.jar;C:\Users\User\.m2\repository\io\micrometer\micrometer-commons\1.14.5\micrometer-commons-1.14.5.jar;C:\Users\User\.m2\repository\org\springframework\spring-webmvc\6.2.5\spring-webmvc-6.2.5.jar;C:\Users\User\.m2\repository\org\liquibase\liquibase-core\4.29.2\liquibase-core-4.29.2.jar;C:\Users\User\.m2\repository\com\opencsv\opencsv\5.9\opencsv-5.9.jar;C:\Users\User\.m2\repository\org\yaml\snakeyaml\2.3\snakeyaml-2.3.jar;C:\Users\User\.m2\repository\javax\xml\bind\jaxb-api\2.3.1\jaxb-api-2.3.1.jar;C:\Users\User\.m2\repository\commons-io\commons-io\2.16.1\commons-io-2.16.1.jar;C:\Users\User\.m2\repository\org\apache\commons\commons-collections4\4.4\commons-collections4-4.4.jar;C:\Users\User\.m2\repository\org\apache\commons\commons-text\1.12.0\commons-text-1.12.0.jar;C:\Users\User\.m2\repository\org\apache\commons\commons-lang3\3.17.0\commons-lang3-3.17.0.jar;C:\Users\User\.m2\repository\org\springframework\boot\spring-boot-devtools\3.4.4\spring-boot-devtools-3.4.4.jar;C:\Users\User\.m2\repository\org\springframework\boot\spring-boot\3.4.4\spring-boot-3.4.4.jar;C:\Users\User\.m2\repository\org\springframework\boot\spring-boot-autoconfigure\3.4.4\spring-boot-autoconfigure-3.4.4.jar;C:\Users\User\.m2\repository\org\postgresql\postgresql\42.7.5\postgresql-42.7.5.jar;C:\Users\User\.m2\repository\org\checkerframework\checker-qual\3.48.3\checker-qual-3.48.3.jar;C:\Users\User\.m2\repository\org\projectlombok\lombok\1.18.30\lombok-1.18.30.jar;C:\Users\User\.m2\repository\org\springframework\boot\spring-boot-starter-test\3.4.4\spring-boot-starter-test-3.4.4.jar;C:\Users\User\.m2\repository\org\springframework\boot\spring-boot-test\3.4.4\spring-boot-test-3.4.4.jar;C:\Users\User\.m2\repository\org\springframework\boot\spring-boot-test-autoconfigure\3.4.4\spring-boot-test-autoconfigure-3.4.4.jar;C:\Users\User\.m2\repository\com\jayway\jsonpath\json-path\2.9.0\json-path-2.9.0.jar;C:\Users\User\.m2\repository\org\slf4j\slf4j-api\2.0.17\slf4j-api-2.0.17.jar;C:\Users\User\.m2\repository\jakarta\xml\bind\jakarta.xml.bind-api\4.0.2\jakarta.xml.bind-api-4.0.2.jar;C:\Users\User\.m2\repository\jakarta\activation\jakarta.activation-api\2.1.3\jakarta.activation-api-2.1.3.jar;C:\Users\User\.m2\repository\net\minidev\json-smart\2.5.2\json-smart-2.5.2.jar;C:\Users\User\.m2\repository\net\minidev\accessors-smart\2.5.2\accessors-smart-2.5.2.jar;C:\Users\User\.m2\repository\org\ow2\asm\asm\9.7.1\asm-9.7.1.jar;C:\Users\User\.m2\repository\org\assertj\assertj-core\3.26.3\assertj-core-3.26.3.jar;C:\Users\User\.m2\repository\org\awaitility\awaitility\4.2.2\awaitility-4.2.2.jar;C:\Users\User\.m2\repository\org\hamcrest\hamcrest\2.2\hamcrest-2.2.jar;C:\Users\User\.m2\repository\org\junit\jupiter\junit-jupiter\5.11.4\junit-jupiter-5.11.4.jar;C:\Users\User\.m2\repository\org\junit\jupiter\junit-jupiter-params\5.11.4\junit-jupiter-params-5.11.4.jar;C:\Users\User\.m2\repository\org\skyscreamer\jsonassert\1.5.3\jsonassert-1.5.3.jar;C:\Users\User\.m2\repository\com\vaadin\external\google\android-json\0.0.20131108.vaadin1\android-json-0.0.20131108.vaadin1.jar;C:\Users\User\.m2\repository\org\springframework\spring-core\6.2.5\spring-core-6.2.5.jar;C:\Users\User\.m2\repository\org\springframework\spring-jcl\6.2.5\spring-jcl-6.2.5.jar;C:\Users\User\.m2\repository\org\springframework\spring-test\6.2.5\spring-test-6.2.5.jar;C:\Users\User\.m2\repository\org\xmlunit\xmlunit-core\2.10.0\xmlunit-core-2.10.0.jar;C:\Users\User\.m2\repository\org\springframework\security\spring-security-test\6.4.4\spring-security-test-6.4.4.jar;C:\Users\User\.m2\repository\org\springframework\security\spring-security-core\6.4.4\spring-security-core-6.4.4.jar;C:\Users\User\.m2\repository\org\springframework\security\spring-security-crypto\6.4.4\spring-security-crypto-6.4.4.jar;C:\Users\User\.m2\repository\jakarta\persistence\jakarta.persistence-api\3.1.0\jakarta.persistence-api-3.1.0.jar;C:\Users\User\.m2\repository\org\hibernate\orm\hibernate-core\6.4.4.Final\hibernate-core-6.4.4.Final.jar;C:\Users\User\.m2\repository\jakarta\transaction\jakarta.transaction-api\2.0.1\jakarta.transaction-api-2.0.1.jar;C:\Users\User\.m2\repository\org\jboss\logging\jboss-logging\3.6.1.Final\jboss-logging-3.6.1.Final.jar;C:\Users\User\.m2\repository\org\hibernate\common\hibernate-commons-annotations\6.0.6.Final\hibernate-commons-annotations-6.0.6.Final.jar;C:\Users\User\.m2\repository\io\smallrye\jandex\3.1.2\jandex-3.1.2.jar;C:\Users\User\.m2\repository\com\fasterxml\classmate\1.7.0\classmate-1.7.0.jar;C:\Users\User\.m2\repository\net\bytebuddy\byte-buddy\1.15.11\byte-buddy-1.15.11.jar;C:\Users\User\.m2\repository\org\glassfish\jaxb\jaxb-runtime\4.0.5\jaxb-runtime-4.0.5.jar;C:\Users\User\.m2\repository\org\glassfish\jaxb\jaxb-core\4.0.5\jaxb-core-4.0.5.jar;C:\Users\User\.m2\repository\org\eclipse\angus\angus-activation\2.0.2\angus-activation-2.0.2.jar;C:\Users\User\.m2\repository\org\glassfish\jaxb\txw2\4.0.5\txw2-4.0.5.jar;C:\Users\User\.m2\repository\com\sun\istack\istack-commons-runtime\4.1.2\istack-commons-runtime-4.1.2.jar;C:\Users\User\.m2\repository\jakarta\inject\jakarta.inject-api\2.0.1\jakarta.inject-api-2.0.1.jar;C:\Users\User\.m2\repository\org\antlr\antlr4-runtime\4.13.0\antlr4-runtime-4.13.0.jar;C:\Users\User\.m2\repository\org\springframework\spring-orm\6.2.5\spring-orm-6.2.5.jar;C:\Users\User\.m2\repository\org\springframework\spring-beans\6.2.5\spring-beans-6.2.5.jar;C:\Users\User\.m2\repository\org\springframework\spring-tx\6.2.5\spring-tx-6.2.5.jar;C:\Users\User\.m2\repository\org\springframework\spring-jdbc\6.2.5\spring-jdbc-6.2.5.jar;C:\Users\User\.m2\repository\io\jsonwebtoken\jjwt-api\0.11.5\jjwt-api-0.11.5.jar;C:\Users\User\.m2\repository\io\jsonwebtoken\jjwt-impl\0.11.5\jjwt-impl-0.11.5.jar;C:\Users\User\.m2\repository\io\jsonwebtoken\jjwt-jackson\0.11.5\jjwt-jackson-0.11.5.jar;C:\Users\User\.m2\repository\com\fasterxml\jackson\core\jackson-databind\2.18.3\jackson-databind-2.18.3.jar;C:\Users\User\.m2\repository\com\fasterxml\jackson\core\jackson-annotations\2.18.3\jackson-annotations-2.18.3.jar;C:\Users\User\.m2\repository\com\fasterxml\jackson\core\jackson-core\2.18.3\jackson-core-2.18.3.jar;C:\Users\User\.m2\repository\org\mapstruct\mapstruct\1.5.5.Final\mapstruct-1.5.5.Final.jar;C:\Users\User\.m2\repository\org\mapstruct\mapstruct-processor\1.5.5.Final\mapstruct-processor-1.5.5.Final.jar;C:\Users\User\.m2\repository\org\junit\jupiter\junit-jupiter-api\5.10.0\junit-jupiter-api-5.10.0.jar;C:\Users\User\.m2\repository\org\opentest4j\opentest4j\1.3.0\opentest4j-1.3.0.jar;C:\Users\User\.m2\repository\org\apiguardian\apiguardian-api\1.1.2\apiguardian-api-1.1.2.jar;C:\Users\User\.m2\repository\org\junit\jupiter\junit-jupiter-engine\5.10.0\junit-jupiter-engine-5.10.0.jar;C:\Users\User\.m2\repository\org\junit\platform\junit-platform-engine\1.11.4\junit-platform-engine-1.11.4.jar;C:\Users\User\.m2\repository\org\mockito\mockito-core\5.11.0\mockito-core-5.11.0.jar;C:\Users\User\.m2\repository\net\bytebuddy\byte-buddy-agent\1.15.11\byte-buddy-agent-1.15.11.jar;C:\Users\User\.m2\repository\org\objenesis\objenesis\3.3\objenesis-3.3.jar;C:\Users\User\.m2\repository\org\mockito\mockito-junit-jupiter\5.11.0\mockito-junit-jupiter-5.11.0.jar;C:\Users\User\.m2\repository\org\junit\platform\junit-platform-commons\1.10.0\junit-platform-commons-1.10.0.jar;"/>
    <property name="sun.cpu.endian" value="little"/>
    <property name="user.home" value="C:\Users\User"/>
    <property name="user.language" value="ru"/>
    <property name="java.specification.vendor" value="Oracle Corporation"/>
    <property name="java.version.date" value="2025-01-21"/>
    <property name="java.home" value="C:\Users\User\.jdks\corretto-17.0.14"/>
    <property name="file.separator" value="\"/>
    <property name="basedir" value="A:\library-management"/>
    <property name="java.vm.compressedOopsMode" value="Zero based"/>
    <property name="line.separator" value="&#10;"/>
    <property name="java.vm.specification.vendor" value="Oracle Corporation"/>
    <property name="java.specification.name" value="Java Platform API Specification"/>
    <property name="FILE_LOG_CHARSET" value="windows-1251"/>
    <property name="java.awt.headless" value="true"/>
    <property name="surefire.real.class.path" value="C:\Users\User\AppData\Local\Temp\surefire2826541634405594714\surefirebooter14712018223946125502.jar"/>
    <property name="user.script" value=""/>
    <property name="sun.management.compiler" value="HotSpot 64-Bit Tiered Compilers"/>
    <property name="java.runtime.version" value="17.0.14+7-LTS"/>
    <property name="user.name" value="Noname"/>
    <property name="path.separator" value=";"/>
    <property name="os.version" value="10.0"/>
    <property name="java.runtime.name" value="OpenJDK Runtime Environment"/>
    <property name="file.encoding" value="Cp1251"/>
    <property name="java.vm.name" value="OpenJDK 64-Bit Server VM"/>
    <property name="java.vendor.version" value="Corretto-17.0.14.7.1"/>
    <property name="localRepository" value="C:\Users\User\.m2\repository"/>
    <property name="java.vendor.url.bug" value="https://github.com/corretto/corretto-17/issues/"/>
    <property name="java.io.tmpdir" value="C:\Users\User\AppData\Local\Temp\"/>
    <property name="java.version" value="17.0.14"/>
    <property name="user.dir" value="A:\library-management"/>
    <property name="os.arch" value="amd64"/>
    <property name="java.vm.specification.name" value="Java Virtual Machine Specification"/>
    <property name="PID" value="3976"/>
    <property name="sun.os.patch.level" value=""/>
    <property name="CONSOLE_LOG_CHARSET" value="windows-1251"/>
    <property name="native.encoding" value="Cp1251"/>
    <property name="java.library.path" value="C:\Users\User\.jdks\corretto-17.0.14\bin;C:\WINDOWS\Sun\Java\bin;C:\WINDOWS\system32;C:\WINDOWS;C:\Users\User\.jdks\corretto-17.0.14\bin;C:\Program Files\Common Files\Oracle\Java\javapath;C:\Program Files (x86)\Common Files\Oracle\Java\javapath;C:\ProgramData\Oracle\Java\javapath;C:\Program Files (x86)\Common Files\Intel\Shared Libraries\redist\intel64\compiler;C:\Program Files (x86)\Intel\Intel(R) Management Engine Components\iCLS\;C:\Program Files\Intel\Intel(R) Management Engine Components\iCLS\;C:\Windows\system32;C:\Windows;C:\Windows\System32\Wbem;C:\Windows\System32\WindowsPowerShell\v1.0\;C:\Program Files (x86)\Intel\Intel(R) Management Engine Components\DAL;C:\Program Files\Intel\Intel(R) Management Engine Components\DAL;C:\Program Files (x86)\Intel\Intel(R) Management Engine Components\IPT;C:\Program Files\Intel\Intel(R) Management Engine Components\IPT;C:\WINDOWS\system32;C:\WINDOWS;C:\WINDOWS\System32\Wbem;C:\WINDOWS\System32\WindowsPowerShell\v1.0\;C:\WINDOWS\System32\OpenSSH\;C:\Program Files (x86)\NVIDIA Corporation\PhysX\Common;C:\Program Files\NVIDIA Corporation\NVIDIA NvDLISR;C:\WINDOWS\system32;C:\WINDOWS;C:\WINDOWS\System32\Wbem;C:\WINDOWS\System32\WindowsPowerShell\v1.0\;C:\WINDOWS\System32\OpenSSH\;C:\Program Files\dotnet\;C:\Program Files (x86)\Windows Kits\10\Windows Performance Toolkit\;C:\Program Files\Git\cmd;C:\Program Files\apache-maven-3.9.8\bin;C:\Program Files (x86)\dotnet\;C:\Program Files\MySQL\MySQL Shell 8.0\bin\;C:\Program Files\nodejs\;C:\Program Files\PostgreSQL\17\bin;;C:\Program Files\Docker\Docker\resources\bin;C:\Users\User\.jdks\corretto-17.0.14\bin;C:\Program Files\MySQL\MySQL Shell 8.0\bin\;C:\Users\User\AppData\Local\Programs\Python\Python310\Scripts\;C:\Users\User\AppData\Local\Programs\Python\Python310\;C:\Users\User\AppData\Local\Microsoft\WindowsApps;D:\progs\Microsoft VS Code\bin;C:\Users\User\AppData\Local\Programs\Microsoft VS Code\bin;A:\IntelliJ IDEA Community Edition 2024.1.2\bin;C:\Program Files\JetBrains\GoLand 2024.1.3\bin;C:\Program Files\JetBrains\IntelliJ IDEA 2024.1.4\bin;C:\Program Files\apache-maven-3.9.8\bin;D:\Загрузки\heroku\bin;A:\PyCharm Community Edition 2024.2.1\bin;C:\Users\User\.lmstudio\bin;A:\WebStorm 2024.3.5\bin;;C:\Users\User\AppData\Roaming\npm;C:\Program Files\PostgreSQL\17\bin;;."/>
    <property name="java.vm.info" value="mixed mode, sharing"/>
    <property name="java.vendor" value="Amazon.com Inc."/>
    <property name="java.vm.version" value="17.0.14+7-LTS"/>
    <property name="java.specification.maintenance.version" value="1"/>
    <property name="sun.io.unicode.encoding" value="UnicodeLittle"/>
    <property name="java.class.version" value="61.0"/>
    <property name="LOGGED_APPLICATION_NAME" value="[library-management] "/>
  </properties>
  <testcase name="getOverdueRentals_returnsList" classname="com.example.library_management.controller.RentalControllerTest" time="0.021">
    <system-out><![CDATA[2025-05-08T20:06:36.422+03:00 DEBUG 3976 --- [library-management] [           main] o.s.t.c.support.AbstractContextLoader    : Could not detect default resource locations for test class [com.example.library_management.controller.RentalControllerTest]: no resource found for suffixes {-context.xml, Context.groovy}.
2025-05-08T20:06:36.422+03:00 DEBUG 3976 --- [library-management] [           main] .b.t.c.SpringBootTestContextBootstrapper : Using ContextCustomizerFactory implementations for test class [RentalControllerTest]: [ImportsContextCustomizerFactory, ExcludeFilterContextCustomizerFactory, HttpGraphQlTesterContextCustomizerFactory, DuplicateJsonObjectContextCustomizerFactory, MockitoContextCustomizerFactory, TestRestTemplateContextCustomizerFactory, WebTestClientContextCustomizerFactory, DisableReactorResourceFactoryGlobalResourcesContextCustomizerFactory, OnFailureConditionReportContextCustomizerFactory, OverrideAutoConfigurationContextCustomizerFactory, ObservabilityContextCustomizerFactory, TypeExcludeFiltersContextCustomizerFactory, PropertyMappingContextCustomizerFactory, WebDriverContextCustomizerFactory, BeanOverrideContextCustomizerFactory, MockServerContainerContextCustomizerFactory, DynamicPropertiesContextCustomizerFactory]
2025-05-08T20:06:36.425+03:00 DEBUG 3976 --- [library-management] [           main] .b.t.c.SpringBootTestContextBootstrapper : Using ContextCustomizers for test class [RentalControllerTest]: [ImportsContextCustomizer, ExcludeFilterContextCustomizer, DuplicateJsonObjectContextCustomizer, MockitoContextCustomizer, TestRestTemplateContextCustomizer, DisableReactorResourceFactoryGlobalResourcesContextCustomizerCustomizer, OnFailureConditionReportContextCustomizer, DisableObservabilityContextCustomizer, PropertyMappingContextCustomizer, WebDriverContextCustomizer, DynamicPropertiesContextCustomizer]
2025-05-08T20:06:36.427+03:00 DEBUG 3976 --- [library-management] [           main] .s.t.c.u.TestContextSpringFactoriesUtils : Skipping candidate TestExecutionListener [org.springframework.test.context.observation.MicrometerObservationRegistryTestExecutionListener] due to a missing dependency. Specify custom TestExecutionListener classes or make the default TestExecutionListener classes and their required dependencies available. Offending class: io.micrometer.context.ThreadLocalAccessor. MicrometerObservationRegistryTestExecutionListener requires io.micrometer:micrometer-observation:1.10.8 or higher and io.micrometer:context-propagation:1.0.3 or higher.
2025-05-08T20:06:36.428+03:00 DEBUG 3976 --- [library-management] [           main] .b.t.c.SpringBootTestContextBootstrapper : Using TestExecutionListeners for test class [RentalControllerTest]: [ServletTestExecutionListener, DirtiesContextBeforeModesTestExecutionListener, ApplicationEventsTestExecutionListener, MockitoTestExecutionListener, BeanOverrideTestExecutionListener, DependencyInjectionTestExecutionListener, DirtiesContextTestExecutionListener, CommonCachesTestExecutionListener, TransactionalTestExecutionListener, SqlScriptsTestExecutionListener, EventPublishingTestExecutionListener, WithSecurityContextTestExecutionListener, ReactorContextTestExecutionListener, ResetMocksTestExecutionListener, RestDocsTestExecutionListener, MockRestServiceServerResetTestExecutionListener, MockMvcPrintOnlyOnFailureTestExecutionListener, WebDriverTestExecutionListener, MockWebServiceServerTestExecutionListener, MockitoResetTestExecutionListener]
2025-05-08T20:06:36.428+03:00 DEBUG 3976 --- [library-management] [           main] sContextBeforeModesTestExecutionListener : Before test class: class [RentalControllerTest], class annotated with @DirtiesContext [true] with mode [AFTER_CLASS]
2025-05-08T20:06:36.430+03:00  INFO 3976 --- [library-management] [           main] o.s.b.d.r.RestartApplicationListener     : Restart disabled due to context in which it is running

  .   ____          _            __ _ _
 /\\ / ___'_ __ _ _(_)_ __  __ _ \ \ \ \
( ( )\___ | '_ | '_| | '_ \/ _` | \ \ \ \
 \\/  ___)| |_)| | | | | || (_| |  ) ) ) )
  '  |____| .__|_| |_|_| |_\__, | / / / /
 =========|_|==============|___/=/_/_/_/

 :: Spring Boot ::                (v3.4.4)

2025-05-08T20:06:36.732+03:00  INFO 3976 --- [library-management] [           main] c.e.l.controller.RentalControllerTest    : Starting RentalControllerTest using Java 17.0.14 with PID 3976 (started by Noname in A:\library-management)
2025-05-08T20:06:36.732+03:00  INFO 3976 --- [library-management] [           main] c.e.l.controller.RentalControllerTest    : The following 1 profile is active: "rental-test"
2025-05-08T20:06:36.732+03:00 DEBUG 3976 --- [library-management] [           main] o.s.boot.SpringApplication               : Loading source class com.example.library_management.launch.Main,class com.example.library_management.controller.TestConfig
2025-05-08T20:06:36.735+03:00 DEBUG 3976 --- [library-management] [           main] o.s.w.c.s.GenericWebApplicationContext   : Refreshing org.springframework.web.context.support.GenericWebApplicationContext@4bc2cb11
2025-05-08T20:06:36.735+03:00 DEBUG 3976 --- [library-management] [           main] o.s.b.f.s.DefaultListableBeanFactory     : Creating shared instance of singleton bean 'org.springframework.context.annotation.internalConfigurationAnnotationProcessor'
2025-05-08T20:06:36.736+03:00 DEBUG 3976 --- [library-management] [           main] o.s.b.f.s.DefaultListableBeanFactory     : Creating shared instance of singleton bean 'org.springframework.boot.autoconfigure.internalCachingMetadataReaderFactory'
2025-05-08T20:06:36.760+03:00 DEBUG 3976 --- [library-management] [           main] o.s.c.a.ClassPathBeanDefinitionScanner   : Identified candidate component class: file [A:\library-management\target\test-classes\com\example\library_management\controller\TestConfig.class]
2025-05-08T20:06:36.763+03:00 DEBUG 3976 --- [library-management] [           main] o.s.c.a.ClassPathBeanDefinitionScanner   : Identified candidate component class: file [A:\library-management\target\classes\com\example\library_management\config\DataConfig.class]
2025-05-08T20:06:36.764+03:00 DEBUG 3976 --- [library-management] [           main] o.s.c.a.ClassPathBeanDefinitionScanner   : Identified candidate component class: file [A:\library-management\target\classes\com\example\library_management\controller\AuditController.class]
2025-05-08T20:06:36.765+03:00 DEBUG 3976 --- [library-management] [           main] o.s.c.a.ClassPathBeanDefinitionScanner   : Identified candidate component class: file [A:\library-management\target\classes\com\example\library_management\controller\CategoryController.class]
2025-05-08T20:06:36.766+03:00 DEBUG 3976 --- [library-management] [           main] o.s.c.a.ClassPathBeanDefinitionScanner   : Identified candidate component class: file [A:\library-management\target\classes\com\example\library_management\controller\LibraryBookController.class]
2025-05-08T20:06:36.766+03:00 DEBUG 3976 --- [library-management] [           main] o.s.c.a.ClassPathBeanDefinitionScanner   : Identified candidate component class: file [A:\library-management\target\classes\com\example\library_management\controller\RentalController.class]
2025-05-08T20:06:36.768+03:00 DEBUG 3976 --- [library-management] [           main] o.s.c.a.ClassPathBeanDefinitionScanner   : Identified candidate component class: file [A:\library-management\target\classes\com\example\library_management\controller\UserController.class]
2025-05-08T20:06:36.768+03:00 DEBUG 3976 --- [library-management] [           main] o.s.c.a.ClassPathBeanDefinitionScanner   : Identified candidate component class: file [A:\library-management\target\classes\com\example\library_management\dao\AuditLogDAO.class]
2025-05-08T20:06:36.769+03:00 DEBUG 3976 --- [library-management] [           main] o.s.c.a.ClassPathBeanDefinitionScanner   : Identified candidate component class: file [A:\library-management\target\classes\com\example\library_management\dao\BookInfoDAO.class]
2025-05-08T20:06:36.769+03:00 DEBUG 3976 --- [library-management] [           main] o.s.c.a.ClassPathBeanDefinitionScanner   : Identified candidate component class: file [A:\library-management\target\classes\com\example\library_management\dao\CategoryDAO.class]
2025-05-08T20:06:36.770+03:00 DEBUG 3976 --- [library-management] [           main] o.s.c.a.ClassPathBeanDefinitionScanner   : Identified candidate component class: file [A:\library-management\target\classes\com\example\library_management\dao\LibraryBookDAO.class]
2025-05-08T20:06:36.771+03:00 DEBUG 3976 --- [library-management] [           main] o.s.c.a.ClassPathBeanDefinitionScanner   : Identified candidate component class: file [A:\library-management\target\classes\com\example\library_management\dao\RentalDAO.class]
2025-05-08T20:06:36.771+03:00 DEBUG 3976 --- [library-management] [           main] o.s.c.a.ClassPathBeanDefinitionScanner   : Identified candidate component class: file [A:\library-management\target\classes\com\example\library_management\dao\RoleDAO.class]
2025-05-08T20:06:36.771+03:00 DEBUG 3976 --- [library-management] [           main] o.s.c.a.ClassPathBeanDefinitionScanner   : Identified candidate component class: file [A:\library-management\target\classes\com\example\library_management\dao\UserDAO.class]
2025-05-08T20:06:36.772+03:00 DEBUG 3976 --- [library-management] [           main] o.s.c.a.ClassPathBeanDefinitionScanner   : Identified candidate component class: file [A:\library-management\target\classes\com\example\library_management\dao\UserRoleDAO.class]
2025-05-08T20:06:36.776+03:00 DEBUG 3976 --- [library-management] [           main] o.s.c.a.ClassPathBeanDefinitionScanner   : Identified candidate component class: file [A:\library-management\target\classes\com\example\library_management\exception\GlobalExceptionHandler.class]
2025-05-08T20:06:36.777+03:00 DEBUG 3976 --- [library-management] [           main] o.s.c.a.ClassPathBeanDefinitionScanner   : Identified candidate component class: file [A:\library-management\target\classes\com\example\library_management\mapper\AuditMapper.class]
2025-05-08T20:06:36.777+03:00 DEBUG 3976 --- [library-management] [           main] o.s.c.a.ClassPathBeanDefinitionScanner   : Identified candidate component class: file [A:\library-management\target\classes\com\example\library_management\mapper\LibraryBookMapper.class]
2025-05-08T20:06:36.777+03:00 DEBUG 3976 --- [library-management] [           main] o.s.c.a.ClassPathBeanDefinitionScanner   : Identified candidate component class: file [A:\library-management\target\classes\com\example\library_management\mapper\MapperConfig.class]
2025-05-08T20:06:36.778+03:00 DEBUG 3976 --- [library-management] [           main] o.s.c.a.ClassPathBeanDefinitionScanner   : Identified candidate component class: file [A:\library-management\target\classes\com\example\library_management\mapper\RentalMapper.class]
2025-05-08T20:06:36.779+03:00 DEBUG 3976 --- [library-management] [           main] o.s.c.a.ClassPathBeanDefinitionScanner   : Identified candidate component class: file [A:\library-management\target\classes\com\example\library_management\mapper\UserMapperImpl.class]
2025-05-08T20:06:36.785+03:00 DEBUG 3976 --- [library-management] [           main] o.s.c.a.ClassPathBeanDefinitionScanner   : Identified candidate component class: file [A:\library-management\target\classes\com\example\library_management\security\JwtAuthenticationFilter.class]
2025-05-08T20:06:36.786+03:00 DEBUG 3976 --- [library-management] [           main] o.s.c.a.ClassPathBeanDefinitionScanner   : Identified candidate component class: file [A:\library-management\target\classes\com\example\library_management\security\JwtAuthorizationFilter.class]
2025-05-08T20:06:36.786+03:00 DEBUG 3976 --- [library-management] [           main] o.s.c.a.ClassPathBeanDefinitionScanner   : Identified candidate component class: file [A:\library-management\target\classes\com\example\library_management\security\JwtConfig.class]
2025-05-08T20:06:36.787+03:00 DEBUG 3976 --- [library-management] [           main] o.s.c.a.ClassPathBeanDefinitionScanner   : Identified candidate component class: file [A:\library-management\target\classes\com\example\library_management\security\JwtUtil.class]
2025-05-08T20:06:36.788+03:00 DEBUG 3976 --- [library-management] [           main] o.s.c.a.ClassPathBeanDefinitionScanner   : Identified candidate component class: file [A:\library-management\target\classes\com\example\library_management\security\SecurityConfig.class]
2025-05-08T20:06:36.788+03:00 DEBUG 3976 --- [library-management] [           main] o.s.c.a.ClassPathBeanDefinitionScanner   : Identified candidate component class: file [A:\library-management\target\classes\com\example\library_management\service\AuditService.class]
2025-05-08T20:06:36.789+03:00 DEBUG 3976 --- [library-management] [           main] o.s.c.a.ClassPathBeanDefinitionScanner   : Identified candidate component class: file [A:\library-management\target\classes\com\example\library_management\service\CategoryService.class]
2025-05-08T20:06:36.790+03:00 DEBUG 3976 --- [library-management] [           main] o.s.c.a.ClassPathBeanDefinitionScanner   : Identified candidate component class: file [A:\library-management\target\classes\com\example\library_management\service\LibraryBookService.class]
2025-05-08T20:06:36.790+03:00 DEBUG 3976 --- [library-management] [           main] o.s.c.a.ClassPathBeanDefinitionScanner   : Identified candidate component class: file [A:\library-management\target\classes\com\example\library_management\service\RentalService.class]
2025-05-08T20:06:36.791+03:00 DEBUG 3976 --- [library-management] [           main] o.s.c.a.ClassPathBeanDefinitionScanner   : Identified candidate component class: file [A:\library-management\target\classes\com\example\library_management\service\UserService.class]
2025-05-08T20:06:36.803+03:00 DEBUG 3976 --- [library-management] [           main] o.s.c.a.ClassPathBeanDefinitionScanner   : Identified candidate component class: file [A:\library-management\target\test-classes\com\example\library_management\controller\TestConfig.class]
2025-05-08T20:06:36.803+03:00 DEBUG 3976 --- [library-management] [           main] o.s.c.a.ClassPathBeanDefinitionScanner   : Identified candidate component class: file [A:\library-management\target\classes\com\example\library_management\controller\AuditController.class]
2025-05-08T20:06:36.803+03:00 DEBUG 3976 --- [library-management] [           main] o.s.c.a.ClassPathBeanDefinitionScanner   : Identified candidate component class: file [A:\library-management\target\classes\com\example\library_management\controller\CategoryController.class]
2025-05-08T20:06:36.803+03:00 DEBUG 3976 --- [library-management] [           main] o.s.c.a.ClassPathBeanDefinitionScanner   : Identified candidate component class: file [A:\library-management\target\classes\com\example\library_management\controller\LibraryBookController.class]
2025-05-08T20:06:36.803+03:00 DEBUG 3976 --- [library-management] [           main] o.s.c.a.ClassPathBeanDefinitionScanner   : Identified candidate component class: file [A:\library-management\target\classes\com\example\library_management\controller\RentalController.class]
2025-05-08T20:06:36.803+03:00 DEBUG 3976 --- [library-management] [           main] o.s.c.a.ClassPathBeanDefinitionScanner   : Identified candidate component class: file [A:\library-management\target\classes\com\example\library_management\controller\UserController.class]
2025-05-08T20:06:36.803+03:00 DEBUG 3976 --- [library-management] [           main] o.s.c.a.ClassPathBeanDefinitionScanner   : Identified candidate component class: file [A:\library-management\target\classes\com\example\library_management\dao\AuditLogDAO.class]
2025-05-08T20:06:36.803+03:00 DEBUG 3976 --- [library-management] [           main] o.s.c.a.ClassPathBeanDefinitionScanner   : Identified candidate component class: file [A:\library-management\target\classes\com\example\library_management\dao\BookInfoDAO.class]
2025-05-08T20:06:36.803+03:00 DEBUG 3976 --- [library-management] [           main] o.s.c.a.ClassPathBeanDefinitionScanner   : Identified candidate component class: file [A:\library-management\target\classes\com\example\library_management\dao\CategoryDAO.class]
2025-05-08T20:06:36.804+03:00 DEBUG 3976 --- [library-management] [           main] o.s.c.a.ClassPathBeanDefinitionScanner   : Identified candidate component class: file [A:\library-management\target\classes\com\example\library_management\dao\LibraryBookDAO.class]
2025-05-08T20:06:36.804+03:00 DEBUG 3976 --- [library-management] [           main] o.s.c.a.ClassPathBeanDefinitionScanner   : Identified candidate component class: file [A:\library-management\target\classes\com\example\library_management\dao\RentalDAO.class]
2025-05-08T20:06:36.804+03:00 DEBUG 3976 --- [library-management] [           main] o.s.c.a.ClassPathBeanDefinitionScanner   : Identified candidate component class: file [A:\library-management\target\classes\com\example\library_management\dao\RoleDAO.class]
2025-05-08T20:06:36.804+03:00 DEBUG 3976 --- [library-management] [           main] o.s.c.a.ClassPathBeanDefinitionScanner   : Identified candidate component class: file [A:\library-management\target\classes\com\example\library_management\dao\UserDAO.class]
2025-05-08T20:06:36.804+03:00 DEBUG 3976 --- [library-management] [           main] o.s.c.a.ClassPathBeanDefinitionScanner   : Identified candidate component class: file [A:\library-management\target\classes\com\example\library_management\dao\UserRoleDAO.class]
2025-05-08T20:06:36.804+03:00 DEBUG 3976 --- [library-management] [           main] o.s.c.a.ClassPathBeanDefinitionScanner   : Identified candidate component class: file [A:\library-management\target\classes\com\example\library_management\exception\GlobalExceptionHandler.class]
2025-05-08T20:06:36.804+03:00 DEBUG 3976 --- [library-management] [           main] o.s.c.a.ClassPathBeanDefinitionScanner   : Identified candidate component class: file [A:\library-management\target\classes\com\example\library_management\launch\Main.class]
2025-05-08T20:06:36.804+03:00 DEBUG 3976 --- [library-management] [           main] o.s.c.a.ClassPathBeanDefinitionScanner   : Identified candidate component class: file [A:\library-management\target\classes\com\example\library_management\mapper\AuditMapper.class]
2025-05-08T20:06:36.804+03:00 DEBUG 3976 --- [library-management] [           main] o.s.c.a.ClassPathBeanDefinitionScanner   : Identified candidate component class: file [A:\library-management\target\classes\com\example\library_management\mapper\LibraryBookMapper.class]
2025-05-08T20:06:36.804+03:00 DEBUG 3976 --- [library-management] [           main] o.s.c.a.ClassPathBeanDefinitionScanner   : Identified candidate component class: file [A:\library-management\target\classes\com\example\library_management\mapper\MapperConfig.class]
2025-05-08T20:06:36.804+03:00 DEBUG 3976 --- [library-management] [           main] o.s.c.a.ClassPathBeanDefinitionScanner   : Identified candidate component class: file [A:\library-management\target\classes\com\example\library_management\mapper\RentalMapper.class]
2025-05-08T20:06:36.804+03:00 DEBUG 3976 --- [library-management] [           main] o.s.c.a.ClassPathBeanDefinitionScanner   : Identified candidate component class: file [A:\library-management\target\classes\com\example\library_management\mapper\UserMapperImpl.class]
2025-05-08T20:06:36.804+03:00 DEBUG 3976 --- [library-management] [           main] o.s.c.a.ClassPathBeanDefinitionScanner   : Identified candidate component class: file [A:\library-management\target\classes\com\example\library_management\security\JwtAuthenticationFilter.class]
2025-05-08T20:06:36.804+03:00 DEBUG 3976 --- [library-management] [           main] o.s.c.a.ClassPathBeanDefinitionScanner   : Identified candidate component class: file [A:\library-management\target\classes\com\example\library_management\security\JwtAuthorizationFilter.class]
2025-05-08T20:06:36.804+03:00 DEBUG 3976 --- [library-management] [           main] o.s.c.a.ClassPathBeanDefinitionScanner   : Identified candidate component class: file [A:\library-management\target\classes\com\example\library_management\security\JwtConfig.class]
2025-05-08T20:06:36.804+03:00 DEBUG 3976 --- [library-management] [           main] o.s.c.a.ClassPathBeanDefinitionScanner   : Identified candidate component class: file [A:\library-management\target\classes\com\example\library_management\security\JwtUtil.class]
2025-05-08T20:06:36.804+03:00 DEBUG 3976 --- [library-management] [           main] o.s.c.a.ClassPathBeanDefinitionScanner   : Identified candidate component class: file [A:\library-management\target\classes\com\example\library_management\security\SecurityConfig.class]
2025-05-08T20:06:36.804+03:00 DEBUG 3976 --- [library-management] [           main] o.s.c.a.ClassPathBeanDefinitionScanner   : Identified candidate component class: file [A:\library-management\target\classes\com\example\library_management\service\AuditService.class]
2025-05-08T20:06:36.804+03:00 DEBUG 3976 --- [library-management] [           main] o.s.c.a.ClassPathBeanDefinitionScanner   : Identified candidate component class: file [A:\library-management\target\classes\com\example\library_management\service\CategoryService.class]
2025-05-08T20:06:36.804+03:00 DEBUG 3976 --- [library-management] [           main] o.s.c.a.ClassPathBeanDefinitionScanner   : Identified candidate component class: file [A:\library-management\target\classes\com\example\library_management\service\LibraryBookService.class]
2025-05-08T20:06:36.804+03:00 DEBUG 3976 --- [library-management] [           main] o.s.c.a.ClassPathBeanDefinitionScanner   : Identified candidate component class: file [A:\library-management\target\classes\com\example\library_management\service\RentalService.class]
2025-05-08T20:06:36.804+03:00 DEBUG 3976 --- [library-management] [           main] o.s.c.a.ClassPathBeanDefinitionScanner   : Identified candidate component class: file [A:\library-management\target\classes\com\example\library_management\service\UserService.class]
2025-05-08T20:06:37.028+03:00 DEBUG 3976 --- [library-management] [           main] o.s.b.f.s.DefaultListableBeanFactory     : Creating shared instance of singleton bean 'org.springframework.boot.test.context.ImportsContextCustomizer$ImportsCleanupPostProcessor'
2025-05-08T20:06:37.028+03:00 DEBUG 3976 --- [library-management] [           main] o.s.b.f.s.DefaultListableBeanFactory     : Creating shared instance of singleton bean 'springSecurityHandlerMappingIntrospectorBeanDefinitionRegistryPostProcessor'
2025-05-08T20:06:37.030+03:00 DEBUG 3976 --- [library-management] [           main] o.s.b.f.s.DefaultListableBeanFactory     : Creating shared instance of singleton bean 'propertySourcesPlaceholderConfigurer'
2025-05-08T20:06:37.031+03:00 DEBUG 3976 --- [library-management] [           main] o.s.b.f.s.DefaultListableBeanFactory     : Creating shared instance of singleton bean 'org.springframework.boot.test.mock.mockito.MockitoPostProcessor'
2025-05-08T20:06:37.031+03:00 DEBUG 3976 --- [library-management] [           main] o.s.b.f.s.DefaultListableBeanFactory     : Creating shared instance of singleton bean 'org.springframework.boot.sql.init.dependency.DatabaseInitializationDependencyConfigurer$DependsOnDatabaseInitializationPostProcessor'
2025-05-08T20:06:37.038+03:00 DEBUG 3976 --- [library-management] [           main] o.s.b.f.s.DefaultListableBeanFactory     : Creating shared instance of singleton bean 'org.springframework.context.event.internalEventListenerProcessor'
2025-05-08T20:06:37.038+03:00 DEBUG 3976 --- [library-management] [           main] o.s.b.f.s.DefaultListableBeanFactory     : Creating shared instance of singleton bean 'conversionServicePostProcessor'
2025-05-08T20:06:37.038+03:00 DEBUG 3976 --- [library-management] [           main] o.s.b.f.s.DefaultListableBeanFactory     : Creating shared instance of singleton bean 'preserveErrorControllerTargetClassPostProcessor'
2025-05-08T20:06:37.038+03:00 DEBUG 3976 --- [library-management] [           main] o.s.b.f.s.DefaultListableBeanFactory     : Creating shared instance of singleton bean 'forceAutoProxyCreatorToUseClassProxying'
2025-05-08T20:06:37.039+03:00 DEBUG 3976 --- [library-management] [           main] o.s.b.f.s.DefaultListableBeanFactory     : Creating shared instance of singleton bean 'org.springframework.context.event.internalEventListenerFactory'
2025-05-08T20:06:37.039+03:00 DEBUG 3976 --- [library-management] [           main] o.s.b.f.s.DefaultListableBeanFactory     : Creating shared instance of singleton bean 'org.springframework.transaction.config.internalTransactionalEventListenerFactory'
2025-05-08T20:06:37.040+03:00 DEBUG 3976 --- [library-management] [           main] o.s.b.f.s.DefaultListableBeanFactory     : Creating shared instance of singleton bean 'org.springframework.context.annotation.internalAutowiredAnnotationProcessor'
2025-05-08T20:06:37.041+03:00 DEBUG 3976 --- [library-management] [           main] o.s.b.f.s.DefaultListableBeanFactory     : Creating shared instance of singleton bean 'org.springframework.context.annotation.internalCommonAnnotationProcessor'
2025-05-08T20:06:37.041+03:00 DEBUG 3976 --- [library-management] [           main] o.s.b.f.s.DefaultListableBeanFactory     : Creating shared instance of singleton bean 'org.springframework.context.annotation.internalPersistenceAnnotationProcessor'
2025-05-08T20:06:37.041+03:00 DEBUG 3976 --- [library-management] [           main] o.s.b.f.s.DefaultListableBeanFactory     : Creating shared instance of singleton bean 'org.springframework.boot.test.mock.mockito.MockitoPostProcessor$SpyPostProcessor'
2025-05-08T20:06:37.041+03:00 DEBUG 3976 --- [library-management] [           main] o.s.b.f.s.DefaultListableBeanFactory     : Creating shared instance of singleton bean 'org.springframework.boot.context.properties.ConfigurationPropertiesBindingPostProcessor'
2025-05-08T20:06:37.041+03:00 DEBUG 3976 --- [library-management] [           main] o.s.b.f.s.DefaultListableBeanFactory     : Creating shared instance of singleton bean 'org.springframework.boot.context.internalConfigurationPropertiesBinder'
2025-05-08T20:06:37.042+03:00 DEBUG 3976 --- [library-management] [           main] o.s.b.f.s.DefaultListableBeanFactory     : Creating shared instance of singleton bean 'org.springframework.aop.config.internalAutoProxyCreator'
2025-05-08T20:06:37.043+03:00 DEBUG 3976 --- [library-management] [           main] o.s.b.f.s.DefaultListableBeanFactory     : Creating shared instance of singleton bean 'methodValidationPostProcessor'
2025-05-08T20:06:37.043+03:00 DEBUG 3976 --- [library-management] [           main] o.s.b.f.s.DefaultListableBeanFactory     : Autowiring by type from bean name 'methodValidationPostProcessor' via factory method to bean named 'environment'
2025-05-08T20:06:37.044+03:00 DEBUG 3976 --- [library-management] [           main] o.s.b.f.s.DefaultListableBeanFactory     : Creating shared instance of singleton bean 'org.springframework.boot.context.properties.EnableConfigurationPropertiesRegistrar.methodValidationExcludeFilter'
2025-05-08T20:06:37.045+03:00 DEBUG 3976 --- [library-management] [           main] o.s.b.f.s.DefaultListableBeanFactory     : Creating shared instance of singleton bean 'persistenceExceptionTranslationPostProcessor'
2025-05-08T20:06:37.046+03:00 DEBUG 3976 --- [library-management] [           main] o.s.b.f.s.DefaultListableBeanFactory     : Autowiring by type from bean name 'persistenceExceptionTranslationPostProcessor' via factory method to bean named 'environment'
2025-05-08T20:06:37.046+03:00 DEBUG 3976 --- [library-management] [           main] o.s.b.f.s.DefaultListableBeanFactory     : Creating shared instance of singleton bean 'webServerFactoryCustomizerBeanPostProcessor'
2025-05-08T20:06:37.047+03:00 DEBUG 3976 --- [library-management] [           main] o.s.b.f.s.DefaultListableBeanFactory     : Creating shared instance of singleton bean 'errorPageRegistrarBeanPostProcessor'
2025-05-08T20:06:37.047+03:00 DEBUG 3976 --- [library-management] [           main] o.s.u.c.s.UiApplicationContextUtils      : Unable to locate ThemeSource with name 'themeSource': using default [org.springframework.ui.context.support.ResourceBundleThemeSource@7cb39309]
2025-05-08T20:06:37.048+03:00 DEBUG 3976 --- [library-management] [           main] o.s.b.f.s.DefaultListableBeanFactory     : Creating shared instance of singleton bean 'org.springframework.test.context.support.internalDynamicPropertyRegistrarBeanInitializer'
2025-05-08T20:06:37.048+03:00 DEBUG 3976 --- [library-management] [           main] o.s.b.f.s.DefaultListableBeanFactory     : Creating shared instance of singleton bean 'org.springframework.transaction.config.internalTransactionAdvisor'
2025-05-08T20:06:37.048+03:00 DEBUG 3976 --- [library-management] [           main] o.s.b.f.s.DefaultListableBeanFactory     : Creating shared instance of singleton bean 'org.springframework.transaction.annotation.ProxyTransactionManagementConfiguration'
2025-05-08T20:06:37.051+03:00 DEBUG 3976 --- [library-management] [           main] o.s.b.f.s.DefaultListableBeanFactory     : Creating shared instance of singleton bean 'preFilterAuthorizationAdvisor'
2025-05-08T20:06:37.051+03:00 DEBUG 3976 --- [library-management] [           main] o.s.b.f.s.DefaultListableBeanFactory     : Creating shared instance of singleton bean 'preFilterAuthorizationMethodInterceptor'
2025-05-08T20:06:37.052+03:00 DEBUG 3976 --- [library-management] [           main] o.s.b.f.s.DefaultListableBeanFactory     : Creating shared instance of singleton bean 'preAuthorizeAuthorizationAdvisor'
2025-05-08T20:06:37.052+03:00 DEBUG 3976 --- [library-management] [           main] o.s.b.f.s.DefaultListableBeanFactory     : Creating shared instance of singleton bean 'preAuthorizeAuthorizationMethodInterceptor'
2025-05-08T20:06:37.053+03:00 DEBUG 3976 --- [library-management] [           main] o.s.b.f.s.DefaultListableBeanFactory     : Creating shared instance of singleton bean 'postFilterAuthorizationAdvisor'
2025-05-08T20:06:37.053+03:00 DEBUG 3976 --- [library-management] [           main] o.s.b.f.s.DefaultListableBeanFactory     : Creating shared instance of singleton bean 'postFilterAuthorizationMethodInterceptor'
2025-05-08T20:06:37.053+03:00 DEBUG 3976 --- [library-management] [           main] o.s.b.f.s.DefaultListableBeanFactory     : Creating shared instance of singleton bean 'postAuthorizeAuthorizationAdvisor'
2025-05-08T20:06:37.053+03:00 DEBUG 3976 --- [library-management] [           main] o.s.b.f.s.DefaultListableBeanFactory     : Creating shared instance of singleton bean 'postAuthorizeAuthorizationMethodInterceptor'
2025-05-08T20:06:37.054+03:00 DEBUG 3976 --- [library-management] [           main] o.s.b.f.s.DefaultListableBeanFactory     : Creating shared instance of singleton bean 'authorizeReturnObjectAdvisor'
2025-05-08T20:06:37.054+03:00 DEBUG 3976 --- [library-management] [           main] o.s.b.f.s.DefaultListableBeanFactory     : Creating shared instance of singleton bean 'authorizeReturnObjectMethodInterceptor'
2025-05-08T20:06:37.054+03:00 DEBUG 3976 --- [library-management] [           main] o.s.b.f.s.DefaultListableBeanFactory     : Creating shared instance of singleton bean 'authorizationProxyFactory'
2025-05-08T20:06:37.055+03:00 DEBUG 3976 --- [library-management] [           main] o.s.b.f.s.DefaultListableBeanFactory     : Autowiring by type from bean name 'authorizeReturnObjectMethodInterceptor' via factory method to bean named 'authorizationProxyFactory'
2025-05-08T20:06:37.057+03:00 DEBUG 3976 --- [library-management] [           main] o.s.b.f.s.DefaultListableBeanFactory     : Creating shared instance of singleton bean 'transactionAttributeSource'
2025-05-08T20:06:37.057+03:00 DEBUG 3976 --- [library-management] [           main] o.s.b.f.s.DefaultListableBeanFactory     : Creating shared instance of singleton bean 'transactionInterceptor'
2025-05-08T20:06:37.057+03:00 DEBUG 3976 --- [library-management] [           main] o.s.b.f.s.DefaultListableBeanFactory     : Autowiring by type from bean name 'transactionInterceptor' via factory method to bean named 'transactionAttributeSource'
2025-05-08T20:06:37.058+03:00 DEBUG 3976 --- [library-management] [           main] o.s.b.f.s.DefaultListableBeanFactory     : Autowiring by type from bean name 'org.springframework.transaction.config.internalTransactionAdvisor' via factory method to bean named 'transactionAttributeSource'
2025-05-08T20:06:37.058+03:00 DEBUG 3976 --- [library-management] [           main] o.s.b.f.s.DefaultListableBeanFactory     : Autowiring by type from bean name 'org.springframework.transaction.config.internalTransactionAdvisor' via factory method to bean named 'transactionInterceptor'
2025-05-08T20:06:37.059+03:00 DEBUG 3976 --- [library-management] [           main] o.s.b.f.s.DefaultListableBeanFactory     : Creating shared instance of singleton bean 'dataSourceScriptDatabaseInitializer'
2025-05-08T20:06:37.059+03:00 DEBUG 3976 --- [library-management] [           main] o.s.b.f.s.DefaultListableBeanFactory     : Creating shared instance of singleton bean 'org.springframework.boot.autoconfigure.sql.init.DataSourceInitializationConfiguration'
2025-05-08T20:06:37.059+03:00 DEBUG 3976 --- [library-management] [           main] o.s.b.f.s.DefaultListableBeanFactory     : Creating shared instance of singleton bean 'dataSource'
2025-05-08T20:06:37.059+03:00 DEBUG 3976 --- [library-management] [           main] o.s.b.f.s.DefaultListableBeanFactory     : Creating shared instance of singleton bean 'dataConfig'
2025-05-08T20:06:37.060+03:00 DEBUG 3976 --- [library-management] [           main] o.s.b.f.s.DefaultListableBeanFactory     : Autowiring by type from bean name 'dataConfig' via constructor to bean named 'environment'
2025-05-08T20:06:37.061+03:00 DEBUG 3976 --- [library-management] [           main] o.s.j.d.DriverManagerDataSource          : Loaded JDBC driver: org.postgresql.Driver
2025-05-08T20:06:37.063+03:00 DEBUG 3976 --- [library-management] [           main] o.s.b.f.s.DefaultListableBeanFactory     : Creating shared instance of singleton bean 'spring.sql.init-org.springframework.boot.autoconfigure.sql.init.SqlInitializationProperties'
2025-05-08T20:06:37.063+03:00 DEBUG 3976 --- [library-management] [           main] o.s.b.f.s.DefaultListableBeanFactory     : Creating shared instance of singleton bean 'org.springframework.boot.context.properties.BoundConfigurationProperties'
2025-05-08T20:06:37.067+03:00 DEBUG 3976 --- [library-management] [           main] o.s.b.f.s.DefaultListableBeanFactory     : Autowiring by type from bean name 'dataSourceScriptDatabaseInitializer' via factory method to bean named 'dataSource'
2025-05-08T20:06:37.067+03:00 DEBUG 3976 --- [library-management] [           main] o.s.b.f.s.DefaultListableBeanFactory     : Autowiring by type from bean name 'dataSourceScriptDatabaseInitializer' via factory method to bean named 'spring.sql.init-org.springframework.boot.autoconfigure.sql.init.SqlInitializationProperties'
2025-05-08T20:06:37.068+03:00 DEBUG 3976 --- [library-management] [           main] o.s.b.f.s.DefaultListableBeanFactory     : Creating shared instance of singleton bean 'entityManagerFactory'
2025-05-08T20:06:37.069+03:00 DEBUG 3976 --- [library-management] [           main] ySourcesPropertyResolver$DefaultResolver : Found key 'spring.jpa.properties.hibernate.format_sql' in PropertySource 'Config resource 'class path resource [application.properties]' via location 'optional:classpath:/'' with value of type String
2025-05-08T20:06:37.071+03:00 DEBUG 3976 --- [library-management] [           main] .i.s.PathMatchingResourcePatternResolver : Skipping search for files matching pattern [**/*.class]: directory [A:\library-management\target\test-classes\com\example\library_management\model] does not exist
2025-05-08T20:06:37.072+03:00 DEBUG 3976 --- [library-management] [           main] j.LocalContainerEntityManagerFactoryBean : Building JPA container EntityManagerFactory for persistence unit 'default'
2025-05-08T20:06:37.072+03:00  INFO 3976 --- [library-management] [           main] o.hibernate.jpa.internal.util.LogHelper  : HHH000204: Processing PersistenceUnitInfo [name: default]
2025-05-08T20:06:37.077+03:00  INFO 3976 --- [library-management] [           main] o.h.c.internal.RegionFactoryInitiator    : HHH000026: Second-level cache disabled
2025-05-08T20:06:37.094+03:00  INFO 3976 --- [library-management] [           main] o.s.o.j.p.SpringPersistenceUnitInfo      : No LoadTimeWeaver setup: ignoring JPA class transformer
2025-05-08T20:06:37.103+03:00 DEBUG 3976 --- [library-management] [           main] o.s.j.d.DriverManagerDataSource          : Creating new JDBC DriverManager Connection to [jdbc:postgresql://localhost:5432/library_db]
2025-05-08T20:06:37.322+03:00  WARN 3976 --- [library-management] [           main] org.hibernate.orm.deprecation            : HHH90000025: PostgreSQLDialect does not need to be specified explicitly using 'hibernate.dialect' (remove the property setting and it will be selected by default)
2025-05-08T20:06:37.324+03:00 DEBUG 3976 --- [library-management] [           main] o.h.t.d.sql.spi.DdlTypeRegistry          : addDescriptor(2003, org.hibernate.type.descriptor.sql.internal.ArrayDdlTypeImpl@5c77cb42) replaced previous registration(org.hibernate.type.descriptor.sql.internal.ArrayDdlTypeImpl@6c4d8b04)
2025-05-08T20:06:37.324+03:00 DEBUG 3976 --- [library-management] [           main] o.h.t.d.sql.spi.DdlTypeRegistry          : addDescriptor(6, org.hibernate.type.descriptor.sql.internal.CapacityDependentDdlType@116cad39) replaced previous registration(org.hibernate.type.descriptor.sql.internal.DdlTypeImpl@38905461)
2025-05-08T20:06:37.463+03:00  INFO 3976 --- [library-management] [           main] o.h.e.t.j.p.i.JtaPlatformInitiator       : HHH000489: No JTA platform available (set 'hibernate.transaction.jta.platform' to enable JTA platform integration)
2025-05-08T20:06:37.464+03:00 DEBUG 3976 --- [library-management] [           main] o.s.j.d.DriverManagerDataSource          : Creating new JDBC DriverManager Connection to [jdbc:postgresql://localhost:5432/library_db]
2025-05-08T20:06:38.374+03:00  INFO 3976 --- [library-management] [           main] j.LocalContainerEntityManagerFactoryBean : Initialized JPA EntityManagerFactory for persistence unit 'default'
2025-05-08T20:06:38.377+03:00 DEBUG 3976 --- [library-management] [           main] o.s.b.f.s.DefaultListableBeanFactory     : Creating shared instance of singleton bean 'main'
2025-05-08T20:06:38.377+03:00 DEBUG 3976 --- [library-management] [           main] o.s.b.f.s.DefaultListableBeanFactory     : Creating shared instance of singleton bean 'testConfig'
2025-05-08T20:06:38.378+03:00 DEBUG 3976 --- [library-management] [           main] o.s.b.f.s.DefaultListableBeanFactory     : Creating shared instance of singleton bean 'auditController'
2025-05-08T20:06:38.378+03:00 DEBUG 3976 --- [library-management] [           main] o.s.b.f.s.DefaultListableBeanFactory     : Creating shared instance of singleton bean 'auditService'
2025-05-08T20:06:38.379+03:00 DEBUG 3976 --- [library-management] [           main] o.s.b.f.s.DefaultListableBeanFactory     : Creating shared instance of singleton bean 'userService'
2025-05-08T20:06:38.380+03:00 DEBUG 3976 --- [library-management] [           main] o.s.b.f.s.DefaultListableBeanFactory     : Creating shared instance of singleton bean 'auditMapper'
2025-05-08T20:06:38.381+03:00 DEBUG 3976 --- [library-management] [           main] o.s.b.f.s.DefaultListableBeanFactory     : Autowiring by type from bean name 'auditController' via constructor to bean named 'auditService'
2025-05-08T20:06:38.381+03:00 DEBUG 3976 --- [library-management] [           main] o.s.b.f.s.DefaultListableBeanFactory     : Autowiring by type from bean name 'auditController' via constructor to bean named 'userService'
2025-05-08T20:06:38.381+03:00 DEBUG 3976 --- [library-management] [           main] o.s.b.f.s.DefaultListableBeanFactory     : Autowiring by type from bean name 'auditController' via constructor to bean named 'auditMapper'
2025-05-08T20:06:38.382+03:00 DEBUG 3976 --- [library-management] [           main] o.s.b.f.s.DefaultListableBeanFactory     : Creating shared instance of singleton bean 'categoryController'
2025-05-08T20:06:38.382+03:00 DEBUG 3976 --- [library-management] [           main] o.s.b.f.s.DefaultListableBeanFactory     : Creating shared instance of singleton bean 'categoryService'
2025-05-08T20:06:38.383+03:00 DEBUG 3976 --- [library-management] [           main] o.s.b.f.s.DefaultListableBeanFactory     : Autowiring by type from bean name 'categoryController' via constructor to bean named 'categoryService'
2025-05-08T20:06:38.384+03:00 DEBUG 3976 --- [library-management] [           main] o.s.b.f.s.DefaultListableBeanFactory     : Creating shared instance of singleton bean 'libraryBookController'
2025-05-08T20:06:38.384+03:00 DEBUG 3976 --- [library-management] [           main] o.s.b.f.s.DefaultListableBeanFactory     : Creating shared instance of singleton bean 'libraryBookService'
2025-05-08T20:06:38.385+03:00 DEBUG 3976 --- [library-management] [           main] o.s.b.f.s.DefaultListableBeanFactory     : Autowiring by type from bean name 'libraryBookController' via constructor to bean named 'libraryBookService'
2025-05-08T20:06:38.386+03:00 DEBUG 3976 --- [library-management] [           main] o.s.b.f.s.DefaultListableBeanFactory     : Creating shared instance of singleton bean 'rentalController'
2025-05-08T20:06:38.386+03:00 DEBUG 3976 --- [library-management] [           main] o.s.b.f.s.DefaultListableBeanFactory     : Creating shared instance of singleton bean 'rentalService'
2025-05-08T20:06:38.387+03:00 DEBUG 3976 --- [library-management] [           main] o.s.b.f.s.DefaultListableBeanFactory     : Creating shared instance of singleton bean 'rentalMapper'
2025-05-08T20:06:38.387+03:00 DEBUG 3976 --- [library-management] [           main] o.s.b.f.s.DefaultListableBeanFactory     : Autowiring by type from bean name 'rentalController' via constructor to bean named 'rentalService'
2025-05-08T20:06:38.387+03:00 DEBUG 3976 --- [library-management] [           main] o.s.b.f.s.DefaultListableBeanFactory     : Autowiring by type from bean name 'rentalController' via constructor to bean named 'userService'
2025-05-08T20:06:38.387+03:00 DEBUG 3976 --- [library-management] [           main] o.s.b.f.s.DefaultListableBeanFactory     : Autowiring by type from bean name 'rentalController' via constructor to bean named 'rentalMapper'
2025-05-08T20:06:38.388+03:00 DEBUG 3976 --- [library-management] [           main] o.s.b.f.s.DefaultListableBeanFactory     : Creating shared instance of singleton bean 'userController'
2025-05-08T20:06:38.388+03:00 DEBUG 3976 --- [library-management] [           main] o.s.b.f.s.DefaultListableBeanFactory     : Creating shared instance of singleton bean 'userMapper'
2025-05-08T20:06:38.388+03:00 DEBUG 3976 --- [library-management] [           main] o.s.b.f.s.DefaultListableBeanFactory     : Creating shared instance of singleton bean 'mapperConfig'
2025-05-08T20:06:38.389+03:00 DEBUG 3976 --- [library-management] [           main] o.s.b.f.s.DefaultListableBeanFactory     : Autowiring by type from bean name 'userController' via constructor to bean named 'userService'
2025-05-08T20:06:38.389+03:00 DEBUG 3976 --- [library-management] [           main] o.s.b.f.s.DefaultListableBeanFactory     : Autowiring by type from bean name 'userController' via constructor to bean named 'userMapper'
2025-05-08T20:06:38.389+03:00 DEBUG 3976 --- [library-management] [           main] o.s.b.f.s.DefaultListableBeanFactory     : Creating shared instance of singleton bean 'auditLogDAO'
2025-05-08T20:06:38.391+03:00 DEBUG 3976 --- [library-management] [           main] o.s.b.f.s.DefaultListableBeanFactory     : Creating shared instance of singleton bean 'bookInfoDAO'
2025-05-08T20:06:38.392+03:00 DEBUG 3976 --- [library-management] [           main] o.s.b.f.s.DefaultListableBeanFactory     : Creating shared instance of singleton bean 'categoryDAO'
2025-05-08T20:06:38.392+03:00 DEBUG 3976 --- [library-management] [           main] o.s.b.f.s.DefaultListableBeanFactory     : Creating shared instance of singleton bean 'libraryBookDAO'
2025-05-08T20:06:38.393+03:00 DEBUG 3976 --- [library-management] [           main] o.s.b.f.s.DefaultListableBeanFactory     : Creating shared instance of singleton bean 'rentalDAO'
2025-05-08T20:06:38.394+03:00 DEBUG 3976 --- [library-management] [           main] o.s.b.f.s.DefaultListableBeanFactory     : Creating shared instance of singleton bean 'roleDAO'
2025-05-08T20:06:38.394+03:00 DEBUG 3976 --- [library-management] [           main] o.s.b.f.s.DefaultListableBeanFactory     : Creating shared instance of singleton bean 'userDAO'
2025-05-08T20:06:38.395+03:00 DEBUG 3976 --- [library-management] [           main] o.s.b.f.s.DefaultListableBeanFactory     : Creating shared instance of singleton bean 'userRoleDAO'
2025-05-08T20:06:38.395+03:00 DEBUG 3976 --- [library-management] [           main] o.s.b.f.s.DefaultListableBeanFactory     : Creating shared instance of singleton bean 'globalExceptionHandler'
2025-05-08T20:06:38.396+03:00 DEBUG 3976 --- [library-management] [           main] o.s.b.f.s.DefaultListableBeanFactory     : Creating shared instance of singleton bean 'libraryBookMapper'
2025-05-08T20:06:38.396+03:00 DEBUG 3976 --- [library-management] [           main] o.s.b.f.s.DefaultListableBeanFactory     : Creating shared instance of singleton bean 'userMapperImpl'
2025-05-08T20:06:38.396+03:00 DEBUG 3976 --- [library-management] [           main] o.s.b.f.s.DefaultListableBeanFactory     : Creating shared instance of singleton bean 'jwtAuthenticationFilter'
2025-05-08T20:06:38.396+03:00 DEBUG 3976 --- [library-management] [           main] o.s.b.f.s.DefaultListableBeanFactory     : Creating shared instance of singleton bean 'jwtUtil'
2025-05-08T20:06:38.397+03:00 DEBUG 3976 --- [library-management] [           main] o.s.b.f.s.DefaultListableBeanFactory     : Creating shared instance of singleton bean 'jwtSecretоKey'
2025-05-08T20:06:38.397+03:00 DEBUG 3976 --- [library-management] [           main] o.s.b.f.s.DefaultListableBeanFactory     : Creating shared instance of singleton bean 'jwtConfig'
2025-05-08T20:06:38.397+03:00 DEBUG 3976 --- [library-management] [           main] o.s.b.f.s.DefaultListableBeanFactory     : Autowiring by type from bean name 'jwtUtil' via constructor to bean named 'jwtSecretоKey'
2025-05-08T20:06:38.398+03:00 DEBUG 3976 --- [library-management] [           main] o.s.b.f.s.DefaultListableBeanFactory     : Autowiring by type from bean name 'jwtAuthenticationFilter' via constructor to bean named 'jwtUtil'
2025-05-08T20:06:38.398+03:00 DEBUG 3976 --- [library-management] [           main] o.s.b.f.s.DefaultListableBeanFactory     : Autowiring by type from bean name 'jwtAuthenticationFilter' via constructor to bean named 'userService'
2025-05-08T20:06:38.399+03:00 DEBUG 3976 --- [library-management] [           main] o.s.b.f.s.DefaultListableBeanFactory     : Creating shared instance of singleton bean 'jwtAuthorizationFilter'
2025-05-08T20:06:38.399+03:00 DEBUG 3976 --- [library-management] [           main] o.s.b.f.s.DefaultListableBeanFactory     : Autowiring by type from bean name 'jwtAuthorizationFilter' via constructor to bean named 'jwtUtil'
2025-05-08T20:06:38.400+03:00 DEBUG 3976 --- [library-management] [           main] o.s.b.f.s.DefaultListableBeanFactory     : Creating shared instance of singleton bean 'securityConfig'
2025-05-08T20:06:38.401+03:00 DEBUG 3976 --- [library-management] [           main] o.s.b.f.s.DefaultListableBeanFactory     : Creating shared instance of singleton bean 'transactionManager'
2025-05-08T20:06:38.401+03:00 DEBUG 3976 --- [library-management] [           main] o.s.b.f.s.DefaultListableBeanFactory     : Autowiring by type from bean name 'transactionManager' via factory method to bean named 'entityManagerFactory'
2025-05-08T20:06:38.402+03:00 DEBUG 3976 --- [library-management] [           main] o.s.b.f.s.DefaultListableBeanFactory     : Creating shared instance of singleton bean 'org.springframework.security.config.annotation.configuration.ObjectPostProcessorConfiguration'
2025-05-08T20:06:38.403+03:00 DEBUG 3976 --- [library-management] [           main] o.s.b.f.s.DefaultListableBeanFactory     : Creating shared instance of singleton bean 'objectPostProcessor'
2025-05-08T20:06:38.403+03:00 DEBUG 3976 --- [library-management] [           main] o.s.b.f.s.DefaultListableBeanFactory     : Autowiring by type from bean name 'objectPostProcessor' via factory method to bean named 'org.springframework.beans.factory.support.DefaultListableBeanFactory@3a6ba61b'
2025-05-08T20:06:38.403+03:00 DEBUG 3976 --- [library-management] [           main] o.s.b.f.s.DefaultListableBeanFactory     : Creating shared instance of singleton bean 'org.springframework.security.config.annotation.authentication.configuration.AuthenticationConfiguration'
2025-05-08T20:06:38.404+03:00 DEBUG 3976 --- [library-management] [           main] o.s.b.f.s.DefaultListableBeanFactory     : Creating shared instance of singleton bean 'enableGlobalAuthenticationAutowiredConfigurer'
2025-05-08T20:06:38.405+03:00 DEBUG 3976 --- [library-management] [           main] o.s.b.f.s.DefaultListableBeanFactory     : Autowiring by type from bean name 'enableGlobalAuthenticationAutowiredConfigurer' via factory method to bean named 'org.springframework.web.context.support.GenericWebApplicationContext@4bc2cb11'
2025-05-08T20:06:38.405+03:00 DEBUG 3976 --- [library-management] [           main] o.s.b.f.s.DefaultListableBeanFactory     : Creating shared instance of singleton bean 'initializeUserDetailsBeanManagerConfigurer'
2025-05-08T20:06:38.405+03:00 DEBUG 3976 --- [library-management] [           main] o.s.b.f.s.DefaultListableBeanFactory     : Autowiring by type from bean name 'initializeUserDetailsBeanManagerConfigurer' via factory method to bean named 'org.springframework.web.context.support.GenericWebApplicationContext@4bc2cb11'
2025-05-08T20:06:38.406+03:00 DEBUG 3976 --- [library-management] [           main] o.s.b.f.s.DefaultListableBeanFactory     : Creating shared instance of singleton bean 'initializeAuthenticationProviderBeanManagerConfigurer'
2025-05-08T20:06:38.406+03:00 DEBUG 3976 --- [library-management] [           main] o.s.b.f.s.DefaultListableBeanFactory     : Autowiring by type from bean name 'initializeAuthenticationProviderBeanManagerConfigurer' via factory method to bean named 'org.springframework.web.context.support.GenericWebApplicationContext@4bc2cb11'
2025-05-08T20:06:38.407+03:00 DEBUG 3976 --- [library-management] [           main] o.s.b.f.s.DefaultListableBeanFactory     : Creating shared instance of singleton bean 'authenticationManagerBuilder'
2025-05-08T20:06:38.407+03:00 DEBUG 3976 --- [library-management] [           main] o.s.b.f.s.DefaultListableBeanFactory     : Autowiring by type from bean name 'authenticationManagerBuilder' via factory method to bean named 'objectPostProcessor'
2025-05-08T20:06:38.407+03:00 DEBUG 3976 --- [library-management] [           main] o.s.b.f.s.DefaultListableBeanFactory     : Autowiring by type from bean name 'authenticationManagerBuilder' via factory method to bean named 'org.springframework.web.context.support.GenericWebApplicationContext@4bc2cb11'
2025-05-08T20:06:38.407+03:00 DEBUG 3976 --- [library-management] [           main] o.s.b.f.s.DefaultListableBeanFactory     : Creating shared instance of singleton bean 'authenticationEventPublisher'
2025-05-08T20:06:38.407+03:00 DEBUG 3976 --- [library-management] [           main] o.s.b.f.s.DefaultListableBeanFactory     : Creating shared instance of singleton bean 'org.springframework.boot.autoconfigure.security.servlet.SecurityAutoConfiguration'
2025-05-08T20:06:38.408+03:00 DEBUG 3976 --- [library-management] [           main] o.s.b.f.s.DefaultListableBeanFactory     : Autowiring by type from bean name 'authenticationEventPublisher' via factory method to bean named 'org.springframework.web.context.support.GenericWebApplicationContext@4bc2cb11'
2025-05-08T20:06:38.410+03:00 DEBUG 3976 --- [library-management] [           main] o.s.b.f.s.DefaultListableBeanFactory     : Creating shared instance of singleton bean 'org.springframework.security.config.annotation.web.configuration.WebSecurityConfiguration'
2025-05-08T20:06:38.411+03:00 DEBUG 3976 --- [library-management] [           main] o.s.b.f.s.DefaultListableBeanFactory     : Creating shared instance of singleton bean 'org.springframework.security.config.annotation.web.configuration.HttpSecurityConfiguration'
2025-05-08T20:06:38.413+03:00 DEBUG 3976 --- [library-management] [           main] o.s.b.f.s.DefaultListableBeanFactory     : Creating shared instance of singleton bean 'mvcContentNegotiationManager'
2025-05-08T20:06:38.413+03:00 DEBUG 3976 --- [library-management] [           main] o.s.b.f.s.DefaultListableBeanFactory     : Creating shared instance of singleton bean 'org.springframework.boot.autoconfigure.web.servlet.WebMvcAutoConfiguration$EnableWebMvcConfiguration'
2025-05-08T20:06:38.413+03:00 DEBUG 3976 --- [library-management] [           main] o.s.b.f.s.DefaultListableBeanFactory     : Creating shared instance of singleton bean 'spring.mvc-org.springframework.boot.autoconfigure.web.servlet.WebMvcProperties'
2025-05-08T20:06:38.416+03:00 DEBUG 3976 --- [library-management] [           main] o.s.b.f.s.DefaultListableBeanFactory     : Creating shared instance of singleton bean 'spring.web-org.springframework.boot.autoconfigure.web.WebProperties'
2025-05-08T20:06:38.417+03:00 DEBUG 3976 --- [library-management] [           main] o.s.b.f.s.DefaultListableBeanFactory     : Autowiring by type from bean name 'org.springframework.boot.autoconfigure.web.servlet.WebMvcAutoConfiguration$EnableWebMvcConfiguration' via constructor to bean named 'spring.mvc-org.springframework.boot.autoconfigure.web.servlet.WebMvcProperties'
2025-05-08T20:06:38.417+03:00 DEBUG 3976 --- [library-management] [           main] o.s.b.f.s.DefaultListableBeanFactory     : Autowiring by type from bean name 'org.springframework.boot.autoconfigure.web.servlet.WebMvcAutoConfiguration$EnableWebMvcConfiguration' via constructor to bean named 'spring.web-org.springframework.boot.autoconfigure.web.WebProperties'
2025-05-08T20:06:38.417+03:00 DEBUG 3976 --- [library-management] [           main] o.s.b.f.s.DefaultListableBeanFactory     : Autowiring by type from bean name 'org.springframework.boot.autoconfigure.web.servlet.WebMvcAutoConfiguration$EnableWebMvcConfiguration' via constructor to bean named 'org.springframework.beans.factory.support.DefaultListableBeanFactory@3a6ba61b'
2025-05-08T20:06:38.419+03:00 DEBUG 3976 --- [library-management] [           main] o.s.b.f.s.DefaultListableBeanFactory     : Creating shared instance of singleton bean 'org.springframework.security.config.annotation.web.configuration.WebMvcSecurityConfiguration'
2025-05-08T20:06:38.420+03:00 DEBUG 3976 --- [library-management] [           main] o.s.b.f.s.DefaultListableBeanFactory     : Creating shared instance of singleton bean 'org.springframework.boot.autoconfigure.web.servlet.WebMvcAutoConfiguration$WebMvcAutoConfigurationAdapter'
2025-05-08T20:06:38.420+03:00 DEBUG 3976 --- [library-management] [           main] o.s.b.f.s.DefaultListableBeanFactory     : Autowiring by type from bean name 'org.springframework.boot.autoconfigure.web.servlet.WebMvcAutoConfiguration$WebMvcAutoConfigurationAdapter' via constructor to bean named 'spring.web-org.springframework.boot.autoconfigure.web.WebProperties'
2025-05-08T20:06:38.420+03:00 DEBUG 3976 --- [library-management] [           main] o.s.b.f.s.DefaultListableBeanFactory     : Autowiring by type from bean name 'org.springframework.boot.autoconfigure.web.servlet.WebMvcAutoConfiguration$WebMvcAutoConfigurationAdapter' via constructor to bean named 'spring.mvc-org.springframework.boot.autoconfigure.web.servlet.WebMvcProperties'
2025-05-08T20:06:38.420+03:00 DEBUG 3976 --- [library-management] [           main] o.s.b.f.s.DefaultListableBeanFactory     : Autowiring by type from bean name 'org.springframework.boot.autoconfigure.web.servlet.WebMvcAutoConfiguration$WebMvcAutoConfigurationAdapter' via constructor to bean named 'org.springframework.beans.factory.support.DefaultListableBeanFactory@3a6ba61b'
2025-05-08T20:06:38.421+03:00 DEBUG 3976 --- [library-management] [           main] o.s.b.f.s.DefaultListableBeanFactory     : Creating shared instance of singleton bean 'openEntityManagerInViewInterceptorConfigurer'
2025-05-08T20:06:38.422+03:00 DEBUG 3976 --- [library-management] [           main] o.s.b.f.s.DefaultListableBeanFactory     : Creating shared instance of singleton bean 'org.springframework.boot.autoconfigure.orm.jpa.JpaBaseConfiguration$JpaWebConfiguration'
2025-05-08T20:06:38.422+03:00 DEBUG 3976 --- [library-management] [           main] o.s.b.f.s.DefaultListableBeanFactory     : Creating shared instance of singleton bean 'spring.jpa-org.springframework.boot.autoconfigure.orm.jpa.JpaProperties'
2025-05-08T20:06:38.424+03:00 DEBUG 3976 --- [library-management] [           main] o.s.b.f.s.DefaultListableBeanFactory     : Autowiring by type from bean name 'org.springframework.boot.autoconfigure.orm.jpa.JpaBaseConfiguration$JpaWebConfiguration' via constructor to bean named 'spring.jpa-org.springframework.boot.autoconfigure.orm.jpa.JpaProperties'
2025-05-08T20:06:38.425+03:00 DEBUG 3976 --- [library-management] [           main] o.s.b.f.s.DefaultListableBeanFactory     : Creating shared instance of singleton bean 'openEntityManagerInViewInterceptor'
2025-05-08T20:06:38.425+03:00  WARN 3976 --- [library-management] [           main] JpaBaseConfiguration$JpaWebConfiguration : spring.jpa.open-in-view is enabled by default. Therefore, database queries may be performed during view rendering. Explicitly configure spring.jpa.open-in-view to disable this warning
2025-05-08T20:06:38.425+03:00 DEBUG 3976 --- [library-management] [           main] o.s.b.f.s.DefaultListableBeanFactory     : Autowiring by type from bean name 'openEntityManagerInViewInterceptorConfigurer' via factory method to bean named 'openEntityManagerInViewInterceptor'
2025-05-08T20:06:38.431+03:00 DEBUG 3976 --- [library-management] [           main] o.s.b.f.s.DefaultListableBeanFactory     : Creating shared instance of singleton bean 'passwordEncoder'
2025-05-08T20:06:38.432+03:00  INFO 3976 --- [library-management] [           main] r$InitializeUserDetailsManagerConfigurer : Global AuthenticationManager configured with UserDetailsService bean with name userService
2025-05-08T20:06:38.436+03:00 DEBUG 3976 --- [library-management] [           main] o.s.b.f.s.DefaultListableBeanFactory     : Creating shared instance of singleton bean 'filterChainDecoratorPostProcessor'
2025-05-08T20:06:38.436+03:00 DEBUG 3976 --- [library-management] [           main] o.s.b.f.s.DefaultListableBeanFactory     : Creating shared instance of singleton bean 'mvcHandlerMappingIntrospectorRequestTransformer'
2025-05-08T20:06:38.437+03:00 DEBUG 3976 --- [library-management] [           main] o.s.b.f.s.DefaultListableBeanFactory     : Creating shared instance of singleton bean 'mvcHandlerMappingIntrospector'
2025-05-08T20:06:38.437+03:00 DEBUG 3976 --- [library-management] [           main] o.s.b.f.s.DefaultListableBeanFactory     : Creating shared instance of singleton bean 'welcomePageHandlerMapping'
2025-05-08T20:06:38.437+03:00 DEBUG 3976 --- [library-management] [           main] o.s.b.f.s.DefaultListableBeanFactory     : Creating shared instance of singleton bean 'mvcConversionService'
2025-05-08T20:06:38.440+03:00 DEBUG 3976 --- [library-management] [           main] o.s.b.f.s.DefaultListableBeanFactory     : Creating shared instance of singleton bean 'mvcResourceUrlProvider'
2025-05-08T20:06:38.441+03:00 DEBUG 3976 --- [library-management] [           main] o.s.b.f.s.DefaultListableBeanFactory     : Autowiring by type from bean name 'welcomePageHandlerMapping' via factory method to bean named 'org.springframework.web.context.support.GenericWebApplicationContext@4bc2cb11'
2025-05-08T20:06:38.441+03:00 DEBUG 3976 --- [library-management] [           main] o.s.b.f.s.DefaultListableBeanFactory     : Autowiring by type from bean name 'welcomePageHandlerMapping' via factory method to bean named 'mvcConversionService'
2025-05-08T20:06:38.441+03:00 DEBUG 3976 --- [library-management] [           main] o.s.b.f.s.DefaultListableBeanFactory     : Autowiring by type from bean name 'welcomePageHandlerMapping' via factory method to bean named 'mvcResourceUrlProvider'
2025-05-08T20:06:38.446+03:00 DEBUG 3976 --- [library-management] [           main] o.s.b.f.s.DefaultListableBeanFactory     : Creating shared instance of singleton bean 'welcomePageNotAcceptableHandlerMapping'
2025-05-08T20:06:38.446+03:00 DEBUG 3976 --- [library-management] [           main] o.s.b.f.s.DefaultListableBeanFactory     : Autowiring by type from bean name 'welcomePageNotAcceptableHandlerMapping' via factory method to bean named 'org.springframework.web.context.support.GenericWebApplicationContext@4bc2cb11'
2025-05-08T20:06:38.446+03:00 DEBUG 3976 --- [library-management] [           main] o.s.b.f.s.DefaultListableBeanFactory     : Autowiring by type from bean name 'welcomePageNotAcceptableHandlerMapping' via factory method to bean named 'mvcConversionService'
2025-05-08T20:06:38.446+03:00 DEBUG 3976 --- [library-management] [           main] o.s.b.f.s.DefaultListableBeanFactory     : Autowiring by type from bean name 'welcomePageNotAcceptableHandlerMapping' via factory method to bean named 'mvcResourceUrlProvider'
2025-05-08T20:06:38.453+03:00 DEBUG 3976 --- [library-management] [           main] o.s.b.f.s.DefaultListableBeanFactory     : Creating shared instance of singleton bean 'requestMappingHandlerMapping'
2025-05-08T20:06:38.453+03:00 DEBUG 3976 --- [library-management] [           main] o.s.b.f.s.DefaultListableBeanFactory     : Autowiring by type from bean name 'requestMappingHandlerMapping' via factory method to bean named 'mvcContentNegotiationManager'
2025-05-08T20:06:38.453+03:00 DEBUG 3976 --- [library-management] [           main] o.s.b.f.s.DefaultListableBeanFactory     : Autowiring by type from bean name 'requestMappingHandlerMapping' via factory method to bean named 'mvcConversionService'
2025-05-08T20:06:38.453+03:00 DEBUG 3976 --- [library-management] [           main] o.s.b.f.s.DefaultListableBeanFactory     : Autowiring by type from bean name 'requestMappingHandlerMapping' via factory method to bean named 'mvcResourceUrlProvider'
2025-05-08T20:06:38.463+03:00 DEBUG 3976 --- [library-management] [           main] s.w.s.m.m.a.RequestMappingHandlerMapping : 25 mappings in 'requestMappingHandlerMapping'
2025-05-08T20:06:38.468+03:00 DEBUG 3976 --- [library-management] [           main] o.s.b.f.s.DefaultListableBeanFactory     : Creating shared instance of singleton bean 'viewControllerHandlerMapping'
2025-05-08T20:06:38.469+03:00 DEBUG 3976 --- [library-management] [           main] o.s.b.f.s.DefaultListableBeanFactory     : Autowiring by type from bean name 'viewControllerHandlerMapping' via factory method to bean named 'mvcConversionService'
2025-05-08T20:06:38.469+03:00 DEBUG 3976 --- [library-management] [           main] o.s.b.f.s.DefaultListableBeanFactory     : Autowiring by type from bean name 'viewControllerHandlerMapping' via factory method to bean named 'mvcResourceUrlProvider'
2025-05-08T20:06:38.469+03:00 DEBUG 3976 --- [library-management] [           main] o.s.b.f.s.DefaultListableBeanFactory     : Creating shared instance of singleton bean 'beanNameHandlerMapping'
2025-05-08T20:06:38.469+03:00 DEBUG 3976 --- [library-management] [           main] o.s.b.f.s.DefaultListableBeanFactory     : Autowiring by type from bean name 'beanNameHandlerMapping' via factory method to bean named 'mvcConversionService'
2025-05-08T20:06:38.469+03:00 DEBUG 3976 --- [library-management] [           main] o.s.b.f.s.DefaultListableBeanFactory     : Autowiring by type from bean name 'beanNameHandlerMapping' via factory method to bean named 'mvcResourceUrlProvider'
2025-05-08T20:06:38.472+03:00 DEBUG 3976 --- [library-management] [           main] o.s.b.f.s.DefaultListableBeanFactory     : Creating shared instance of singleton bean 'routerFunctionMapping'
2025-05-08T20:06:38.473+03:00 DEBUG 3976 --- [library-management] [           main] o.s.b.f.s.DefaultListableBeanFactory     : Autowiring by type from bean name 'routerFunctionMapping' via factory method to bean named 'mvcConversionService'
2025-05-08T20:06:38.473+03:00 DEBUG 3976 --- [library-management] [           main] o.s.b.f.s.DefaultListableBeanFactory     : Autowiring by type from bean name 'routerFunctionMapping' via factory method to bean named 'mvcResourceUrlProvider'
2025-05-08T20:06:38.473+03:00 DEBUG 3976 --- [library-management] [           main] o.s.b.f.s.DefaultListableBeanFactory     : Creating shared instance of singleton bean 'messageConverters'
2025-05-08T20:06:38.473+03:00 DEBUG 3976 --- [library-management] [           main] o.s.b.f.s.DefaultListableBeanFactory     : Creating shared instance of singleton bean 'org.springframework.boot.autoconfigure.http.HttpMessageConvertersAutoConfiguration'
2025-05-08T20:06:38.474+03:00 DEBUG 3976 --- [library-management] [           main] o.s.b.f.s.DefaultListableBeanFactory     : Creating shared instance of singleton bean 'stringHttpMessageConverter'
2025-05-08T20:06:38.474+03:00 DEBUG 3976 --- [library-management] [           main] o.s.b.f.s.DefaultListableBeanFactory     : Creating shared instance of singleton bean 'org.springframework.boot.autoconfigure.http.HttpMessageConvertersAutoConfiguration$StringHttpMessageConverterConfiguration'
2025-05-08T20:06:38.475+03:00 DEBUG 3976 --- [library-management] [           main] o.s.b.f.s.DefaultListableBeanFactory     : Autowiring by type from bean name 'stringHttpMessageConverter' via factory method to bean named 'environment'
2025-05-08T20:06:38.477+03:00 DEBUG 3976 --- [library-management] [           main] o.s.b.f.s.DefaultListableBeanFactory     : Creating shared instance of singleton bean 'mappingJackson2HttpMessageConverter'
2025-05-08T20:06:38.477+03:00 DEBUG 3976 --- [library-management] [           main] o.s.b.f.s.DefaultListableBeanFactory     : Creating shared instance of singleton bean 'org.springframework.boot.autoconfigure.http.JacksonHttpMessageConvertersConfiguration$MappingJackson2HttpMessageConverterConfiguration'
2025-05-08T20:06:38.477+03:00 DEBUG 3976 --- [library-management] [           main] o.s.b.f.s.DefaultListableBeanFactory     : Creating shared instance of singleton bean 'objectMapper'
2025-05-08T20:06:38.480+03:00 DEBUG 3976 --- [library-management] [           main] o.s.b.f.s.DefaultListableBeanFactory     : Autowiring by type from bean name 'mappingJackson2HttpMessageConverter' via factory method to bean named 'objectMapper'
2025-05-08T20:06:38.487+03:00 DEBUG 3976 --- [library-management] [           main] o.s.b.f.s.DefaultListableBeanFactory     : Creating shared instance of singleton bean 'resourceHandlerMapping'
2025-05-08T20:06:38.487+03:00 DEBUG 3976 --- [library-management] [           main] o.s.b.f.s.DefaultListableBeanFactory     : Autowiring by type from bean name 'resourceHandlerMapping' via factory method to bean named 'mvcContentNegotiationManager'
2025-05-08T20:06:38.487+03:00 DEBUG 3976 --- [library-management] [           main] o.s.b.f.s.DefaultListableBeanFactory     : Autowiring by type from bean name 'resourceHandlerMapping' via factory method to bean named 'mvcConversionService'
2025-05-08T20:06:38.487+03:00 DEBUG 3976 --- [library-management] [           main] o.s.b.f.s.DefaultListableBeanFactory     : Autowiring by type from bean name 'resourceHandlerMapping' via factory method to bean named 'mvcResourceUrlProvider'
2025-05-08T20:06:38.489+03:00 DEBUG 3976 --- [library-management] [           main] o.s.w.s.handler.SimpleUrlHandlerMapping  : Patterns [/webjars/**, /**] in 'resourceHandlerMapping'
2025-05-08T20:06:38.491+03:00 DEBUG 3976 --- [library-management] [           main] o.s.b.f.s.DefaultListableBeanFactory     : Creating shared instance of singleton bean 'defaultServletHandlerMapping'
2025-05-08T20:06:38.493+03:00 DEBUG 3976 --- [library-management] [           main] o.s.b.f.s.DefaultListableBeanFactory     : Creating shared instance of singleton bean 'securityFilterChain'
2025-05-08T20:06:38.494+03:00 DEBUG 3976 --- [library-management] [           main] o.s.b.f.s.DefaultListableBeanFactory     : Autowiring by type from bean name 'securityFilterChain' via factory method to bean named 'org.springframework.security.config.annotation.web.configuration.HttpSecurityConfiguration.httpSecurity'
2025-05-08T20:06:38.494+03:00 DEBUG 3976 --- [library-management] [           main] o.s.b.f.s.DefaultListableBeanFactory     : Autowiring by type from bean name 'securityFilterChain' via factory method to bean named 'jwtAuthenticationFilter'
2025-05-08T20:06:38.494+03:00 DEBUG 3976 --- [library-management] [           main] o.s.b.f.s.DefaultListableBeanFactory     : Autowiring by type from bean name 'securityFilterChain' via factory method to bean named 'jwtAuthorizationFilter'
2025-05-08T20:06:38.495+03:00 DEBUG 3976 --- [library-management] [           main] o.s.b.f.s.DefaultListableBeanFactory     : Creating shared instance of singleton bean 'webAuthorizationManagerPostProcessor'
2025-05-08T20:06:38.498+03:00 DEBUG 3976 --- [library-management] [           main] o.s.b.f.s.DefaultListableBeanFactory     : Creating shared instance of singleton bean 'authenticationManagerPostProcessor'
2025-05-08T20:06:38.507+03:00 DEBUG 3976 --- [library-management] [           main] o.s.s.web.DefaultSecurityFilterChain     : Will secure any request with filters: DisableEncodeUrlFilter, WebAsyncManagerIntegrationFilter, SecurityContextHolderFilter, HeaderWriterFilter, LogoutFilter, JwtAuthenticationFilter, JwtAuthorizationFilter, RequestCacheAwareFilter, SecurityContextHolderAwareRequestFilter, AnonymousAuthenticationFilter, SessionManagementFilter, ExceptionTranslationFilter, AuthorizationFilter
2025-05-08T20:06:38.509+03:00 DEBUG 3976 --- [library-management] [           main] o.s.b.f.s.DefaultListableBeanFactory     : Creating shared instance of singleton bean 'delegatingApplicationListener'
2025-05-08T20:06:38.509+03:00 DEBUG 3976 --- [library-management] [           main] o.s.b.f.s.DefaultListableBeanFactory     : Creating shared instance of singleton bean 'springSecurityFilterChain'
2025-05-08T20:06:38.512+03:00 DEBUG 3976 --- [library-management] [           main] o.s.b.f.s.DefaultListableBeanFactory     : Creating shared instance of singleton bean 'webSecurityExpressionHandler'
2025-05-08T20:06:38.513+03:00 DEBUG 3976 --- [library-management] [           main] o.s.b.f.s.DefaultListableBeanFactory     : Creating shared instance of singleton bean 'privilegeEvaluator'
2025-05-08T20:06:38.513+03:00 DEBUG 3976 --- [library-management] [           main] o.s.b.f.s.DefaultListableBeanFactory     : Creating shared instance of singleton bean 'requestDataValueProcessor'
2025-05-08T20:06:38.513+03:00 DEBUG 3976 --- [library-management] [           main] o.s.b.f.s.DefaultListableBeanFactory     : Creating shared instance of singleton bean 'org.springframework.security.config.annotation.web.configuration.ObservationConfiguration'
2025-05-08T20:06:38.513+03:00 DEBUG 3976 --- [library-management] [           main] o.s.b.f.s.DefaultListableBeanFactory     : Creating shared instance of singleton bean '_prePostMethodSecurityConfiguration'
2025-05-08T20:06:38.514+03:00 DEBUG 3976 --- [library-management] [           main] o.s.b.f.s.DefaultListableBeanFactory     : Creating shared instance of singleton bean 'methodAuthorizationManagerPostProcessor'
2025-05-08T20:06:38.515+03:00 DEBUG 3976 --- [library-management] [           main] o.s.b.f.s.DefaultListableBeanFactory     : Creating shared instance of singleton bean 'methodResultAuthorizationManagerPostProcessor'
2025-05-08T20:06:38.517+03:00 DEBUG 3976 --- [library-management] [           main] o.s.b.f.s.DefaultListableBeanFactory     : Creating shared instance of singleton bean 'prePostAuthorizeExpressionHintsRegistrar'
2025-05-08T20:06:38.517+03:00 DEBUG 3976 --- [library-management] [           main] o.s.b.f.s.DefaultListableBeanFactory     : Creating shared instance of singleton bean 'org.springframework.security.config.annotation.method.configuration.AuthorizationProxyConfiguration'
2025-05-08T20:06:38.518+03:00 DEBUG 3976 --- [library-management] [           main] o.s.b.f.s.DefaultListableBeanFactory     : Creating shared instance of singleton bean 'authorizeReturnObjectHintsRegistrar'
2025-05-08T20:06:38.518+03:00 DEBUG 3976 --- [library-management] [           main] o.s.b.f.s.DefaultListableBeanFactory     : Autowiring by type from bean name 'authorizeReturnObjectHintsRegistrar' via factory method to bean named 'authorizationProxyFactory'
2025-05-08T20:06:38.518+03:00 DEBUG 3976 --- [library-management] [           main] o.s.b.f.s.DefaultListableBeanFactory     : Creating shared instance of singleton bean 'org.springframework.security.config.annotation.method.configuration.MethodObservationConfiguration'
2025-05-08T20:06:38.518+03:00 DEBUG 3976 --- [library-management] [           main] o.s.b.f.s.DefaultListableBeanFactory     : Creating shared instance of singleton bean 'authenticationManager'
2025-05-08T20:06:38.519+03:00 DEBUG 3976 --- [library-management] [           main] o.s.b.f.s.DefaultListableBeanFactory     : Autowiring by type from bean name 'authenticationManager' via factory method to bean named 'userService'
2025-05-08T20:06:38.519+03:00 DEBUG 3976 --- [library-management] [           main] o.s.b.f.s.DefaultListableBeanFactory     : Autowiring by type from bean name 'authenticationManager' via factory method to bean named 'passwordEncoder'
2025-05-08T20:06:38.519+03:00 DEBUG 3976 --- [library-management] [           main] o.s.b.f.s.DefaultListableBeanFactory     : Creating shared instance of singleton bean 'org.springframework.boot.autoconfigure.AutoConfigurationPackages'
2025-05-08T20:06:38.520+03:00 DEBUG 3976 --- [library-management] [           main] o.s.b.f.s.DefaultListableBeanFactory     : Creating shared instance of singleton bean 'mockUserMapper'
2025-05-08T20:06:38.520+03:00 DEBUG 3976 --- [library-management] [           main] o.s.b.f.s.DefaultListableBeanFactory     : Creating shared instance of singleton bean 'org.springframework.boot.autoconfigure.context.PropertyPlaceholderAutoConfiguration'
2025-05-08T20:06:38.521+03:00 DEBUG 3976 --- [library-management] [           main] o.s.b.f.s.DefaultListableBeanFactory     : Creating shared instance of singleton bean 'org.springframework.boot.autoconfigure.ssl.SslAutoConfiguration'
2025-05-08T20:06:38.521+03:00 DEBUG 3976 --- [library-management] [           main] o.s.b.f.s.DefaultListableBeanFactory     : Creating shared instance of singleton bean 'spring.ssl-org.springframework.boot.autoconfigure.ssl.SslProperties'
2025-05-08T20:06:38.522+03:00 DEBUG 3976 --- [library-management] [           main] o.s.b.f.s.DefaultListableBeanFactory     : Autowiring by type from bean name 'org.springframework.boot.autoconfigure.ssl.SslAutoConfiguration' via constructor to bean named 'org.springframework.web.context.support.GenericWebApplicationContext@4bc2cb11'
2025-05-08T20:06:38.522+03:00 DEBUG 3976 --- [library-management] [           main] o.s.b.f.s.DefaultListableBeanFactory     : Autowiring by type from bean name 'org.springframework.boot.autoconfigure.ssl.SslAutoConfiguration' via constructor to bean named 'spring.ssl-org.springframework.boot.autoconfigure.ssl.SslProperties'
2025-05-08T20:06:38.522+03:00 DEBUG 3976 --- [library-management] [           main] o.s.b.f.s.DefaultListableBeanFactory     : Creating shared instance of singleton bean 'fileWatcher'
2025-05-08T20:06:38.523+03:00 DEBUG 3976 --- [library-management] [           main] o.s.b.f.s.DefaultListableBeanFactory     : Creating shared instance of singleton bean 'sslPropertiesSslBundleRegistrar'
2025-05-08T20:06:38.523+03:00 DEBUG 3976 --- [library-management] [           main] o.s.b.f.s.DefaultListableBeanFactory     : Autowiring by type from bean name 'sslPropertiesSslBundleRegistrar' via factory method to bean named 'fileWatcher'
2025-05-08T20:06:38.523+03:00 DEBUG 3976 --- [library-management] [           main] o.s.b.f.s.DefaultListableBeanFactory     : Creating shared instance of singleton bean 'sslBundleRegistry'
2025-05-08T20:06:38.524+03:00 DEBUG 3976 --- [library-management] [           main] o.s.b.f.s.DefaultListableBeanFactory     : Creating shared instance of singleton bean 'org.springframework.boot.autoconfigure.websocket.servlet.WebSocketServletAutoConfiguration$TomcatWebSocketConfiguration'
2025-05-08T20:06:38.524+03:00 DEBUG 3976 --- [library-management] [           main] o.s.b.f.s.DefaultListableBeanFactory     : Creating shared instance of singleton bean 'websocketServletWebServerCustomizer'
2025-05-08T20:06:38.524+03:00 DEBUG 3976 --- [library-management] [           main] o.s.b.f.s.DefaultListableBeanFactory     : Creating shared instance of singleton bean 'org.springframework.boot.autoconfigure.websocket.servlet.WebSocketServletAutoConfiguration'
2025-05-08T20:06:38.525+03:00 DEBUG 3976 --- [library-management] [           main] o.s.b.f.s.DefaultListableBeanFactory     : Creating shared instance of singleton bean 'org.springframework.boot.autoconfigure.web.servlet.ServletWebServerFactoryConfiguration$EmbeddedTomcat'
2025-05-08T20:06:38.525+03:00 DEBUG 3976 --- [library-management] [           main] o.s.b.f.s.DefaultListableBeanFactory     : Creating shared instance of singleton bean 'tomcatServletWebServerFactory'
2025-05-08T20:06:38.526+03:00 DEBUG 3976 --- [library-management] [           main] o.s.b.f.s.DefaultListableBeanFactory     : Creating shared instance of singleton bean 'servletWebServerFactoryCustomizer'
2025-05-08T20:06:38.526+03:00 DEBUG 3976 --- [library-management] [           main] o.s.b.f.s.DefaultListableBeanFactory     : Creating shared instance of singleton bean 'org.springframework.boot.autoconfigure.web.servlet.ServletWebServerFactoryAutoConfiguration'
2025-05-08T20:06:38.527+03:00 DEBUG 3976 --- [library-management] [           main] o.s.b.f.s.DefaultListableBeanFactory     : Creating shared instance of singleton bean 'server-org.springframework.boot.autoconfigure.web.ServerProperties'
2025-05-08T20:06:38.541+03:00 DEBUG 3976 --- [library-management] [           main] o.s.b.f.s.DefaultListableBeanFactory     : Autowiring by type from bean name 'servletWebServerFactoryCustomizer' via factory method to bean named 'server-org.springframework.boot.autoconfigure.web.ServerProperties'
2025-05-08T20:06:38.542+03:00 DEBUG 3976 --- [library-management] [           main] o.s.b.f.s.DefaultListableBeanFactory     : Creating shared instance of singleton bean 'tomcatServletWebServerFactoryCustomizer'
2025-05-08T20:06:38.543+03:00 DEBUG 3976 --- [library-management] [           main] o.s.b.f.s.DefaultListableBeanFactory     : Autowiring by type from bean name 'tomcatServletWebServerFactoryCustomizer' via factory method to bean named 'server-org.springframework.boot.autoconfigure.web.ServerProperties'
2025-05-08T20:06:38.543+03:00 DEBUG 3976 --- [library-management] [           main] o.s.b.f.s.DefaultListableBeanFactory     : Creating shared instance of singleton bean 'localeCharsetMappingsCustomizer'
2025-05-08T20:06:38.543+03:00 DEBUG 3976 --- [library-management] [           main] o.s.b.f.s.DefaultListableBeanFactory     : Creating shared instance of singleton bean 'org.springframework.boot.autoconfigure.web.servlet.HttpEncodingAutoConfiguration'
2025-05-08T20:06:38.543+03:00 DEBUG 3976 --- [library-management] [           main] o.s.b.f.s.DefaultListableBeanFactory     : Autowiring by type from bean name 'org.springframework.boot.autoconfigure.web.servlet.HttpEncodingAutoConfiguration' via constructor to bean named 'server-org.springframework.boot.autoconfigure.web.ServerProperties'
2025-05-08T20:06:38.544+03:00 DEBUG 3976 --- [library-management] [           main] o.s.b.f.s.DefaultListableBeanFactory     : Creating shared instance of singleton bean 'errorPageCustomizer'
2025-05-08T20:06:38.544+03:00 DEBUG 3976 --- [library-management] [           main] o.s.b.f.s.DefaultListableBeanFactory     : Creating shared instance of singleton bean 'org.springframework.boot.autoconfigure.web.servlet.error.ErrorMvcAutoConfiguration'
2025-05-08T20:06:38.544+03:00 DEBUG 3976 --- [library-management] [           main] o.s.b.f.s.DefaultListableBeanFactory     : Autowiring by type from bean name 'org.springframework.boot.autoconfigure.web.servlet.error.ErrorMvcAutoConfiguration' via constructor to bean named 'server-org.springframework.boot.autoconfigure.web.ServerProperties'
2025-05-08T20:06:38.545+03:00 DEBUG 3976 --- [library-management] [           main] o.s.b.f.s.DefaultListableBeanFactory     : Creating shared instance of singleton bean 'dispatcherServletRegistration'
2025-05-08T20:06:38.545+03:00 DEBUG 3976 --- [library-management] [           main] o.s.b.f.s.DefaultListableBeanFactory     : Creating shared instance of singleton bean 'org.springframework.boot.autoconfigure.web.servlet.DispatcherServletAutoConfiguration$DispatcherServletRegistrationConfiguration'
2025-05-08T20:06:38.545+03:00 DEBUG 3976 --- [library-management] [           main] o.s.b.f.s.DefaultListableBeanFactory     : Creating shared instance of singleton bean 'dispatcherServlet'
2025-05-08T20:06:38.545+03:00 DEBUG 3976 --- [library-management] [           main] o.s.b.f.s.DefaultListableBeanFactory     : Creating shared instance of singleton bean 'org.springframework.boot.autoconfigure.web.servlet.DispatcherServletAutoConfiguration$DispatcherServletConfiguration'
2025-05-08T20:06:38.546+03:00 DEBUG 3976 --- [library-management] [           main] o.s.b.f.s.DefaultListableBeanFactory     : Autowiring by type from bean name 'dispatcherServlet' via factory method to bean named 'spring.mvc-org.springframework.boot.autoconfigure.web.servlet.WebMvcProperties'
2025-05-08T20:06:38.549+03:00 DEBUG 3976 --- [library-management] [           main] o.s.b.f.s.DefaultListableBeanFactory     : Autowiring by type from bean name 'dispatcherServletRegistration' via factory method to bean named 'dispatcherServlet'
2025-05-08T20:06:38.549+03:00 DEBUG 3976 --- [library-management] [           main] o.s.b.f.s.DefaultListableBeanFactory     : Autowiring by type from bean name 'dispatcherServletRegistration' via factory method to bean named 'spring.mvc-org.springframework.boot.autoconfigure.web.servlet.WebMvcProperties'
2025-05-08T20:06:38.550+03:00 DEBUG 3976 --- [library-management] [           main] o.s.b.f.s.DefaultListableBeanFactory     : Creating shared instance of singleton bean 'multipartConfigElement'
2025-05-08T20:06:38.550+03:00 DEBUG 3976 --- [library-management] [           main] o.s.b.f.s.DefaultListableBeanFactory     : Creating shared instance of singleton bean 'org.springframework.boot.autoconfigure.web.servlet.MultipartAutoConfiguration'
2025-05-08T20:06:38.551+03:00 DEBUG 3976 --- [library-management] [           main] o.s.b.f.s.DefaultListableBeanFactory     : Creating shared instance of singleton bean 'spring.servlet.multipart-org.springframework.boot.autoconfigure.web.servlet.MultipartProperties'
2025-05-08T20:06:38.553+03:00 DEBUG 3976 --- [library-management] [           main] o.s.b.f.s.DefaultListableBeanFactory     : Autowiring by type from bean name 'org.springframework.boot.autoconfigure.web.servlet.MultipartAutoConfiguration' via constructor to bean named 'spring.servlet.multipart-org.springframework.boot.autoconfigure.web.servlet.MultipartProperties'
2025-05-08T20:06:38.555+03:00 DEBUG 3976 --- [library-management] [           main] o.s.b.f.s.DefaultListableBeanFactory     : Autowiring by type from bean name 'errorPageCustomizer' via factory method to bean named 'dispatcherServletRegistration'
2025-05-08T20:06:38.558+03:00 DEBUG 3976 --- [library-management] [           main] o.s.b.f.s.DefaultListableBeanFactory     : Creating shared instance of singleton bean 'org.springframework.boot.autoconfigure.web.servlet.DispatcherServletAutoConfiguration'
2025-05-08T20:06:38.559+03:00 DEBUG 3976 --- [library-management] [           main] o.s.b.f.s.DefaultListableBeanFactory     : Creating shared instance of singleton bean 'org.springframework.boot.autoconfigure.task.TaskExecutorConfigurations$ThreadPoolTaskExecutorBuilderConfiguration'
2025-05-08T20:06:38.559+03:00 DEBUG 3976 --- [library-management] [           main] o.s.b.f.s.DefaultListableBeanFactory     : Creating shared instance of singleton bean 'threadPoolTaskExecutorBuilder'
2025-05-08T20:06:38.559+03:00 DEBUG 3976 --- [library-management] [           main] o.s.b.f.s.DefaultListableBeanFactory     : Creating shared instance of singleton bean 'spring.task.execution-org.springframework.boot.autoconfigure.task.TaskExecutionProperties'
2025-05-08T20:06:38.561+03:00 DEBUG 3976 --- [library-management] [           main] o.s.b.f.s.DefaultListableBeanFactory     : Autowiring by type from bean name 'threadPoolTaskExecutorBuilder' via factory method to bean named 'spring.task.execution-org.springframework.boot.autoconfigure.task.TaskExecutionProperties'
2025-05-08T20:06:38.562+03:00 DEBUG 3976 --- [library-management] [           main] o.s.b.f.s.DefaultListableBeanFactory     : Creating shared instance of singleton bean 'org.springframework.boot.autoconfigure.task.TaskExecutorConfigurations$SimpleAsyncTaskExecutorBuilderConfiguration'
2025-05-08T20:06:38.562+03:00 DEBUG 3976 --- [library-management] [           main] o.s.b.f.s.DefaultListableBeanFactory     : Autowiring by type from bean name 'org.springframework.boot.autoconfigure.task.TaskExecutorConfigurations$SimpleAsyncTaskExecutorBuilderConfiguration' via constructor to bean named 'spring.task.execution-org.springframework.boot.autoconfigure.task.TaskExecutionProperties'
2025-05-08T20:06:38.562+03:00 DEBUG 3976 --- [library-management] [           main] o.s.b.f.s.DefaultListableBeanFactory     : Creating shared instance of singleton bean 'simpleAsyncTaskExecutorBuilder'
2025-05-08T20:06:38.563+03:00 DEBUG 3976 --- [library-management] [           main] o.s.b.f.s.DefaultListableBeanFactory     : Creating shared instance of singleton bean 'org.springframework.boot.autoconfigure.task.TaskExecutorConfigurations$TaskExecutorConfiguration'
2025-05-08T20:06:38.564+03:00 DEBUG 3976 --- [library-management] [           main] o.s.b.f.s.DefaultListableBeanFactory     : Creating shared instance of singleton bean 'org.springframework.boot.autoconfigure.task.TaskExecutionAutoConfiguration'
2025-05-08T20:06:38.564+03:00 DEBUG 3976 --- [library-management] [           main] o.s.b.f.s.DefaultListableBeanFactory     : Creating shared instance of singleton bean 'org.springframework.boot.autoconfigure.validation.ValidationAutoConfiguration'
2025-05-08T20:06:38.564+03:00 DEBUG 3976 --- [library-management] [           main] o.s.b.f.s.DefaultListableBeanFactory     : Creating shared instance of singleton bean 'defaultValidator'
2025-05-08T20:06:38.564+03:00 DEBUG 3976 --- [library-management] [           main] o.s.b.f.s.DefaultListableBeanFactory     : Autowiring by type from bean name 'defaultValidator' via factory method to bean named 'org.springframework.web.context.support.GenericWebApplicationContext@4bc2cb11'
2025-05-08T20:06:38.570+03:00 DEBUG 3976 --- [library-management] [           main] o.s.b.f.s.DefaultListableBeanFactory     : Creating shared instance of singleton bean 'org.springframework.boot.autoconfigure.web.servlet.error.ErrorMvcAutoConfiguration$WhitelabelErrorViewConfiguration'
2025-05-08T20:06:38.570+03:00 DEBUG 3976 --- [library-management] [           main] o.s.b.f.s.DefaultListableBeanFactory     : Creating shared instance of singleton bean 'error'
2025-05-08T20:06:38.570+03:00 DEBUG 3976 --- [library-management] [           main] o.s.b.f.s.DefaultListableBeanFactory     : Creating shared instance of singleton bean 'beanNameViewResolver'
2025-05-08T20:06:38.571+03:00 DEBUG 3976 --- [library-management] [           main] o.s.b.f.s.DefaultListableBeanFactory     : Creating shared instance of singleton bean 'org.springframework.boot.autoconfigure.web.servlet.error.ErrorMvcAutoConfiguration$DefaultErrorViewResolverConfiguration'
2025-05-08T20:06:38.571+03:00 DEBUG 3976 --- [library-management] [           main] o.s.b.f.s.DefaultListableBeanFactory     : Autowiring by type from bean name 'org.springframework.boot.autoconfigure.web.servlet.error.ErrorMvcAutoConfiguration$DefaultErrorViewResolverConfiguration' via constructor to bean named 'org.springframework.web.context.support.GenericWebApplicationContext@4bc2cb11'
2025-05-08T20:06:38.571+03:00 DEBUG 3976 --- [library-management] [           main] o.s.b.f.s.DefaultListableBeanFactory     : Autowiring by type from bean name 'org.springframework.boot.autoconfigure.web.servlet.error.ErrorMvcAutoConfiguration$DefaultErrorViewResolverConfiguration' via constructor to bean named 'spring.web-org.springframework.boot.autoconfigure.web.WebProperties'
2025-05-08T20:06:38.571+03:00 DEBUG 3976 --- [library-management] [           main] o.s.b.f.s.DefaultListableBeanFactory     : Creating shared instance of singleton bean 'conventionErrorViewResolver'
2025-05-08T20:06:38.572+03:00 DEBUG 3976 --- [library-management] [           main] o.s.b.f.s.DefaultListableBeanFactory     : Creating shared instance of singleton bean 'errorAttributes'
2025-05-08T20:06:38.572+03:00 DEBUG 3976 --- [library-management] [           main] o.s.b.f.s.DefaultListableBeanFactory     : Creating shared instance of singleton bean 'basicErrorController'
2025-05-08T20:06:38.572+03:00 DEBUG 3976 --- [library-management] [           main] o.s.b.f.s.DefaultListableBeanFactory     : Autowiring by type from bean name 'basicErrorController' via factory method to bean named 'errorAttributes'
2025-05-08T20:06:38.573+03:00 DEBUG 3976 --- [library-management] [           main] o.s.b.f.s.DefaultListableBeanFactory     : Creating shared instance of singleton bean 'localeResolver'
2025-05-08T20:06:38.574+03:00 DEBUG 3976 --- [library-management] [           main] o.s.b.f.s.DefaultListableBeanFactory     : Creating shared instance of singleton bean 'themeResolver'
2025-05-08T20:06:38.574+03:00 DEBUG 3976 --- [library-management] [           main] o.s.b.f.s.DefaultListableBeanFactory     : Creating shared instance of singleton bean 'flashMapManager'
2025-05-08T20:06:38.574+03:00 DEBUG 3976 --- [library-management] [           main] o.s.b.f.s.DefaultListableBeanFactory     : Creating shared instance of singleton bean 'viewNameTranslator'
2025-05-08T20:06:38.575+03:00 DEBUG 3976 --- [library-management] [           main] o.s.b.f.s.DefaultListableBeanFactory     : Creating shared instance of singleton bean 'mvcValidator'
2025-05-08T20:06:38.576+03:00 DEBUG 3976 --- [library-management] [           main] o.s.b.f.s.DefaultListableBeanFactory     : Creating shared instance of singleton bean 'mvcPatternParser'
2025-05-08T20:06:38.576+03:00 DEBUG 3976 --- [library-management] [           main] o.s.b.f.s.DefaultListableBeanFactory     : Creating shared instance of singleton bean 'mvcUrlPathHelper'
2025-05-08T20:06:38.576+03:00 DEBUG 3976 --- [library-management] [           main] o.s.b.f.s.DefaultListableBeanFactory     : Creating shared instance of singleton bean 'mvcPathMatcher'
2025-05-08T20:06:38.577+03:00 DEBUG 3976 --- [library-management] [           main] o.s.b.f.s.DefaultListableBeanFactory     : Creating shared instance of singleton bean 'requestMappingHandlerAdapter'
2025-05-08T20:06:38.577+03:00 DEBUG 3976 --- [library-management] [           main] o.s.b.f.s.DefaultListableBeanFactory     : Autowiring by type from bean name 'requestMappingHandlerAdapter' via factory method to bean named 'mvcContentNegotiationManager'
2025-05-08T20:06:38.577+03:00 DEBUG 3976 --- [library-management] [           main] o.s.b.f.s.DefaultListableBeanFactory     : Autowiring by type from bean name 'requestMappingHandlerAdapter' via factory method to bean named 'mvcConversionService'
2025-05-08T20:06:38.577+03:00 DEBUG 3976 --- [library-management] [           main] o.s.b.f.s.DefaultListableBeanFactory     : Autowiring by type from bean name 'requestMappingHandlerAdapter' via factory method to bean named 'mvcValidator'
2025-05-08T20:06:38.577+03:00 DEBUG 3976 --- [library-management] [           main] o.s.b.f.s.DefaultListableBeanFactory     : Creating shared instance of singleton bean 'applicationTaskExecutor'
2025-05-08T20:06:38.577+03:00 DEBUG 3976 --- [library-management] [           main] o.s.b.f.s.DefaultListableBeanFactory     : Autowiring by type from bean name 'applicationTaskExecutor' via factory method to bean named 'threadPoolTaskExecutorBuilder'
2025-05-08T20:06:38.578+03:00 DEBUG 3976 --- [library-management] [           main] o.s.s.concurrent.ThreadPoolTaskExecutor  : Initializing ExecutorService 'applicationTaskExecutor'
2025-05-08T20:06:38.583+03:00 DEBUG 3976 --- [library-management] [           main] s.w.s.m.m.a.RequestMappingHandlerAdapter : ControllerAdvice beans: 0 @ModelAttribute, 0 @InitBinder, 1 RequestBodyAdvice, 1 ResponseBodyAdvice
2025-05-08T20:06:38.584+03:00 DEBUG 3976 --- [library-management] [           main] o.s.b.f.s.DefaultListableBeanFactory     : Creating shared instance of singleton bean 'mvcViewResolver'
2025-05-08T20:06:38.584+03:00 DEBUG 3976 --- [library-management] [           main] o.s.b.f.s.DefaultListableBeanFactory     : Autowiring by type from bean name 'mvcViewResolver' via factory method to bean named 'mvcContentNegotiationManager'
2025-05-08T20:06:38.585+03:00 DEBUG 3976 --- [library-management] [           main] o.s.b.f.s.DefaultListableBeanFactory     : Creating shared instance of singleton bean 'defaultViewResolver'
2025-05-08T20:06:38.587+03:00 DEBUG 3976 --- [library-management] [           main] o.s.b.f.s.DefaultListableBeanFactory     : Creating shared instance of singleton bean 'viewResolver'
2025-05-08T20:06:38.588+03:00 DEBUG 3976 --- [library-management] [           main] o.s.b.f.s.DefaultListableBeanFactory     : Autowiring by type from bean name 'viewResolver' via factory method to bean named 'org.springframework.beans.factory.support.DefaultListableBeanFactory@3a6ba61b'
2025-05-08T20:06:38.588+03:00 DEBUG 3976 --- [library-management] [           main] o.s.b.f.s.DefaultListableBeanFactory     : Creating shared instance of singleton bean 'viewResolver'
2025-05-08T20:06:38.591+03:00 DEBUG 3976 --- [library-management] [           main] o.s.b.f.s.DefaultListableBeanFactory     : Creating shared instance of singleton bean 'handlerFunctionAdapter'
2025-05-08T20:06:38.591+03:00 DEBUG 3976 --- [library-management] [           main] o.s.b.f.s.DefaultListableBeanFactory     : Creating shared instance of singleton bean 'mvcUriComponentsContributor'
2025-05-08T20:06:38.592+03:00 DEBUG 3976 --- [library-management] [           main] o.s.b.f.s.DefaultListableBeanFactory     : Autowiring by type from bean name 'mvcUriComponentsContributor' via factory method to bean named 'mvcConversionService'
2025-05-08T20:06:38.592+03:00 DEBUG 3976 --- [library-management] [           main] o.s.b.f.s.DefaultListableBeanFactory     : Autowiring by type from bean name 'mvcUriComponentsContributor' via factory method to bean named 'requestMappingHandlerAdapter'
2025-05-08T20:06:38.592+03:00 DEBUG 3976 --- [library-management] [           main] o.s.b.f.s.DefaultListableBeanFactory     : Creating shared instance of singleton bean 'httpRequestHandlerAdapter'
2025-05-08T20:06:38.592+03:00 DEBUG 3976 --- [library-management] [           main] o.s.b.f.s.DefaultListableBeanFactory     : Creating shared instance of singleton bean 'simpleControllerHandlerAdapter'
2025-05-08T20:06:38.593+03:00 DEBUG 3976 --- [library-management] [           main] o.s.b.f.s.DefaultListableBeanFactory     : Creating shared instance of singleton bean 'handlerExceptionResolver'
2025-05-08T20:06:38.593+03:00 DEBUG 3976 --- [library-management] [           main] o.s.b.f.s.DefaultListableBeanFactory     : Autowiring by type from bean name 'handlerExceptionResolver' via factory method to bean named 'mvcContentNegotiationManager'
2025-05-08T20:06:38.594+03:00 DEBUG 3976 --- [library-management] [           main] .m.m.a.ExceptionHandlerExceptionResolver : ControllerAdvice beans: 1 @ExceptionHandler, 1 ResponseBodyAdvice
2025-05-08T20:06:38.595+03:00 DEBUG 3976 --- [library-management] [           main] o.s.b.f.s.DefaultListableBeanFactory     : Creating shared instance of singleton bean 'requestContextFilter'
2025-05-08T20:06:38.596+03:00 DEBUG 3976 --- [library-management] [           main] o.s.b.f.s.DefaultListableBeanFactory     : Creating shared instance of singleton bean 'org.springframework.boot.autoconfigure.web.servlet.WebMvcAutoConfiguration'
2025-05-08T20:06:38.597+03:00 DEBUG 3976 --- [library-management] [           main] o.s.b.f.s.DefaultListableBeanFactory     : Creating shared instance of singleton bean 'formContentFilter'
2025-05-08T20:06:38.599+03:00 DEBUG 3976 --- [library-management] [           main] o.s.b.f.s.DefaultListableBeanFactory     : Creating shared instance of singleton bean 'org.springframework.boot.autoconfigure.aop.AopAutoConfiguration$ClassProxyingConfiguration'
2025-05-08T20:06:38.599+03:00 DEBUG 3976 --- [library-management] [           main] o.s.b.f.s.DefaultListableBeanFactory     : Creating shared instance of singleton bean 'org.springframework.boot.autoconfigure.aop.AopAutoConfiguration'
2025-05-08T20:06:38.599+03:00 DEBUG 3976 --- [library-management] [           main] o.s.b.f.s.DefaultListableBeanFactory     : Creating shared instance of singleton bean 'org.springframework.boot.autoconfigure.availability.ApplicationAvailabilityAutoConfiguration'
2025-05-08T20:06:38.601+03:00 DEBUG 3976 --- [library-management] [           main] o.s.b.f.s.DefaultListableBeanFactory     : Creating shared instance of singleton bean 'applicationAvailability'
2025-05-08T20:06:38.602+03:00 DEBUG 3976 --- [library-management] [           main] o.s.b.f.s.DefaultListableBeanFactory     : Creating shared instance of singleton bean 'org.springframework.boot.autoconfigure.transaction.jta.JtaAutoConfiguration'
2025-05-08T20:06:38.602+03:00 DEBUG 3976 --- [library-management] [           main] o.s.b.f.s.DefaultListableBeanFactory     : Creating shared instance of singleton bean 'org.springframework.boot.autoconfigure.jdbc.metadata.DataSourcePoolMetadataProvidersConfiguration'
2025-05-08T20:06:38.602+03:00 DEBUG 3976 --- [library-management] [           main] o.s.b.f.s.DefaultListableBeanFactory     : Creating shared instance of singleton bean 'org.springframework.boot.autoconfigure.jdbc.DataSourceAutoConfiguration'
2025-05-08T20:06:38.603+03:00 DEBUG 3976 --- [library-management] [           main] o.s.b.f.s.DefaultListableBeanFactory     : Creating shared instance of singleton bean 'spring.datasource-org.springframework.boot.autoconfigure.jdbc.DataSourceProperties'
2025-05-08T20:06:38.606+03:00 DEBUG 3976 --- [library-management] [           main] o.s.b.f.s.DefaultListableBeanFactory     : Creating shared instance of singleton bean 'org.springframework.boot.autoconfigure.transaction.TransactionManagerCustomizationAutoConfiguration'
2025-05-08T20:06:38.606+03:00 DEBUG 3976 --- [library-management] [           main] o.s.b.f.s.DefaultListableBeanFactory     : Creating shared instance of singleton bean 'platformTransactionManagerCustomizers'
2025-05-08T20:06:38.607+03:00 DEBUG 3976 --- [library-management] [           main] o.s.b.f.s.DefaultListableBeanFactory     : Creating shared instance of singleton bean 'transactionExecutionListeners'
2025-05-08T20:06:38.608+03:00 DEBUG 3976 --- [library-management] [           main] o.s.b.f.s.DefaultListableBeanFactory     : Creating shared instance of singleton bean 'spring.transaction-org.springframework.boot.autoconfigure.transaction.TransactionProperties'
2025-05-08T20:06:38.609+03:00 DEBUG 3976 --- [library-management] [           main] o.s.b.f.s.DefaultListableBeanFactory     : Creating shared instance of singleton bean 'org.springframework.boot.autoconfigure.orm.jpa.HibernateJpaConfiguration'
2025-05-08T20:06:38.610+03:00 DEBUG 3976 --- [library-management] [           main] o.s.b.f.s.DefaultListableBeanFactory     : Creating shared instance of singleton bean 'spring.jpa.hibernate-org.springframework.boot.autoconfigure.orm.jpa.HibernateProperties'
2025-05-08T20:06:38.611+03:00 DEBUG 3976 --- [library-management] [           main] o.s.b.f.s.DefaultListableBeanFactory     : Autowiring by type from bean name 'org.springframework.boot.autoconfigure.orm.jpa.HibernateJpaConfiguration' via constructor to bean named 'dataSource'
2025-05-08T20:06:38.611+03:00 DEBUG 3976 --- [library-management] [           main] o.s.b.f.s.DefaultListableBeanFactory     : Autowiring by type from bean name 'org.springframework.boot.autoconfigure.orm.jpa.HibernateJpaConfiguration' via constructor to bean named 'spring.jpa-org.springframework.boot.autoconfigure.orm.jpa.JpaProperties'
2025-05-08T20:06:38.611+03:00 DEBUG 3976 --- [library-management] [           main] o.s.b.f.s.DefaultListableBeanFactory     : Autowiring by type from bean name 'org.springframework.boot.autoconfigure.orm.jpa.HibernateJpaConfiguration' via constructor to bean named 'org.springframework.beans.factory.support.DefaultListableBeanFactory@3a6ba61b'
2025-05-08T20:06:38.611+03:00 DEBUG 3976 --- [library-management] [           main] o.s.b.f.s.DefaultListableBeanFactory     : Autowiring by type from bean name 'org.springframework.boot.autoconfigure.orm.jpa.HibernateJpaConfiguration' via constructor to bean named 'spring.jpa.hibernate-org.springframework.boot.autoconfigure.orm.jpa.HibernateProperties'
2025-05-08T20:06:38.613+03:00 DEBUG 3976 --- [library-management] [           main] o.s.b.f.s.DefaultListableBeanFactory     : Creating shared instance of singleton bean 'jpaVendorAdapter'
2025-05-08T20:06:38.614+03:00 DEBUG 3976 --- [library-management] [           main] o.s.b.f.s.DefaultListableBeanFactory     : Creating shared instance of singleton bean 'entityManagerFactoryBuilder'
2025-05-08T20:06:38.614+03:00 DEBUG 3976 --- [library-management] [           main] o.s.b.f.s.DefaultListableBeanFactory     : Autowiring by type from bean name 'entityManagerFactoryBuilder' via factory method to bean named 'jpaVendorAdapter'
2025-05-08T20:06:38.615+03:00 DEBUG 3976 --- [library-management] [           main] o.s.b.f.s.DefaultListableBeanFactory     : Creating shared instance of singleton bean 'org.springframework.boot.autoconfigure.orm.jpa.HibernateJpaAutoConfiguration'
2025-05-08T20:06:38.615+03:00 DEBUG 3976 --- [library-management] [           main] o.s.b.f.s.DefaultListableBeanFactory     : Creating shared instance of singleton bean 'org.springframework.boot.autoconfigure.jackson.JacksonAutoConfiguration$Jackson2ObjectMapperBuilderCustomizerConfiguration'
2025-05-08T20:06:38.615+03:00 DEBUG 3976 --- [library-management] [           main] o.s.b.f.s.DefaultListableBeanFactory     : Creating shared instance of singleton bean 'standardJacksonObjectMapperBuilderCustomizer'
2025-05-08T20:06:38.615+03:00 DEBUG 3976 --- [library-management] [           main] o.s.b.f.s.DefaultListableBeanFactory     : Creating shared instance of singleton bean 'spring.jackson-org.springframework.boot.autoconfigure.jackson.JacksonProperties'
2025-05-08T20:06:38.627+03:00 DEBUG 3976 --- [library-management] [           main] o.s.b.f.s.DefaultListableBeanFactory     : Autowiring by type from bean name 'standardJacksonObjectMapperBuilderCustomizer' via factory method to bean named 'spring.jackson-org.springframework.boot.autoconfigure.jackson.JacksonProperties'
2025-05-08T20:06:38.628+03:00 DEBUG 3976 --- [library-management] [           main] o.s.b.f.s.DefaultListableBeanFactory     : Creating shared instance of singleton bean 'parameterNamesModule'
2025-05-08T20:06:38.628+03:00 DEBUG 3976 --- [library-management] [           main] o.s.b.f.s.DefaultListableBeanFactory     : Creating shared instance of singleton bean 'org.springframework.boot.autoconfigure.jackson.JacksonAutoConfiguration$ParameterNamesModuleConfiguration'
2025-05-08T20:06:38.629+03:00 DEBUG 3976 --- [library-management] [           main] o.s.b.f.s.DefaultListableBeanFactory     : Creating shared instance of singleton bean 'jsonMixinModule'
2025-05-08T20:06:38.629+03:00 DEBUG 3976 --- [library-management] [           main] o.s.b.f.s.DefaultListableBeanFactory     : Creating shared instance of singleton bean 'org.springframework.boot.autoconfigure.jackson.JacksonAutoConfiguration$JacksonMixinConfiguration'
2025-05-08T20:06:38.629+03:00 DEBUG 3976 --- [library-management] [           main] o.s.b.f.s.DefaultListableBeanFactory     : Creating shared instance of singleton bean 'jsonMixinModuleEntries'
2025-05-08T20:06:38.630+03:00 DEBUG 3976 --- [library-management] [           main] o.s.b.f.s.DefaultListableBeanFactory     : Autowiring by type from bean name 'jsonMixinModuleEntries' via factory method to bean named 'org.springframework.web.context.support.GenericWebApplicationContext@4bc2cb11'
2025-05-08T20:06:38.630+03:00 DEBUG 3976 --- [library-management] [           main] o.s.b.a.AutoConfigurationPackages        : @EnableAutoConfiguration was declared on a class in the package 'com.example.library_management.launch'. Automatic @Repository and @Entity scanning is enabled.
2025-05-08T20:06:38.630+03:00 DEBUG 3976 --- [library-management] [           main] .i.s.PathMatchingResourcePatternResolver : Skipping search for files matching pattern [**/*.class]: directory [A:\library-management\target\test-classes\com\example\library_management\launch] does not exist
2025-05-08T20:06:38.631+03:00 DEBUG 3976 --- [library-management] [           main] o.s.b.f.s.DefaultListableBeanFactory     : Autowiring by type from bean name 'jsonMixinModule' via factory method to bean named 'org.springframework.web.context.support.GenericWebApplicationContext@4bc2cb11'
2025-05-08T20:06:38.631+03:00 DEBUG 3976 --- [library-management] [           main] o.s.b.f.s.DefaultListableBeanFactory     : Autowiring by type from bean name 'jsonMixinModule' via factory method to bean named 'jsonMixinModuleEntries'
2025-05-08T20:06:38.632+03:00 DEBUG 3976 --- [library-management] [           main] o.s.b.f.s.DefaultListableBeanFactory     : Creating shared instance of singleton bean 'jsonComponentModule'
2025-05-08T20:06:38.632+03:00 DEBUG 3976 --- [library-management] [           main] o.s.b.f.s.DefaultListableBeanFactory     : Creating shared instance of singleton bean 'org.springframework.boot.autoconfigure.jackson.JacksonAutoConfiguration'
2025-05-08T20:06:38.636+03:00 DEBUG 3976 --- [library-management] [           main] o.s.b.f.s.DefaultListableBeanFactory     : Creating shared instance of singleton bean 'org.springframework.boot.autoconfigure.jackson.JacksonAutoConfiguration$JacksonObjectMapperBuilderConfiguration'
2025-05-08T20:06:38.637+03:00 DEBUG 3976 --- [library-management] [           main] o.s.b.f.s.DefaultListableBeanFactory     : Creating shared instance of singleton bean 'org.springframework.boot.autoconfigure.jackson.JacksonAutoConfiguration$JacksonObjectMapperConfiguration'
2025-05-08T20:06:38.637+03:00 DEBUG 3976 --- [library-management] [           main] o.s.b.f.s.DefaultListableBeanFactory     : Creating shared instance of singleton bean 'org.springframework.boot.autoconfigure.context.ConfigurationPropertiesAutoConfiguration'
2025-05-08T20:06:38.637+03:00 DEBUG 3976 --- [library-management] [           main] o.s.b.f.s.DefaultListableBeanFactory     : Creating shared instance of singleton bean 'org.springframework.boot.autoconfigure.context.LifecycleAutoConfiguration'
2025-05-08T20:06:38.637+03:00 DEBUG 3976 --- [library-management] [           main] o.s.b.f.s.DefaultListableBeanFactory     : Creating shared instance of singleton bean 'lifecycleProcessor'
2025-05-08T20:06:38.638+03:00 DEBUG 3976 --- [library-management] [           main] o.s.b.f.s.DefaultListableBeanFactory     : Creating shared instance of singleton bean 'spring.lifecycle-org.springframework.boot.autoconfigure.context.LifecycleProperties'
2025-05-08T20:06:38.638+03:00 DEBUG 3976 --- [library-management] [           main] o.s.b.f.s.DefaultListableBeanFactory     : Autowiring by type from bean name 'lifecycleProcessor' via factory method to bean named 'spring.lifecycle-org.springframework.boot.autoconfigure.context.LifecycleProperties'
2025-05-08T20:06:38.640+03:00 DEBUG 3976 --- [library-management] [           main] o.s.b.f.s.DefaultListableBeanFactory     : Creating shared instance of singleton bean 'org.springframework.boot.autoconfigure.dao.PersistenceExceptionTranslationAutoConfiguration'
2025-05-08T20:06:38.640+03:00 DEBUG 3976 --- [library-management] [           main] o.s.b.f.s.DefaultListableBeanFactory     : Creating shared instance of singleton bean 'org.springframework.boot.autoconfigure.http.JacksonHttpMessageConvertersConfiguration'
2025-05-08T20:06:38.640+03:00 DEBUG 3976 --- [library-management] [           main] o.s.b.f.s.DefaultListableBeanFactory     : Creating shared instance of singleton bean 'org.springframework.boot.autoconfigure.http.client.HttpClientAutoConfiguration'
2025-05-08T20:06:38.640+03:00 DEBUG 3976 --- [library-management] [           main] o.s.b.f.s.DefaultListableBeanFactory     : Creating shared instance of singleton bean 'clientHttpRequestFactoryBuilder'
2025-05-08T20:06:38.641+03:00 DEBUG 3976 --- [library-management] [           main] o.s.b.f.s.DefaultListableBeanFactory     : Creating shared instance of singleton bean 'spring.http.client-org.springframework.boot.autoconfigure.http.client.HttpClientProperties'
2025-05-08T20:06:38.642+03:00 DEBUG 3976 --- [library-management] [           main] o.s.b.f.s.DefaultListableBeanFactory     : Autowiring by type from bean name 'clientHttpRequestFactoryBuilder' via factory method to bean named 'spring.http.client-org.springframework.boot.autoconfigure.http.client.HttpClientProperties'
2025-05-08T20:06:38.643+03:00 DEBUG 3976 --- [library-management] [           main] o.s.b.f.s.DefaultListableBeanFactory     : Creating shared instance of singleton bean 'clientHttpRequestFactorySettings'
2025-05-08T20:06:38.643+03:00 DEBUG 3976 --- [library-management] [           main] o.s.b.f.s.DefaultListableBeanFactory     : Autowiring by type from bean name 'clientHttpRequestFactorySettings' via factory method to bean named 'spring.http.client-org.springframework.boot.autoconfigure.http.client.HttpClientProperties'
2025-05-08T20:06:38.643+03:00 DEBUG 3976 --- [library-management] [           main] o.s.b.f.s.DefaultListableBeanFactory     : Creating shared instance of singleton bean 'org.springframework.boot.autoconfigure.info.ProjectInfoAutoConfiguration'
2025-05-08T20:06:38.644+03:00 DEBUG 3976 --- [library-management] [           main] o.s.b.f.s.DefaultListableBeanFactory     : Creating shared instance of singleton bean 'spring.info-org.springframework.boot.autoconfigure.info.ProjectInfoProperties'
2025-05-08T20:06:38.645+03:00 DEBUG 3976 --- [library-management] [           main] o.s.b.f.s.DefaultListableBeanFactory     : Autowiring by type from bean name 'org.springframework.boot.autoconfigure.info.ProjectInfoAutoConfiguration' via constructor to bean named 'spring.info-org.springframework.boot.autoconfigure.info.ProjectInfoProperties'
2025-05-08T20:06:38.645+03:00 DEBUG 3976 --- [library-management] [           main] o.s.b.f.s.DefaultListableBeanFactory     : Creating shared instance of singleton bean 'org.springframework.boot.autoconfigure.jdbc.JdbcTemplateConfiguration'
2025-05-08T20:06:38.646+03:00 DEBUG 3976 --- [library-management] [           main] o.s.b.f.s.DefaultListableBeanFactory     : Creating shared instance of singleton bean 'jdbcTemplate'
2025-05-08T20:06:38.646+03:00 DEBUG 3976 --- [library-management] [           main] o.s.b.f.s.DefaultListableBeanFactory     : Creating shared instance of singleton bean 'spring.jdbc-org.springframework.boot.autoconfigure.jdbc.JdbcProperties'
2025-05-08T20:06:38.647+03:00 DEBUG 3976 --- [library-management] [           main] o.s.b.f.s.DefaultListableBeanFactory     : Autowiring by type from bean name 'jdbcTemplate' via factory method to bean named 'dataSource'
2025-05-08T20:06:38.647+03:00 DEBUG 3976 --- [library-management] [           main] o.s.b.f.s.DefaultListableBeanFactory     : Autowiring by type from bean name 'jdbcTemplate' via factory method to bean named 'spring.jdbc-org.springframework.boot.autoconfigure.jdbc.JdbcProperties'
2025-05-08T20:06:38.649+03:00 DEBUG 3976 --- [library-management] [           main] o.s.b.f.s.DefaultListableBeanFactory     : Creating shared instance of singleton bean 'org.springframework.boot.autoconfigure.jdbc.NamedParameterJdbcTemplateConfiguration'
2025-05-08T20:06:38.649+03:00 DEBUG 3976 --- [library-management] [           main] o.s.b.f.s.DefaultListableBeanFactory     : Creating shared instance of singleton bean 'namedParameterJdbcTemplate'
2025-05-08T20:06:38.650+03:00 DEBUG 3976 --- [library-management] [           main] o.s.b.f.s.DefaultListableBeanFactory     : Autowiring by type from bean name 'namedParameterJdbcTemplate' via factory method to bean named 'jdbcTemplate'
2025-05-08T20:06:38.651+03:00 DEBUG 3976 --- [library-management] [           main] o.s.b.f.s.DefaultListableBeanFactory     : Creating shared instance of singleton bean 'org.springframework.boot.autoconfigure.jdbc.JdbcTemplateAutoConfiguration'
2025-05-08T20:06:38.651+03:00 DEBUG 3976 --- [library-management] [           main] o.s.b.f.s.DefaultListableBeanFactory     : Creating shared instance of singleton bean 'org.springframework.boot.autoconfigure.jdbc.JdbcClientAutoConfiguration'
2025-05-08T20:06:38.651+03:00 DEBUG 3976 --- [library-management] [           main] o.s.b.f.s.DefaultListableBeanFactory     : Creating shared instance of singleton bean 'jdbcClient'
2025-05-08T20:06:38.652+03:00 DEBUG 3976 --- [library-management] [           main] o.s.b.f.s.DefaultListableBeanFactory     : Autowiring by type from bean name 'jdbcClient' via factory method to bean named 'namedParameterJdbcTemplate'
2025-05-08T20:06:38.652+03:00 DEBUG 3976 --- [library-management] [           main] o.s.b.f.s.DefaultListableBeanFactory     : Creating shared instance of singleton bean 'org.springframework.boot.autoconfigure.security.servlet.SpringBootWebSecurityConfiguration'
2025-05-08T20:06:38.652+03:00 DEBUG 3976 --- [library-management] [           main] o.s.b.f.s.DefaultListableBeanFactory     : Creating shared instance of singleton bean 'spring.security-org.springframework.boot.autoconfigure.security.SecurityProperties'
2025-05-08T20:06:38.653+03:00 DEBUG 3976 --- [library-management] [           main] o.s.b.f.s.DefaultListableBeanFactory     : Creating shared instance of singleton bean 'org.springframework.boot.autoconfigure.security.servlet.SecurityFilterAutoConfiguration'
2025-05-08T20:06:38.654+03:00 DEBUG 3976 --- [library-management] [           main] o.s.b.f.s.DefaultListableBeanFactory     : Creating shared instance of singleton bean 'securityFilterChainRegistration'
2025-05-08T20:06:38.654+03:00 DEBUG 3976 --- [library-management] [           main] o.s.b.f.s.DefaultListableBeanFactory     : Autowiring by type from bean name 'securityFilterChainRegistration' via factory method to bean named 'spring.security-org.springframework.boot.autoconfigure.security.SecurityProperties'
2025-05-08T20:06:38.655+03:00 DEBUG 3976 --- [library-management] [           main] o.s.b.f.s.DefaultListableBeanFactory     : Creating shared instance of singleton bean 'org.springframework.boot.autoconfigure.sql.init.SqlInitializationAutoConfiguration'
2025-05-08T20:06:38.655+03:00 DEBUG 3976 --- [library-management] [           main] o.s.b.f.s.DefaultListableBeanFactory     : Creating shared instance of singleton bean 'org.springframework.boot.autoconfigure.task.TaskSchedulingConfigurations$ThreadPoolTaskSchedulerBuilderConfiguration'
2025-05-08T20:06:38.656+03:00 DEBUG 3976 --- [library-management] [           main] o.s.b.f.s.DefaultListableBeanFactory     : Creating shared instance of singleton bean 'threadPoolTaskSchedulerBuilder'
2025-05-08T20:06:38.656+03:00 DEBUG 3976 --- [library-management] [           main] o.s.b.f.s.DefaultListableBeanFactory     : Creating shared instance of singleton bean 'spring.task.scheduling-org.springframework.boot.autoconfigure.task.TaskSchedulingProperties'
2025-05-08T20:06:38.657+03:00 DEBUG 3976 --- [library-management] [           main] o.s.b.f.s.DefaultListableBeanFactory     : Autowiring by type from bean name 'threadPoolTaskSchedulerBuilder' via factory method to bean named 'spring.task.scheduling-org.springframework.boot.autoconfigure.task.TaskSchedulingProperties'
2025-05-08T20:06:38.658+03:00 DEBUG 3976 --- [library-management] [           main] o.s.b.f.s.DefaultListableBeanFactory     : Creating shared instance of singleton bean 'org.springframework.boot.autoconfigure.task.TaskSchedulingConfigurations$SimpleAsyncTaskSchedulerBuilderConfiguration'
2025-05-08T20:06:38.658+03:00 DEBUG 3976 --- [library-management] [           main] o.s.b.f.s.DefaultListableBeanFactory     : Autowiring by type from bean name 'org.springframework.boot.autoconfigure.task.TaskSchedulingConfigurations$SimpleAsyncTaskSchedulerBuilderConfiguration' via constructor to bean named 'spring.task.scheduling-org.springframework.boot.autoconfigure.task.TaskSchedulingProperties'
2025-05-08T20:06:38.658+03:00 DEBUG 3976 --- [library-management] [           main] o.s.b.f.s.DefaultListableBeanFactory     : Creating shared instance of singleton bean 'simpleAsyncTaskSchedulerBuilder'
2025-05-08T20:06:38.659+03:00 DEBUG 3976 --- [library-management] [           main] o.s.b.f.s.DefaultListableBeanFactory     : Creating shared instance of singleton bean 'org.springframework.boot.autoconfigure.task.TaskSchedulingAutoConfiguration'
2025-05-08T20:06:38.659+03:00 DEBUG 3976 --- [library-management] [           main] o.s.b.f.s.DefaultListableBeanFactory     : Creating shared instance of singleton bean 'org.springframework.boot.autoconfigure.jdbc.DataSourceTransactionManagerAutoConfiguration$JdbcTransactionManagerConfiguration'
2025-05-08T20:06:38.660+03:00 DEBUG 3976 --- [library-management] [           main] o.s.b.f.s.DefaultListableBeanFactory     : Creating shared instance of singleton bean 'org.springframework.boot.autoconfigure.jdbc.DataSourceTransactionManagerAutoConfiguration'
2025-05-08T20:06:38.660+03:00 DEBUG 3976 --- [library-management] [           main] o.s.b.f.s.DefaultListableBeanFactory     : Creating shared instance of singleton bean 'org.springframework.boot.autoconfigure.transaction.TransactionAutoConfiguration$TransactionTemplateConfiguration'
2025-05-08T20:06:38.660+03:00 DEBUG 3976 --- [library-management] [           main] o.s.b.f.s.DefaultListableBeanFactory     : Creating shared instance of singleton bean 'transactionTemplate'
2025-05-08T20:06:38.660+03:00 DEBUG 3976 --- [library-management] [           main] o.s.b.f.s.DefaultListableBeanFactory     : Autowiring by type from bean name 'transactionTemplate' via factory method to bean named 'transactionManager'
2025-05-08T20:06:38.661+03:00 DEBUG 3976 --- [library-management] [           main] o.s.b.f.s.DefaultListableBeanFactory     : Creating shared instance of singleton bean 'org.springframework.boot.autoconfigure.transaction.TransactionAutoConfiguration'
2025-05-08T20:06:38.661+03:00 DEBUG 3976 --- [library-management] [           main] o.s.b.f.s.DefaultListableBeanFactory     : Creating shared instance of singleton bean 'org.springframework.boot.autoconfigure.web.client.RestClientAutoConfiguration'
2025-05-08T20:06:38.661+03:00 DEBUG 3976 --- [library-management] [           main] o.s.b.f.s.DefaultListableBeanFactory     : Creating shared instance of singleton bean 'httpMessageConvertersRestClientCustomizer'
2025-05-08T20:06:38.662+03:00 DEBUG 3976 --- [library-management] [           main] o.s.b.f.s.DefaultListableBeanFactory     : Creating shared instance of singleton bean 'restClientSsl'
2025-05-08T20:06:38.662+03:00 DEBUG 3976 --- [library-management] [           main] o.s.b.f.s.DefaultListableBeanFactory     : Autowiring by type from bean name 'restClientSsl' via factory method to bean named 'sslBundleRegistry'
2025-05-08T20:06:38.662+03:00 DEBUG 3976 --- [library-management] [           main] o.s.b.f.s.DefaultListableBeanFactory     : Creating shared instance of singleton bean 'restClientBuilderConfigurer'
2025-05-08T20:06:38.663+03:00 DEBUG 3976 --- [library-management] [           main] o.s.b.f.s.DefaultListableBeanFactory     : Creating shared instance of singleton bean 'org.springframework.boot.autoconfigure.web.client.RestTemplateAutoConfiguration'
2025-05-08T20:06:38.664+03:00 DEBUG 3976 --- [library-management] [           main] o.s.b.f.s.DefaultListableBeanFactory     : Creating shared instance of singleton bean 'characterEncodingFilter'
2025-05-08T20:06:38.667+03:00 DEBUG 3976 --- [library-management] [           main] o.s.b.f.s.DefaultListableBeanFactory     : Creating shared instance of singleton bean 'multipartResolver'
2025-05-08T20:06:38.668+03:00 DEBUG 3976 --- [library-management] [           main] o.s.b.f.s.DefaultListableBeanFactory     : Creating shared instance of singleton bean 'org.springframework.boot.test.autoconfigure.web.servlet.MockMvcConfiguration'
2025-05-08T20:06:38.668+03:00 DEBUG 3976 --- [library-management] [           main] o.s.b.f.s.DefaultListableBeanFactory     : Autowiring by type from bean name 'org.springframework.boot.test.autoconfigure.web.servlet.MockMvcConfiguration' via constructor to bean named 'org.springframework.web.context.support.GenericWebApplicationContext@4bc2cb11'
2025-05-08T20:06:38.668+03:00 DEBUG 3976 --- [library-management] [           main] o.s.b.f.s.DefaultListableBeanFactory     : Autowiring by type from bean name 'org.springframework.boot.test.autoconfigure.web.servlet.MockMvcConfiguration' via constructor to bean named 'spring.mvc-org.springframework.boot.autoconfigure.web.servlet.WebMvcProperties'
2025-05-08T20:06:38.668+03:00 DEBUG 3976 --- [library-management] [           main] o.s.b.f.s.DefaultListableBeanFactory     : Creating shared instance of singleton bean 'mockMvcBuilder'
2025-05-08T20:06:38.670+03:00 DEBUG 3976 --- [library-management] [           main] o.s.b.f.s.DefaultListableBeanFactory     : Creating shared instance of singleton bean 'springBootMockMvcBuilderCustomizer'
2025-05-08T20:06:38.671+03:00 DEBUG 3976 --- [library-management] [           main] o.s.b.f.s.DefaultListableBeanFactory     : Creating shared instance of singleton bean 'securityMockMvcBuilderCustomizer'
2025-05-08T20:06:38.671+03:00 DEBUG 3976 --- [library-management] [           main] o.s.b.f.s.DefaultListableBeanFactory     : Creating shared instance of singleton bean 'org.springframework.boot.test.autoconfigure.web.servlet.MockMvcSecurityConfiguration'
2025-05-08T20:06:38.671+03:00 DEBUG 3976 --- [library-management] [           main] o.s.b.f.s.DefaultListableBeanFactory     : Autowiring by type from bean name 'mockMvcBuilder' via factory method to bean named 'springBootMockMvcBuilderCustomizer'
2025-05-08T20:06:38.671+03:00 DEBUG 3976 --- [library-management] [           main] o.s.b.f.s.DefaultListableBeanFactory     : Autowiring by type from bean name 'mockMvcBuilder' via factory method to bean named 'securityMockMvcBuilderCustomizer'
2025-05-08T20:06:38.672+03:00 DEBUG 3976 --- [library-management] [           main] o.s.b.w.s.ServletContextInitializerBeans : Mapping filters: springSecurityFilterChain urls=[/*] order=-100, characterEncodingFilter urls=[/*] order=-2147483648, formContentFilter urls=[/*] order=-9900, requestContextFilter urls=[/*] order=-105, jwtAuthenticationFilter urls=[/*] order=2147483647, jwtAuthorizationFilter urls=[/*] order=2147483647
2025-05-08T20:06:38.672+03:00 DEBUG 3976 --- [library-management] [           main] o.s.b.w.s.ServletContextInitializerBeans : Mapping servlets: 
2025-05-08T20:06:38.673+03:00 DEBUG 3976 --- [library-management] [           main] o.s.b.f.s.DefaultListableBeanFactory     : Creating shared instance of singleton bean 'mockMvc'
2025-05-08T20:06:38.674+03:00 DEBUG 3976 --- [library-management] [           main] o.s.b.f.s.DefaultListableBeanFactory     : Autowiring by type from bean name 'mockMvc' via factory method to bean named 'mockMvcBuilder'
2025-05-08T20:06:38.674+03:00 DEBUG 3976 --- [library-management] [           main] s.b.w.s.f.OrderedCharacterEncodingFilter : Filter 'characterEncodingFilter' configured for use
2025-05-08T20:06:38.674+03:00 DEBUG 3976 --- [library-management] [           main] o.s.b.w.s.f.OrderedFormContentFilter     : Filter 'formContentFilter' configured for use
2025-05-08T20:06:38.674+03:00 DEBUG 3976 --- [library-management] [           main] o.s.b.w.s.f.OrderedRequestContextFilter  : Filter 'requestContextFilter' configured for use
2025-05-08T20:06:38.674+03:00 DEBUG 3976 --- [library-management] [           main] .DelegatingFilterProxyRegistrationBean$1 : Filter 'springSecurityFilterChain' configured for use
2025-05-08T20:06:38.674+03:00  INFO 3976 --- [library-management] [           main] o.s.b.t.m.w.SpringBootMockServletContext : Initializing Spring TestDispatcherServlet ''
2025-05-08T20:06:38.674+03:00  INFO 3976 --- [library-management] [           main] o.s.t.web.servlet.TestDispatcherServlet  : Initializing Servlet ''
2025-05-08T20:06:38.674+03:00 DEBUG 3976 --- [library-management] [           main] o.s.t.web.servlet.TestDispatcherServlet  : Detected StandardServletMultipartResolver
2025-05-08T20:06:38.674+03:00 DEBUG 3976 --- [library-management] [           main] o.s.t.web.servlet.TestDispatcherServlet  : Detected AcceptHeaderLocaleResolver
2025-05-08T20:06:38.674+03:00 DEBUG 3976 --- [library-management] [           main] o.s.t.web.servlet.TestDispatcherServlet  : Detected FixedThemeResolver
2025-05-08T20:06:38.675+03:00 DEBUG 3976 --- [library-management] [           main] o.s.t.web.servlet.TestDispatcherServlet  : Detected org.springframework.web.servlet.view.DefaultRequestToViewNameTranslator@7d151d89
2025-05-08T20:06:38.675+03:00 DEBUG 3976 --- [library-management] [           main] o.s.t.web.servlet.TestDispatcherServlet  : Detected org.springframework.web.servlet.support.SessionFlashMapManager@16c230c
2025-05-08T20:06:38.675+03:00 DEBUG 3976 --- [library-management] [           main] o.s.t.web.servlet.TestDispatcherServlet  : enableLoggingRequestDetails='false': request parameters and headers will be masked to prevent unsafe logging of potentially sensitive data
2025-05-08T20:06:38.675+03:00  INFO 3976 --- [library-management] [           main] o.s.t.web.servlet.TestDispatcherServlet  : Completed initialization in 1 ms
2025-05-08T20:06:38.676+03:00 DEBUG 3976 --- [library-management] [           main] o.s.b.f.s.DefaultListableBeanFactory     : Creating shared instance of singleton bean 'org.springframework.boot.test.autoconfigure.web.servlet.MockMvcTesterConfiguration'
2025-05-08T20:06:38.676+03:00 DEBUG 3976 --- [library-management] [           main] o.s.b.f.s.DefaultListableBeanFactory     : Creating shared instance of singleton bean 'mockMvcTester'
2025-05-08T20:06:38.676+03:00 DEBUG 3976 --- [library-management] [           main] o.s.b.f.s.DefaultListableBeanFactory     : Autowiring by type from bean name 'mockMvcTester' via factory method to bean named 'mockMvc'
2025-05-08T20:06:38.677+03:00 DEBUG 3976 --- [library-management] [           main] o.s.b.f.s.DefaultListableBeanFactory     : Creating shared instance of singleton bean 'org.springframework.boot.test.autoconfigure.web.servlet.MockMvcAutoConfiguration'
2025-05-08T20:06:38.681+03:00 DEBUG 3976 --- [library-management] [           main] o.s.c.support.DefaultLifecycleProcessor  : Starting beans in phase -2147483647
2025-05-08T20:06:38.681+03:00 DEBUG 3976 --- [library-management] [           main] o.s.c.support.DefaultLifecycleProcessor  : Successfully started bean 'springBootLoggingLifecycle'
2025-05-08T20:06:38.681+03:00 DEBUG 3976 --- [library-management] [           main] o.s.c.support.DefaultLifecycleProcessor  : Starting beans in phase 1073741823
2025-05-08T20:06:38.686+03:00 DEBUG 3976 --- [library-management] [           main] .s.b.a.l.ConditionEvaluationReportLogger : 


============================
CONDITIONS EVALUATION REPORT
============================


Positive matches:
-----------------

   AopAutoConfiguration matched:
      - @ConditionalOnProperty (spring.aop.auto=true) matched (OnPropertyCondition)

   AopAutoConfiguration.ClassProxyingConfiguration matched:
      - @ConditionalOnMissingClass did not find unwanted class 'org.aspectj.weaver.Advice' (OnClassCondition)
      - @ConditionalOnProperty (spring.aop.proxy-target-class=true) matched (OnPropertyCondition)

   ApplicationAvailabilityAutoConfiguration#applicationAvailability matched:
      - @ConditionalOnMissingBean (types: org.springframework.boot.availability.ApplicationAvailability; SearchStrategy: all) did not find any beans (OnBeanCondition)

   DataSourceAutoConfiguration matched:
      - @ConditionalOnClass found required classes 'javax.sql.DataSource', 'org.springframework.jdbc.datasource.embedded.EmbeddedDatabaseType' (OnClassCondition)
      - @ConditionalOnMissingBean (types: io.r2dbc.spi.ConnectionFactory; SearchStrategy: all) did not find any beans (OnBeanCondition)

   DataSourceInitializationConfiguration matched:
      - @ConditionalOnClass found required class 'org.springframework.jdbc.datasource.init.DatabasePopulator' (OnClassCondition)
      - @ConditionalOnSingleCandidate (types: javax.sql.DataSource; SearchStrategy: all) found a single bean 'dataSource'; @ConditionalOnMissingBean (types: org.springframework.boot.autoconfigure.sql.init.SqlDataSourceScriptDatabaseInitializer,org.springframework.boot.autoconfigure.sql.init.SqlR2dbcScriptDatabaseInitializer; SearchStrategy: all) did not find any beans (OnBeanCondition)

   DataSourceTransactionManagerAutoConfiguration matched:
      - @ConditionalOnClass found required classes 'javax.sql.DataSource', 'org.springframework.jdbc.core.JdbcTemplate', 'org.springframework.transaction.TransactionManager' (OnClassCondition)

   DataSourceTransactionManagerAutoConfiguration.JdbcTransactionManagerConfiguration matched:
      - @ConditionalOnSingleCandidate (types: javax.sql.DataSource; SearchStrategy: all) found a single bean 'dataSource' (OnBeanCondition)

   DispatcherServletAutoConfiguration matched:
      - @ConditionalOnClass found required class 'org.springframework.web.servlet.DispatcherServlet' (OnClassCondition)
      - found 'session' scope (OnWebApplicationCondition)

   DispatcherServletAutoConfiguration.DispatcherServletConfiguration matched:
      - @ConditionalOnClass found required class 'jakarta.servlet.ServletRegistration' (OnClassCondition)
      - Default DispatcherServlet did not find dispatcher servlet beans (DispatcherServletAutoConfiguration.DefaultDispatcherServletCondition)

   DispatcherServletAutoConfiguration.DispatcherServletRegistrationConfiguration matched:
      - @ConditionalOnClass found required class 'jakarta.servlet.ServletRegistration' (OnClassCondition)
      - DispatcherServlet Registration did not find servlet registration bean (DispatcherServletAutoConfiguration.DispatcherServletRegistrationCondition)

   DispatcherServletAutoConfiguration.DispatcherServletRegistrationConfiguration#dispatcherServletRegistration matched:
      - @ConditionalOnBean (names: dispatcherServlet types: org.springframework.web.servlet.DispatcherServlet; SearchStrategy: all) found bean 'dispatcherServlet' (OnBeanCondition)

   ErrorMvcAutoConfiguration matched:
      - @ConditionalOnClass found required classes 'jakarta.servlet.Servlet', 'org.springframework.web.servlet.DispatcherServlet' (OnClassCondition)
      - found 'session' scope (OnWebApplicationCondition)

   ErrorMvcAutoConfiguration#basicErrorController matched:
      - @ConditionalOnMissingBean (types: org.springframework.boot.web.servlet.error.ErrorController; SearchStrategy: current) did not find any beans (OnBeanCondition)

   ErrorMvcAutoConfiguration#errorAttributes matched:
      - @ConditionalOnMissingBean (types: org.springframework.boot.web.servlet.error.ErrorAttributes; SearchStrategy: current) did not find any beans (OnBeanCondition)

   ErrorMvcAutoConfiguration.DefaultErrorViewResolverConfiguration#conventionErrorViewResolver matched:
      - @ConditionalOnBean (types: org.springframework.web.servlet.DispatcherServlet; SearchStrategy: all) found bean 'dispatcherServlet'; @ConditionalOnMissingBean (types: org.springframework.boot.autoconfigure.web.servlet.error.ErrorViewResolver; SearchStrategy: all) did not find any beans (OnBeanCondition)

   ErrorMvcAutoConfiguration.WhitelabelErrorViewConfiguration matched:
      - @ConditionalOnProperty (server.error.whitelabel.enabled) matched (OnPropertyCondition)
      - ErrorTemplate Missing did not find error template view (ErrorMvcAutoConfiguration.ErrorTemplateMissingCondition)

   ErrorMvcAutoConfiguration.WhitelabelErrorViewConfiguration#beanNameViewResolver matched:
      - @ConditionalOnMissingBean (types: org.springframework.web.servlet.view.BeanNameViewResolver; SearchStrategy: all) did not find any beans (OnBeanCondition)

   ErrorMvcAutoConfiguration.WhitelabelErrorViewConfiguration#defaultErrorView matched:
      - @ConditionalOnMissingBean (names: error; SearchStrategy: all) did not find any beans (OnBeanCondition)

   GenericCacheConfiguration matched:
      - Cache org.springframework.boot.autoconfigure.cache.GenericCacheConfiguration automatic cache type (CacheCondition)

   HibernateJpaAutoConfiguration matched:
      - @ConditionalOnClass found required classes 'org.springframework.orm.jpa.LocalContainerEntityManagerFactoryBean', 'jakarta.persistence.EntityManager', 'org.hibernate.engine.spi.SessionImplementor' (OnClassCondition)

   HibernateJpaConfiguration matched:
      - @ConditionalOnSingleCandidate (types: javax.sql.DataSource; SearchStrategy: all) found a single bean 'dataSource' (OnBeanCondition)

   HttpClientAutoConfiguration matched:
      - @ConditionalOnClass found required class 'org.springframework.http.client.ClientHttpRequestFactory' (OnClassCondition)
      - NoneNestedConditions 0 matched 1 did not; NestedCondition on NotReactiveWebApplicationCondition.ReactiveWebApplication did not find reactive web application classes (NotReactiveWebApplicationCondition)

   HttpClientAutoConfiguration#clientHttpRequestFactoryBuilder matched:
      - @ConditionalOnMissingBean (types: org.springframework.boot.http.client.ClientHttpRequestFactoryBuilder; SearchStrategy: all) did not find any beans (OnBeanCondition)

   HttpClientAutoConfiguration#clientHttpRequestFactorySettings matched:
      - @ConditionalOnMissingBean (types: org.springframework.boot.http.client.ClientHttpRequestFactorySettings; SearchStrategy: all) did not find any beans (OnBeanCondition)

   HttpEncodingAutoConfiguration matched:
      - @ConditionalOnClass found required class 'org.springframework.web.filter.CharacterEncodingFilter' (OnClassCondition)
      - found 'session' scope (OnWebApplicationCondition)
      - @ConditionalOnProperty (server.servlet.encoding.enabled) matched (OnPropertyCondition)

   HttpEncodingAutoConfiguration#characterEncodingFilter matched:
      - @ConditionalOnMissingBean (types: org.springframework.web.filter.CharacterEncodingFilter; SearchStrategy: all) did not find any beans (OnBeanCondition)

   HttpMessageConvertersAutoConfiguration matched:
      - @ConditionalOnClass found required class 'org.springframework.http.converter.HttpMessageConverter' (OnClassCondition)
      - NoneNestedConditions 0 matched 1 did not; NestedCondition on HttpMessageConvertersAutoConfiguration.NotReactiveWebApplicationCondition.ReactiveWebApplication did not find reactive web application classes (HttpMessageConvertersAutoConfiguration.NotReactiveWebApplicationCondition)

   HttpMessageConvertersAutoConfiguration#messageConverters matched:
      - @ConditionalOnMissingBean (types: org.springframework.boot.autoconfigure.http.HttpMessageConverters; SearchStrategy: all) did not find any beans (OnBeanCondition)

   HttpMessageConvertersAutoConfiguration.StringHttpMessageConverterConfiguration matched:
      - @ConditionalOnClass found required class 'org.springframework.http.converter.StringHttpMessageConverter' (OnClassCondition)

   HttpMessageConvertersAutoConfiguration.StringHttpMessageConverterConfiguration#stringHttpMessageConverter matched:
      - @ConditionalOnMissingBean (types: org.springframework.http.converter.StringHttpMessageConverter; SearchStrategy: all) did not find any beans (OnBeanCondition)

   JacksonAutoConfiguration matched:
      - @ConditionalOnClass found required class 'com.fasterxml.jackson.databind.ObjectMapper' (OnClassCondition)

   JacksonAutoConfiguration.Jackson2ObjectMapperBuilderCustomizerConfiguration matched:
      - @ConditionalOnClass found required class 'org.springframework.http.converter.json.Jackson2ObjectMapperBuilder' (OnClassCondition)

   JacksonAutoConfiguration.JacksonObjectMapperBuilderConfiguration matched:
      - @ConditionalOnClass found required class 'org.springframework.http.converter.json.Jackson2ObjectMapperBuilder' (OnClassCondition)

   JacksonAutoConfiguration.JacksonObjectMapperBuilderConfiguration#jacksonObjectMapperBuilder matched:
      - @ConditionalOnMissingBean (types: org.springframework.http.converter.json.Jackson2ObjectMapperBuilder; SearchStrategy: all) did not find any beans (OnBeanCondition)

   JacksonAutoConfiguration.JacksonObjectMapperConfiguration matched:
      - @ConditionalOnClass found required class 'org.springframework.http.converter.json.Jackson2ObjectMapperBuilder' (OnClassCondition)

   JacksonAutoConfiguration.ParameterNamesModuleConfiguration matched:
      - @ConditionalOnClass found required class 'com.fasterxml.jackson.module.paramnames.ParameterNamesModule' (OnClassCondition)

   JacksonAutoConfiguration.ParameterNamesModuleConfiguration#parameterNamesModule matched:
      - @ConditionalOnMissingBean (types: com.fasterxml.jackson.module.paramnames.ParameterNamesModule; SearchStrategy: all) did not find any beans (OnBeanCondition)

   JacksonHttpMessageConvertersConfiguration.MappingJackson2HttpMessageConverterConfiguration matched:
      - @ConditionalOnClass found required class 'com.fasterxml.jackson.databind.ObjectMapper' (OnClassCondition)
      - @ConditionalOnProperty (spring.mvc.converters.preferred-json-mapper=jackson) matched (OnPropertyCondition)
      - @ConditionalOnBean (types: com.fasterxml.jackson.databind.ObjectMapper; SearchStrategy: all) found bean 'objectMapper' (OnBeanCondition)

   JacksonHttpMessageConvertersConfiguration.MappingJackson2HttpMessageConverterConfiguration#mappingJackson2HttpMessageConverter matched:
      - @ConditionalOnMissingBean (types: org.springframework.http.converter.json.MappingJackson2HttpMessageConverter ignored: org.springframework.hateoas.server.mvc.TypeConstrainedMappingJackson2HttpMessageConverter,org.springframework.data.rest.webmvc.alps.AlpsJsonHttpMessageConverter; SearchStrategy: all) did not find any beans (OnBeanCondition)

   JdbcClientAutoConfiguration matched:
      - @ConditionalOnSingleCandidate (types: org.springframework.jdbc.core.namedparam.NamedParameterJdbcTemplate; SearchStrategy: all) found a single bean 'namedParameterJdbcTemplate'; @ConditionalOnMissingBean (types: org.springframework.jdbc.core.simple.JdbcClient; SearchStrategy: all) did not find any beans (OnBeanCondition)

   JdbcTemplateAutoConfiguration matched:
      - @ConditionalOnClass found required classes 'javax.sql.DataSource', 'org.springframework.jdbc.core.JdbcTemplate' (OnClassCondition)
      - @ConditionalOnSingleCandidate (types: javax.sql.DataSource; SearchStrategy: all) found a single bean 'dataSource' (OnBeanCondition)

   JdbcTemplateConfiguration matched:
      - @ConditionalOnMissingBean (types: org.springframework.jdbc.core.JdbcOperations; SearchStrategy: all) did not find any beans (OnBeanCondition)

   JpaBaseConfiguration#entityManagerFactoryBuilder matched:
      - @ConditionalOnMissingBean (types: org.springframework.boot.orm.jpa.EntityManagerFactoryBuilder; SearchStrategy: all) did not find any beans (OnBeanCondition)

   JpaBaseConfiguration#jpaVendorAdapter matched:
      - @ConditionalOnMissingBean (types: org.springframework.orm.jpa.JpaVendorAdapter; SearchStrategy: all) did not find any beans (OnBeanCondition)

   JpaBaseConfiguration.JpaWebConfiguration matched:
      - @ConditionalOnClass found required class 'org.springframework.web.servlet.config.annotation.WebMvcConfigurer' (OnClassCondition)
      - found 'session' scope (OnWebApplicationCondition)
      - @ConditionalOnProperty (spring.jpa.open-in-view=true) matched (OnPropertyCondition)
      - @ConditionalOnMissingBean (types: org.springframework.orm.jpa.support.OpenEntityManagerInViewInterceptor,org.springframework.orm.jpa.support.OpenEntityManagerInViewFilter; SearchStrategy: all) did not find any beans (OnBeanCondition)

   JtaAutoConfiguration matched:
      - @ConditionalOnClass found required class 'jakarta.transaction.Transaction' (OnClassCondition)
      - @ConditionalOnProperty (spring.jta.enabled) matched (OnPropertyCondition)

   LifecycleAutoConfiguration#defaultLifecycleProcessor matched:
      - @ConditionalOnMissingBean (names: lifecycleProcessor; SearchStrategy: current) did not find any beans (OnBeanCondition)

   MockMvcAutoConfiguration matched:
      - found 'session' scope (OnWebApplicationCondition)

   MockMvcConfiguration#mockMvc matched:
      - @ConditionalOnMissingBean (types: org.springframework.test.web.servlet.MockMvc; SearchStrategy: all) did not find any beans (OnBeanCondition)

   MockMvcConfiguration#mockMvcBuilder matched:
      - @ConditionalOnMissingBean (types: org.springframework.test.web.servlet.MockMvcBuilder; SearchStrategy: all) did not find any beans (OnBeanCondition)

   MockMvcSecurityConfiguration matched:
      - @ConditionalOnClass found required class 'org.springframework.security.test.web.servlet.request.SecurityMockMvcRequestPostProcessors' (OnClassCondition)

   MockMvcSecurityConfiguration#securityMockMvcBuilderCustomizer matched:
      - @ConditionalOnBean (names: springSecurityFilterChain; SearchStrategy: all) found bean 'springSecurityFilterChain' (OnBeanCondition)

   MockMvcTesterConfiguration matched:
      - @ConditionalOnClass found required class 'org.assertj.core.api.Assert' (OnClassCondition)

   MockMvcTesterConfiguration#mockMvcTester matched:
      - @ConditionalOnMissingBean (types: org.springframework.test.web.servlet.assertj.MockMvcTester; SearchStrategy: all) did not find any beans (OnBeanCondition)

   MultipartAutoConfiguration matched:
      - @ConditionalOnClass found required classes 'jakarta.servlet.Servlet', 'org.springframework.web.multipart.support.StandardServletMultipartResolver', 'jakarta.servlet.MultipartConfigElement' (OnClassCondition)
      - found 'session' scope (OnWebApplicationCondition)
      - @ConditionalOnProperty (spring.servlet.multipart.enabled) matched (OnPropertyCondition)

   MultipartAutoConfiguration#multipartConfigElement matched:
      - @ConditionalOnMissingBean (types: jakarta.servlet.MultipartConfigElement; SearchStrategy: all) did not find any beans (OnBeanCondition)

   MultipartAutoConfiguration#multipartResolver matched:
      - @ConditionalOnMissingBean (types: org.springframework.web.multipart.MultipartResolver; SearchStrategy: all) did not find any beans (OnBeanCondition)

   NamedParameterJdbcTemplateConfiguration matched:
      - @ConditionalOnSingleCandidate (types: org.springframework.jdbc.core.JdbcTemplate; SearchStrategy: all) found a single bean 'jdbcTemplate'; @ConditionalOnMissingBean (types: org.springframework.jdbc.core.namedparam.NamedParameterJdbcOperations; SearchStrategy: all) did not find any beans (OnBeanCondition)

   NoOpCacheConfiguration matched:
      - Cache org.springframework.boot.autoconfigure.cache.NoOpCacheConfiguration automatic cache type (CacheCondition)

   PersistenceExceptionTranslationAutoConfiguration matched:
      - @ConditionalOnClass found required class 'org.springframework.dao.annotation.PersistenceExceptionTranslationPostProcessor' (OnClassCondition)

   PersistenceExceptionTranslationAutoConfiguration#persistenceExceptionTranslationPostProcessor matched:
      - @ConditionalOnProperty (spring.dao.exceptiontranslation.enabled) matched (OnPropertyCondition)
      - @ConditionalOnMissingBean (types: org.springframework.dao.annotation.PersistenceExceptionTranslationPostProcessor; SearchStrategy: all) did not find any beans (OnBeanCondition)

   PropertyPlaceholderAutoConfiguration#propertySourcesPlaceholderConfigurer matched:
      - @ConditionalOnMissingBean (types: org.springframework.context.support.PropertySourcesPlaceholderConfigurer; SearchStrategy: current) did not find any beans (OnBeanCondition)

   RestClientAutoConfiguration matched:
      - @ConditionalOnClass found required class 'org.springframework.web.client.RestClient' (OnClassCondition)
      - NoneNestedConditions 0 matched 1 did not; NestedCondition on NotReactiveWebApplicationCondition.ReactiveWebApplication did not find reactive web application classes (NotReactiveWebApplicationCondition)

   RestClientAutoConfiguration#httpMessageConvertersRestClientCustomizer matched:
      - @ConditionalOnMissingBean (types: org.springframework.boot.autoconfigure.web.client.HttpMessageConvertersRestClientCustomizer; SearchStrategy: all) did not find any beans (OnBeanCondition)

   RestClientAutoConfiguration#restClientBuilder matched:
      - @ConditionalOnMissingBean (types: org.springframework.web.client.RestClient$Builder; SearchStrategy: all) did not find any beans (OnBeanCondition)

   RestClientAutoConfiguration#restClientBuilderConfigurer matched:
      - @ConditionalOnMissingBean (types: org.springframework.boot.autoconfigure.web.client.RestClientBuilderConfigurer; SearchStrategy: all) did not find any beans (OnBeanCondition)

   RestClientAutoConfiguration#restClientSsl matched:
      - @ConditionalOnBean (types: org.springframework.boot.ssl.SslBundles; SearchStrategy: all) found bean 'sslBundleRegistry'; @ConditionalOnMissingBean (types: org.springframework.boot.autoconfigure.web.client.RestClientSsl; SearchStrategy: all) did not find any beans (OnBeanCondition)

   RestTemplateAutoConfiguration matched:
      - @ConditionalOnClass found required class 'org.springframework.web.client.RestTemplate' (OnClassCondition)
      - NoneNestedConditions 0 matched 1 did not; NestedCondition on NotReactiveWebApplicationCondition.ReactiveWebApplication did not find reactive web application classes (NotReactiveWebApplicationCondition)

   RestTemplateAutoConfiguration#restTemplateBuilder matched:
      - @ConditionalOnMissingBean (types: org.springframework.boot.web.client.RestTemplateBuilder; SearchStrategy: all) did not find any beans (OnBeanCondition)

   SecurityAutoConfiguration matched:
      - @ConditionalOnClass found required class 'org.springframework.security.authentication.DefaultAuthenticationEventPublisher' (OnClassCondition)

   SecurityAutoConfiguration#authenticationEventPublisher matched:
      - @ConditionalOnMissingBean (types: org.springframework.security.authentication.AuthenticationEventPublisher; SearchStrategy: all) did not find any beans (OnBeanCondition)

   SecurityFilterAutoConfiguration matched:
      - @ConditionalOnClass found required classes 'org.springframework.security.web.context.AbstractSecurityWebApplicationInitializer', 'org.springframework.security.config.http.SessionCreationPolicy' (OnClassCondition)
      - found 'session' scope (OnWebApplicationCondition)

   SecurityFilterAutoConfiguration#securityFilterChainRegistration matched:
      - @ConditionalOnBean (names: springSecurityFilterChain; SearchStrategy: all) found bean 'springSecurityFilterChain' (OnBeanCondition)

   ServletWebServerFactoryAutoConfiguration matched:
      - @ConditionalOnClass found required class 'jakarta.servlet.ServletRequest' (OnClassCondition)
      - found 'session' scope (OnWebApplicationCondition)

   ServletWebServerFactoryAutoConfiguration#tomcatServletWebServerFactoryCustomizer matched:
      - @ConditionalOnClass found required class 'org.apache.catalina.startup.Tomcat' (OnClassCondition)

   ServletWebServerFactoryConfiguration.EmbeddedTomcat matched:
      - @ConditionalOnClass found required classes 'jakarta.servlet.Servlet', 'org.apache.catalina.startup.Tomcat', 'org.apache.coyote.UpgradeProtocol' (OnClassCondition)
      - @ConditionalOnMissingBean (types: org.springframework.boot.web.servlet.server.ServletWebServerFactory; SearchStrategy: current) did not find any beans (OnBeanCondition)

   SimpleCacheConfiguration matched:
      - Cache org.springframework.boot.autoconfigure.cache.SimpleCacheConfiguration automatic cache type (CacheCondition)

   SpringBootWebSecurityConfiguration matched:
      - found 'session' scope (OnWebApplicationCondition)

   SqlInitializationAutoConfiguration matched:
      - @ConditionalOnProperty (spring.sql.init.enabled) matched (OnPropertyCondition)
      - NoneNestedConditions 0 matched 1 did not; NestedCondition on SqlInitializationAutoConfiguration.SqlInitializationModeCondition.ModeIsNever @ConditionalOnProperty (spring.sql.init.mode=never) did not find property 'mode' (SqlInitializationAutoConfiguration.SqlInitializationModeCondition)

   SslAutoConfiguration#sslBundleRegistry matched:
      - @ConditionalOnMissingBean (types: org.springframework.boot.ssl.SslBundleRegistry,org.springframework.boot.ssl.SslBundles; SearchStrategy: all) did not find any beans (OnBeanCondition)

   TaskExecutionAutoConfiguration matched:
      - @ConditionalOnClass found required class 'org.springframework.scheduling.concurrent.ThreadPoolTaskExecutor' (OnClassCondition)

   TaskExecutorConfigurations.SimpleAsyncTaskExecutorBuilderConfiguration#simpleAsyncTaskExecutorBuilder matched:
      - @ConditionalOnMissingBean (types: org.springframework.boot.task.SimpleAsyncTaskExecutorBuilder; SearchStrategy: all) did not find any beans (OnBeanCondition)
      - @ConditionalOnThreading found PLATFORM (OnThreadingCondition)

   TaskExecutorConfigurations.TaskExecutorConfiguration matched:
      - @ConditionalOnMissingBean (types: java.util.concurrent.Executor; SearchStrategy: all) did not find any beans (OnBeanCondition)

   TaskExecutorConfigurations.TaskExecutorConfiguration#applicationTaskExecutor matched:
      - @ConditionalOnThreading found PLATFORM (OnThreadingCondition)

   TaskExecutorConfigurations.ThreadPoolTaskExecutorBuilderConfiguration#threadPoolTaskExecutorBuilder matched:
      - @ConditionalOnMissingBean (types: org.springframework.boot.task.ThreadPoolTaskExecutorBuilder; SearchStrategy: all) did not find any beans (OnBeanCondition)

   TaskSchedulingAutoConfiguration matched:
      - @ConditionalOnClass found required class 'org.springframework.scheduling.concurrent.ThreadPoolTaskScheduler' (OnClassCondition)

   TaskSchedulingConfigurations.SimpleAsyncTaskSchedulerBuilderConfiguration#simpleAsyncTaskSchedulerBuilder matched:
      - @ConditionalOnMissingBean (types: org.springframework.boot.task.SimpleAsyncTaskSchedulerBuilder; SearchStrategy: all) did not find any beans (OnBeanCondition)
      - @ConditionalOnThreading found PLATFORM (OnThreadingCondition)

   TaskSchedulingConfigurations.ThreadPoolTaskSchedulerBuilderConfiguration#threadPoolTaskSchedulerBuilder matched:
      - @ConditionalOnMissingBean (types: org.springframework.boot.task.ThreadPoolTaskSchedulerBuilder; SearchStrategy: all) did not find any beans (OnBeanCondition)

   TransactionAutoConfiguration matched:
      - @ConditionalOnClass found required class 'org.springframework.transaction.PlatformTransactionManager' (OnClassCondition)

   TransactionAutoConfiguration.TransactionTemplateConfiguration matched:
      - @ConditionalOnSingleCandidate (types: org.springframework.transaction.PlatformTransactionManager; SearchStrategy: all) found a single bean 'transactionManager' (OnBeanCondition)

   TransactionAutoConfiguration.TransactionTemplateConfiguration#transactionTemplate matched:
      - @ConditionalOnMissingBean (types: org.springframework.transaction.support.TransactionOperations; SearchStrategy: all) did not find any beans (OnBeanCondition)

   TransactionManagerCustomizationAutoConfiguration matched:
      - @ConditionalOnClass found required class 'org.springframework.transaction.PlatformTransactionManager' (OnClassCondition)

   TransactionManagerCustomizationAutoConfiguration#platformTransactionManagerCustomizers matched:
      - @ConditionalOnMissingBean (types: org.springframework.boot.autoconfigure.transaction.TransactionManagerCustomizers; SearchStrategy: all) did not find any beans (OnBeanCondition)

   ValidationAutoConfiguration matched:
      - @ConditionalOnClass found required class 'jakarta.validation.executable.ExecutableValidator' (OnClassCondition)
      - @ConditionalOnResource found location classpath:META-INF/services/jakarta.validation.spi.ValidationProvider (OnResourceCondition)

   ValidationAutoConfiguration#defaultValidator matched:
      - @ConditionalOnMissingBean (types: jakarta.validation.Validator; SearchStrategy: all) did not find any beans (OnBeanCondition)

   ValidationAutoConfiguration#methodValidationPostProcessor matched:
      - @ConditionalOnMissingBean (types: org.springframework.validation.beanvalidation.MethodValidationPostProcessor; SearchStrategy: current) did not find any beans (OnBeanCondition)

   WebMvcAutoConfiguration matched:
      - @ConditionalOnClass found required classes 'jakarta.servlet.Servlet', 'org.springframework.web.servlet.DispatcherServlet', 'org.springframework.web.servlet.config.annotation.WebMvcConfigurer' (OnClassCondition)
      - found 'session' scope (OnWebApplicationCondition)
      - @ConditionalOnMissingBean (types: org.springframework.web.servlet.config.annotation.WebMvcConfigurationSupport; SearchStrategy: all) did not find any beans (OnBeanCondition)

   WebMvcAutoConfiguration#formContentFilter matched:
      - @ConditionalOnProperty (spring.mvc.formcontent.filter.enabled) matched (OnPropertyCondition)
      - @ConditionalOnMissingBean (types: org.springframework.web.filter.FormContentFilter; SearchStrategy: all) did not find any beans (OnBeanCondition)

   WebMvcAutoConfiguration.EnableWebMvcConfiguration#flashMapManager matched:
      - @ConditionalOnMissingBean (names: flashMapManager; SearchStrategy: all) did not find any beans (OnBeanCondition)

   WebMvcAutoConfiguration.EnableWebMvcConfiguration#localeResolver matched:
      - @ConditionalOnMissingBean (names: localeResolver; SearchStrategy: all) did not find any beans (OnBeanCondition)

   WebMvcAutoConfiguration.EnableWebMvcConfiguration#themeResolver matched:
      - @ConditionalOnMissingBean (names: themeResolver; SearchStrategy: all) did not find any beans (OnBeanCondition)

   WebMvcAutoConfiguration.EnableWebMvcConfiguration#viewNameTranslator matched:
      - @ConditionalOnMissingBean (names: viewNameTranslator; SearchStrategy: all) did not find any beans (OnBeanCondition)

   WebMvcAutoConfiguration.WebMvcAutoConfigurationAdapter#defaultViewResolver matched:
      - @ConditionalOnMissingBean (types: org.springframework.web.servlet.view.InternalResourceViewResolver; SearchStrategy: all) did not find any beans (OnBeanCondition)

   WebMvcAutoConfiguration.WebMvcAutoConfigurationAdapter#requestContextFilter matched:
      - @ConditionalOnMissingBean (types: org.springframework.web.context.request.RequestContextListener,org.springframework.web.filter.RequestContextFilter; SearchStrategy: all) did not find any beans (OnBeanCondition)

   WebMvcAutoConfiguration.WebMvcAutoConfigurationAdapter#viewResolver matched:
      - @ConditionalOnBean (types: org.springframework.web.servlet.ViewResolver; SearchStrategy: all) found beans 'defaultViewResolver', 'beanNameViewResolver', 'mvcViewResolver'; @ConditionalOnMissingBean (names: viewResolver types: org.springframework.web.servlet.view.ContentNegotiatingViewResolver; SearchStrategy: all) did not find any beans (OnBeanCondition)

   WebSocketServletAutoConfiguration matched:
      - @ConditionalOnClass found required classes 'jakarta.servlet.Servlet', 'jakarta.websocket.server.ServerContainer' (OnClassCondition)
      - found 'session' scope (OnWebApplicationCondition)

   WebSocketServletAutoConfiguration.TomcatWebSocketConfiguration matched:
      - @ConditionalOnClass found required classes 'org.apache.catalina.startup.Tomcat', 'org.apache.tomcat.websocket.server.WsSci' (OnClassCondition)

   WebSocketServletAutoConfiguration.TomcatWebSocketConfiguration#websocketServletWebServerCustomizer matched:
      - @ConditionalOnMissingBean (names: websocketServletWebServerCustomizer; SearchStrategy: all) did not find any beans (OnBeanCondition)


Negative matches:
-----------------

   ActiveMQAutoConfiguration:
      Did not match:
         - @ConditionalOnClass did not find required class 'jakarta.jms.ConnectionFactory' (OnClassCondition)

   AopAutoConfiguration.AspectJAutoProxyingConfiguration:
      Did not match:
         - @ConditionalOnClass did not find required class 'org.aspectj.weaver.Advice' (OnClassCondition)

   ArtemisAutoConfiguration:
      Did not match:
         - @ConditionalOnClass did not find required class 'jakarta.jms.ConnectionFactory' (OnClassCondition)

   BatchAutoConfiguration:
      Did not match:
         - @ConditionalOnClass did not find required class 'org.springframework.batch.core.launch.JobLauncher' (OnClassCondition)

   Cache2kCacheConfiguration:
      Did not match:
         - @ConditionalOnClass did not find required class 'org.cache2k.Cache2kBuilder' (OnClassCondition)

   CacheAutoConfiguration:
      Did not match:
         - @ConditionalOnBean (types: org.springframework.cache.interceptor.CacheAspectSupport; SearchStrategy: all) did not find any beans of type org.springframework.cache.interceptor.CacheAspectSupport (OnBeanCondition)
      Matched:
         - @ConditionalOnClass found required class 'org.springframework.cache.CacheManager' (OnClassCondition)

   CacheAutoConfiguration.CacheManagerEntityManagerFactoryDependsOnPostProcessor:
      Did not match:
         - Ancestor org.springframework.boot.autoconfigure.cache.CacheAutoConfiguration did not match (ConditionEvaluationReport.AncestorsMatchedCondition)
      Matched:
         - @ConditionalOnClass found required class 'org.springframework.orm.jpa.LocalContainerEntityManagerFactoryBean' (OnClassCondition)

   CaffeineCacheConfiguration:
      Did not match:
         - @ConditionalOnClass did not find required class 'com.github.benmanes.caffeine.cache.Caffeine' (OnClassCondition)

   CassandraAutoConfiguration:
      Did not match:
         - @ConditionalOnClass did not find required class 'com.datastax.oss.driver.api.core.CqlSession' (OnClassCondition)

   CassandraDataAutoConfiguration:
      Did not match:
         - @ConditionalOnClass did not find required class 'com.datastax.oss.driver.api.core.CqlSession' (OnClassCondition)

   CassandraReactiveDataAutoConfiguration:
      Did not match:
         - @ConditionalOnClass did not find required class 'com.datastax.oss.driver.api.core.CqlSession' (OnClassCondition)

   CassandraReactiveRepositoriesAutoConfiguration:
      Did not match:
         - @ConditionalOnClass did not find required class 'org.springframework.data.cassandra.ReactiveSession' (OnClassCondition)

   CassandraRepositoriesAutoConfiguration:
      Did not match:
         - @ConditionalOnClass did not find required class 'com.datastax.oss.driver.api.core.CqlSession' (OnClassCondition)

   ClientHttpConnectorAutoConfiguration:
      Did not match:
         - @ConditionalOnClass did not find required class 'org.springframework.web.reactive.function.client.WebClient' (OnClassCondition)

   CodecsAutoConfiguration:
      Did not match:
         - @ConditionalOnClass did not find required class 'org.springframework.web.reactive.function.client.WebClient' (OnClassCondition)

   CouchbaseAutoConfiguration:
      Did not match:
         - @ConditionalOnClass did not find required class 'com.couchbase.client.java.Cluster' (OnClassCondition)

   CouchbaseCacheConfiguration:
      Did not match:
         - @ConditionalOnClass did not find required class 'com.couchbase.client.java.Cluster' (OnClassCondition)

   CouchbaseDataAutoConfiguration:
      Did not match:
         - @ConditionalOnClass did not find required class 'com.couchbase.client.java.Bucket' (OnClassCondition)

   CouchbaseReactiveDataAutoConfiguration:
      Did not match:
         - @ConditionalOnClass did not find required class 'com.couchbase.client.java.Cluster' (OnClassCondition)

   CouchbaseReactiveRepositoriesAutoConfiguration:
      Did not match:
         - @ConditionalOnClass did not find required class 'com.couchbase.client.java.Cluster' (OnClassCondition)

   CouchbaseRepositoriesAutoConfiguration:
      Did not match:
         - @ConditionalOnClass did not find required class 'com.couchbase.client.java.Bucket' (OnClassCondition)

   DataSourceAutoConfiguration.EmbeddedDatabaseConfiguration:
      Did not match:
         - EmbeddedDataSource spring.datasource.url is set (DataSourceAutoConfiguration.EmbeddedDatabaseCondition)

   DataSourceAutoConfiguration.PooledDataSourceConfiguration:
      Did not match:
         - AnyNestedCondition 0 matched 2 did not; NestedCondition on DataSourceAutoConfiguration.PooledDataSourceCondition.PooledDataSourceAvailable PooledDataSource did not find supported DataSource; NestedCondition on DataSourceAutoConfiguration.PooledDataSourceCondition.ExplicitType @ConditionalOnProperty (spring.datasource.type) did not find property 'type' (DataSourceAutoConfiguration.PooledDataSourceCondition)

   DataSourceCheckpointRestoreConfiguration:
      Did not match:
         - @ConditionalOnClass did not find required class 'org.crac.Resource' (OnClassCondition)

   DataSourcePoolMetadataProvidersConfiguration.CommonsDbcp2PoolDataSourceMetadataProviderConfiguration:
      Did not match:
         - @ConditionalOnClass did not find required class 'org.apache.commons.dbcp2.BasicDataSource' (OnClassCondition)

   DataSourcePoolMetadataProvidersConfiguration.HikariPoolDataSourceMetadataProviderConfiguration:
      Did not match:
         - @ConditionalOnClass did not find required class 'com.zaxxer.hikari.HikariDataSource' (OnClassCondition)

   DataSourcePoolMetadataProvidersConfiguration.OracleUcpPoolDataSourceMetadataProviderConfiguration:
      Did not match:
         - @ConditionalOnClass did not find required classes 'oracle.ucp.jdbc.PoolDataSource', 'oracle.jdbc.OracleConnection' (OnClassCondition)

   DataSourcePoolMetadataProvidersConfiguration.TomcatDataSourcePoolMetadataProviderConfiguration:
      Did not match:
         - @ConditionalOnClass did not find required class 'org.apache.tomcat.jdbc.pool.DataSource' (OnClassCondition)

   DataSourceTransactionManagerAutoConfiguration.JdbcTransactionManagerConfiguration#transactionManager:
      Did not match:
         - @ConditionalOnMissingBean (types: org.springframework.transaction.TransactionManager; SearchStrategy: all) found beans of type 'org.springframework.transaction.TransactionManager' transactionManager (OnBeanCondition)

   DevToolsDataSourceAutoConfiguration:
      Did not match:
         - Devtools devtools is disabled for current context. (OnEnabledDevToolsCondition)
      Matched:
         - @ConditionalOnClass found required class 'javax.sql.DataSource' (OnClassCondition)

   DevToolsR2dbcAutoConfiguration:
      Did not match:
         - @ConditionalOnClass did not find required class 'io.r2dbc.spi.ConnectionFactory' (OnClassCondition)

   DispatcherServletAutoConfiguration.DispatcherServletConfiguration#multipartResolver:
      Did not match:
         - @ConditionalOnBean (types: org.springframework.web.multipart.MultipartResolver; SearchStrategy: all) did not find any beans of type org.springframework.web.multipart.MultipartResolver (OnBeanCondition)

   ElasticsearchClientAutoConfiguration:
      Did not match:
         - @ConditionalOnClass did not find required class 'co.elastic.clients.elasticsearch.ElasticsearchClient' (OnClassCondition)

   ElasticsearchDataAutoConfiguration:
      Did not match:
         - @ConditionalOnClass did not find required class 'org.springframework.data.elasticsearch.client.elc.ElasticsearchTemplate' (OnClassCondition)

   ElasticsearchRepositoriesAutoConfiguration:
      Did not match:
         - @ConditionalOnClass did not find required class 'org.springframework.data.elasticsearch.repository.ElasticsearchRepository' (OnClassCondition)

   ElasticsearchRestClientAutoConfiguration:
      Did not match:
         - @ConditionalOnClass did not find required class 'org.elasticsearch.client.RestClientBuilder' (OnClassCondition)

   EmbeddedLdapAutoConfiguration:
      Did not match:
         - @ConditionalOnClass did not find required class 'com.unboundid.ldap.listener.InMemoryDirectoryServer' (OnClassCondition)

   EmbeddedWebServerFactoryCustomizerAutoConfiguration:
      Did not match:
         - Application is deployed as a WAR file. (OnWarDeploymentCondition)
      Matched:
         - @ConditionalOnWebApplication (required) found 'session' scope (OnWebApplicationCondition)

   ErrorWebFluxAutoConfiguration:
      Did not match:
         - @ConditionalOnClass did not find required class 'org.springframework.web.reactive.config.WebFluxConfigurer' (OnClassCondition)

   FlywayAutoConfiguration:
      Did not match:
         - @ConditionalOnClass did not find required class 'org.flywaydb.core.Flyway' (OnClassCondition)

   FreeMarkerAutoConfiguration:
      Did not match:
         - @ConditionalOnClass did not find required class 'freemarker.template.Configuration' (OnClassCondition)

   GraphQlAutoConfiguration:
      Did not match:
         - @ConditionalOnClass did not find required class 'graphql.GraphQL' (OnClassCondition)

   GraphQlQueryByExampleAutoConfiguration:
      Did not match:
         - @ConditionalOnClass did not find required class 'graphql.GraphQL' (OnClassCondition)

   GraphQlQuerydslAutoConfiguration:
      Did not match:
         - @ConditionalOnClass did not find required class 'com.querydsl.core.Query' (OnClassCondition)

   GraphQlRSocketAutoConfiguration:
      Did not match:
         - @ConditionalOnClass did not find required class 'graphql.GraphQL' (OnClassCondition)

   GraphQlReactiveQueryByExampleAutoConfiguration:
      Did not match:
         - @ConditionalOnClass did not find required class 'graphql.GraphQL' (OnClassCondition)

   GraphQlReactiveQuerydslAutoConfiguration:
      Did not match:
         - @ConditionalOnClass did not find required class 'com.querydsl.core.Query' (OnClassCondition)

   GraphQlWebFluxAutoConfiguration:
      Did not match:
         - @ConditionalOnClass did not find required class 'graphql.GraphQL' (OnClassCondition)

   GraphQlWebFluxSecurityAutoConfiguration:
      Did not match:
         - @ConditionalOnClass did not find required class 'graphql.GraphQL' (OnClassCondition)

   GraphQlWebMvcAutoConfiguration:
      Did not match:
         - @ConditionalOnClass did not find required class 'graphql.GraphQL' (OnClassCondition)

   GraphQlWebMvcSecurityAutoConfiguration:
      Did not match:
         - @ConditionalOnClass did not find required class 'graphql.GraphQL' (OnClassCondition)

   GroovyTemplateAutoConfiguration:
      Did not match:
         - @ConditionalOnClass did not find required class 'groovy.text.markup.MarkupTemplateEngine' (OnClassCondition)

   GsonAutoConfiguration:
      Did not match:
         - @ConditionalOnClass did not find required class 'com.google.gson.Gson' (OnClassCondition)

   GsonHttpMessageConvertersConfiguration:
      Did not match:
         - @ConditionalOnClass did not find required class 'com.google.gson.Gson' (OnClassCondition)

   H2ConsoleAutoConfiguration:
      Did not match:
         - @ConditionalOnClass did not find required class 'org.h2.server.web.JakartaWebServlet' (OnClassCondition)

   HazelcastAutoConfiguration:
      Did not match:
         - @ConditionalOnClass did not find required class 'com.hazelcast.core.HazelcastInstance' (OnClassCondition)

   HazelcastCacheConfiguration:
      Did not match:
         - @ConditionalOnClass did not find required class 'com.hazelcast.core.HazelcastInstance' (OnClassCondition)

   HazelcastJpaDependencyAutoConfiguration:
      Did not match:
         - @ConditionalOnClass did not find required class 'com.hazelcast.core.HazelcastInstance' (OnClassCondition)

   HttpHandlerAutoConfiguration:
      Did not match:
         - @ConditionalOnClass did not find required class 'org.springframework.web.reactive.DispatcherHandler' (OnClassCondition)

   HypermediaAutoConfiguration:
      Did not match:
         - @ConditionalOnClass did not find required class 'org.springframework.hateoas.EntityModel' (OnClassCondition)

   InfinispanCacheConfiguration:
      Did not match:
         - @ConditionalOnClass did not find required class 'org.infinispan.spring.embedded.provider.SpringEmbeddedCacheManager' (OnClassCondition)

   IntegrationAutoConfiguration:
      Did not match:
         - @ConditionalOnClass did not find required class 'org.springframework.integration.config.EnableIntegration' (OnClassCondition)

   JCacheCacheConfiguration:
      Did not match:
         - @ConditionalOnClass did not find required class 'javax.cache.Caching' (OnClassCondition)

   JacksonAutoConfiguration.JacksonObjectMapperConfiguration#jacksonObjectMapper:
      Did not match:
         - @ConditionalOnMissingBean (types: com.fasterxml.jackson.databind.ObjectMapper; SearchStrategy: all) found beans of type 'com.fasterxml.jackson.databind.ObjectMapper' objectMapper (OnBeanCondition)

   JacksonHttpMessageConvertersConfiguration.MappingJackson2XmlHttpMessageConverterConfiguration:
      Did not match:
         - @ConditionalOnClass did not find required class 'com.fasterxml.jackson.dataformat.xml.XmlMapper' (OnClassCondition)

   JdbcRepositoriesAutoConfiguration:
      Did not match:
         - @ConditionalOnClass did not find required class 'org.springframework.data.jdbc.repository.config.AbstractJdbcConfiguration' (OnClassCondition)

   JerseyAutoConfiguration:
      Did not match:
         - @ConditionalOnClass did not find required class 'org.glassfish.jersey.server.spring.SpringComponentProvider' (OnClassCondition)

   JmsAutoConfiguration:
      Did not match:
         - @ConditionalOnClass did not find required class 'jakarta.jms.Message' (OnClassCondition)

   JmxAutoConfiguration:
      Did not match:
         - @ConditionalOnProperty (spring.jmx.enabled=true) found different value in property 'enabled' (OnPropertyCondition)
      Matched:
         - @ConditionalOnClass found required class 'org.springframework.jmx.export.MBeanExporter' (OnClassCondition)

   JndiConnectionFactoryAutoConfiguration:
      Did not match:
         - @ConditionalOnClass did not find required class 'org.springframework.jms.core.JmsTemplate' (OnClassCondition)

   JndiDataSourceAutoConfiguration:
      Did not match:
         - @ConditionalOnProperty (spring.datasource.jndi-name) did not find property 'jndi-name' (OnPropertyCondition)
      Matched:
         - @ConditionalOnClass found required classes 'javax.sql.DataSource', 'org.springframework.jdbc.datasource.embedded.EmbeddedDatabaseType' (OnClassCondition)

   JndiJtaConfiguration:
      Did not match:
         - @ConditionalOnJndi JNDI environment is not available (OnJndiCondition)
      Matched:
         - @ConditionalOnClass found required class 'org.springframework.transaction.jta.JtaTransactionManager' (OnClassCondition)

   JooqAutoConfiguration:
      Did not match:
         - @ConditionalOnClass did not find required class 'org.jooq.DSLContext' (OnClassCondition)

   JpaBaseConfiguration#entityManagerFactory:
      Did not match:
         - @ConditionalOnMissingBean (types: org.springframework.orm.jpa.LocalContainerEntityManagerFactoryBean,jakarta.persistence.EntityManagerFactory; SearchStrategy: all) found beans of type 'jakarta.persistence.EntityManagerFactory' entityManagerFactory and found beans of type 'org.springframework.orm.jpa.LocalContainerEntityManagerFactoryBean' &entityManagerFactory (OnBeanCondition)

   JpaBaseConfiguration#transactionManager:
      Did not match:
         - @ConditionalOnMissingBean (types: org.springframework.transaction.TransactionManager; SearchStrategy: all) found beans of type 'org.springframework.transaction.TransactionManager' transactionManager (OnBeanCondition)

   JpaBaseConfiguration.PersistenceManagedTypesConfiguration:
      Did not match:
         - @ConditionalOnMissingBean (types: org.springframework.orm.jpa.LocalContainerEntityManagerFactoryBean,jakarta.persistence.EntityManagerFactory; SearchStrategy: all) found beans of type 'jakarta.persistence.EntityManagerFactory' entityManagerFactory and found beans of type 'org.springframework.orm.jpa.LocalContainerEntityManagerFactoryBean' &entityManagerFactory (OnBeanCondition)

   JpaRepositoriesAutoConfiguration:
      Did not match:
         - @ConditionalOnClass did not find required class 'org.springframework.data.jpa.repository.JpaRepository' (OnClassCondition)

   JsonbAutoConfiguration:
      Did not match:
         - @ConditionalOnClass did not find required class 'jakarta.json.bind.Jsonb' (OnClassCondition)

   JsonbHttpMessageConvertersConfiguration:
      Did not match:
         - @ConditionalOnClass did not find required class 'jakarta.json.bind.Jsonb' (OnClassCondition)

   KafkaAutoConfiguration:
      Did not match:
         - @ConditionalOnClass did not find required class 'org.springframework.kafka.core.KafkaTemplate' (OnClassCondition)

   LdapAutoConfiguration:
      Did not match:
         - @ConditionalOnClass did not find required class 'org.springframework.ldap.core.ContextSource' (OnClassCondition)

   LdapRepositoriesAutoConfiguration:
      Did not match:
         - @ConditionalOnClass did not find required class 'org.springframework.data.ldap.repository.LdapRepository' (OnClassCondition)

   LiquibaseAutoConfiguration:
      Did not match:
         - @ConditionalOnProperty (spring.liquibase.enabled) found different value in property 'enabled' (OnPropertyCondition)
      Matched:
         - @ConditionalOnClass found required classes 'liquibase.integration.spring.SpringLiquibase', 'liquibase.change.DatabaseChange' (OnClassCondition)

   LocalDevToolsAutoConfiguration:
      Did not match:
         - Initialized Restarter Condition initialized without URLs (OnInitializedRestarterCondition)

   MailSenderAutoConfiguration:
      Did not match:
         - @ConditionalOnClass did not find required class 'jakarta.mail.internet.MimeMessage' (OnClassCondition)

   MailSenderValidatorAutoConfiguration:
      Did not match:
         - @ConditionalOnSingleCandidate did not find required type 'org.springframework.mail.javamail.JavaMailSenderImpl' (OnBeanCondition)

   MessageSourceAutoConfiguration:
      Did not match:
         - ResourceBundle did not find bundle with basename messages (MessageSourceAutoConfiguration.ResourceBundleCondition)

   MockMvcAutoConfiguration#dispatcherServlet:
      Did not match:
         - @ConditionalOnMissingBean (types: org.springframework.web.servlet.DispatcherServlet; SearchStrategy: all) found beans of type 'org.springframework.web.servlet.DispatcherServlet' dispatcherServlet (OnBeanCondition)

   MockMvcAutoConfiguration#dispatcherServletPath:
      Did not match:
         - @ConditionalOnMissingBean (types: org.springframework.boot.autoconfigure.web.servlet.DispatcherServletPath; SearchStrategy: all) found beans of type 'org.springframework.boot.autoconfigure.web.servlet.DispatcherServletPath' dispatcherServletRegistration (OnBeanCondition)

   MockMvcAutoConfiguration.WebTestClientMockMvcConfiguration:
      Did not match:
         - @ConditionalOnClass did not find required class 'org.springframework.web.reactive.function.client.WebClient' (OnClassCondition)

   MockMvcWebClientAutoConfiguration:
      Did not match:
         - @ConditionalOnClass did not find required class 'org.htmlunit.WebClient' (OnClassCondition)

   MockMvcWebDriverAutoConfiguration:
      Did not match:
         - @ConditionalOnClass did not find required class 'org.openqa.selenium.htmlunit.HtmlUnitDriver' (OnClassCondition)

   MongoAutoConfiguration:
      Did not match:
         - @ConditionalOnClass did not find required class 'com.mongodb.client.MongoClient' (OnClassCondition)

   MongoDataAutoConfiguration:
      Did not match:
         - @ConditionalOnClass did not find required class 'com.mongodb.client.MongoClient' (OnClassCondition)

   MongoReactiveAutoConfiguration:
      Did not match:
         - @ConditionalOnClass did not find required class 'com.mongodb.reactivestreams.client.MongoClient' (OnClassCondition)

   MongoReactiveDataAutoConfiguration:
      Did not match:
         - @ConditionalOnClass did not find required class 'com.mongodb.reactivestreams.client.MongoClient' (OnClassCondition)

   MongoReactiveRepositoriesAutoConfiguration:
      Did not match:
         - @ConditionalOnClass did not find required class 'com.mongodb.reactivestreams.client.MongoClient' (OnClassCondition)

   MongoRepositoriesAutoConfiguration:
      Did not match:
         - @ConditionalOnClass did not find required class 'com.mongodb.client.MongoClient' (OnClassCondition)

   MustacheAutoConfiguration:
      Did not match:
         - @ConditionalOnClass did not find required class 'com.samskivert.mustache.Mustache' (OnClassCondition)

   Neo4jAutoConfiguration:
      Did not match:
         - @ConditionalOnClass did not find required class 'org.neo4j.driver.Driver' (OnClassCondition)

   Neo4jDataAutoConfiguration:
      Did not match:
         - @ConditionalOnClass did not find required class 'org.neo4j.driver.Driver' (OnClassCondition)

   Neo4jReactiveDataAutoConfiguration:
      Did not match:
         - @ConditionalOnClass did not find required class 'org.neo4j.driver.Driver' (OnClassCondition)

   Neo4jReactiveRepositoriesAutoConfiguration:
      Did not match:
         - @ConditionalOnClass did not find required class 'org.neo4j.driver.Driver' (OnClassCondition)

   Neo4jRepositoriesAutoConfiguration:
      Did not match:
         - @ConditionalOnClass did not find required class 'org.neo4j.driver.Driver' (OnClassCondition)

   NettyAutoConfiguration:
      Did not match:
         - @ConditionalOnClass did not find required class 'io.netty.util.NettyRuntime' (OnClassCondition)

   OAuth2AuthorizationServerAutoConfiguration:
      Did not match:
         - @ConditionalOnClass did not find required class 'org.springframework.security.oauth2.server.authorization.OAuth2Authorization' (OnClassCondition)

   OAuth2AuthorizationServerJwtAutoConfiguration:
      Did not match:
         - @ConditionalOnClass did not find required class 'org.springframework.security.oauth2.server.authorization.OAuth2Authorization' (OnClassCondition)

   OAuth2ClientAutoConfiguration:
      Did not match:
         - @ConditionalOnClass did not find required class 'org.springframework.security.oauth2.client.registration.ClientRegistration' (OnClassCondition)

   OAuth2ResourceServerAutoConfiguration:
      Did not match:
         - @ConditionalOnClass did not find required class 'org.springframework.security.oauth2.server.resource.authentication.BearerTokenAuthenticationToken' (OnClassCondition)

   ProjectInfoAutoConfiguration#buildProperties:
      Did not match:
         - @ConditionalOnResource did not find resource '${spring.info.build.location:classpath:META-INF/build-info.properties}' (OnResourceCondition)

   ProjectInfoAutoConfiguration#gitProperties:
      Did not match:
         - GitResource did not find git info at classpath:git.properties (ProjectInfoAutoConfiguration.GitResourceAvailableCondition)

   PulsarAutoConfiguration:
      Did not match:
         - @ConditionalOnClass did not find required class 'org.apache.pulsar.client.api.PulsarClient' (OnClassCondition)

   PulsarReactiveAutoConfiguration:
      Did not match:
         - @ConditionalOnClass did not find required class 'org.apache.pulsar.client.api.PulsarClient' (OnClassCondition)

   QuartzAutoConfiguration:
      Did not match:
         - @ConditionalOnClass did not find required class 'org.quartz.Scheduler' (OnClassCondition)

   R2dbcAutoConfiguration:
      Did not match:
         - @ConditionalOnClass did not find required class 'io.r2dbc.spi.ConnectionFactory' (OnClassCondition)

   R2dbcDataAutoConfiguration:
      Did not match:
         - @ConditionalOnClass did not find required class 'org.springframework.data.r2dbc.core.R2dbcEntityTemplate' (OnClassCondition)

   R2dbcInitializationConfiguration:
      Did not match:
         - @ConditionalOnClass did not find required classes 'io.r2dbc.spi.ConnectionFactory', 'org.springframework.r2dbc.connection.init.DatabasePopulator' (OnClassCondition)

   R2dbcProxyAutoConfiguration:
      Did not match:
         - @ConditionalOnClass did not find required class 'io.r2dbc.proxy.ProxyConnectionFactory' (OnClassCondition)

   R2dbcRepositoriesAutoConfiguration:
      Did not match:
         - @ConditionalOnClass did not find required class 'io.r2dbc.spi.ConnectionFactory' (OnClassCondition)

   R2dbcTransactionManagerAutoConfiguration:
      Did not match:
         - @ConditionalOnClass did not find required class 'org.springframework.r2dbc.connection.R2dbcTransactionManager' (OnClassCondition)

   RSocketGraphQlClientAutoConfiguration:
      Did not match:
         - @ConditionalOnClass did not find required class 'graphql.GraphQL' (OnClassCondition)

   RSocketMessagingAutoConfiguration:
      Did not match:
         - @ConditionalOnClass did not find required class 'io.rsocket.RSocket' (OnClassCondition)

   RSocketRequesterAutoConfiguration:
      Did not match:
         - @ConditionalOnClass did not find required class 'io.rsocket.RSocket' (OnClassCondition)

   RSocketSecurityAutoConfiguration:
      Did not match:
         - @ConditionalOnClass did not find required class 'org.springframework.security.rsocket.core.SecuritySocketAcceptorInterceptor' (OnClassCondition)

   RSocketServerAutoConfiguration:
      Did not match:
         - @ConditionalOnClass did not find required class 'io.rsocket.core.RSocketServer' (OnClassCondition)

   RSocketStrategiesAutoConfiguration:
      Did not match:
         - @ConditionalOnClass did not find required class 'io.netty.buffer.PooledByteBufAllocator' (OnClassCondition)

   RabbitAutoConfiguration:
      Did not match:
         - @ConditionalOnClass did not find required class 'com.rabbitmq.client.Channel' (OnClassCondition)

   ReactiveElasticsearchClientAutoConfiguration:
      Did not match:
         - @ConditionalOnClass did not find required class 'co.elastic.clients.transport.ElasticsearchTransport' (OnClassCondition)

   ReactiveElasticsearchRepositoriesAutoConfiguration:
      Did not match:
         - @ConditionalOnClass did not find required class 'reactor.core.publisher.Mono' (OnClassCondition)

   ReactiveMultipartAutoConfiguration:
      Did not match:
         - @ConditionalOnClass did not find required class 'org.springframework.web.reactive.config.WebFluxConfigurer' (OnClassCondition)

   ReactiveOAuth2ClientAutoConfiguration:
      Did not match:
         - @ConditionalOnClass did not find required class 'reactor.core.publisher.Flux' (OnClassCondition)

   ReactiveOAuth2ResourceServerAutoConfiguration:
      Did not match:
         - @ConditionalOnWebApplication did not find reactive web application classes (OnWebApplicationCondition)

   ReactiveSecurityAutoConfiguration:
      Did not match:
         - @ConditionalOnClass did not find required class 'reactor.core.publisher.Flux' (OnClassCondition)

   ReactiveUserDetailsServiceAutoConfiguration:
      Did not match:
         - AnyNestedCondition 0 matched 2 did not; NestedCondition on ReactiveUserDetailsServiceAutoConfiguration.RSocketEnabledOrReactiveWebApplication.ReactiveWebApplicationCondition did not find reactive web application classes; NestedCondition on ReactiveUserDetailsServiceAutoConfiguration.RSocketEnabledOrReactiveWebApplication.RSocketSecurityEnabledCondition @ConditionalOnBean (types: org.springframework.messaging.rsocket.annotation.support.RSocketMessageHandler; SearchStrategy: all) did not find any beans of type org.springframework.messaging.rsocket.annotation.support.RSocketMessageHandler (ReactiveUserDetailsServiceAutoConfiguration.RSocketEnabledOrReactiveWebApplication)
      Matched:
         - @ConditionalOnClass found required class 'org.springframework.security.authentication.ReactiveAuthenticationManager' (OnClassCondition)
         - AnyNestedCondition 1 matched 2 did not; NestedCondition on ReactiveUserDetailsServiceAutoConfiguration.MissingAlternativeOrUserPropertiesConfigured.PasswordConfigured @ConditionalOnProperty (spring.security.user.password) did not find property 'password'; NestedCondition on ReactiveUserDetailsServiceAutoConfiguration.MissingAlternativeOrUserPropertiesConfigured.NameConfigured @ConditionalOnProperty (spring.security.user.name) did not find property 'name'; NestedCondition on ReactiveUserDetailsServiceAutoConfiguration.MissingAlternativeOrUserPropertiesConfigured.MissingAlternative @ConditionalOnMissingClass did not find unwanted classes 'org.springframework.security.oauth2.client.registration.ClientRegistrationRepository', 'org.springframework.security.oauth2.server.resource.introspection.ReactiveOpaqueTokenIntrospector' (ReactiveUserDetailsServiceAutoConfiguration.MissingAlternativeOrUserPropertiesConfigured)

   ReactiveWebServerFactoryAutoConfiguration:
      Did not match:
         - @ConditionalOnWebApplication did not find reactive web application classes (OnWebApplicationCondition)

   ReactorAutoConfiguration:
      Did not match:
         - @ConditionalOnClass did not find required class 'reactor.core.publisher.Hooks' (OnClassCondition)

   RedisAutoConfiguration:
      Did not match:
         - @ConditionalOnClass did not find required class 'org.springframework.data.redis.core.RedisOperations' (OnClassCondition)

   RedisCacheConfiguration:
      Did not match:
         - @ConditionalOnClass did not find required class 'org.springframework.data.redis.connection.RedisConnectionFactory' (OnClassCondition)

   RedisReactiveAutoConfiguration:
      Did not match:
         - @ConditionalOnClass did not find required class 'reactor.core.publisher.Flux' (OnClassCondition)

   RedisRepositoriesAutoConfiguration:
      Did not match:
         - @ConditionalOnClass did not find required class 'org.springframework.data.redis.repository.configuration.EnableRedisRepositories' (OnClassCondition)

   RemoteDevToolsAutoConfiguration:
      Did not match:
         - @ConditionalOnProperty (spring.devtools.remote.secret) did not find property 'secret' (OnPropertyCondition)
      Matched:
         - @ConditionalOnClass found required classes 'jakarta.servlet.Filter', 'org.springframework.http.server.ServerHttpRequest' (OnClassCondition)

   RepositoryRestMvcAutoConfiguration:
      Did not match:
         - @ConditionalOnClass did not find required class 'org.springframework.data.rest.webmvc.config.RepositoryRestMvcConfiguration' (OnClassCondition)

   Saml2RelyingPartyAutoConfiguration:
      Did not match:
         - @ConditionalOnClass did not find required class 'org.springframework.security.saml2.provider.service.registration.RelyingPartyRegistrationRepository' (OnClassCondition)

   SecurityDataConfiguration:
      Did not match:
         - @ConditionalOnClass did not find required class 'org.springframework.security.data.repository.query.SecurityEvaluationContextExtension' (OnClassCondition)

   SendGridAutoConfiguration:
      Did not match:
         - @ConditionalOnClass did not find required class 'com.sendgrid.SendGrid' (OnClassCondition)

   ServletWebServerFactoryAutoConfiguration.ForwardedHeaderFilterConfiguration:
      Did not match:
         - @ConditionalOnProperty (server.forward-headers-strategy=framework) did not find property 'server.forward-headers-strategy' (OnPropertyCondition)

   ServletWebServerFactoryConfiguration.EmbeddedJetty:
      Did not match:
         - @ConditionalOnClass did not find required classes 'org.eclipse.jetty.server.Server', 'org.eclipse.jetty.util.Loader', 'org.eclipse.jetty.ee10.webapp.WebAppContext' (OnClassCondition)

   ServletWebServerFactoryConfiguration.EmbeddedUndertow:
      Did not match:
         - @ConditionalOnClass did not find required classes 'io.undertow.Undertow', 'org.xnio.SslClientAuthMode' (OnClassCondition)

   SessionAutoConfiguration:
      Did not match:
         - @ConditionalOnClass did not find required class 'org.springframework.session.Session' (OnClassCondition)

   SpringApplicationAdminJmxAutoConfiguration:
      Did not match:
         - @ConditionalOnProperty (spring.application.admin.enabled=true) did not find property 'enabled' (OnPropertyCondition)

   SpringBootWebSecurityConfiguration.SecurityFilterChainConfiguration:
      Did not match:
         - AllNestedConditions 1 matched 1 did not; NestedCondition on DefaultWebSecurityCondition.Beans @ConditionalOnMissingBean (types: org.springframework.security.web.SecurityFilterChain; SearchStrategy: all) found beans of type 'org.springframework.security.web.SecurityFilterChain' securityFilterChain; NestedCondition on DefaultWebSecurityCondition.Classes @ConditionalOnClass found required classes 'org.springframework.security.web.SecurityFilterChain', 'org.springframework.security.config.annotation.web.builders.HttpSecurity' (DefaultWebSecurityCondition)

   SpringBootWebSecurityConfiguration.WebSecurityEnablerConfiguration:
      Did not match:
         - @ConditionalOnMissingBean (names: springSecurityFilterChain; SearchStrategy: all) found beans named springSecurityFilterChain (OnBeanCondition)
      Matched:
         - @ConditionalOnClass found required class 'org.springframework.security.config.annotation.web.configuration.EnableWebSecurity' (OnClassCondition)

   SpringDataWebAutoConfiguration:
      Did not match:
         - @ConditionalOnClass did not find required class 'org.springframework.data.web.PageableHandlerMethodArgumentResolver' (OnClassCondition)

   TaskExecutorConfigurations.SimpleAsyncTaskExecutorBuilderConfiguration#simpleAsyncTaskExecutorBuilderVirtualThreads:
      Did not match:
         - @ConditionalOnMissingBean (types: org.springframework.boot.task.SimpleAsyncTaskExecutorBuilder; SearchStrategy: all) found beans of type 'org.springframework.boot.task.SimpleAsyncTaskExecutorBuilder' simpleAsyncTaskExecutorBuilder (OnBeanCondition)

   TaskExecutorConfigurations.TaskExecutorConfiguration#applicationTaskExecutorVirtualThreads:
      Did not match:
         - @ConditionalOnThreading did not find VIRTUAL (OnThreadingCondition)

   TaskSchedulingAutoConfiguration#scheduledBeanLazyInitializationExcludeFilter:
      Did not match:
         - @ConditionalOnBean (names: org.springframework.context.annotation.internalScheduledAnnotationProcessor; SearchStrategy: all) did not find any beans named org.springframework.context.annotation.internalScheduledAnnotationProcessor (OnBeanCondition)

   TaskSchedulingConfigurations.SimpleAsyncTaskSchedulerBuilderConfiguration#simpleAsyncTaskSchedulerBuilderVirtualThreads:
      Did not match:
         - @ConditionalOnMissingBean (types: org.springframework.boot.task.SimpleAsyncTaskSchedulerBuilder; SearchStrategy: all) found beans of type 'org.springframework.boot.task.SimpleAsyncTaskSchedulerBuilder' simpleAsyncTaskSchedulerBuilder (OnBeanCondition)

   TaskSchedulingConfigurations.TaskSchedulerConfiguration:
      Did not match:
         - @ConditionalOnBean (names: org.springframework.context.annotation.internalScheduledAnnotationProcessor; SearchStrategy: all) did not find any beans named org.springframework.context.annotation.internalScheduledAnnotationProcessor (OnBeanCondition)

   ThymeleafAutoConfiguration:
      Did not match:
         - @ConditionalOnClass did not find required class 'org.thymeleaf.spring6.SpringTemplateEngine' (OnClassCondition)

   TransactionAutoConfiguration#transactionalOperator:
      Did not match:
         - @ConditionalOnSingleCandidate (types: org.springframework.transaction.ReactiveTransactionManager; SearchStrategy: all) did not find any beans (OnBeanCondition)

   TransactionAutoConfiguration.AspectJTransactionManagementConfiguration:
      Did not match:
         - @ConditionalOnBean did not find required type 'org.springframework.transaction.aspectj.AbstractTransactionAspect' (OnBeanCondition)
         - @ConditionalOnBean (types: org.springframework.transaction.aspectj.AbstractTransactionAspect; SearchStrategy: all) did not find any beans of type org.springframework.transaction.aspectj.AbstractTransactionAspect (OnBeanCondition)

   TransactionAutoConfiguration.EnableTransactionManagementConfiguration:
      Did not match:
         - @ConditionalOnMissingBean (types: org.springframework.transaction.annotation.AbstractTransactionManagementConfiguration; SearchStrategy: all) found beans of type 'org.springframework.transaction.annotation.AbstractTransactionManagementConfiguration' org.springframework.transaction.annotation.ProxyTransactionManagementConfiguration (OnBeanCondition)

   TransactionAutoConfiguration.EnableTransactionManagementConfiguration.CglibAutoProxyConfiguration:
      Did not match:
         - Ancestor org.springframework.boot.autoconfigure.transaction.TransactionAutoConfiguration$EnableTransactionManagementConfiguration did not match (ConditionEvaluationReport.AncestorsMatchedCondition)
      Matched:
         - @ConditionalOnProperty (spring.aop.proxy-target-class=true) matched (OnPropertyCondition)

   TransactionAutoConfiguration.EnableTransactionManagementConfiguration.JdkDynamicAutoProxyConfiguration:
      Did not match:
         - @ConditionalOnProperty (spring.aop.proxy-target-class=false) did not find property 'proxy-target-class' (OnPropertyCondition)
         - Ancestor org.springframework.boot.autoconfigure.transaction.TransactionAutoConfiguration$EnableTransactionManagementConfiguration did not match (ConditionEvaluationReport.AncestorsMatchedCondition)

   UserDetailsServiceAutoConfiguration:
      Did not match:
         - @ConditionalOnMissingBean (types: org.springframework.security.authentication.AuthenticationManager,org.springframework.security.authentication.AuthenticationProvider,org.springframework.security.core.userdetails.UserDetailsService,org.springframework.security.authentication.AuthenticationManagerResolver,org.springframework.security.oauth2.jwt.JwtDecoder; SearchStrategy: all) found beans of type 'org.springframework.security.authentication.AuthenticationManager' authenticationManager and found beans of type 'org.springframework.security.core.userdetails.UserDetailsService' userService (OnBeanCondition)
      Matched:
         - @ConditionalOnClass found required class 'org.springframework.security.authentication.AuthenticationManager' (OnClassCondition)
         - found 'session' scope (OnWebApplicationCondition)
         - AnyNestedCondition 1 matched 2 did not; NestedCondition on UserDetailsServiceAutoConfiguration.MissingAlternativeOrUserPropertiesConfigured.PasswordConfigured @ConditionalOnProperty (spring.security.user.password) did not find property 'password'; NestedCondition on UserDetailsServiceAutoConfiguration.MissingAlternativeOrUserPropertiesConfigured.NameConfigured @ConditionalOnProperty (spring.security.user.name) did not find property 'name'; NestedCondition on UserDetailsServiceAutoConfiguration.MissingAlternativeOrUserPropertiesConfigured.MissingAlternative @ConditionalOnMissingClass did not find unwanted classes 'org.springframework.security.oauth2.client.registration.ClientRegistrationRepository', 'org.springframework.security.oauth2.server.resource.introspection.OpaqueTokenIntrospector', 'org.springframework.security.saml2.provider.service.registration.RelyingPartyRegistrationRepository' (UserDetailsServiceAutoConfiguration.MissingAlternativeOrUserPropertiesConfigured)

   WebClientAutoConfiguration:
      Did not match:
         - @ConditionalOnClass did not find required class 'org.springframework.web.reactive.function.client.WebClient' (OnClassCondition)

   WebFluxAutoConfiguration:
      Did not match:
         - @ConditionalOnClass did not find required class 'org.springframework.web.reactive.config.WebFluxConfigurer' (OnClassCondition)

   WebMvcAutoConfiguration#hiddenHttpMethodFilter:
      Did not match:
         - @ConditionalOnProperty (spring.mvc.hiddenmethod.filter.enabled) did not find property 'enabled' (OnPropertyCondition)

   WebMvcAutoConfiguration.ProblemDetailsErrorHandlingConfiguration:
      Did not match:
         - @ConditionalOnProperty (spring.mvc.problemdetails.enabled=true) did not find property 'enabled' (OnPropertyCondition)

   WebMvcAutoConfiguration.ResourceChainCustomizerConfiguration:
      Did not match:
         - @ConditionalOnEnabledResourceChain did not find class org.webjars.WebJarVersionLocator (OnEnabledResourceChainCondition)

   WebMvcAutoConfiguration.WebMvcAutoConfigurationAdapter#beanNameViewResolver:
      Did not match:
         - @ConditionalOnMissingBean (types: org.springframework.web.servlet.view.BeanNameViewResolver; SearchStrategy: all) found beans of type 'org.springframework.web.servlet.view.BeanNameViewResolver' beanNameViewResolver (OnBeanCondition)

   WebServiceTemplateAutoConfiguration:
      Did not match:
         - @ConditionalOnClass did not find required class 'org.springframework.oxm.Marshaller' (OnClassCondition)

   WebServicesAutoConfiguration:
      Did not match:
         - @ConditionalOnClass did not find required class 'org.springframework.ws.transport.http.MessageDispatcherServlet' (OnClassCondition)

   WebSessionIdResolverAutoConfiguration:
      Did not match:
         - @ConditionalOnClass did not find required class 'reactor.core.publisher.Mono' (OnClassCondition)

   WebSocketMessagingAutoConfiguration:
      Did not match:
         - @ConditionalOnClass did not find required class 'org.springframework.web.socket.config.annotation.WebSocketMessageBrokerConfigurer' (OnClassCondition)

   WebSocketReactiveAutoConfiguration:
      Did not match:
         - @ConditionalOnWebApplication did not find reactive web application classes (OnWebApplicationCondition)

   WebSocketServletAutoConfiguration.JettyWebSocketConfiguration:
      Did not match:
         - @ConditionalOnClass did not find required class 'org.eclipse.jetty.ee10.websocket.jakarta.server.config.JakartaWebSocketServletContainerInitializer' (OnClassCondition)

   WebSocketServletAutoConfiguration.UndertowWebSocketConfiguration:
      Did not match:
         - @ConditionalOnClass did not find required class 'io.undertow.websockets.jsr.Bootstrap' (OnClassCondition)

   WebTestClientAutoConfiguration:
      Did not match:
         - @ConditionalOnClass did not find required class 'org.springframework.web.reactive.function.client.WebClient' (OnClassCondition)

   XADataSourceAutoConfiguration:
      Did not match:
         - @ConditionalOnBean (types: org.springframework.boot.jdbc.XADataSourceWrapper; SearchStrategy: all) did not find any beans of type org.springframework.boot.jdbc.XADataSourceWrapper (OnBeanCondition)
      Matched:
         - @ConditionalOnClass found required classes 'javax.sql.DataSource', 'jakarta.transaction.TransactionManager', 'org.springframework.jdbc.datasource.embedded.EmbeddedDatabaseType' (OnClassCondition)


Exclusions:
-----------

    None


Unconditional classes:
----------------------

    org.springframework.boot.autoconfigure.context.ConfigurationPropertiesAutoConfiguration

    org.springframework.boot.autoconfigure.ssl.SslAutoConfiguration

    org.springframework.boot.autoconfigure.context.PropertyPlaceholderAutoConfiguration

    org.springframework.boot.autoconfigure.context.LifecycleAutoConfiguration

    org.springframework.boot.autoconfigure.availability.ApplicationAvailabilityAutoConfiguration

    org.springframework.boot.autoconfigure.info.ProjectInfoAutoConfiguration



2025-05-08T20:06:38.689+03:00  INFO 3976 --- [library-management] [           main] c.e.l.controller.RentalControllerTest    : Started RentalControllerTest in 2.26 seconds (process running for 19.725)
2025-05-08T20:06:38.689+03:00 DEBUG 3976 --- [library-management] [           main] o.s.b.a.ApplicationAvailabilityBean      : Application availability state LivenessState changed to CORRECT
2025-05-08T20:06:38.690+03:00 DEBUG 3976 --- [library-management] [           main] o.s.b.a.ApplicationAvailabilityBean      : Application availability state ReadinessState changed to ACCEPTING_TRAFFIC
2025-05-08T20:06:38.690+03:00 DEBUG 3976 --- [library-management] [           main] org.springframework.test.context.cache   : Spring test ApplicationContext cache statistics: [DefaultContextCache@4c131823 size = 1, maxSize = 32, parentContextCount = 0, hitCount = 275, missCount = 4, failureCount = 0]
2025-05-08T20:06:38.690+03:00 DEBUG 3976 --- [library-management] [           main] o.s.t.c.w.ServletTestExecutionListener   : Setting up MockHttpServletRequest, MockHttpServletResponse, ServletWebRequest, and RequestContextHolder for test class com.example.library_management.controller.RentalControllerTest
2025-05-08T20:06:38.690+03:00 DEBUG 3976 --- [library-management] [           main] DependencyInjectionTestExecutionListener : Performing dependency injection for test class com.example.library_management.controller.RentalControllerTest
2025-05-08T20:06:38.691+03:00 DEBUG 3976 --- [library-management] [           main] org.springframework.test.context.cache   : Spring test ApplicationContext cache statistics: [DefaultContextCache@4c131823 size = 1, maxSize = 32, parentContextCount = 0, hitCount = 276, missCount = 4, failureCount = 0]
2025-05-08T20:06:38.691+03:00 DEBUG 3976 --- [library-management] [           main] org.springframework.test.context.cache   : Spring test ApplicationContext cache statistics: [DefaultContextCache@4c131823 size = 1, maxSize = 32, parentContextCount = 0, hitCount = 277, missCount = 4, failureCount = 0]
2025-05-08T20:06:38.692+03:00 DEBUG 3976 --- [library-management] [           main] sContextBeforeModesTestExecutionListener : Before test method: class [RentalControllerTest], method [getOverdueRentals_returnsList], class annotated with @DirtiesContext [true] with mode [AFTER_CLASS], method annotated with @DirtiesContext [false] with mode [null]
2025-05-08T20:06:38.692+03:00 DEBUG 3976 --- [library-management] [           main] org.springframework.test.context.cache   : Spring test ApplicationContext cache statistics: [DefaultContextCache@4c131823 size = 1, maxSize = 32, parentContextCount = 0, hitCount = 278, missCount = 4, failureCount = 0]
2025-05-08T20:06:38.692+03:00 DEBUG 3976 --- [library-management] [           main] org.springframework.test.context.cache   : Spring test ApplicationContext cache statistics: [DefaultContextCache@4c131823 size = 1, maxSize = 32, parentContextCount = 0, hitCount = 279, missCount = 4, failureCount = 0]
2025-05-08T20:06:38.693+03:00 DEBUG 3976 --- [library-management] [           main] org.springframework.test.context.cache   : Spring test ApplicationContext cache statistics: [DefaultContextCache@4c131823 size = 1, maxSize = 32, parentContextCount = 0, hitCount = 280, missCount = 4, failureCount = 0]
2025-05-08T20:06:38.693+03:00 DEBUG 3976 --- [library-management] [           main] org.springframework.test.context.cache   : Spring test ApplicationContext cache statistics: [DefaultContextCache@4c131823 size = 1, maxSize = 32, parentContextCount = 0, hitCount = 281, missCount = 4, failureCount = 0]
2025-05-08T20:06:38.694+03:00 DEBUG 3976 --- [library-management] [           main] org.springframework.test.context.cache   : Spring test ApplicationContext cache statistics: [DefaultContextCache@4c131823 size = 1, maxSize = 32, parentContextCount = 0, hitCount = 282, missCount = 4, failureCount = 0]
2025-05-08T20:06:38.696+03:00 DEBUG 3976 --- [library-management] [           main] org.springframework.test.context.cache   : Spring test ApplicationContext cache statistics: [DefaultContextCache@4c131823 size = 1, maxSize = 32, parentContextCount = 0, hitCount = 283, missCount = 4, failureCount = 0]
2025-05-08T20:06:38.697+03:00 DEBUG 3976 --- [library-management] [           main] o.s.test.util.ReflectionTestUtils        : Invoking method 'getFilters' on target object [FilterChainProxy[Filter Chains: null]] or target class [null] with arguments {org.springframework.mock.web.MockHttpServletRequest@74d56f47}
2025-05-08T20:06:38.697+03:00 DEBUG 3976 --- [library-management] [           main] o.s.test.util.ReflectionTestUtils        : Invoking method 'getFilters' on target object [FilterChainProxy[Filter Chains: null]] or target class [null] with arguments {org.springframework.mock.web.MockHttpServletRequest@74d56f47}
2025-05-08T20:06:38.697+03:00 DEBUG 3976 --- [library-management] [           main] o.s.test.util.ReflectionTestUtils        : Getting field 'securityContextRepository' from target object [org.springframework.security.web.context.SecurityContextHolderFilter@40bfd515] or target class [class org.springframework.security.web.context.SecurityContextHolderFilter]
2025-05-08T20:06:38.697+03:00 DEBUG 3976 --- [library-management] [           main] o.s.test.util.ReflectionTestUtils        : Invoking method 'getFilters' on target object [FilterChainProxy[Filter Chains: null]] or target class [null] with arguments {org.springframework.mock.web.MockHttpServletRequest@74d56f47}
2025-05-08T20:06:38.697+03:00 DEBUG 3976 --- [library-management] [           main] o.s.test.util.ReflectionTestUtils        : Invoking method 'getFilters' on target object [FilterChainProxy[Filter Chains: null]] or target class [null] with arguments {org.springframework.mock.web.MockHttpServletRequest@74d56f47}
2025-05-08T20:06:38.697+03:00 DEBUG 3976 --- [library-management] [           main] o.s.test.util.ReflectionTestUtils        : Setting field 'securityContextRepository' of type [null] on target object [org.springframework.security.web.context.SecurityContextHolderFilter@40bfd515] or target class [class org.springframework.security.web.context.SecurityContextHolderFilter] to value [org.springframework.security.test.web.servlet.request.SecurityMockMvcRequestPostProcessors$SecurityContextRequestPostProcessorSupport$TestSecurityContextRepository@16a81f09]
2025-05-08T20:06:38.698+03:00 DEBUG 3976 --- [library-management] [           main] o.s.security.web.FilterChainProxy        : Securing GET /api/rentals/overdue
2025-05-08T20:06:38.698+03:00 DEBUG 3976 --- [library-management] [           main] o.s.security.web.FilterChainProxy        : Secured GET /api/rentals/overdue
2025-05-08T20:06:38.698+03:00 DEBUG 3976 --- [library-management] [           main] o.s.t.web.servlet.TestDispatcherServlet  : GET "/api/rentals/overdue", parameters={}
2025-05-08T20:06:38.698+03:00 DEBUG 3976 --- [library-management] [           main] s.w.s.m.m.a.RequestMappingHandlerMapping : Mapped to com.example.library_management.controller.RentalController#getOverdueRentals()
2025-05-08T20:06:38.698+03:00 DEBUG 3976 --- [library-management] [           main] o.j.s.OpenEntityManagerInViewInterceptor : Opening JPA EntityManager in OpenEntityManagerInViewInterceptor
2025-05-08T20:06:38.700+03:00 DEBUG 3976 --- [library-management] [           main] horizationManagerBeforeMethodInterceptor : Authorizing method invocation ReflectiveMethodInvocation: public org.springframework.http.ResponseEntity com.example.library_management.controller.RentalController.getOverdueRentals(); target is of class [com.example.library_management.controller.RentalController]
2025-05-08T20:06:38.701+03:00 DEBUG 3976 --- [library-management] [           main] horizationManagerBeforeMethodInterceptor : Authorized method invocation ReflectiveMethodInvocation: public org.springframework.http.ResponseEntity com.example.library_management.controller.RentalController.getOverdueRentals(); target is of class [com.example.library_management.controller.RentalController]
2025-05-08T20:06:38.703+03:00  INFO 3976 --- [library-management] [           main] c.e.l.controller.RentalController        : Получены просроченные аренды. Найдено 1 просроченных записей
2025-05-08T20:06:38.705+03:00 DEBUG 3976 --- [library-management] [           main] o.s.w.s.m.m.a.HttpEntityMethodProcessor  : Using 'application/json', given [*/*] and supported [application/json, application/*+json]
2025-05-08T20:06:38.706+03:00 DEBUG 3976 --- [library-management] [           main] o.s.w.s.m.m.a.HttpEntityMethodProcessor  : Writing [[com.example.library_management.dto.RentalDTO@198b4fb6]]
2025-05-08T20:06:38.708+03:00 DEBUG 3976 --- [library-management] [           main] o.j.s.OpenEntityManagerInViewInterceptor : Closing JPA EntityManager in OpenEntityManagerInViewInterceptor
2025-05-08T20:06:38.708+03:00 DEBUG 3976 --- [library-management] [           main] o.s.t.web.servlet.TestDispatcherServlet  : Completed 200 OK
2025-05-08T20:06:38.709+03:00 DEBUG 3976 --- [library-management] [           main] org.springframework.test.context.cache   : Spring test ApplicationContext cache statistics: [DefaultContextCache@4c131823 size = 1, maxSize = 32, parentContextCount = 0, hitCount = 284, missCount = 4, failureCount = 0]
2025-05-08T20:06:38.709+03:00 DEBUG 3976 --- [library-management] [           main] org.springframework.test.context.cache   : Spring test ApplicationContext cache statistics: [DefaultContextCache@4c131823 size = 1, maxSize = 32, parentContextCount = 0, hitCount = 285, missCount = 4, failureCount = 0]
2025-05-08T20:06:38.710+03:00 DEBUG 3976 --- [library-management] [           main] org.springframework.test.context.cache   : Spring test ApplicationContext cache statistics: [DefaultContextCache@4c131823 size = 1, maxSize = 32, parentContextCount = 0, hitCount = 286, missCount = 4, failureCount = 0]
2025-05-08T20:06:38.710+03:00 DEBUG 3976 --- [library-management] [           main] org.springframework.test.context.cache   : Spring test ApplicationContext cache statistics: [DefaultContextCache@4c131823 size = 1, maxSize = 32, parentContextCount = 0, hitCount = 287, missCount = 4, failureCount = 0]
2025-05-08T20:06:38.710+03:00 DEBUG 3976 --- [library-management] [           main] org.springframework.test.context.cache   : Spring test ApplicationContext cache statistics: [DefaultContextCache@4c131823 size = 1, maxSize = 32, parentContextCount = 0, hitCount = 288, missCount = 4, failureCount = 0]
2025-05-08T20:06:38.711+03:00 DEBUG 3976 --- [library-management] [           main] org.springframework.test.context.cache   : Spring test ApplicationContext cache statistics: [DefaultContextCache@4c131823 size = 1, maxSize = 32, parentContextCount = 0, hitCount = 289, missCount = 4, failureCount = 0]
2025-05-08T20:06:38.711+03:00 DEBUG 3976 --- [library-management] [           main] org.springframework.test.context.cache   : Spring test ApplicationContext cache statistics: [DefaultContextCache@4c131823 size = 1, maxSize = 32, parentContextCount = 0, hitCount = 290, missCount = 4, failureCount = 0]
2025-05-08T20:06:38.711+03:00 DEBUG 3976 --- [library-management] [           main] org.springframework.test.context.cache   : Spring test ApplicationContext cache statistics: [DefaultContextCache@4c131823 size = 1, maxSize = 32, parentContextCount = 0, hitCount = 291, missCount = 4, failureCount = 0]
2025-05-08T20:06:38.712+03:00 DEBUG 3976 --- [library-management] [           main] .c.s.DirtiesContextTestExecutionListener : After test method: class [RentalControllerTest], method [getOverdueRentals_returnsList], class annotated with @DirtiesContext [true] with mode [AFTER_CLASS], method annotated with @DirtiesContext [false] with mode [null]
2025-05-08T20:06:38.712+03:00 DEBUG 3976 --- [library-management] [           main] o.s.t.c.w.ServletTestExecutionListener   : Resetting RequestContextHolder for test class com.example.library_management.controller.RentalControllerTest
]]></system-out>
  </testcase>
  <testcase name="returnBook_validBookId_returnsSuccessMessage" classname="com.example.library_management.controller.RentalControllerTest" time="0.561">
    <system-out><![CDATA[2025-05-08T20:06:38.712+03:00 DEBUG 3976 --- [library-management] [           main] org.springframework.test.context.cache   : Spring test ApplicationContext cache statistics: [DefaultContextCache@4c131823 size = 1, maxSize = 32, parentContextCount = 0, hitCount = 292, missCount = 4, failureCount = 0]
2025-05-08T20:06:38.712+03:00 DEBUG 3976 --- [library-management] [           main] o.s.t.c.w.ServletTestExecutionListener   : Setting up MockHttpServletRequest, MockHttpServletResponse, ServletWebRequest, and RequestContextHolder for test class com.example.library_management.controller.RentalControllerTest
2025-05-08T20:06:38.712+03:00 DEBUG 3976 --- [library-management] [           main] DependencyInjectionTestExecutionListener : Performing dependency injection for test class com.example.library_management.controller.RentalControllerTest
2025-05-08T20:06:38.712+03:00 DEBUG 3976 --- [library-management] [           main] org.springframework.test.context.cache   : Spring test ApplicationContext cache statistics: [DefaultContextCache@4c131823 size = 1, maxSize = 32, parentContextCount = 0, hitCount = 293, missCount = 4, failureCount = 0]
2025-05-08T20:06:38.712+03:00 DEBUG 3976 --- [library-management] [           main] org.springframework.test.context.cache   : Spring test ApplicationContext cache statistics: [DefaultContextCache@4c131823 size = 1, maxSize = 32, parentContextCount = 0, hitCount = 294, missCount = 4, failureCount = 0]
2025-05-08T20:06:38.713+03:00 DEBUG 3976 --- [library-management] [           main] sContextBeforeModesTestExecutionListener : Before test method: class [RentalControllerTest], method [returnBook_validBookId_returnsSuccessMessage], class annotated with @DirtiesContext [true] with mode [AFTER_CLASS], method annotated with @DirtiesContext [false] with mode [null]
2025-05-08T20:06:38.713+03:00 DEBUG 3976 --- [library-management] [           main] org.springframework.test.context.cache   : Spring test ApplicationContext cache statistics: [DefaultContextCache@4c131823 size = 1, maxSize = 32, parentContextCount = 0, hitCount = 295, missCount = 4, failureCount = 0]
2025-05-08T20:06:38.713+03:00 DEBUG 3976 --- [library-management] [           main] org.springframework.test.context.cache   : Spring test ApplicationContext cache statistics: [DefaultContextCache@4c131823 size = 1, maxSize = 32, parentContextCount = 0, hitCount = 296, missCount = 4, failureCount = 0]
2025-05-08T20:06:38.713+03:00 DEBUG 3976 --- [library-management] [           main] org.springframework.test.context.cache   : Spring test ApplicationContext cache statistics: [DefaultContextCache@4c131823 size = 1, maxSize = 32, parentContextCount = 0, hitCount = 297, missCount = 4, failureCount = 0]
2025-05-08T20:06:38.713+03:00 DEBUG 3976 --- [library-management] [           main] org.springframework.test.context.cache   : Spring test ApplicationContext cache statistics: [DefaultContextCache@4c131823 size = 1, maxSize = 32, parentContextCount = 0, hitCount = 298, missCount = 4, failureCount = 0]
2025-05-08T20:06:38.714+03:00 DEBUG 3976 --- [library-management] [           main] org.springframework.test.context.cache   : Spring test ApplicationContext cache statistics: [DefaultContextCache@4c131823 size = 1, maxSize = 32, parentContextCount = 0, hitCount = 299, missCount = 4, failureCount = 0]
2025-05-08T20:06:38.715+03:00 DEBUG 3976 --- [library-management] [           main] org.springframework.test.context.cache   : Spring test ApplicationContext cache statistics: [DefaultContextCache@4c131823 size = 1, maxSize = 32, parentContextCount = 0, hitCount = 300, missCount = 4, failureCount = 0]
2025-05-08T20:06:38.716+03:00 DEBUG 3976 --- [library-management] [           main] o.s.test.util.ReflectionTestUtils        : Invoking method 'getFilters' on target object [FilterChainProxy[Filter Chains: null]] or target class [null] with arguments {org.springframework.mock.web.MockHttpServletRequest@5599f7a5}
2025-05-08T20:06:38.716+03:00 DEBUG 3976 --- [library-management] [           main] o.s.test.util.ReflectionTestUtils        : Invoking method 'getFilters' on target object [FilterChainProxy[Filter Chains: null]] or target class [null] with arguments {org.springframework.mock.web.MockHttpServletRequest@5599f7a5}
2025-05-08T20:06:38.716+03:00 DEBUG 3976 --- [library-management] [           main] o.s.test.util.ReflectionTestUtils        : Getting field 'securityContextRepository' from target object [org.springframework.security.web.context.SecurityContextHolderFilter@40bfd515] or target class [class org.springframework.security.web.context.SecurityContextHolderFilter]
2025-05-08T20:06:38.716+03:00 DEBUG 3976 --- [library-management] [           main] o.s.security.web.FilterChainProxy        : Securing POST /api/rentals/return/1
2025-05-08T20:06:38.716+03:00 DEBUG 3976 --- [library-management] [           main] o.s.security.web.FilterChainProxy        : Secured POST /api/rentals/return/1
2025-05-08T20:06:38.717+03:00 DEBUG 3976 --- [library-management] [           main] o.s.t.web.servlet.TestDispatcherServlet  : POST "/api/rentals/return/1", parameters={}
2025-05-08T20:06:38.717+03:00 DEBUG 3976 --- [library-management] [           main] s.w.s.m.m.a.RequestMappingHandlerMapping : Mapped to com.example.library_management.controller.RentalController#returnBook(Long)
2025-05-08T20:06:38.717+03:00 DEBUG 3976 --- [library-management] [           main] o.j.s.OpenEntityManagerInViewInterceptor : Opening JPA EntityManager in OpenEntityManagerInViewInterceptor
2025-05-08T20:06:38.718+03:00 DEBUG 3976 --- [library-management] [           main] horizationManagerBeforeMethodInterceptor : Authorizing method invocation ReflectiveMethodInvocation: public org.springframework.http.ResponseEntity com.example.library_management.controller.RentalController.returnBook(java.lang.Long); target is of class [com.example.library_management.controller.RentalController]
2025-05-08T20:06:38.718+03:00 DEBUG 3976 --- [library-management] [           main] horizationManagerBeforeMethodInterceptor : Authorized method invocation ReflectiveMethodInvocation: public org.springframework.http.ResponseEntity com.example.library_management.controller.RentalController.returnBook(java.lang.Long); target is of class [com.example.library_management.controller.RentalController]
2025-05-08T20:06:38.719+03:00 DEBUG 3976 --- [library-management] [           main] o.s.orm.jpa.JpaTransactionManager        : Found thread-bound EntityManager [SessionImpl(1199227737<open>)] for JPA transaction
2025-05-08T20:06:38.719+03:00 DEBUG 3976 --- [library-management] [           main] o.s.orm.jpa.JpaTransactionManager        : Creating new transaction with name [com.example.library_management.service.RentalService.returnBook]: PROPAGATION_REQUIRED,ISOLATION_DEFAULT
2025-05-08T20:06:38.719+03:00 DEBUG 3976 --- [library-management] [           main] o.s.j.d.DriverManagerDataSource          : Creating new JDBC DriverManager Connection to [jdbc:postgresql://localhost:5432/library_db]
2025-05-08T20:06:39.269+03:00 DEBUG 3976 --- [library-management] [           main] o.s.orm.jpa.JpaTransactionManager        : Exposing JPA transaction as JDBC [org.springframework.orm.jpa.vendor.HibernateJpaDialect$HibernateConnectionHandle@548528e1]
2025-05-08T20:06:39.269+03:00 DEBUG 3976 --- [library-management] [           main] o.s.orm.jpa.JpaTransactionManager        : Initiating transaction commit
2025-05-08T20:06:39.269+03:00 DEBUG 3976 --- [library-management] [           main] o.s.orm.jpa.JpaTransactionManager        : Committing JPA transaction on EntityManager [SessionImpl(1199227737<open>)]
2025-05-08T20:06:39.270+03:00 DEBUG 3976 --- [library-management] [           main] o.s.orm.jpa.JpaTransactionManager        : Not closing pre-bound JPA EntityManager after transaction
2025-05-08T20:06:39.270+03:00 DEBUG 3976 --- [library-management] [           main] o.s.w.s.m.m.a.HttpEntityMethodProcessor  : Using 'text/plain', given [*/*] and supported [text/plain, */*, application/json, application/*+json]
2025-05-08T20:06:39.270+03:00 DEBUG 3976 --- [library-management] [           main] o.s.w.s.m.m.a.HttpEntityMethodProcessor  : Writing ["Книга успешно возвращена"]
2025-05-08T20:06:39.270+03:00 DEBUG 3976 --- [library-management] [           main] o.j.s.OpenEntityManagerInViewInterceptor : Closing JPA EntityManager in OpenEntityManagerInViewInterceptor
2025-05-08T20:06:39.271+03:00 DEBUG 3976 --- [library-management] [           main] o.s.t.web.servlet.TestDispatcherServlet  : Completed 200 OK
2025-05-08T20:06:39.272+03:00 DEBUG 3976 --- [library-management] [           main] org.springframework.test.context.cache   : Spring test ApplicationContext cache statistics: [DefaultContextCache@4c131823 size = 1, maxSize = 32, parentContextCount = 0, hitCount = 301, missCount = 4, failureCount = 0]
2025-05-08T20:06:39.272+03:00 DEBUG 3976 --- [library-management] [           main] org.springframework.test.context.cache   : Spring test ApplicationContext cache statistics: [DefaultContextCache@4c131823 size = 1, maxSize = 32, parentContextCount = 0, hitCount = 302, missCount = 4, failureCount = 0]
2025-05-08T20:06:39.273+03:00 DEBUG 3976 --- [library-management] [           main] org.springframework.test.context.cache   : Spring test ApplicationContext cache statistics: [DefaultContextCache@4c131823 size = 1, maxSize = 32, parentContextCount = 0, hitCount = 303, missCount = 4, failureCount = 0]
2025-05-08T20:06:39.273+03:00 DEBUG 3976 --- [library-management] [           main] org.springframework.test.context.cache   : Spring test ApplicationContext cache statistics: [DefaultContextCache@4c131823 size = 1, maxSize = 32, parentContextCount = 0, hitCount = 304, missCount = 4, failureCount = 0]
2025-05-08T20:06:39.273+03:00 DEBUG 3976 --- [library-management] [           main] org.springframework.test.context.cache   : Spring test ApplicationContext cache statistics: [DefaultContextCache@4c131823 size = 1, maxSize = 32, parentContextCount = 0, hitCount = 305, missCount = 4, failureCount = 0]
2025-05-08T20:06:39.273+03:00 DEBUG 3976 --- [library-management] [           main] org.springframework.test.context.cache   : Spring test ApplicationContext cache statistics: [DefaultContextCache@4c131823 size = 1, maxSize = 32, parentContextCount = 0, hitCount = 306, missCount = 4, failureCount = 0]
2025-05-08T20:06:39.274+03:00 DEBUG 3976 --- [library-management] [           main] org.springframework.test.context.cache   : Spring test ApplicationContext cache statistics: [DefaultContextCache@4c131823 size = 1, maxSize = 32, parentContextCount = 0, hitCount = 307, missCount = 4, failureCount = 0]
2025-05-08T20:06:39.274+03:00 DEBUG 3976 --- [library-management] [           main] org.springframework.test.context.cache   : Spring test ApplicationContext cache statistics: [DefaultContextCache@4c131823 size = 1, maxSize = 32, parentContextCount = 0, hitCount = 308, missCount = 4, failureCount = 0]
2025-05-08T20:06:39.274+03:00 DEBUG 3976 --- [library-management] [           main] .c.s.DirtiesContextTestExecutionListener : After test method: class [RentalControllerTest], method [returnBook_validBookId_returnsSuccessMessage], class annotated with @DirtiesContext [true] with mode [AFTER_CLASS], method annotated with @DirtiesContext [false] with mode [null]
2025-05-08T20:06:39.274+03:00 DEBUG 3976 --- [library-management] [           main] o.s.t.c.w.ServletTestExecutionListener   : Resetting RequestContextHolder for test class com.example.library_management.controller.RentalControllerTest
]]></system-out>
  </testcase>
  <testcase name="rentBook_validUserAndBookId_returnsSuccessMessage" classname="com.example.library_management.controller.RentalControllerTest" time="0.309">
    <system-out><![CDATA[2025-05-08T20:06:39.275+03:00 DEBUG 3976 --- [library-management] [           main] org.springframework.test.context.cache   : Spring test ApplicationContext cache statistics: [DefaultContextCache@4c131823 size = 1, maxSize = 32, parentContextCount = 0, hitCount = 309, missCount = 4, failureCount = 0]
2025-05-08T20:06:39.275+03:00 DEBUG 3976 --- [library-management] [           main] o.s.t.c.w.ServletTestExecutionListener   : Setting up MockHttpServletRequest, MockHttpServletResponse, ServletWebRequest, and RequestContextHolder for test class com.example.library_management.controller.RentalControllerTest
2025-05-08T20:06:39.275+03:00 DEBUG 3976 --- [library-management] [           main] DependencyInjectionTestExecutionListener : Performing dependency injection for test class com.example.library_management.controller.RentalControllerTest
2025-05-08T20:06:39.275+03:00 DEBUG 3976 --- [library-management] [           main] org.springframework.test.context.cache   : Spring test ApplicationContext cache statistics: [DefaultContextCache@4c131823 size = 1, maxSize = 32, parentContextCount = 0, hitCount = 310, missCount = 4, failureCount = 0]
2025-05-08T20:06:39.275+03:00 DEBUG 3976 --- [library-management] [           main] org.springframework.test.context.cache   : Spring test ApplicationContext cache statistics: [DefaultContextCache@4c131823 size = 1, maxSize = 32, parentContextCount = 0, hitCount = 311, missCount = 4, failureCount = 0]
2025-05-08T20:06:39.275+03:00 DEBUG 3976 --- [library-management] [           main] sContextBeforeModesTestExecutionListener : Before test method: class [RentalControllerTest], method [rentBook_validUserAndBookId_returnsSuccessMessage], class annotated with @DirtiesContext [true] with mode [AFTER_CLASS], method annotated with @DirtiesContext [false] with mode [null]
2025-05-08T20:06:39.276+03:00 DEBUG 3976 --- [library-management] [           main] org.springframework.test.context.cache   : Spring test ApplicationContext cache statistics: [DefaultContextCache@4c131823 size = 1, maxSize = 32, parentContextCount = 0, hitCount = 312, missCount = 4, failureCount = 0]
2025-05-08T20:06:39.276+03:00 DEBUG 3976 --- [library-management] [           main] org.springframework.test.context.cache   : Spring test ApplicationContext cache statistics: [DefaultContextCache@4c131823 size = 1, maxSize = 32, parentContextCount = 0, hitCount = 313, missCount = 4, failureCount = 0]
2025-05-08T20:06:39.276+03:00 DEBUG 3976 --- [library-management] [           main] org.springframework.test.context.cache   : Spring test ApplicationContext cache statistics: [DefaultContextCache@4c131823 size = 1, maxSize = 32, parentContextCount = 0, hitCount = 314, missCount = 4, failureCount = 0]
2025-05-08T20:06:39.276+03:00 DEBUG 3976 --- [library-management] [           main] org.springframework.test.context.cache   : Spring test ApplicationContext cache statistics: [DefaultContextCache@4c131823 size = 1, maxSize = 32, parentContextCount = 0, hitCount = 315, missCount = 4, failureCount = 0]
2025-05-08T20:06:39.277+03:00 DEBUG 3976 --- [library-management] [           main] org.springframework.test.context.cache   : Spring test ApplicationContext cache statistics: [DefaultContextCache@4c131823 size = 1, maxSize = 32, parentContextCount = 0, hitCount = 316, missCount = 4, failureCount = 0]
2025-05-08T20:06:39.277+03:00 DEBUG 3976 --- [library-management] [           main] org.springframework.test.context.cache   : Spring test ApplicationContext cache statistics: [DefaultContextCache@4c131823 size = 1, maxSize = 32, parentContextCount = 0, hitCount = 317, missCount = 4, failureCount = 0]
2025-05-08T20:06:39.280+03:00 DEBUG 3976 --- [library-management] [           main] o.s.orm.jpa.JpaTransactionManager        : Creating new transaction with name [com.example.library_management.service.RentalService.rentBook]: PROPAGATION_REQUIRED,ISOLATION_DEFAULT
2025-05-08T20:06:39.280+03:00 DEBUG 3976 --- [library-management] [           main] o.s.orm.jpa.JpaTransactionManager        : Opened new EntityManager [SessionImpl(745053805<open>)] for JPA transaction
2025-05-08T20:06:39.280+03:00 DEBUG 3976 --- [library-management] [           main] o.s.j.d.DriverManagerDataSource          : Creating new JDBC DriverManager Connection to [jdbc:postgresql://localhost:5432/library_db]
2025-05-08T20:06:39.483+03:00 DEBUG 3976 --- [library-management] [           main] o.s.orm.jpa.JpaTransactionManager        : Exposing JPA transaction as JDBC [org.springframework.orm.jpa.vendor.HibernateJpaDialect$HibernateConnectionHandle@5d79fade]
2025-05-08T20:06:39.484+03:00 DEBUG 3976 --- [library-management] [           main] o.s.orm.jpa.JpaTransactionManager        : Initiating transaction commit
2025-05-08T20:06:39.484+03:00 DEBUG 3976 --- [library-management] [           main] o.s.orm.jpa.JpaTransactionManager        : Committing JPA transaction on EntityManager [SessionImpl(745053805<open>)]
2025-05-08T20:06:39.484+03:00 DEBUG 3976 --- [library-management] [           main] o.s.orm.jpa.JpaTransactionManager        : Closing JPA EntityManager [SessionImpl(745053805<open>)] after transaction
2025-05-08T20:06:39.485+03:00 DEBUG 3976 --- [library-management] [           main] o.s.test.util.ReflectionTestUtils        : Invoking method 'getFilters' on target object [FilterChainProxy[Filter Chains: null]] or target class [null] with arguments {org.springframework.mock.web.MockHttpServletRequest@33966111}
2025-05-08T20:06:39.485+03:00 DEBUG 3976 --- [library-management] [           main] o.s.test.util.ReflectionTestUtils        : Invoking method 'getFilters' on target object [FilterChainProxy[Filter Chains: null]] or target class [null] with arguments {org.springframework.mock.web.MockHttpServletRequest@33966111}
2025-05-08T20:06:39.485+03:00 DEBUG 3976 --- [library-management] [           main] o.s.test.util.ReflectionTestUtils        : Getting field 'securityContextRepository' from target object [org.springframework.security.web.context.SecurityContextHolderFilter@40bfd515] or target class [class org.springframework.security.web.context.SecurityContextHolderFilter]
2025-05-08T20:06:39.485+03:00 DEBUG 3976 --- [library-management] [           main] o.s.security.web.FilterChainProxy        : Securing POST /api/rentals/rent/89
2025-05-08T20:06:39.485+03:00 DEBUG 3976 --- [library-management] [           main] o.s.security.web.FilterChainProxy        : Secured POST /api/rentals/rent/89
2025-05-08T20:06:39.485+03:00 DEBUG 3976 --- [library-management] [           main] o.s.t.web.servlet.TestDispatcherServlet  : POST "/api/rentals/rent/89", parameters={}
2025-05-08T20:06:39.486+03:00 DEBUG 3976 --- [library-management] [           main] s.w.s.m.m.a.RequestMappingHandlerMapping : Mapped to com.example.library_management.controller.RentalController#rentBook(Long, Authentication)
2025-05-08T20:06:39.486+03:00 DEBUG 3976 --- [library-management] [           main] o.j.s.OpenEntityManagerInViewInterceptor : Opening JPA EntityManager in OpenEntityManagerInViewInterceptor
2025-05-08T20:06:39.487+03:00 DEBUG 3976 --- [library-management] [           main] horizationManagerBeforeMethodInterceptor : Authorizing method invocation ReflectiveMethodInvocation: public org.springframework.http.ResponseEntity com.example.library_management.controller.RentalController.rentBook(java.lang.Long,org.springframework.security.core.Authentication); target is of class [com.example.library_management.controller.RentalController]
2025-05-08T20:06:39.488+03:00 DEBUG 3976 --- [library-management] [           main] horizationManagerBeforeMethodInterceptor : Authorized method invocation ReflectiveMethodInvocation: public org.springframework.http.ResponseEntity com.example.library_management.controller.RentalController.rentBook(java.lang.Long,org.springframework.security.core.Authentication); target is of class [com.example.library_management.controller.RentalController]
2025-05-08T20:06:39.489+03:00 DEBUG 3976 --- [library-management] [           main] o.s.orm.jpa.JpaTransactionManager        : Found thread-bound EntityManager [SessionImpl(1431128150<open>)] for JPA transaction
2025-05-08T20:06:39.489+03:00 DEBUG 3976 --- [library-management] [           main] o.s.orm.jpa.JpaTransactionManager        : Creating new transaction with name [com.example.library_management.service.RentalService.rentBook]: PROPAGATION_REQUIRED,ISOLATION_DEFAULT
2025-05-08T20:06:39.489+03:00 DEBUG 3976 --- [library-management] [           main] o.s.j.d.DriverManagerDataSource          : Creating new JDBC DriverManager Connection to [jdbc:postgresql://localhost:5432/library_db]
2025-05-08T20:06:39.579+03:00 DEBUG 3976 --- [library-management] [           main] o.s.orm.jpa.JpaTransactionManager        : Exposing JPA transaction as JDBC [org.springframework.orm.jpa.vendor.HibernateJpaDialect$HibernateConnectionHandle@46cd3592]
2025-05-08T20:06:39.579+03:00 DEBUG 3976 --- [library-management] [           main] o.s.orm.jpa.JpaTransactionManager        : Initiating transaction commit
2025-05-08T20:06:39.579+03:00 DEBUG 3976 --- [library-management] [           main] o.s.orm.jpa.JpaTransactionManager        : Committing JPA transaction on EntityManager [SessionImpl(1431128150<open>)]
2025-05-08T20:06:39.579+03:00 DEBUG 3976 --- [library-management] [           main] o.s.orm.jpa.JpaTransactionManager        : Not closing pre-bound JPA EntityManager after transaction
2025-05-08T20:06:39.579+03:00  INFO 3976 --- [library-management] [           main] c.e.l.controller.RentalController        : Пользователь 'user1' арендовал книгу ID '89'
2025-05-08T20:06:39.580+03:00 DEBUG 3976 --- [library-management] [           main] o.s.w.s.m.m.a.HttpEntityMethodProcessor  : Using 'text/plain', given [*/*] and supported [text/plain, */*, application/json, application/*+json]
2025-05-08T20:06:39.580+03:00 DEBUG 3976 --- [library-management] [           main] o.s.w.s.m.m.a.HttpEntityMethodProcessor  : Writing ["Книга успешно арендована"]
2025-05-08T20:06:39.580+03:00 DEBUG 3976 --- [library-management] [           main] o.j.s.OpenEntityManagerInViewInterceptor : Closing JPA EntityManager in OpenEntityManagerInViewInterceptor
2025-05-08T20:06:39.581+03:00 DEBUG 3976 --- [library-management] [           main] o.s.t.web.servlet.TestDispatcherServlet  : Completed 200 OK
2025-05-08T20:06:39.581+03:00 DEBUG 3976 --- [library-management] [           main] org.springframework.test.context.cache   : Spring test ApplicationContext cache statistics: [DefaultContextCache@4c131823 size = 1, maxSize = 32, parentContextCount = 0, hitCount = 318, missCount = 4, failureCount = 0]
2025-05-08T20:06:39.582+03:00 DEBUG 3976 --- [library-management] [           main] org.springframework.test.context.cache   : Spring test ApplicationContext cache statistics: [DefaultContextCache@4c131823 size = 1, maxSize = 32, parentContextCount = 0, hitCount = 319, missCount = 4, failureCount = 0]
2025-05-08T20:06:39.582+03:00 DEBUG 3976 --- [library-management] [           main] org.springframework.test.context.cache   : Spring test ApplicationContext cache statistics: [DefaultContextCache@4c131823 size = 1, maxSize = 32, parentContextCount = 0, hitCount = 320, missCount = 4, failureCount = 0]
2025-05-08T20:06:39.582+03:00 DEBUG 3976 --- [library-management] [           main] org.springframework.test.context.cache   : Spring test ApplicationContext cache statistics: [DefaultContextCache@4c131823 size = 1, maxSize = 32, parentContextCount = 0, hitCount = 321, missCount = 4, failureCount = 0]
2025-05-08T20:06:39.583+03:00 DEBUG 3976 --- [library-management] [           main] org.springframework.test.context.cache   : Spring test ApplicationContext cache statistics: [DefaultContextCache@4c131823 size = 1, maxSize = 32, parentContextCount = 0, hitCount = 322, missCount = 4, failureCount = 0]
2025-05-08T20:06:39.583+03:00 DEBUG 3976 --- [library-management] [           main] org.springframework.test.context.cache   : Spring test ApplicationContext cache statistics: [DefaultContextCache@4c131823 size = 1, maxSize = 32, parentContextCount = 0, hitCount = 323, missCount = 4, failureCount = 0]
2025-05-08T20:06:39.584+03:00 DEBUG 3976 --- [library-management] [           main] org.springframework.test.context.cache   : Spring test ApplicationContext cache statistics: [DefaultContextCache@4c131823 size = 1, maxSize = 32, parentContextCount = 0, hitCount = 324, missCount = 4, failureCount = 0]
2025-05-08T20:06:39.584+03:00 DEBUG 3976 --- [library-management] [           main] org.springframework.test.context.cache   : Spring test ApplicationContext cache statistics: [DefaultContextCache@4c131823 size = 1, maxSize = 32, parentContextCount = 0, hitCount = 325, missCount = 4, failureCount = 0]
2025-05-08T20:06:39.584+03:00 DEBUG 3976 --- [library-management] [           main] .c.s.DirtiesContextTestExecutionListener : After test method: class [RentalControllerTest], method [rentBook_validUserAndBookId_returnsSuccessMessage], class annotated with @DirtiesContext [true] with mode [AFTER_CLASS], method annotated with @DirtiesContext [false] with mode [null]
2025-05-08T20:06:39.584+03:00 DEBUG 3976 --- [library-management] [           main] o.s.t.c.w.ServletTestExecutionListener   : Resetting RequestContextHolder for test class com.example.library_management.controller.RentalControllerTest
]]></system-out>
  </testcase>
  <testcase name="getRentalsByUser_userFound_returnsRentals" classname="com.example.library_management.controller.RentalControllerTest" time="0.011">
    <system-out><![CDATA[2025-05-08T20:06:39.585+03:00 DEBUG 3976 --- [library-management] [           main] org.springframework.test.context.cache   : Spring test ApplicationContext cache statistics: [DefaultContextCache@4c131823 size = 1, maxSize = 32, parentContextCount = 0, hitCount = 326, missCount = 4, failureCount = 0]
2025-05-08T20:06:39.585+03:00 DEBUG 3976 --- [library-management] [           main] o.s.t.c.w.ServletTestExecutionListener   : Setting up MockHttpServletRequest, MockHttpServletResponse, ServletWebRequest, and RequestContextHolder for test class com.example.library_management.controller.RentalControllerTest
2025-05-08T20:06:39.585+03:00 DEBUG 3976 --- [library-management] [           main] DependencyInjectionTestExecutionListener : Performing dependency injection for test class com.example.library_management.controller.RentalControllerTest
2025-05-08T20:06:39.585+03:00 DEBUG 3976 --- [library-management] [           main] org.springframework.test.context.cache   : Spring test ApplicationContext cache statistics: [DefaultContextCache@4c131823 size = 1, maxSize = 32, parentContextCount = 0, hitCount = 327, missCount = 4, failureCount = 0]
2025-05-08T20:06:39.585+03:00 DEBUG 3976 --- [library-management] [           main] org.springframework.test.context.cache   : Spring test ApplicationContext cache statistics: [DefaultContextCache@4c131823 size = 1, maxSize = 32, parentContextCount = 0, hitCount = 328, missCount = 4, failureCount = 0]
2025-05-08T20:06:39.586+03:00 DEBUG 3976 --- [library-management] [           main] sContextBeforeModesTestExecutionListener : Before test method: class [RentalControllerTest], method [getRentalsByUser_userFound_returnsRentals], class annotated with @DirtiesContext [true] with mode [AFTER_CLASS], method annotated with @DirtiesContext [false] with mode [null]
2025-05-08T20:06:39.586+03:00 DEBUG 3976 --- [library-management] [           main] org.springframework.test.context.cache   : Spring test ApplicationContext cache statistics: [DefaultContextCache@4c131823 size = 1, maxSize = 32, parentContextCount = 0, hitCount = 329, missCount = 4, failureCount = 0]
2025-05-08T20:06:39.586+03:00 DEBUG 3976 --- [library-management] [           main] org.springframework.test.context.cache   : Spring test ApplicationContext cache statistics: [DefaultContextCache@4c131823 size = 1, maxSize = 32, parentContextCount = 0, hitCount = 330, missCount = 4, failureCount = 0]
2025-05-08T20:06:39.586+03:00 DEBUG 3976 --- [library-management] [           main] org.springframework.test.context.cache   : Spring test ApplicationContext cache statistics: [DefaultContextCache@4c131823 size = 1, maxSize = 32, parentContextCount = 0, hitCount = 331, missCount = 4, failureCount = 0]
2025-05-08T20:06:39.586+03:00 DEBUG 3976 --- [library-management] [           main] org.springframework.test.context.cache   : Spring test ApplicationContext cache statistics: [DefaultContextCache@4c131823 size = 1, maxSize = 32, parentContextCount = 0, hitCount = 332, missCount = 4, failureCount = 0]
2025-05-08T20:06:39.587+03:00 DEBUG 3976 --- [library-management] [           main] org.springframework.test.context.cache   : Spring test ApplicationContext cache statistics: [DefaultContextCache@4c131823 size = 1, maxSize = 32, parentContextCount = 0, hitCount = 333, missCount = 4, failureCount = 0]
2025-05-08T20:06:39.588+03:00 DEBUG 3976 --- [library-management] [           main] org.springframework.test.context.cache   : Spring test ApplicationContext cache statistics: [DefaultContextCache@4c131823 size = 1, maxSize = 32, parentContextCount = 0, hitCount = 334, missCount = 4, failureCount = 0]
2025-05-08T20:06:39.589+03:00 DEBUG 3976 --- [library-management] [           main] o.s.test.util.ReflectionTestUtils        : Invoking method 'getFilters' on target object [FilterChainProxy[Filter Chains: null]] or target class [null] with arguments {org.springframework.mock.web.MockHttpServletRequest@ec7c39b}
2025-05-08T20:06:39.589+03:00 DEBUG 3976 --- [library-management] [           main] o.s.test.util.ReflectionTestUtils        : Invoking method 'getFilters' on target object [FilterChainProxy[Filter Chains: null]] or target class [null] with arguments {org.springframework.mock.web.MockHttpServletRequest@ec7c39b}
2025-05-08T20:06:39.589+03:00 DEBUG 3976 --- [library-management] [           main] o.s.test.util.ReflectionTestUtils        : Getting field 'securityContextRepository' from target object [org.springframework.security.web.context.SecurityContextHolderFilter@40bfd515] or target class [class org.springframework.security.web.context.SecurityContextHolderFilter]
2025-05-08T20:06:39.589+03:00 DEBUG 3976 --- [library-management] [           main] o.s.security.web.FilterChainProxy        : Securing GET /api/rentals/user/10
2025-05-08T20:06:39.590+03:00 DEBUG 3976 --- [library-management] [           main] o.s.security.web.FilterChainProxy        : Secured GET /api/rentals/user/10
2025-05-08T20:06:39.590+03:00 DEBUG 3976 --- [library-management] [           main] o.s.t.web.servlet.TestDispatcherServlet  : GET "/api/rentals/user/10", parameters={}
2025-05-08T20:06:39.590+03:00 DEBUG 3976 --- [library-management] [           main] s.w.s.m.m.a.RequestMappingHandlerMapping : Mapped to com.example.library_management.controller.RentalController#getRentalsByUser(Long)
2025-05-08T20:06:39.590+03:00 DEBUG 3976 --- [library-management] [           main] o.j.s.OpenEntityManagerInViewInterceptor : Opening JPA EntityManager in OpenEntityManagerInViewInterceptor
2025-05-08T20:06:39.590+03:00 DEBUG 3976 --- [library-management] [           main] horizationManagerBeforeMethodInterceptor : Authorizing method invocation ReflectiveMethodInvocation: public org.springframework.http.ResponseEntity com.example.library_management.controller.RentalController.getRentalsByUser(java.lang.Long); target is of class [com.example.library_management.controller.RentalController]
2025-05-08T20:06:39.591+03:00 DEBUG 3976 --- [library-management] [           main] horizationManagerBeforeMethodInterceptor : Authorized method invocation ReflectiveMethodInvocation: public org.springframework.http.ResponseEntity com.example.library_management.controller.RentalController.getRentalsByUser(java.lang.Long); target is of class [com.example.library_management.controller.RentalController]
2025-05-08T20:06:39.591+03:00  INFO 3976 --- [library-management] [           main] c.e.l.controller.RentalController        : Получены аренды для пользователя с ID '10'. Найдено 1 аренд.
2025-05-08T20:06:39.593+03:00 DEBUG 3976 --- [library-management] [           main] o.s.w.s.m.m.a.HttpEntityMethodProcessor  : Using 'application/json', given [*/*] and supported [application/json, application/*+json]
2025-05-08T20:06:39.593+03:00 DEBUG 3976 --- [library-management] [           main] o.s.w.s.m.m.a.HttpEntityMethodProcessor  : Writing [[com.example.library_management.dto.RentalDTO@18b0bbc3]]
2025-05-08T20:06:39.593+03:00 DEBUG 3976 --- [library-management] [           main] o.j.s.OpenEntityManagerInViewInterceptor : Closing JPA EntityManager in OpenEntityManagerInViewInterceptor
2025-05-08T20:06:39.593+03:00 DEBUG 3976 --- [library-management] [           main] o.s.t.web.servlet.TestDispatcherServlet  : Completed 200 OK
2025-05-08T20:06:39.594+03:00 DEBUG 3976 --- [library-management] [           main] org.springframework.test.context.cache   : Spring test ApplicationContext cache statistics: [DefaultContextCache@4c131823 size = 1, maxSize = 32, parentContextCount = 0, hitCount = 335, missCount = 4, failureCount = 0]
2025-05-08T20:06:39.594+03:00 DEBUG 3976 --- [library-management] [           main] org.springframework.test.context.cache   : Spring test ApplicationContext cache statistics: [DefaultContextCache@4c131823 size = 1, maxSize = 32, parentContextCount = 0, hitCount = 336, missCount = 4, failureCount = 0]
2025-05-08T20:06:39.595+03:00 DEBUG 3976 --- [library-management] [           main] org.springframework.test.context.cache   : Spring test ApplicationContext cache statistics: [DefaultContextCache@4c131823 size = 1, maxSize = 32, parentContextCount = 0, hitCount = 337, missCount = 4, failureCount = 0]
2025-05-08T20:06:39.595+03:00 DEBUG 3976 --- [library-management] [           main] org.springframework.test.context.cache   : Spring test ApplicationContext cache statistics: [DefaultContextCache@4c131823 size = 1, maxSize = 32, parentContextCount = 0, hitCount = 338, missCount = 4, failureCount = 0]
2025-05-08T20:06:39.595+03:00 DEBUG 3976 --- [library-management] [           main] org.springframework.test.context.cache   : Spring test ApplicationContext cache statistics: [DefaultContextCache@4c131823 size = 1, maxSize = 32, parentContextCount = 0, hitCount = 339, missCount = 4, failureCount = 0]
2025-05-08T20:06:39.595+03:00 DEBUG 3976 --- [library-management] [           main] org.springframework.test.context.cache   : Spring test ApplicationContext cache statistics: [DefaultContextCache@4c131823 size = 1, maxSize = 32, parentContextCount = 0, hitCount = 340, missCount = 4, failureCount = 0]
2025-05-08T20:06:39.596+03:00 DEBUG 3976 --- [library-management] [           main] org.springframework.test.context.cache   : Spring test ApplicationContext cache statistics: [DefaultContextCache@4c131823 size = 1, maxSize = 32, parentContextCount = 0, hitCount = 341, missCount = 4, failureCount = 0]
2025-05-08T20:06:39.596+03:00 DEBUG 3976 --- [library-management] [           main] org.springframework.test.context.cache   : Spring test ApplicationContext cache statistics: [DefaultContextCache@4c131823 size = 1, maxSize = 32, parentContextCount = 0, hitCount = 342, missCount = 4, failureCount = 0]
2025-05-08T20:06:39.596+03:00 DEBUG 3976 --- [library-management] [           main] .c.s.DirtiesContextTestExecutionListener : After test method: class [RentalControllerTest], method [getRentalsByUser_userFound_returnsRentals], class annotated with @DirtiesContext [true] with mode [AFTER_CLASS], method annotated with @DirtiesContext [false] with mode [null]
2025-05-08T20:06:39.596+03:00 DEBUG 3976 --- [library-management] [           main] o.s.t.c.w.ServletTestExecutionListener   : Resetting RequestContextHolder for test class com.example.library_management.controller.RentalControllerTest
]]></system-out>
  </testcase>
  <testcase name="getAllRentals_returnsRentalDTOList" classname="com.example.library_management.controller.RentalControllerTest" time="0.009">
    <system-out><![CDATA[2025-05-08T20:06:39.596+03:00 DEBUG 3976 --- [library-management] [           main] org.springframework.test.context.cache   : Spring test ApplicationContext cache statistics: [DefaultContextCache@4c131823 size = 1, maxSize = 32, parentContextCount = 0, hitCount = 343, missCount = 4, failureCount = 0]
2025-05-08T20:06:39.596+03:00 DEBUG 3976 --- [library-management] [           main] o.s.t.c.w.ServletTestExecutionListener   : Setting up MockHttpServletRequest, MockHttpServletResponse, ServletWebRequest, and RequestContextHolder for test class com.example.library_management.controller.RentalControllerTest
2025-05-08T20:06:39.596+03:00 DEBUG 3976 --- [library-management] [           main] DependencyInjectionTestExecutionListener : Performing dependency injection for test class com.example.library_management.controller.RentalControllerTest
2025-05-08T20:06:39.596+03:00 DEBUG 3976 --- [library-management] [           main] org.springframework.test.context.cache   : Spring test ApplicationContext cache statistics: [DefaultContextCache@4c131823 size = 1, maxSize = 32, parentContextCount = 0, hitCount = 344, missCount = 4, failureCount = 0]
2025-05-08T20:06:39.597+03:00 DEBUG 3976 --- [library-management] [           main] org.springframework.test.context.cache   : Spring test ApplicationContext cache statistics: [DefaultContextCache@4c131823 size = 1, maxSize = 32, parentContextCount = 0, hitCount = 345, missCount = 4, failureCount = 0]
2025-05-08T20:06:39.597+03:00 DEBUG 3976 --- [library-management] [           main] sContextBeforeModesTestExecutionListener : Before test method: class [RentalControllerTest], method [getAllRentals_returnsRentalDTOList], class annotated with @DirtiesContext [true] with mode [AFTER_CLASS], method annotated with @DirtiesContext [false] with mode [null]
2025-05-08T20:06:39.597+03:00 DEBUG 3976 --- [library-management] [           main] org.springframework.test.context.cache   : Spring test ApplicationContext cache statistics: [DefaultContextCache@4c131823 size = 1, maxSize = 32, parentContextCount = 0, hitCount = 346, missCount = 4, failureCount = 0]
2025-05-08T20:06:39.597+03:00 DEBUG 3976 --- [library-management] [           main] org.springframework.test.context.cache   : Spring test ApplicationContext cache statistics: [DefaultContextCache@4c131823 size = 1, maxSize = 32, parentContextCount = 0, hitCount = 347, missCount = 4, failureCount = 0]
2025-05-08T20:06:39.597+03:00 DEBUG 3976 --- [library-management] [           main] org.springframework.test.context.cache   : Spring test ApplicationContext cache statistics: [DefaultContextCache@4c131823 size = 1, maxSize = 32, parentContextCount = 0, hitCount = 348, missCount = 4, failureCount = 0]
2025-05-08T20:06:39.598+03:00 DEBUG 3976 --- [library-management] [           main] org.springframework.test.context.cache   : Spring test ApplicationContext cache statistics: [DefaultContextCache@4c131823 size = 1, maxSize = 32, parentContextCount = 0, hitCount = 349, missCount = 4, failureCount = 0]
2025-05-08T20:06:39.598+03:00 DEBUG 3976 --- [library-management] [           main] org.springframework.test.context.cache   : Spring test ApplicationContext cache statistics: [DefaultContextCache@4c131823 size = 1, maxSize = 32, parentContextCount = 0, hitCount = 350, missCount = 4, failureCount = 0]
2025-05-08T20:06:39.599+03:00 DEBUG 3976 --- [library-management] [           main] org.springframework.test.context.cache   : Spring test ApplicationContext cache statistics: [DefaultContextCache@4c131823 size = 1, maxSize = 32, parentContextCount = 0, hitCount = 351, missCount = 4, failureCount = 0]
2025-05-08T20:06:39.600+03:00 DEBUG 3976 --- [library-management] [           main] o.s.test.util.ReflectionTestUtils        : Invoking method 'getFilters' on target object [FilterChainProxy[Filter Chains: null]] or target class [null] with arguments {org.springframework.mock.web.MockHttpServletRequest@3d705231}
2025-05-08T20:06:39.600+03:00 DEBUG 3976 --- [library-management] [           main] o.s.test.util.ReflectionTestUtils        : Invoking method 'getFilters' on target object [FilterChainProxy[Filter Chains: null]] or target class [null] with arguments {org.springframework.mock.web.MockHttpServletRequest@3d705231}
2025-05-08T20:06:39.600+03:00 DEBUG 3976 --- [library-management] [           main] o.s.test.util.ReflectionTestUtils        : Getting field 'securityContextRepository' from target object [org.springframework.security.web.context.SecurityContextHolderFilter@40bfd515] or target class [class org.springframework.security.web.context.SecurityContextHolderFilter]
2025-05-08T20:06:39.600+03:00 DEBUG 3976 --- [library-management] [           main] o.s.security.web.FilterChainProxy        : Securing GET /api/rentals/all
2025-05-08T20:06:39.601+03:00 DEBUG 3976 --- [library-management] [           main] o.s.security.web.FilterChainProxy        : Secured GET /api/rentals/all
2025-05-08T20:06:39.601+03:00 DEBUG 3976 --- [library-management] [           main] o.s.t.web.servlet.TestDispatcherServlet  : GET "/api/rentals/all", parameters={}
2025-05-08T20:06:39.601+03:00 DEBUG 3976 --- [library-management] [           main] s.w.s.m.m.a.RequestMappingHandlerMapping : Mapped to com.example.library_management.controller.RentalController#getAllRentals()
2025-05-08T20:06:39.601+03:00 DEBUG 3976 --- [library-management] [           main] o.j.s.OpenEntityManagerInViewInterceptor : Opening JPA EntityManager in OpenEntityManagerInViewInterceptor
2025-05-08T20:06:39.601+03:00 DEBUG 3976 --- [library-management] [           main] horizationManagerBeforeMethodInterceptor : Authorizing method invocation ReflectiveMethodInvocation: public org.springframework.http.ResponseEntity com.example.library_management.controller.RentalController.getAllRentals(); target is of class [com.example.library_management.controller.RentalController]
2025-05-08T20:06:39.601+03:00 DEBUG 3976 --- [library-management] [           main] horizationManagerBeforeMethodInterceptor : Authorized method invocation ReflectiveMethodInvocation: public org.springframework.http.ResponseEntity com.example.library_management.controller.RentalController.getAllRentals(); target is of class [com.example.library_management.controller.RentalController]
2025-05-08T20:06:39.602+03:00  INFO 3976 --- [library-management] [           main] c.e.l.controller.RentalController        : Получено 1 аренд из базы данных
2025-05-08T20:06:39.603+03:00 DEBUG 3976 --- [library-management] [           main] o.s.w.s.m.m.a.HttpEntityMethodProcessor  : Using 'application/json', given [*/*] and supported [application/json, application/*+json]
2025-05-08T20:06:39.603+03:00 DEBUG 3976 --- [library-management] [           main] o.s.w.s.m.m.a.HttpEntityMethodProcessor  : Writing [[com.example.library_management.dto.RentalDTO@76ec6ae0]]
2025-05-08T20:06:39.603+03:00 DEBUG 3976 --- [library-management] [           main] o.j.s.OpenEntityManagerInViewInterceptor : Closing JPA EntityManager in OpenEntityManagerInViewInterceptor
2025-05-08T20:06:39.603+03:00 DEBUG 3976 --- [library-management] [           main] o.s.t.web.servlet.TestDispatcherServlet  : Completed 200 OK
2025-05-08T20:06:39.604+03:00 DEBUG 3976 --- [library-management] [           main] org.springframework.test.context.cache   : Spring test ApplicationContext cache statistics: [DefaultContextCache@4c131823 size = 1, maxSize = 32, parentContextCount = 0, hitCount = 352, missCount = 4, failureCount = 0]
2025-05-08T20:06:39.604+03:00 DEBUG 3976 --- [library-management] [           main] org.springframework.test.context.cache   : Spring test ApplicationContext cache statistics: [DefaultContextCache@4c131823 size = 1, maxSize = 32, parentContextCount = 0, hitCount = 353, missCount = 4, failureCount = 0]
2025-05-08T20:06:39.605+03:00 DEBUG 3976 --- [library-management] [           main] org.springframework.test.context.cache   : Spring test ApplicationContext cache statistics: [DefaultContextCache@4c131823 size = 1, maxSize = 32, parentContextCount = 0, hitCount = 354, missCount = 4, failureCount = 0]
2025-05-08T20:06:39.605+03:00 DEBUG 3976 --- [library-management] [           main] org.springframework.test.context.cache   : Spring test ApplicationContext cache statistics: [DefaultContextCache@4c131823 size = 1, maxSize = 32, parentContextCount = 0, hitCount = 355, missCount = 4, failureCount = 0]
2025-05-08T20:06:39.605+03:00 DEBUG 3976 --- [library-management] [           main] org.springframework.test.context.cache   : Spring test ApplicationContext cache statistics: [DefaultContextCache@4c131823 size = 1, maxSize = 32, parentContextCount = 0, hitCount = 356, missCount = 4, failureCount = 0]
2025-05-08T20:06:39.605+03:00 DEBUG 3976 --- [library-management] [           main] org.springframework.test.context.cache   : Spring test ApplicationContext cache statistics: [DefaultContextCache@4c131823 size = 1, maxSize = 32, parentContextCount = 0, hitCount = 357, missCount = 4, failureCount = 0]
2025-05-08T20:06:39.606+03:00 DEBUG 3976 --- [library-management] [           main] org.springframework.test.context.cache   : Spring test ApplicationContext cache statistics: [DefaultContextCache@4c131823 size = 1, maxSize = 32, parentContextCount = 0, hitCount = 358, missCount = 4, failureCount = 0]
2025-05-08T20:06:39.606+03:00 DEBUG 3976 --- [library-management] [           main] org.springframework.test.context.cache   : Spring test ApplicationContext cache statistics: [DefaultContextCache@4c131823 size = 1, maxSize = 32, parentContextCount = 0, hitCount = 359, missCount = 4, failureCount = 0]
2025-05-08T20:06:39.606+03:00 DEBUG 3976 --- [library-management] [           main] .c.s.DirtiesContextTestExecutionListener : After test method: class [RentalControllerTest], method [getAllRentals_returnsRentalDTOList], class annotated with @DirtiesContext [true] with mode [AFTER_CLASS], method annotated with @DirtiesContext [false] with mode [null]
2025-05-08T20:06:39.606+03:00 DEBUG 3976 --- [library-management] [           main] o.s.t.c.w.ServletTestExecutionListener   : Resetting RequestContextHolder for test class com.example.library_management.controller.RentalControllerTest
]]></system-out>
  </testcase>
  <testcase name="getRentalsByBook_notFound_returns404" classname="com.example.library_management.controller.RentalControllerTest" time="0.019">
    <system-out><![CDATA[2025-05-08T20:06:39.607+03:00 DEBUG 3976 --- [library-management] [           main] org.springframework.test.context.cache   : Spring test ApplicationContext cache statistics: [DefaultContextCache@4c131823 size = 1, maxSize = 32, parentContextCount = 0, hitCount = 360, missCount = 4, failureCount = 0]
2025-05-08T20:06:39.607+03:00 DEBUG 3976 --- [library-management] [           main] o.s.t.c.w.ServletTestExecutionListener   : Setting up MockHttpServletRequest, MockHttpServletResponse, ServletWebRequest, and RequestContextHolder for test class com.example.library_management.controller.RentalControllerTest
2025-05-08T20:06:39.607+03:00 DEBUG 3976 --- [library-management] [           main] DependencyInjectionTestExecutionListener : Performing dependency injection for test class com.example.library_management.controller.RentalControllerTest
2025-05-08T20:06:39.607+03:00 DEBUG 3976 --- [library-management] [           main] org.springframework.test.context.cache   : Spring test ApplicationContext cache statistics: [DefaultContextCache@4c131823 size = 1, maxSize = 32, parentContextCount = 0, hitCount = 361, missCount = 4, failureCount = 0]
2025-05-08T20:06:39.607+03:00 DEBUG 3976 --- [library-management] [           main] org.springframework.test.context.cache   : Spring test ApplicationContext cache statistics: [DefaultContextCache@4c131823 size = 1, maxSize = 32, parentContextCount = 0, hitCount = 362, missCount = 4, failureCount = 0]
2025-05-08T20:06:39.607+03:00 DEBUG 3976 --- [library-management] [           main] sContextBeforeModesTestExecutionListener : Before test method: class [RentalControllerTest], method [getRentalsByBook_notFound_returns404], class annotated with @DirtiesContext [true] with mode [AFTER_CLASS], method annotated with @DirtiesContext [false] with mode [null]
2025-05-08T20:06:39.608+03:00 DEBUG 3976 --- [library-management] [           main] org.springframework.test.context.cache   : Spring test ApplicationContext cache statistics: [DefaultContextCache@4c131823 size = 1, maxSize = 32, parentContextCount = 0, hitCount = 363, missCount = 4, failureCount = 0]
2025-05-08T20:06:39.608+03:00 DEBUG 3976 --- [library-management] [           main] org.springframework.test.context.cache   : Spring test ApplicationContext cache statistics: [DefaultContextCache@4c131823 size = 1, maxSize = 32, parentContextCount = 0, hitCount = 364, missCount = 4, failureCount = 0]
2025-05-08T20:06:39.608+03:00 DEBUG 3976 --- [library-management] [           main] org.springframework.test.context.cache   : Spring test ApplicationContext cache statistics: [DefaultContextCache@4c131823 size = 1, maxSize = 32, parentContextCount = 0, hitCount = 365, missCount = 4, failureCount = 0]
2025-05-08T20:06:39.608+03:00 DEBUG 3976 --- [library-management] [           main] org.springframework.test.context.cache   : Spring test ApplicationContext cache statistics: [DefaultContextCache@4c131823 size = 1, maxSize = 32, parentContextCount = 0, hitCount = 366, missCount = 4, failureCount = 0]
2025-05-08T20:06:39.609+03:00 DEBUG 3976 --- [library-management] [           main] org.springframework.test.context.cache   : Spring test ApplicationContext cache statistics: [DefaultContextCache@4c131823 size = 1, maxSize = 32, parentContextCount = 0, hitCount = 367, missCount = 4, failureCount = 0]
2025-05-08T20:06:39.609+03:00 DEBUG 3976 --- [library-management] [           main] org.springframework.test.context.cache   : Spring test ApplicationContext cache statistics: [DefaultContextCache@4c131823 size = 1, maxSize = 32, parentContextCount = 0, hitCount = 368, missCount = 4, failureCount = 0]
2025-05-08T20:06:39.610+03:00 DEBUG 3976 --- [library-management] [           main] o.s.test.util.ReflectionTestUtils        : Invoking method 'getFilters' on target object [FilterChainProxy[Filter Chains: null]] or target class [null] with arguments {org.springframework.mock.web.MockHttpServletRequest@3baed0a9}
2025-05-08T20:06:39.610+03:00 DEBUG 3976 --- [library-management] [           main] o.s.test.util.ReflectionTestUtils        : Invoking method 'getFilters' on target object [FilterChainProxy[Filter Chains: null]] or target class [null] with arguments {org.springframework.mock.web.MockHttpServletRequest@3baed0a9}
2025-05-08T20:06:39.610+03:00 DEBUG 3976 --- [library-management] [           main] o.s.test.util.ReflectionTestUtils        : Getting field 'securityContextRepository' from target object [org.springframework.security.web.context.SecurityContextHolderFilter@40bfd515] or target class [class org.springframework.security.web.context.SecurityContextHolderFilter]
2025-05-08T20:06:39.611+03:00 DEBUG 3976 --- [library-management] [           main] o.s.security.web.FilterChainProxy        : Securing GET /api/rentals/book/777
2025-05-08T20:06:39.611+03:00 DEBUG 3976 --- [library-management] [           main] o.s.security.web.FilterChainProxy        : Secured GET /api/rentals/book/777
2025-05-08T20:06:39.611+03:00 DEBUG 3976 --- [library-management] [           main] o.s.t.web.servlet.TestDispatcherServlet  : GET "/api/rentals/book/777", parameters={}
2025-05-08T20:06:39.611+03:00 DEBUG 3976 --- [library-management] [           main] s.w.s.m.m.a.RequestMappingHandlerMapping : Mapped to com.example.library_management.controller.RentalController#getRentalsByBook(Long)
2025-05-08T20:06:39.611+03:00 DEBUG 3976 --- [library-management] [           main] o.j.s.OpenEntityManagerInViewInterceptor : Opening JPA EntityManager in OpenEntityManagerInViewInterceptor
2025-05-08T20:06:39.612+03:00 DEBUG 3976 --- [library-management] [           main] horizationManagerBeforeMethodInterceptor : Authorizing method invocation ReflectiveMethodInvocation: public org.springframework.http.ResponseEntity com.example.library_management.controller.RentalController.getRentalsByBook(java.lang.Long); target is of class [com.example.library_management.controller.RentalController]
2025-05-08T20:06:39.612+03:00 DEBUG 3976 --- [library-management] [           main] horizationManagerBeforeMethodInterceptor : Authorized method invocation ReflectiveMethodInvocation: public org.springframework.http.ResponseEntity com.example.library_management.controller.RentalController.getRentalsByBook(java.lang.Long); target is of class [com.example.library_management.controller.RentalController]
2025-05-08T20:06:39.616+03:00 DEBUG 3976 --- [library-management] [           main] .m.m.a.ExceptionHandlerExceptionResolver : Using @ExceptionHandler com.example.library_management.exception.GlobalExceptionHandler#handleEntityNotFoundException(EntityNotFoundException)
2025-05-08T20:06:39.619+03:00 DEBUG 3976 --- [library-management] [           main] o.s.w.s.m.m.a.HttpEntityMethodProcessor  : Using 'application/json', given [*/*] and supported [application/json, application/*+json]
2025-05-08T20:06:39.619+03:00 DEBUG 3976 --- [library-management] [           main] o.s.w.s.m.m.a.HttpEntityMethodProcessor  : Writing [{error=Аренды для книги с ID 777 не найдены}]
2025-05-08T20:06:39.622+03:00 DEBUG 3976 --- [library-management] [           main] .m.m.a.ExceptionHandlerExceptionResolver : Resolved [jakarta.persistence.EntityNotFoundException: Аренды для книги с ID 777 не найдены]
2025-05-08T20:06:39.622+03:00 DEBUG 3976 --- [library-management] [           main] o.j.s.OpenEntityManagerInViewInterceptor : Closing JPA EntityManager in OpenEntityManagerInViewInterceptor
2025-05-08T20:06:39.622+03:00 DEBUG 3976 --- [library-management] [           main] o.s.t.web.servlet.TestDispatcherServlet  : Completed 404 NOT_FOUND
2025-05-08T20:06:39.623+03:00 DEBUG 3976 --- [library-management] [           main] org.springframework.test.context.cache   : Spring test ApplicationContext cache statistics: [DefaultContextCache@4c131823 size = 1, maxSize = 32, parentContextCount = 0, hitCount = 369, missCount = 4, failureCount = 0]
2025-05-08T20:06:39.623+03:00 DEBUG 3976 --- [library-management] [           main] org.springframework.test.context.cache   : Spring test ApplicationContext cache statistics: [DefaultContextCache@4c131823 size = 1, maxSize = 32, parentContextCount = 0, hitCount = 370, missCount = 4, failureCount = 0]
2025-05-08T20:06:39.624+03:00 DEBUG 3976 --- [library-management] [           main] org.springframework.test.context.cache   : Spring test ApplicationContext cache statistics: [DefaultContextCache@4c131823 size = 1, maxSize = 32, parentContextCount = 0, hitCount = 371, missCount = 4, failureCount = 0]
2025-05-08T20:06:39.624+03:00 DEBUG 3976 --- [library-management] [           main] org.springframework.test.context.cache   : Spring test ApplicationContext cache statistics: [DefaultContextCache@4c131823 size = 1, maxSize = 32, parentContextCount = 0, hitCount = 372, missCount = 4, failureCount = 0]
2025-05-08T20:06:39.624+03:00 DEBUG 3976 --- [library-management] [           main] org.springframework.test.context.cache   : Spring test ApplicationContext cache statistics: [DefaultContextCache@4c131823 size = 1, maxSize = 32, parentContextCount = 0, hitCount = 373, missCount = 4, failureCount = 0]
2025-05-08T20:06:39.625+03:00 DEBUG 3976 --- [library-management] [           main] org.springframework.test.context.cache   : Spring test ApplicationContext cache statistics: [DefaultContextCache@4c131823 size = 1, maxSize = 32, parentContextCount = 0, hitCount = 374, missCount = 4, failureCount = 0]
2025-05-08T20:06:39.625+03:00 DEBUG 3976 --- [library-management] [           main] org.springframework.test.context.cache   : Spring test ApplicationContext cache statistics: [DefaultContextCache@4c131823 size = 1, maxSize = 32, parentContextCount = 0, hitCount = 375, missCount = 4, failureCount = 0]
2025-05-08T20:06:39.625+03:00 DEBUG 3976 --- [library-management] [           main] org.springframework.test.context.cache   : Spring test ApplicationContext cache statistics: [DefaultContextCache@4c131823 size = 1, maxSize = 32, parentContextCount = 0, hitCount = 376, missCount = 4, failureCount = 0]
2025-05-08T20:06:39.625+03:00 DEBUG 3976 --- [library-management] [           main] .c.s.DirtiesContextTestExecutionListener : After test method: class [RentalControllerTest], method [getRentalsByBook_notFound_returns404], class annotated with @DirtiesContext [true] with mode [AFTER_CLASS], method annotated with @DirtiesContext [false] with mode [null]
2025-05-08T20:06:39.625+03:00 DEBUG 3976 --- [library-management] [           main] o.s.t.c.w.ServletTestExecutionListener   : Resetting RequestContextHolder for test class com.example.library_management.controller.RentalControllerTest
]]></system-out>
  </testcase>
  <testcase name="getRentalsByBook_bookFound_returnsRentals" classname="com.example.library_management.controller.RentalControllerTest" time="0.01">
    <system-out><![CDATA[2025-05-08T20:06:39.626+03:00 DEBUG 3976 --- [library-management] [           main] org.springframework.test.context.cache   : Spring test ApplicationContext cache statistics: [DefaultContextCache@4c131823 size = 1, maxSize = 32, parentContextCount = 0, hitCount = 377, missCount = 4, failureCount = 0]
2025-05-08T20:06:39.626+03:00 DEBUG 3976 --- [library-management] [           main] o.s.t.c.w.ServletTestExecutionListener   : Setting up MockHttpServletRequest, MockHttpServletResponse, ServletWebRequest, and RequestContextHolder for test class com.example.library_management.controller.RentalControllerTest
2025-05-08T20:06:39.626+03:00 DEBUG 3976 --- [library-management] [           main] DependencyInjectionTestExecutionListener : Performing dependency injection for test class com.example.library_management.controller.RentalControllerTest
2025-05-08T20:06:39.626+03:00 DEBUG 3976 --- [library-management] [           main] org.springframework.test.context.cache   : Spring test ApplicationContext cache statistics: [DefaultContextCache@4c131823 size = 1, maxSize = 32, parentContextCount = 0, hitCount = 378, missCount = 4, failureCount = 0]
2025-05-08T20:06:39.626+03:00 DEBUG 3976 --- [library-management] [           main] org.springframework.test.context.cache   : Spring test ApplicationContext cache statistics: [DefaultContextCache@4c131823 size = 1, maxSize = 32, parentContextCount = 0, hitCount = 379, missCount = 4, failureCount = 0]
2025-05-08T20:06:39.627+03:00 DEBUG 3976 --- [library-management] [           main] sContextBeforeModesTestExecutionListener : Before test method: class [RentalControllerTest], method [getRentalsByBook_bookFound_returnsRentals], class annotated with @DirtiesContext [true] with mode [AFTER_CLASS], method annotated with @DirtiesContext [false] with mode [null]
2025-05-08T20:06:39.627+03:00 DEBUG 3976 --- [library-management] [           main] org.springframework.test.context.cache   : Spring test ApplicationContext cache statistics: [DefaultContextCache@4c131823 size = 1, maxSize = 32, parentContextCount = 0, hitCount = 380, missCount = 4, failureCount = 0]
2025-05-08T20:06:39.627+03:00 DEBUG 3976 --- [library-management] [           main] org.springframework.test.context.cache   : Spring test ApplicationContext cache statistics: [DefaultContextCache@4c131823 size = 1, maxSize = 32, parentContextCount = 0, hitCount = 381, missCount = 4, failureCount = 0]
2025-05-08T20:06:39.627+03:00 DEBUG 3976 --- [library-management] [           main] org.springframework.test.context.cache   : Spring test ApplicationContext cache statistics: [DefaultContextCache@4c131823 size = 1, maxSize = 32, parentContextCount = 0, hitCount = 382, missCount = 4, failureCount = 0]
2025-05-08T20:06:39.627+03:00 DEBUG 3976 --- [library-management] [           main] org.springframework.test.context.cache   : Spring test ApplicationContext cache statistics: [DefaultContextCache@4c131823 size = 1, maxSize = 32, parentContextCount = 0, hitCount = 383, missCount = 4, failureCount = 0]
2025-05-08T20:06:39.628+03:00 DEBUG 3976 --- [library-management] [           main] org.springframework.test.context.cache   : Spring test ApplicationContext cache statistics: [DefaultContextCache@4c131823 size = 1, maxSize = 32, parentContextCount = 0, hitCount = 384, missCount = 4, failureCount = 0]
2025-05-08T20:06:39.629+03:00 DEBUG 3976 --- [library-management] [           main] org.springframework.test.context.cache   : Spring test ApplicationContext cache statistics: [DefaultContextCache@4c131823 size = 1, maxSize = 32, parentContextCount = 0, hitCount = 385, missCount = 4, failureCount = 0]
2025-05-08T20:06:39.630+03:00 DEBUG 3976 --- [library-management] [           main] o.s.test.util.ReflectionTestUtils        : Invoking method 'getFilters' on target object [FilterChainProxy[Filter Chains: null]] or target class [null] with arguments {org.springframework.mock.web.MockHttpServletRequest@4f7c5402}
2025-05-08T20:06:39.630+03:00 DEBUG 3976 --- [library-management] [           main] o.s.test.util.ReflectionTestUtils        : Invoking method 'getFilters' on target object [FilterChainProxy[Filter Chains: null]] or target class [null] with arguments {org.springframework.mock.web.MockHttpServletRequest@4f7c5402}
2025-05-08T20:06:39.630+03:00 DEBUG 3976 --- [library-management] [           main] o.s.test.util.ReflectionTestUtils        : Getting field 'securityContextRepository' from target object [org.springframework.security.web.context.SecurityContextHolderFilter@40bfd515] or target class [class org.springframework.security.web.context.SecurityContextHolderFilter]
2025-05-08T20:06:39.630+03:00 DEBUG 3976 --- [library-management] [           main] o.s.security.web.FilterChainProxy        : Securing GET /api/rentals/book/5
2025-05-08T20:06:39.630+03:00 DEBUG 3976 --- [library-management] [           main] o.s.security.web.FilterChainProxy        : Secured GET /api/rentals/book/5
2025-05-08T20:06:39.630+03:00 DEBUG 3976 --- [library-management] [           main] o.s.t.web.servlet.TestDispatcherServlet  : GET "/api/rentals/book/5", parameters={}
2025-05-08T20:06:39.631+03:00 DEBUG 3976 --- [library-management] [           main] s.w.s.m.m.a.RequestMappingHandlerMapping : Mapped to com.example.library_management.controller.RentalController#getRentalsByBook(Long)
2025-05-08T20:06:39.631+03:00 DEBUG 3976 --- [library-management] [           main] o.j.s.OpenEntityManagerInViewInterceptor : Opening JPA EntityManager in OpenEntityManagerInViewInterceptor
2025-05-08T20:06:39.631+03:00 DEBUG 3976 --- [library-management] [           main] horizationManagerBeforeMethodInterceptor : Authorizing method invocation ReflectiveMethodInvocation: public org.springframework.http.ResponseEntity com.example.library_management.controller.RentalController.getRentalsByBook(java.lang.Long); target is of class [com.example.library_management.controller.RentalController]
2025-05-08T20:06:39.631+03:00 DEBUG 3976 --- [library-management] [           main] horizationManagerBeforeMethodInterceptor : Authorized method invocation ReflectiveMethodInvocation: public org.springframework.http.ResponseEntity com.example.library_management.controller.RentalController.getRentalsByBook(java.lang.Long); target is of class [com.example.library_management.controller.RentalController]
2025-05-08T20:06:39.632+03:00  INFO 3976 --- [library-management] [           main] c.e.l.controller.RentalController        : Получены аренды для книги с ID '5'. Найдено 1 аренд
2025-05-08T20:06:39.632+03:00 DEBUG 3976 --- [library-management] [           main] o.s.w.s.m.m.a.HttpEntityMethodProcessor  : Using 'application/json', given [*/*] and supported [application/json, application/*+json]
2025-05-08T20:06:39.633+03:00 DEBUG 3976 --- [library-management] [           main] o.s.w.s.m.m.a.HttpEntityMethodProcessor  : Writing [[com.example.library_management.dto.RentalDTO@64123c4d]]
2025-05-08T20:06:39.633+03:00 DEBUG 3976 --- [library-management] [           main] o.j.s.OpenEntityManagerInViewInterceptor : Closing JPA EntityManager in OpenEntityManagerInViewInterceptor
2025-05-08T20:06:39.633+03:00 DEBUG 3976 --- [library-management] [           main] o.s.t.web.servlet.TestDispatcherServlet  : Completed 200 OK
2025-05-08T20:06:39.634+03:00 DEBUG 3976 --- [library-management] [           main] org.springframework.test.context.cache   : Spring test ApplicationContext cache statistics: [DefaultContextCache@4c131823 size = 1, maxSize = 32, parentContextCount = 0, hitCount = 386, missCount = 4, failureCount = 0]
2025-05-08T20:06:39.634+03:00 DEBUG 3976 --- [library-management] [           main] org.springframework.test.context.cache   : Spring test ApplicationContext cache statistics: [DefaultContextCache@4c131823 size = 1, maxSize = 32, parentContextCount = 0, hitCount = 387, missCount = 4, failureCount = 0]
2025-05-08T20:06:39.635+03:00 DEBUG 3976 --- [library-management] [           main] org.springframework.test.context.cache   : Spring test ApplicationContext cache statistics: [DefaultContextCache@4c131823 size = 1, maxSize = 32, parentContextCount = 0, hitCount = 388, missCount = 4, failureCount = 0]
2025-05-08T20:06:39.635+03:00 DEBUG 3976 --- [library-management] [           main] org.springframework.test.context.cache   : Spring test ApplicationContext cache statistics: [DefaultContextCache@4c131823 size = 1, maxSize = 32, parentContextCount = 0, hitCount = 389, missCount = 4, failureCount = 0]
2025-05-08T20:06:39.635+03:00 DEBUG 3976 --- [library-management] [           main] org.springframework.test.context.cache   : Spring test ApplicationContext cache statistics: [DefaultContextCache@4c131823 size = 1, maxSize = 32, parentContextCount = 0, hitCount = 390, missCount = 4, failureCount = 0]
2025-05-08T20:06:39.635+03:00 DEBUG 3976 --- [library-management] [           main] org.springframework.test.context.cache   : Spring test ApplicationContext cache statistics: [DefaultContextCache@4c131823 size = 1, maxSize = 32, parentContextCount = 0, hitCount = 391, missCount = 4, failureCount = 0]
2025-05-08T20:06:39.636+03:00 DEBUG 3976 --- [library-management] [           main] org.springframework.test.context.cache   : Spring test ApplicationContext cache statistics: [DefaultContextCache@4c131823 size = 1, maxSize = 32, parentContextCount = 0, hitCount = 392, missCount = 4, failureCount = 0]
2025-05-08T20:06:39.636+03:00 DEBUG 3976 --- [library-management] [           main] org.springframework.test.context.cache   : Spring test ApplicationContext cache statistics: [DefaultContextCache@4c131823 size = 1, maxSize = 32, parentContextCount = 0, hitCount = 393, missCount = 4, failureCount = 0]
2025-05-08T20:06:39.636+03:00 DEBUG 3976 --- [library-management] [           main] .c.s.DirtiesContextTestExecutionListener : After test method: class [RentalControllerTest], method [getRentalsByBook_bookFound_returnsRentals], class annotated with @DirtiesContext [true] with mode [AFTER_CLASS], method annotated with @DirtiesContext [false] with mode [null]
2025-05-08T20:06:39.636+03:00 DEBUG 3976 --- [library-management] [           main] o.s.t.c.w.ServletTestExecutionListener   : Resetting RequestContextHolder for test class com.example.library_management.controller.RentalControllerTest
]]></system-out>
  </testcase>
  <testcase name="getRentalsByUser_userNotFound_returns404" classname="com.example.library_management.controller.RentalControllerTest" time="0.009">
    <system-out><![CDATA[2025-05-08T20:06:39.636+03:00 DEBUG 3976 --- [library-management] [           main] org.springframework.test.context.cache   : Spring test ApplicationContext cache statistics: [DefaultContextCache@4c131823 size = 1, maxSize = 32, parentContextCount = 0, hitCount = 394, missCount = 4, failureCount = 0]
2025-05-08T20:06:39.636+03:00 DEBUG 3976 --- [library-management] [           main] o.s.t.c.w.ServletTestExecutionListener   : Setting up MockHttpServletRequest, MockHttpServletResponse, ServletWebRequest, and RequestContextHolder for test class com.example.library_management.controller.RentalControllerTest
2025-05-08T20:06:39.636+03:00 DEBUG 3976 --- [library-management] [           main] DependencyInjectionTestExecutionListener : Performing dependency injection for test class com.example.library_management.controller.RentalControllerTest
2025-05-08T20:06:39.636+03:00 DEBUG 3976 --- [library-management] [           main] org.springframework.test.context.cache   : Spring test ApplicationContext cache statistics: [DefaultContextCache@4c131823 size = 1, maxSize = 32, parentContextCount = 0, hitCount = 395, missCount = 4, failureCount = 0]
2025-05-08T20:06:39.637+03:00 DEBUG 3976 --- [library-management] [           main] org.springframework.test.context.cache   : Spring test ApplicationContext cache statistics: [DefaultContextCache@4c131823 size = 1, maxSize = 32, parentContextCount = 0, hitCount = 396, missCount = 4, failureCount = 0]
2025-05-08T20:06:39.637+03:00 DEBUG 3976 --- [library-management] [           main] sContextBeforeModesTestExecutionListener : Before test method: class [RentalControllerTest], method [getRentalsByUser_userNotFound_returns404], class annotated with @DirtiesContext [true] with mode [AFTER_CLASS], method annotated with @DirtiesContext [false] with mode [null]
2025-05-08T20:06:39.637+03:00 DEBUG 3976 --- [library-management] [           main] org.springframework.test.context.cache   : Spring test ApplicationContext cache statistics: [DefaultContextCache@4c131823 size = 1, maxSize = 32, parentContextCount = 0, hitCount = 397, missCount = 4, failureCount = 0]
2025-05-08T20:06:39.637+03:00 DEBUG 3976 --- [library-management] [           main] org.springframework.test.context.cache   : Spring test ApplicationContext cache statistics: [DefaultContextCache@4c131823 size = 1, maxSize = 32, parentContextCount = 0, hitCount = 398, missCount = 4, failureCount = 0]
2025-05-08T20:06:39.638+03:00 DEBUG 3976 --- [library-management] [           main] org.springframework.test.context.cache   : Spring test ApplicationContext cache statistics: [DefaultContextCache@4c131823 size = 1, maxSize = 32, parentContextCount = 0, hitCount = 399, missCount = 4, failureCount = 0]
2025-05-08T20:06:39.638+03:00 DEBUG 3976 --- [library-management] [           main] org.springframework.test.context.cache   : Spring test ApplicationContext cache statistics: [DefaultContextCache@4c131823 size = 1, maxSize = 32, parentContextCount = 0, hitCount = 400, missCount = 4, failureCount = 0]
2025-05-08T20:06:39.638+03:00 DEBUG 3976 --- [library-management] [           main] org.springframework.test.context.cache   : Spring test ApplicationContext cache statistics: [DefaultContextCache@4c131823 size = 1, maxSize = 32, parentContextCount = 0, hitCount = 401, missCount = 4, failureCount = 0]
2025-05-08T20:06:39.639+03:00 DEBUG 3976 --- [library-management] [           main] org.springframework.test.context.cache   : Spring test ApplicationContext cache statistics: [DefaultContextCache@4c131823 size = 1, maxSize = 32, parentContextCount = 0, hitCount = 402, missCount = 4, failureCount = 0]
2025-05-08T20:06:39.640+03:00 DEBUG 3976 --- [library-management] [           main] o.s.test.util.ReflectionTestUtils        : Invoking method 'getFilters' on target object [FilterChainProxy[Filter Chains: null]] or target class [null] with arguments {org.springframework.mock.web.MockHttpServletRequest@494e502c}
2025-05-08T20:06:39.640+03:00 DEBUG 3976 --- [library-management] [           main] o.s.test.util.ReflectionTestUtils        : Invoking method 'getFilters' on target object [FilterChainProxy[Filter Chains: null]] or target class [null] with arguments {org.springframework.mock.web.MockHttpServletRequest@494e502c}
2025-05-08T20:06:39.640+03:00 DEBUG 3976 --- [library-management] [           main] o.s.test.util.ReflectionTestUtils        : Getting field 'securityContextRepository' from target object [org.springframework.security.web.context.SecurityContextHolderFilter@40bfd515] or target class [class org.springframework.security.web.context.SecurityContextHolderFilter]
2025-05-08T20:06:39.640+03:00 DEBUG 3976 --- [library-management] [           main] o.s.security.web.FilterChainProxy        : Securing GET /api/rentals/user/999
2025-05-08T20:06:39.640+03:00 DEBUG 3976 --- [library-management] [           main] o.s.security.web.FilterChainProxy        : Secured GET /api/rentals/user/999
2025-05-08T20:06:39.640+03:00 DEBUG 3976 --- [library-management] [           main] o.s.t.web.servlet.TestDispatcherServlet  : GET "/api/rentals/user/999", parameters={}
2025-05-08T20:06:39.641+03:00 DEBUG 3976 --- [library-management] [           main] s.w.s.m.m.a.RequestMappingHandlerMapping : Mapped to com.example.library_management.controller.RentalController#getRentalsByUser(Long)
2025-05-08T20:06:39.641+03:00 DEBUG 3976 --- [library-management] [           main] o.j.s.OpenEntityManagerInViewInterceptor : Opening JPA EntityManager in OpenEntityManagerInViewInterceptor
2025-05-08T20:06:39.641+03:00 DEBUG 3976 --- [library-management] [           main] horizationManagerBeforeMethodInterceptor : Authorizing method invocation ReflectiveMethodInvocation: public org.springframework.http.ResponseEntity com.example.library_management.controller.RentalController.getRentalsByUser(java.lang.Long); target is of class [com.example.library_management.controller.RentalController]
2025-05-08T20:06:39.641+03:00 DEBUG 3976 --- [library-management] [           main] horizationManagerBeforeMethodInterceptor : Authorized method invocation ReflectiveMethodInvocation: public org.springframework.http.ResponseEntity com.example.library_management.controller.RentalController.getRentalsByUser(java.lang.Long); target is of class [com.example.library_management.controller.RentalController]
2025-05-08T20:06:39.642+03:00 DEBUG 3976 --- [library-management] [           main] .m.m.a.ExceptionHandlerExceptionResolver : Using @ExceptionHandler com.example.library_management.exception.GlobalExceptionHandler#handleEntityNotFoundException(EntityNotFoundException)
2025-05-08T20:06:39.643+03:00 DEBUG 3976 --- [library-management] [           main] o.s.w.s.m.m.a.HttpEntityMethodProcessor  : Using 'application/json', given [*/*] and supported [application/json, application/*+json]
2025-05-08T20:06:39.643+03:00 DEBUG 3976 --- [library-management] [           main] o.s.w.s.m.m.a.HttpEntityMethodProcessor  : Writing [{error=Аренды для пользователя с ID 999 не найдены}]
2025-05-08T20:06:39.643+03:00 DEBUG 3976 --- [library-management] [           main] .m.m.a.ExceptionHandlerExceptionResolver : Resolved [jakarta.persistence.EntityNotFoundException: Аренды для пользователя с ID 999 не найдены]
2025-05-08T20:06:39.643+03:00 DEBUG 3976 --- [library-management] [           main] o.j.s.OpenEntityManagerInViewInterceptor : Closing JPA EntityManager in OpenEntityManagerInViewInterceptor
2025-05-08T20:06:39.643+03:00 DEBUG 3976 --- [library-management] [           main] o.s.t.web.servlet.TestDispatcherServlet  : Completed 404 NOT_FOUND
2025-05-08T20:06:39.644+03:00 DEBUG 3976 --- [library-management] [           main] org.springframework.test.context.cache   : Spring test ApplicationContext cache statistics: [DefaultContextCache@4c131823 size = 1, maxSize = 32, parentContextCount = 0, hitCount = 403, missCount = 4, failureCount = 0]
2025-05-08T20:06:39.644+03:00 DEBUG 3976 --- [library-management] [           main] org.springframework.test.context.cache   : Spring test ApplicationContext cache statistics: [DefaultContextCache@4c131823 size = 1, maxSize = 32, parentContextCount = 0, hitCount = 404, missCount = 4, failureCount = 0]
2025-05-08T20:06:39.644+03:00 DEBUG 3976 --- [library-management] [           main] org.springframework.test.context.cache   : Spring test ApplicationContext cache statistics: [DefaultContextCache@4c131823 size = 1, maxSize = 32, parentContextCount = 0, hitCount = 405, missCount = 4, failureCount = 0]
2025-05-08T20:06:39.644+03:00 DEBUG 3976 --- [library-management] [           main] org.springframework.test.context.cache   : Spring test ApplicationContext cache statistics: [DefaultContextCache@4c131823 size = 1, maxSize = 32, parentContextCount = 0, hitCount = 406, missCount = 4, failureCount = 0]
2025-05-08T20:06:39.644+03:00 DEBUG 3976 --- [library-management] [           main] org.springframework.test.context.cache   : Spring test ApplicationContext cache statistics: [DefaultContextCache@4c131823 size = 1, maxSize = 32, parentContextCount = 0, hitCount = 407, missCount = 4, failureCount = 0]
2025-05-08T20:06:39.645+03:00 DEBUG 3976 --- [library-management] [           main] org.springframework.test.context.cache   : Spring test ApplicationContext cache statistics: [DefaultContextCache@4c131823 size = 1, maxSize = 32, parentContextCount = 0, hitCount = 408, missCount = 4, failureCount = 0]
2025-05-08T20:06:39.646+03:00 DEBUG 3976 --- [library-management] [           main] org.springframework.test.context.cache   : Spring test ApplicationContext cache statistics: [DefaultContextCache@4c131823 size = 1, maxSize = 32, parentContextCount = 0, hitCount = 409, missCount = 4, failureCount = 0]
2025-05-08T20:06:39.646+03:00 DEBUG 3976 --- [library-management] [           main] org.springframework.test.context.cache   : Spring test ApplicationContext cache statistics: [DefaultContextCache@4c131823 size = 1, maxSize = 32, parentContextCount = 0, hitCount = 410, missCount = 4, failureCount = 0]
2025-05-08T20:06:39.646+03:00 DEBUG 3976 --- [library-management] [           main] .c.s.DirtiesContextTestExecutionListener : After test method: class [RentalControllerTest], method [getRentalsByUser_userNotFound_returns404], class annotated with @DirtiesContext [true] with mode [AFTER_CLASS], method annotated with @DirtiesContext [false] with mode [null]
2025-05-08T20:06:39.646+03:00 DEBUG 3976 --- [library-management] [           main] o.s.t.c.w.ServletTestExecutionListener   : Resetting RequestContextHolder for test class com.example.library_management.controller.RentalControllerTest
]]></system-out>
  </testcase>
</testsuite>